531486
838882
115311
558787
127204
84047
772497
478093
276212
50213
690818
978281
678953
993083
214418
351640
240863
324435
879655
805325
213772
187129
147672
197756
936225
363860
388038
656745
429594
875423
221075
422646
483507
582378
289175
944926
830814
857754
393319
168214
898087
680046
669469
130121
189422
5919
632041
414728
154774
811074
892860
593659
170435
201998
175127
882035
27404
958164
698043
248748
469963
838234
668781
967118
946175
406491
132765
654177
580860
793626
55005
638687
259093
752147
648895
812599
973571
531746
748623
303935
723266
619052
355168
553836
714932
359942
568831
895663
989174
380631
507053
421250
798492
64952
853350
106244
933711
314467
683154
455562
264799
251445
888534
864019
953466
741236
749463
458678
804213
931032
538526
840023
517453
945479
610988
266558
154338
61047
708811
613786
903181
342630
172705
57237
790497
288516
740485
729787
126881
752671
53184
820064
624283
929455
229791
928955
324910
549995
651347
226975
682445
843362
785120
762558
595814
374576
349952
477825
13135
723059
119569
498615
202195
861998
550799
124870
755086
624602
219305
46077
408782
760066
981904
109083
420069
711141
747853
158855
648527
691781
674687
499867
980153
571566
40761
734878
466861
168953
51774
837554
496895
915277
791823
49388
207745
979413
260879
165118
98922
40948
146778
222010
672593
94568
128985
263820
70045
720946
991776
768847
421550
38646
566785
447036
497156
472389
360359
729247
476282
549053
203636
635920
607898
898488
263421
438057
152390
866586
218817
868596
432769
81174
975543
626919
282053
420253
890001
273125
882604
745194
99552
199731
238708
49649
409513
284591
2973
284451
835138
319256
39580
982210
27364
862619
585542
308824
243246
422214
10213
685438
83883
230340
312454
675379
673997
760659
656787
24167
894782
91054
860934
613591
369738
339780
706549
934212
465913
35336
763581
807800
193221
948351
87806
23946
726670
647640
893875
369586
887094
839646
580768
150628
166662
934190
730850
3376
715520
770923
14314
737636
335320
531992
415593
182964
399045
400716
763781
468349
204877
222903
953633
168804
630271
883368
604505
576296
969089
283948
76726
655800
479735
663702
782389
142672
458704
612998
897372
612775
528966
116439
683114
315407
131841
905122
116688
607169
646055
233922
49433
412642
842673
480660
450889
742671
368520
902555
91690
72831
48928
951900
462981
436448
20957
593445
161808
503970
111381
722511
92811
307984
655690
705591
100107
581989
594186
877464
154132
147291
795844
581605
612580
153813
178470
984271
995988
375523
772487
593170
397853
750160
931556
764491
109195
677098
874217
507919
883375
338799
121638
706134
959829
929889
822109
494931
959051
874879
295204
237882
774266
806206
817568
973873
365215
240000
36728
959488
14885
235750
531218
118482
574628
93247
131074
492210
661595
928556
54642
773199
501302
367138
535427
500655
213425
516333
49823
946894
703818
893850
530865
616695
268425
30783
634297
550851
549517
853976
804304
111972
721964
192725
41505
978071
606434
741886
243975
485512
728565
11476
119357
233565
384953
922711
336578
125936
657761
314631
108781
321287
319766
924471
909242
730046
458877
979302
650772
201322
341320
92555
164222
359929
625818
803342
678806
649175
160896
980542
201287
747492
444377
85877
91838
330402
633173
213607
329727
280716
159876
698909
116144
465209
975960
793332
948972
16706
214519
952909
544445
170158
495258
778732
628708
885391
688575
44218
873911
568707
462955
367504
7669
87172
521324
63690
445950
400039
162648
203839
457058
189135
214938
278878
265716
228082
999122
308203
419764
945638
953828
995112
410950
272437
350149
28860
762587
279052
252540
898187
544609
184589
55018
694143
436179
97356
754885
369533
125511
177743
825759
646382
495328
388244
224258
811422
693589
543356
250144
423382
994936
22535
489032
879358
353684
40962
277613
523147
625603
51795
828999
77870
372794
43536
975005
687899
270777
813407
609785
480075
603271
648508
755977
881527
302599
559742
416981
381436
340309
164982
963370
132275
773781
192541
356412
517235
811400
419136
647737
428467
258886
801655
523341
780856
102356
556381
221682
185202
80764
257584
84670
19862
645387
831619
870205
293480
875214
505964
229809
988681
993799
984827
351252
426401
724943
47649
624453
286391
499294
360871
722949
359702
934135
746923
729756
76209
533849
301849
903264
641409
782299
165952
392608
323907
244759
423010
455462
41503
4786
282522
988440
85459
561350
753802
786822
729824
917156
103426
864016
834316
288848
658427
444058
975475
502415
558894
291331
775026
807090
655899
579814
718548
914939
923924
44834
519898
717686
660285
953907
326347
191210
90491
95172
801524
514456
643342
685133
932606
662020
218862
555389
89451
355301
641867
745070
163286
425757
530908
41588
414690
347842
426260
186110
846594
590008
455023
880345
259551
828857
719767
784136
632237
714595
84287
471727
386095
928156
1652
302080
444110
9823
472528
860378
752832
629179
301418
850983
207416
833525
469655
512965
667037
749157
554342
887776
917268
131664
495734
147588
215061
862362
673279
300413
408348
9521
26215
420526
930700
116135
808103
670408
947223
823869
768358
605238
254723
149952
994971
876097
947404
800587
790726
251900
869098
496585
877550
181375
429902
324320
311212
549893
896353
407416
403183
408026
603254
745667
816105
710019
497123
121722
585267
598350
815399
146529
33768
534865
783279
61109
21408
533394
448883
406291
400728
232127
21288
118889
78027
234252
702641
399340
280147
324848
544323
777084
170686
938062
645583
500913
980465
643254
789188
580114
384519
698728
364550
367227
427540
291922
77516
442674
243500
863247
405824
430
304975
569325
35593
667228
390787
795542
877124
743958
690162
705384
503579
431812
266780
459550
144741
737197
518410
653559
797748
623363
376620
306016
11869
80295
410490
128761
547236
833904
418354
925374
219956
693948
169149
283153
52071
41575
740466
97149
553296
848955
855520
724767
905470
789120
472290
832833
361462
946767
26895
958322
859969
936879
939430
837588
365061
619032
708325
936413
211519
852351
687016
890588
348087
782678
257766
602155
309581
543259
652142
976406
855709
300783
330656
676157
336323
979348
328333
278401
107206
164378
699611
325657
999020
463370
532198
665536
244613
245243
253633
353759
153624
415764
493655
490881
148544
422541
369793
691470
180731
760953
663801
254720
650262
930628
240878
750274
297857
298107
873768
950776
508170
314269
588677
666395
618749
294018
606446
355047
32118
829268
399931
653057
404428
587891
446656
505373
878376
297036
540728
427724
757259
770240
29203
744344
550596
424358
763242
148215
344141
623020
290245
366399
393204
446467
124734
608172
191588
911022
775804
131100
743261
124907
85845
489529
163437
210065
179899
64665
585935
746884
796442
577435
506497
476672
742962
669728
621077
320173
75121
415206
104433
351256
517822
675430
463563
480733
791921
606321
306039
575748
764896
596111
918749
47588
597447
818072
763185
952834
155611
72941
25963
778607
475973
598802
87976
776737
332734
16889
602076
36650
711859
571324
972280
581018
784926
110269
549918
814022
970340
102793
96225
935857
364229
835176
458376
758915
576596
897747
107108
305954
3975
641283
356292
23364
478614
787139
920220
190432
767162
52597
739453
797414
439372
63964
775517
674477
680708
773615
566629
662132
574605
354508
797422
271988
779428
784526
524093
96936
54344
931536
914029
763639
477890
501142
641913
699933
873981
263316
745051
244089
409445
40789
580255
416266
789237
593308
10770
106741
293004
194106
722846
407534
861279
316
194825
848926
435834
169376
941338
950607
696540
597816
221916
325857
229924
74916
148272
660550
533600
61806
576932
349596
823418
105208
869073
617943
744478
950443
612391
302236
648771
675918
780964
984307
919004
200970
103106
924736
939060
727259
419757
611206
940595
347113
804732
54886
947332
360839
420807
37565
919115
710480
527171
623768
717152
766623
826610
911719
735331
330482
233218
786375
356606
775310
316759
585497
179814
65588
839544
906851
991708
577170
677318
487589
966279
893873
394884
121674
5875
35736
345299
697753
764647
750582
555368
280595
585368
956452
809309
908077
865304
787348
679622
544430
768487
674764
533625
575660
173330
847909
838678
479006
49932
705966
176624
99048
598768
17632
385244
588230
931719
25697
315027
553675
515426
721568
198059
661005
883781
63273
378319
233435
751772
893106
771377
224261
471636
114336
120502
482554
656454
38271
512269
865993
165355
823222
450536
484958
465684
730500
445524
509530
617676
790439
709061
267048
710762
519718
69285
263256
388947
404998
198769
952806
108478
566578
993816
916598
220629
75463
718556
916233
545754
31616
345767
890733
199959
49993
633828
418678
932692
889236
517732
656286
542269
859048
991314
41169
271733
796135
369782
622012
925258
383141
83752
83643
38660
329907
695408
183182
505060
953580
950739
16008
597305
510235
291633
101270
694639
712676
466108
19652
658535
396408
206788
557592
66937
667481
954027
295723
883612
985563
157791
626685
111892
774432
868355
633807
742959
470457
852431
889733
856794
892500
863537
649915
958405
848516
257153
2123
587082
671058
733287
98957
613413
937989
330975
863549
847267
635873
14928
458431
193933
720651
719685
310895
791783
722548
246235
617845
40021
281393
409384
330211
845182
21297
188601
308613
368600
305876
856803
721577
599270
950225
275241
510975
420071
673678
382284
139065
534132
84555
943629
260108
757345
338470
982365
933845
445259
511217
677456
981288
909531
961878
105585
10252
186126
662245
148846
568949
185530
902611
65700
40478
248203
108935
960723
652677
943119
744754
719588
411933
540741
500041
782373
635514
581230
296382
706425
766033
522379
133234
683336
399623
415275
551601
99865
657802
25467
217192
312862
431374
869213
175105
75260
379744
401721
843021
197889
251569
785199
345168
170801
630984
950870
199215
878922
924649
931372
340339
659861
315996
178815
335033
442031
475921
129656
471289
508836
424549
891808
435067
174147
203886
496406
68235
930807
907198
362524
875473
214584
780003
441183
508976
521123
678428
136064
609978
53831
566664
972233
950892
569355
802402
567544
273859
541567
645967
751763
6599
695186
188994
777554
528079
538637
636048
826303
553182
695720
584915
872362
706052
812112
82538
134101
10945
466298
846528
704290
749557
296761
465399
937347
621986
461126
928036
334762
231336
992679
281482
613284
318407
272112
154921
784740
627713
864378
612760
752265
738448
555282
94058
248638
742504
109240
395612
625615
765036
149705
120425
139310
582395
487393
185870
851034
667191
306422
117277
284414
298935
53585
187388
975251
839220
568397
552157
734285
79156
934008
993742
897797
633898
776683
742981
584456
699120
231139
583718
786205
430491
551210
800523
372617
93810
559119
286251
249378
589623
412149
480897
990192
527725
656181
591841
519255
113831
12170
177941
835599
4772
262904
698181
255855
672893
261672
20536
375577
202506
660425
343056
130651
832717
56007
780687
287356
193318
655854
478549
491884
609358
253528
831461
325376
194362
114515
215799
80890
806868
200750
728523
228005
319296
178416
257799
938044
468394
173587
36542
903767
654268
90174
825842
100487
224050
497276
923813
429317
887382
923110
57373
308536
795264
579467
816782
196948
623999
111821
237446
53981
503192
48729
996978
41824
633556
459273
497288
856919
880568
627991
752060
860269
225076
493966
52681
146437
169764
576692
203513
209055
818165
321870
155038
90774
102297
550378
340359
810607
464829
419328
794582
771893
750726
336298
799278
586729
243571
544704
644238
238034
956389
431938
690821
820581
405023
95223
765679
525661
924506
718125
444301
342355
237251
53193
364814
556850
763146
173148
214392
539706
221418
946251
39480
46491
973043
107325
457309
843887
289980
693033
724091
922799
219231
973427
940435
190096
73205
771205
532212
282729
288374
704891
209131
55370
305147
804117
685789
216920
121375
684398
865241
479853
9954
691889
644847
425234
505786
24942
545242
318302
888451
267914
358117
731193
47459
440726
808241
453990
140567
488963
346756
308242
743602
287047
587755
388742
33658
655867
297395
698124
312216
399423
676552
880190
537136
893689
478499
951461
14208
188654
461414
377989
483882
315390
149402
460508
591036
120925
150689
807579
401181
304738
133318
263810
375669
592430
91864
138317
593069
33607
628016
145918
987211
734320
322868
774609
120542
452383
424026
206473
772633
456400
248492
36893
199152
269320
971819
672495
122555
113637
331996
606853
502940
806131
896905
526382
940659
297067
94804
596297
646766
108136
277352
290485
778266
721996
565438
312168
97968
287626
70718
888792
253204
31877
37701
985309
999179
52050
698788
344298
237048
416720
293446
713511
924444
662963
221001
644679
610403
715349
630382
528904
61539
62337
801917
809569
544433
869815
209727
316478
731330
603503
589268
504406
784270
617155
300419
825853
147736
804202
767969
449217
515754
736412
336746
263390
854692
902107
324440
41153
800687
977585
803784
673594
826661
960328
258085
113726
514987
126209
934024
364696
297064
982100
95108
58207
388677
663673
232225
509745
869656
755024
975449
191017
605180
190515
446640
275767
925575
451673
721415
21667
59893
59068
282706
404838
636826
46755
232467
721183
590433
51263
810839
943669
981694
798031
403533
712492
381629
179854
604147
126905
260274
53238
897042
676480
790721
540335
740777
279610
997665
610112
980754
637529
942333
766673
642756
762518
66308
767802
810535
90366
245145
503160
279978
409819
519769
831059
55064
236009
769368
333430
255551
293787
705674
331098
980948
983173
261182
927623
816008
872785
366441
578278
464302
979735
54868
522360
662213
449365
470789
833474
384435
800081
917009
371006
347739
712214
650027
783953
180854
726147
490676
843892
957811
600138
755508
992314
714789
198174
891103
678576
315289
504919
849741
334018
269462
726180
830677
47638
714289
948585
762179
833026
975883
159962
312845
930548
153801
362595
975656
762109
43423
47471
86357
849797
704376
789290
461217
427707
793139
397910
156968
529647
119382
776105
161483
531234
699117
650417
595574
45555
176265
568166
737344
218480
458586
572546
461206
178913
472839
166141
80124
829259
952522
709997
530062
712475
951856
913015
289855
327158
295082
363471
47557
352824
942623
199726
345940
626377
278294
10204
944437
647280
202058
305231
954499
430724
771791
156619
279230
870703
907028
214121
866129
43902
432417
846728
230016
41217
983506
311089
903883
12006
174307
488447
562941
629275
744710
669933
585875
979341
551281
651667
799972
863739
52880
113955
334829
457894
185979
976418
941947
304898
217205
897933
573930
741671
768902
641322
567687
23399
785583
852534
807447
949279
59242
926011
118428
232879
770621
225256
59191
118190
147064
306392
84755
456497
329981
456470
109285
172265
879407
583898
195023
657401
144740
286433
203667
385364
700150
13389
993359
77713
510364
724988
794188
777420
670672
375486
946707
355904
325538
952846
424396
808321
964544
641684
262471
111980
442775
408724
273504
980640
47756
98916
311444
8266
177866
579672
104412
565998
151729
904998
967812
313100
752777
635928
522851
782383
946440
892068
208656
973848
667378
711240
327145
486407
972805
396673
66069
109405
626664
282224
655007
995180
55732
187242
441658
761713
437388
8557
683000
254241
195328
387824
668223
889206
824859
242105
474456
460900
142500
239681
349468
392463
128083
853204
894667
913608
451397
863887
482379
846585
752635
673483
667250
673932
525622
630041
422532
24660
622600
878811
42571
160561
758580
79525
292208
379394
315241
739814
110674
147398
459752
659818
36029
498257
755384
835021
629123
857219
719830
135836
315915
230437
68198
785922
308191
590282
967982
769869
555492
735699
799281
703991
906110
940051
45446
911809
716445
676234
902233
142851
236090
552155
291114
529766
961522
457416
987422
440240
559133
374698
909663
13116
933321
523079
824837
922272
84656
646154
651451
372166
962686
772454
971666
110065
643801
7093
276985
727566
197712
686153
943434
678960
663107
109112
227962
689919
257252
936866
445644
902273
799827
568395
366533
771001
932648
405349
984221
125218
827069
534557
479026
425289
104569
719258
436117
821941
787701
518435
226719
634880
389063
893300
353485
319092
819310
604929
330574
9944
593712
204406
284691
723270
990877
325723
212333
768151
878467
905425
411438
210251
764199
708403
987297
759308
102898
552808
219809
413026
203889
47217
209579
785435
899669
299239
526963
564640
69687
133773
188236
538087
102093
310386
969488
758888
393150
382640
210010
108911
505504
777625
258919
111537
11510
675808
484635
849112
641704
315494
794739
905789
761797
559291
35174
890132
540812
348499
76059
894098
884204
682620
169991
245970
785272
593811
703157
856826
456135
707041
496190
663498
696570
595724
373063
254965
928589
127289
453771
698093
417419
888957
741486
416233
379338
461194
900754
33511
549879
862399
411360
111680
722253
342662
672072
941064
975192
967620
209337
961705
572270
712468
359880
557148
754473
895773
504638
595691
680783
931191
729732
43649
351816
281423
6523
910830
303468
353484
17002
565539
65549
743381
34113
369030
254700
679164
619240
148118
116590
241318
451247
868768
823706
580202
634462
385623
18406
759150
453644
940509
269640
959779
469786
429138
152230
783670
881341
750643
334788
108003
203710
715703
894962
43826
718900
34826
838337
357011
564059
134913
404746
631305
514534
961318
208586
21831
169032
957886
418673
400934
771416
446497
908502
94028
44784
1767
371618
328076
805474
102045
547918
382105
938575
917955
417374
730552
705265
605663
908538
195929
528332
127554
622156
52102
104097
128817
202518
618627
719709
995668
219494
188988
436036
257938
55520
168739
288032
535047
265431
452675
12415
407994
729207
335001
835742
697864
340391
237946
945928
992467
959103
375145
895330
987870
656212
397662
318948
288444
827070
982313
356279
804299
183331
949087
783717
286851
630743
920202
615808
98418
297694
308211
612306
389109
424536
931393
721164
758968
307347
698427
88668
782379
672060
509143
403830
298036
646222
150224
427006
799838
640449
398497
438365
98248
215031
460977
203209
315746
16051
89873
356246
724702
255836
173782
299205
489507
65743
315623
881441
368226
476575
58352
799401
807034
673555
719612
70421
161976
873413
370515
305615
197123
833634
433301
403957
862672
331789
949710
54019
98369
579692
142817
133801
548359
179409
897636
747844
88274
670855
910746
602899
351428
890175
915971
83307
335885
42292
170274
975795
210276
323007
939771
638022
858815
516260
54872
741278
499829
713386
682217
189003
531820
113117
593102
140050
653110
500496
125646
880169
103551
711028
19307
87420
46994
290718
368888
482858
35391
192597
110047
677542
541951
587683
142670
556787
570221
777885
51397
510352
143798
924203
992046
320209
317107
427525
675406
328174
421715
523321
977483
645997
979551
165152
327530
36640
486163
929342
409670
601756
745295
890664
719478
255052
867961
881105
740678
999343
695607
174009
45433
2450
517352
774676
767359
563560
687479
268477
788937
452992
608523
536079
782475
701020
528460
998514
928077
909880
697592
88522
233452
963312
93764
141831
649617
672296
947568
939681
757378
284485
698883
679897
568447
584091
728128
866220
972005
832458
130865
222726
883152
149265
29621
836973
897046
120416
651460
930502
674809
6493
509317
551630
303903
827886
227636
109715
522185
480168
647625
545808
495163
343079
757945
605340
640618
196688
558899
74923
709818
203335
626392
791596
151626
913418
223066
277440
882605
54825
660643
385961
535159
669111
