829628
423513
442815
218384
65954
451049
490435
319070
222033
116181
683962
863388
655269
713185
344490
697084
900591
925312
280303
413813
820308
397702
240247
443513
80571
424206
780632
701429
438761
6835
914178
486649
227226
561075
99299
362297
834252
22928
388921
738821
377081
9902
274795
591827
859182
160816
36262
452762
189626
291235
68932
800700
158081
424332
718135
763653
868351
380406
939960
684079
596712
498214
174410
522664
884846
918448
535231
326415
910421
912251
189957
724650
556348
716656
915441
6236
88144
69152
33547
603639
362561
560138
992056
736248
918245
463751
879310
856921
124646
708655
740005
639496
812099
634852
848567
482996
830717
668563
147131
719080
187519
969313
831059
210618
774076
978237
935801
573923
468164
932784
146180
85166
157271
927439
327089
353953
393234
70834
62472
575182
577066
722684
367394
485506
60286
201866
292207
712050
864552
343487
95031
293722
982787
161527
262163
488762
214368
445624
117642
549862
839132
944819
334658
256216
100270
294225
685044
930689
184596
12699
14831
663796
414694
898333
642769
481107
687803
597033
46617
843336
352820
250109
829265
286519
494147
692488
205282
579167
621933
561352
330681
350596
19421
982488
140248
302148
362329
711862
382039
937594
422829
420265
669371
56971
781217
231104
541435
69512
226647
155321
697224
126295
152938
359135
127322
387903
24937
469115
901968
697401
212232
709573
703892
720626
863230
382050
538086
695060
656839
576512
219072
133715
480656
572356
583122
333813
314789
708735
315749
770467
267977
252415
924965
456261
213443
476998
311315
787850
42473
258030
52024
606254
359259
775874
921549
460074
459819
699048
54132
282052
579594
744888
214395
997019
35326
810774
943568
487754
648496
966888
880756
61075
13885
431821
972508
474032
699702
287450
807449
646398
150417
511071
783437
844398
899352
666673
64573
37334
725730
912312
278899
633819
669274
127069
724783
90302
655022
836836
471554
355427
545721
765495
76084
153933
492368
748292
437410
113934
278061
6704
250094
374344
227306
675543
835052
557474
100766
243624
769167
201629
682878
165732
180370
765458
960653
615864
820252
697086
775185
943974
201228
470529
143632
39652
198474
939721
541647
987631
750050
833030
963150
716605
536030
923035
237801
110114
621458
553127
980142
12948
349155
945450
976284
533235
947713
134346
604910
691818
504382
951701
135160
115011
115852
42916
470131
641081
598435
747318
915828
643017
631752
95742
288738
422486
790508
140416
734028
62479
122084
302235
717820
556539
64817
100974
311664
302225
246618
173832
758369
868132
407287
687633
585511
397423
158774
835466
894710
920490
964023
743003
791792
742834
981150
664375
348689
730927
33995
251812
319717
408206
941432
253260
492237
255008
210121
427792
158522
627350
172221
519573
460357
510570
970698
203121
926832
287053
794557
28525
792847
951854
200131
345201
815288
40344
234899
326855
551219
276856
35110
792802
935739
393355
134715
266813
621448
862189
694384
757908
675248
994732
715453
646691
387254
812582
830743
944802
984048
480365
647066
979082
276638
891124
58231
475318
704271
316481
95921
185014
693386
22066
389346
505841
895975
46873
893579
992472
402960
45585
371172
59453
243041
2714
398340
131562
512631
410484
875789
109314
961331
769803
195391
441307
721080
693229
833845
781577
762239
459773
282749
386872
861281
763681
224920
717574
625055
298365
895138
416638
144799
794679
172261
541416
695900
511628
311660
964388
242429
440901
920760
900669
551102
49025
56475
556220
112558
747635
742391
11224
788712
730159
513701
299917
479092
656054
391016
653544
302901
143054
382678
989615
503275
254379
810587
143074
807582
464200
778837
67073
407471
106193
651561
798516
504972
102272
567591
64217
928458
709874
475828
285202
854019
362533
870617
400784
172549
799127
80213
581692
822306
245039
908442
792395
894389
748925
564952
534664
803276
437504
775809
438875
799978
181328
955891
728398
57147
393039
777198
875403
612626
108213
13318
178555
267764
860052
750799
165998
554812
132376
589722
757093
301244
554817
594450
610144
921572
709859
258532
579182
590547
766803
723408
91546
202332
147180
53588
586607
196829
866619
499453
125158
635480
154603
505663
524132
319818
192854
147340
194676
166260
523307
445253
504327
831183
62455
179639
375880
845046
929653
78278
597126
262995
187865
701132
4822
7428
337731
39284
161967
279915
241551
980380
929818
664374
167055
754951
905492
954432
429327
258021
669127
904414
208035
336088
153962
810229
970869
609115
350674
367479
985446
929159
895082
729592
403239
334702
236996
601209
316310
308726
299649
541439
983928
442759
829033
165568
692484
961008
152671
748514
11637
396001
113475
553404
456943
863836
930528
818066
915997
189378
263031
222037
467135
517438
970234
605767
219834
131418
109704
84314
435074
944364
713742
841711
915130
415643
919397
817972
12183
317922
183996
648170
134647
525744
624745
783748
425514
63952
967210
744413
645254
371342
644641
85885
720374
185643
214838
827113
938364
583113
902984
705008
862495
322750
820483
478
180878
954915
55843
404715
382699
751742
528602
210497
834366
911127
672331
898986
874178
730528
554100
507622
733349
157758
242512
848748
380288
181065
12876
520047
487433
795257
934046
666392
700890
247381
324430
921744
462459
336171
72518
440650
700673
459764
371979
735426
960697
40725
729572
669298
364683
511377
41304
839716
75786
383621
364500
599040
343169
72514
61130
85912
830571
858061
491022
396007
314414
233918
287922
837237
228132
182745
884265
562686
212434
948841
141815
541643
539707
299009
280889
821178
907537
609477
107591
927379
744969
151143
374009
725606
646365
29196
979341
192482
640592
434841
701979
328371
624571
296378
391169
596963
353479
783176
152616
436168
704242
533322
543098
819861
935621
237111
455501
64391
24796
323537
388949
865355
205058
246655
798265
346824
820061
179115
78088
714870
918641
324218
85248
322584
564825
286643
159515
363415
18955
768803
231783
252922
736839
35582
554287
6319
301340
663203
608146
418224
86502
482388
359029
795508
102902
420322
864308
938956
401289
406123
750300
995410
351837
761912
435540
73110
603190
113401
271799
321919
573802
492365
809881
761684
77597
439083
208394
161745
21349
236281
512364
167247
115502
89349
546031
830229
168868
956169
551386
621418
295660
198494
785532
398945
855065
955762
888164
485786
79438
932722
168100
903673
297645
352247
911431
714177
952591
165012
90117
788232
209245
720790
672579
646317
778969
745511
897228
291763
42936
874740
981395
756964
737899
192283
366462
636725
768920
682948
58473
425118
33890
702361
177501
442141
694329
556137
757571
876564
976470
46629
926263
572765
214334
136336
203671
507113
89010
765159
408963
158125
443998
184791
398732
884838
860858
551892
642758
346761
842860
524528
904308
81924
802402
102777
538741
29697
429085
156399
562153
683188
482302
697053
701254
692170
893542
708860
783221
266721
551678
591739
576697
477816
742960
128986
190764
110660
702306
472781
191923
986602
209375
737121
235052
58594
546168
961189
838245
759975
670210
632874
749687
6639
135861
325280
213690
349824
249055
506001
86700
128695
50394
660342
223354
641468
789776
671723
260636
518369
889898
584550
469160
118633
989568
867008
910363
732595
892705
377104
804624
68473
254015
333738
308202
186784
53461
635504
823587
466341
901514
189427
982071
286793
629712
77902
837817
11141
886627
40019
126590
745489
71677
76677
919054
147328
657602
750958
742852
649586
826631
415244
954395
900076
872154
298876
665380
56833
657353
842650
807561
64081
938339
750802
135080
681701
583522
115622
520685
457907
673521
285517
803149
846402
117841
814950
512589
345161
797575
161634
752804
359147
852635
460991
605958
635090
759037
993879
249233
336531
595573
155211
191184
656634
466532
446086
991657
777019
263357
694336
38537
573745
662059
855496
239397
205314
840371
820929
39751
191448
467521
502799
343132
582726
934356
569996
303323
117538
851108
481476
294060
371897
290138
265491
441875
256568
433740
358324
216538
625343
718928
355230
976457
18833
994016
550196
189068
334916
243099
108258
426648
791978
623476
551340
726606
818365
617997
525915
516966
186433
679452
842786
351191
264153
248673
804508
550659
37804
20809
993838
879643
735309
384117
970253
228371
444313
544530
745569
114075
262678
970284
888304
187140
484375
9361
767201
293693
145785
696821
833101
563390
413988
846416
591135
716890
818397
299519
988202
561299
69492
576344
111000
850203
302490
750164
140156
600849
578610
754729
4191
190433
928151
520437
83159
258807
17869
379872
277767
807734
278241
824868
721282
516494
70762
236649
514137
821351
486834
976218
658390
431852
155656
205308
930222
288792
571825
606635
428074
670032
589481
671433
923247
729859
647733
665060
357588
721171
998670
184354
430372
511334
706310
119243
256535
929295
384259
908047
396008
533211
487813
848120
903801
98477
27540
288367
453431
501851
333425
989743
911135
387413
732113
634020
608047
512553
752973
187495
819646
336163
138709
743898
963459
702469
622124
800634
128158
321755
158447
643516
837956
995619
588941
586166
972447
683996
902062
575776
572187
439166
783122
799035
498597
264847
321522
928712
544662
885834
124071
570320
46295
496892
64146
244008
392747
340118
647483
768090
905601
237563
786531
883822
477434
267520
940745
895548
280860
336353
474307
393143
744927
569868
875359
486956
863110
61268
542000
384099
558238
594889
394371
716358
161009
443510
298404
384804
174448
609674
537785
675415
412417
519902
334384
507606
533026
789905
793155
645983
751209
769360
557003
423231
82861
971152
737280
122465
6276
75710
955877
101242
234910
503896
232526
340511
820601
208275
61600
7715
778694
825469
233309
60855
254010
661982
288052
519914
264382
920134
617584
266313
926806
908379
459665
76572
964117
377462
36449
143021
600082
559635
815558
48753
517697
153183
869523
667884
71012
878625
433953
501845
423808
724849
798598
913563
141391
653475
557038
48671
785536
216075
640262
178417
121038
736730
166713
565759
321696
526329
573877
208156
878286
862494
820901
310953
440022
667991
245460
183298
69692
430517
232259
643294
521195
994236
638420
662372
157442
502074
478836
921089
386350
334092
921247
817938
312912
576115
878304
174865
675540
765018
981446
954359
293002
362021
285074
660058
510742
541309
273387
526604
631383
207128
998990
794189
557722
507330
202459
437376
55519
430166
660296
73837
468424
85303
9881
959232
385905
860977
836672
786501
656966
467370
351201
422378
234465
294281
28178
300165
238476
18277
639699
356475
211346
222720
842578
968182
947020
835856
516462
624455
776366
603642
660020
233168
539895
621983
834431
72186
945461
304510
525527
372056
500796
758370
832051
790769
882281
196672
690080
646494
167973
183114
135233
50148
381942
47478
526250
370089
343377
379444
896847
130551
101093
150813
379196
668785
611603
934088
134900
230452
536701
757615
195964
433536
452927
11106
720300
977980
671291
116243
986264
504768
18009
896922
297121
370574
786362
397732
838513
546419
556217
593100
642650
446381
472664
213195
873506
875520
477350
961000
733481
950651
468016
781904
783998
103234
99251
599979
181358
468634
731512
994373
776482
995708
378122
967741
43184
195958
642090
340499
109918
467849
405850
289559
847082
625863
839653
749218
861770
622397
109947
725205
767598
47993
31485
755958
97055
779310
755180
810543
141908
900238
426107
860273
696241
798566
415522
976087
763068
68371
238497
83341
739612
870587
123812
366138
841983
257883
435456
637664
790163
103375
110750
350849
577159
747995
753243
360205
774071
435446
189340
82849
252806
803805
889643
37935
827865
790799
533725
737441
19672
537405
753449
192072
791743
450704
679481
12140
567181
663975
833674
855587
723716
259699
301809
302346
371224
958214
772632
112685
814870
653574
241413
719185
109004
639728
423832
407088
12400
370542
273847
966840
258985
146549
205720
93788
573497
783807
473528
15090
529486
403788
692174
586765
115273
711420
706465
269445
235085
667730
407818
688495
859837
90490
494515
350965
977221
366478
472889
278062
960731
623946
416630
723526
762779
533529
305803
361052
658103
533957
786661
506587
64654
459361
811869
902229
87636
455060
828076
897783
150435
251443
2127
330202
308035
275473
564259
637221
236624
366055
853649
862199
200770
398390
572847
815798
117831
331501
342509
556284
900048
616049
6291
368314
699114
824285
947214
656838
959468
581257
444256
694736
857307
239716
343751
336626
19348
917965
318760
726817
324683
487453
712053
659769
988958
963682
743421
144149
126233
335070
409754
568656
412769
309496
586184
642576
311317
155792
486624
3276
929039
503957
116531
912717
91597
992195
556229
73992
17338
52406
381355
365736
260993
388451
808420
18662
193300
162519
550482
754678
911353
119961
707715
692365
410867
614930
198121
463926
991632
213232
805558
98776
722359
46247
268410
349594
252065
127393
914618
250145
871701
257746
872691
543928
319003
649095
750403
263389
854237
427126
939641
730885
747675
68617
847250
55785
144619
296050
948770
837236
586696
353204
425725
914293
490851
878945
170008
857316
433118
354608
741218
673197
527217
981961
568541
291197
537222
622921
767145
973230
468820
535642
534778
124175
997152
730462
350802
152065
10004
841168
98744
229641
461043
851889
898304
297042
522236
757350
817741
963835
556327
990242
758532
451802
544538
363448
767103
373077
788306
281706
523982
834485
882123
870465
829896
869112
708144
831939
256209
602820
390480
695760
246633
725873
815780
420114
502658
39836
515105
909989
262004
926843
185162
339838
555627
452572
803281
117465
385415
978896
76413
80586
994021
453678
174833
26913
588858
902846
275833
731253
808064
719090
604707
423867
720336
51251
949563
862487
92756
785038
283152
159858
119943
199583
495075
246874
76007
206994
668676
761115
635318
518293
754446
853366
868002
583705
69018
350498
41264
378243
466480
528497
545261
515933
746092
693914
351788
88798
982285
457563
559229
74258
512368
291262
710099
968281
955184
366474
774586
175836
933414
191604
758659
113699
416439
24709
52952
629256
469379
762344
196375
204455
581511
632401
5828
218378
480519
620585
486587
995102
916097
961845
290605
696019
64140
871376
255379
959171
560787
435372
356424
15804
467915
801029
540559
801672
956224
96416
371203
71055
427180
388012
337138
580188
159328
166464
876884
540453
541542
759323
839291
417625
575734
623399
965420
297630
352643
981896
499064
699987
368442
568068
2976
910767
758730
123094
733485
363059
54445
450912
900721
648703
809033
990810
941445
326771
150968
234513
275025
497796
771113
912093
708763
643892
104362
347618
39171
818965
815869
755383
476822
394151
692705
492511
918686
173367
958335
303535
120035
97213
407617
982614
915767
813518
49589
388373
111255
795633
36873
573516
162732
669010
867067
599375
586020
439938
994194
112999
801973
834083
422356
26805
563725
687599
293085
493233
136148
253327
289896
507222
896127
983000
239205
519416
281222
609799
40016
599247
273999
786066
198720
207850
747711
433094
97327
578721
842887
558092
753954
912928
40871
543219
826822
347498
226114
283053
98898
574717
788460
242703
976680
966798
379476
942244
303756
643281
526688
58631
822524
839350
182054
712140
17505
401678
651087
490059
731901
909994
407093
282125
29340
394436
707233
198505
892968
827062
853963
250149
105051
815000
751954
992931
982460
319240
487578
346390
235383
295036
257732
893071
366112
473303
451175
895497
497711
410198
766479
785489
361843
45793
508810
576064
190447
916488
924011
956411
780726
425400
811662
924292
120149
491592
359398
933160
99476
476862
646530
341738
245293
963233
267431
427973
288370
215881
168849
94961
1244
399862
331839
343310
121990
416008
789709
299924
426289
840862
251298
717683
126543
256999
328071
722570
152011
629291
97307
728830
745983
523728
285277
338919
184608
925611
442022
556736
342564
308951
238013
309773
832881
21493
316961
254740
543030
998608
380472
108299
666551
533883
184971
724713
378544
604371
288730
275307
609154
633388
600711
341560
904135
984157
695803
671992
4259
423949
786961
107924
886289
77804
970853
663577
239475
643887
613088
880194
193558
962240
655007
674472
764485
37285
907330
511621
547407
600611
590205
580220
309641
249274
100486
82989
444488
852141
190140
447077
719618
125991
248976
596868
400862
197370
13135
723561
323541
871756
886783
361832
120704
995735
530051
720840
776179
625902
988682
724570
675727
522157
49521
352541
794092
619734
892630
884733
683744
827581
864590
751791
545452
788759
648082
454854
60407
435945
227346
486531
492867
197775
528835
874015
745465
383276
456176
718979
796535
353646
305190
125146
396412
366547
184468
419717
511392
919149
153552
591123
643435
104204
469924
899118
200636
275829
309347
618217
96715
336474
712468
590779
47430
410846
612053
725345
540524
260887
102848
181833
721770
820337
971975
979820
618277
254841
943407
320482
402709
658275
56478
159228
435729
217546
395791
515028
251251
458142
195299
284626
932008
516268
468688
292378
106520
425014
759111
821410
432106
617181
616256
460341
478928
23972
671748
264598
918602
865580
790868
773707
451501
469116
544627
223961
135294
185462
998083
654257
184195
735890
76490
69036
655328
769371
111485
117154
780699
678996
319536
445033
774436
983693
575840
423999
140637
689954
541364
757691
698954
551979
2357
276335
138918
476773
391387
777394
620374
251413
426751
16345
424033
807720
698624
358554
253561
405874
311277
187345
490996
149490
980020
445591
423756
303178
76106
57262
241308
831136
546624
845183
519811
675439
959838
558612
951694
247850
769757
351619
566795
917847
37614
601688
387601
675182
714780
730404
162651
761877
366600
297842
72335
248211
547267
386590
84904
506772
32099
235704
656179
36824
608335
963760
392368
373272
834953
514920
198770
303910
453053
990961
350974
687078
217186
902026
782702
242407
460735
799982
214266
459279
16799
259369
676023
271307
107047
365765
999350
452374
150276
845794
412411
461108
165557
149059
924568
811838
396620
83429
417844
861469
275895
235016
212596
286316
256039
35114
155549
82820
423096
905244
137943
833470
161110
466938
600236
868853
488568
293588
57130
448139
83468
420650
910675
375936
22021
544177
500773
506187
753511
800598
296265
393319
184193
451395
731839
586824
729843
161138
849609
72867
211277
44020
18676
799131
854576
165496
572315
112749
810518
787761
681867
704109
497818
462540
122238
142073
314865
947818
484117
248197
102943
131739
875339
773212
687580
241737
497958
936690
411971
461084
363130
804059
933420
163586
728273
707988
432355
339753
558153
197357
648072
755002
864430
983126
441996
571939
983800
823293
505947
401008
374166
887478
741418
445373
702166
79096
11855
221263
184076
711277
242622
528451
512001
150761
431978
374037
82554
971622
820537
130289
971653
4044
894173
464445
582636
514373
371088
956360
590460
841344
159376
900759
121614
140186
920541
119915
814474
453110
655576
805121
999186
955137
574049
448968
768996
667307
420033
722244
146
570608
946562
976766
483533
263834
57806
139950
846147
988742
134391
435025
280340
602717
863748
434340
717675
664045
981665
678080
909931
853252
359994
313164
393508
38648
165880
459071
838175
443878
895578
451220
372329
843623
664475
642640
678139
840505
517120
446670
707325
422169
572533
207016
379693
929070
524669
147618
893470
31792
284671
630936
92565
353893
601216
178452
98411
200483
363206
304463
932646
384335
581226
213839
866247
743686
751539
854141
854387
276222
17222
725748
107595
699194
674620
625542
805418
343011
818735
130767
400884
637910
393499
247312
952238
842943
819168
94607
356899
30769
748945
712171
81759
767357
811555
727865
299452
148132
872376
626189
72216
566469
616181
615711
209230
237819
271493
890846
625388
685692
107184
26197
694720
954800
262029
87999
256043
70451
609657
491819
126159
139654
224145
921060
448902
899561
577593
182397
497638
219579
861721
19999
464802
369011
135788
83269
684647
479322
34239
474814
853001
229246
360890
381050
854079
578683
737125
189887
957304
893353
130705
86435
935626
998052
446889
352914
160070
918913
345538
872547
259338
264767
897384
304942
10910
246278
222819
937263
566884
818458
228892
860760
903766
96902
591668
967747
937935
697877
215832
902201
927200
519730
970505
56494
737903
854072
711044
403829
405142
593971
784760
260212
137313
803520
249230
56053
334224
75306
173580
679155
909149
110842
681621
713412
342406
693781
780490
513751
800343
553379
328140
517638
793867
62535
780433
379539
824942
824972
852308
28290
414472
425068
445100
158850
456260
792541
44692
622353
951711
940864
85865
424184
665865
437398
347770
297838
434212
674336
333753
858292
55070
749327
727885
20194
457759
353779
346698
7279
45999
299058
150997
217776
305012
229139
774631
147902
393942
204274
632276
988175
389450
55440
714908
829523
759164
877231
381187
835418
510849
146121
699165
929287
253765
291671
843323
824468
975170
488487
327317
709426
830635
322123
461732
304956
21681
156064
583050
815212
119612
922246
191286
761219
489821
547522
838222
902877
475060
969776
354835
285294
604821
948868
811285
582716
47682
298371
235870
405515
901969
478133
409512
971228
449141
540250
836499
948842
242873
956968
158864
755330
941847
876769
633737
908552
182890
574995
832270
333959
991688
803311
21293
958057
697287
879239
350617
632851
321179
280827
776212
868617
142044
409325
152415
288059
749124
987212
279715
912671
811857
491667
770225
879132
320179
418650
348465
236910
498447
459340
272755
734868
570157
44527
515285
486902
886833
588508
953565
10728
957685
907515
199857
921679
255475
382966
348517
23144
244597
266723
64455
79771
638525
184262
738830
831631
41024
248144
958648
182862
666524
782335
721636
403315
419514
313717
905631
834577
560798
418470
909110
577417
313239
933865
445151
638840
406175
67597
414629
31329
833722
891721
245664
739383
933226
494761
37867
597629
767265
480527
284868
63832
774469
709358
222115
59593
241811
246793
498127
829656
427765
665721
694140
850207
406314
468201
699964
544106
272583
600831
184807
719742
108997
239129
789673
355238
34024
891681
693082
376201
351109
559656
950967
897567
360667
604593
175841
959127
569050
498677
938279
321497
233188
512903
585201
457229
621739
794284
968990
777293
889362
298525
451121
559579
334581
749423
84965
51889
80287
116483
857657
127225
498736
130369
715758
435754
992580
594661
674552
898283
865040
475419
708951
215525
346005
781949
420672
438238
742179
171674
237473
876259
364527
957116
48628
241537
62447
737069
112372
758120
882429
411064
527169
437421
586866
948005
450887
52583
664220
284055
220446
556886
10874
233550
514750
854611
586376
737753
426404
35305
494143
428799
385869
375466
665401
569720
456306
730673
665733
754679
438015
155056
798077
396714
118922
497879
947064
815725
632611
450775
991376
879088
520226
997921
804973
744847
408720
166170
318063
171720
643438
269921
295521
989122
555838
154480
204034
151784
44673
845242
755659
892778
31390
737868
327735
258794
252480
883492
724494
282565
953490
64850
134643
339216
449968
896748
36261
569728
259979
77676
270561
878894
206328
708829
26484
206388
165594
461404
917386
819116
75798
456862
668647
34736
14306
834862
360775
396929
854157
89808
361259
14541
927867
565283
813865
636956
981923
315210
281661
839084
875541
690306
326624
649854
278874
353306
629284
993873
983943
909038
480882
524655
723772
295602
197765
811253
584377
726678
870233
183703
616029
843749
610777
96727
222650
623472
513356
423930
922427
978603
718691
364894
898890
317716
831557
431425
693716
609887
615134
181778
244506
560040
250703
240668
843313
760425
117725
124715
674441
95040
593005
896740
672911
303889
601797
89450
840419
78873
54946
769646
28511
983586
632805
403409
149508
725703
948482
558607
113921
360182
595049
991985
930311
403437
866564
757624
250870
343406
428299
46906
272615
756269
635552
753798
318264
664457
972138
765089
772736
27631
545876
613041
999939
659778
473026
737560
428734
471113
57666
908417
507248
436957
253424
378512
81989
20330
382160
11423
454159
530886
675448
635366
907627
581290
766936
930057
538559
106530
321995
401262
120371
395900
188801
934433
788204
585152
645217
95673
974782
715727
209307
235197
517026
119934
523755
592395
259591
879997
129915
126825
882829
368692
806153
502845
56636
820926
892381
776949
82472
981962
18775
977347
776527
913177
981339
240263
757476
730079
292337
69445
240323
535228
393787
673582
801659
655825
16653
103316
195208
685142
906784
399682
41997
839042
733168
882848
163835
78483
927636
251073
575858
36345
837259
796648
188126
773733
605547
610600
962879
626183
310242
754795
786350
296362
933697
291580
142676
318953
976691
652740
347921
205765
546255
898722
457607
358188
271886
287669
522034
34796
306408
33039
347514
456359
256181
720416
669167
886362
377573
542191
261526
966984
333629
352393
866445
843072
206945
253659
457162
21123
56443
851608
720737
132975
688726
875032
738096
543047
170840
184438
437053
637795
176626
90431
998892
348851
690502
864705
875982
633522
944125
657193
19175
467990
849142
682143
317516
22045
49462
899766
776709
111544
982543
581563
110271
729601
935297
796839
939554
939890
116505
632810
321991
20163
564455
42860
657208
594979
242047
431168
342659
647881
2726
630754
754262
69738
270677
156783
324242
710011
818175
407265
785654
106794
307411
140796
701042
405214
553101
423121
349437
687818
789074
470062
300100
19534
772973
369954
934538
823050
189276
903182
734597
544836
792604
904723
504608
50290
960252
225547
463162
725275
496208
824853
985308
264152
250558
116393
3176
277666
522826
27570
293870
171642
563387
218396
436536
722214
516724
103993
624657
802775
34350
915703
243768
661508
721351
447504
692922
358983
637190
845822
184441
788654
180773
305537
105135
295743
131791
63981
49262
282087
659094
764689
716023
395007
798935
238161
442407
234964
263496
390062
595183
816239
132359
670079
359715
973894
433330
856819
376927
928504
679700
4089
857465
577544
965570
237944
258479
286772
99342
749030
421231
495932
194693
38916
100610
390719
975382
521571
948436
43641
118564
155516
304198
282071
611865
89535
295908
914860
554927
418052
691498
154200
90707
826008
37819
205961
347861
362269
954567
906976
58032
610795
977772
186976
837586
29628
598456
610200
4180
972806
385904
392297
276084
140081
426104
547077
128183
661666
472819
341868
194798
299704
791366
367313
773358
913203
516578
461569
479670
765803
30570
246678
888897
22444
347813
812637
224930
696140
967981
526941
607176
975219
131326
401003
690217
581223
543929
824493
604894
594606
608361
845125
798959
362460
995494
773394
842133
479557
553707
868363
405258
543739
309217
212011
54195
904982
527842
966815
135793
730727
9034
268610
93804
287934
587727
90945
472495
578895
962143
421871
478305
50919
849705
560687
30126
322234
340918
637945
763536
642339
235004
688871
510608
581232
807806
453474
65469
937890
784713
398132
141501
462577
614225
925778
2272
64934
379825
269388
803674
646589
836451
192805
590419
982007
132355
884319
646225
737563
984804
751303
259334
598317
342685
86709
353745
690420
466848
393086
93488
288305
42855
204319
941768
300033
300815
846765
249522
14895
293134
587847
502680
305116
516411
458542
600787
682783
436143
717019
536313
378032
206958
253464
328643
294223
923612
811444
760943
374310
640241
190405
103116
613751
15556
640733
515318
153306
339172
282311
315103
912045
844984
146193
713470
42663
710664
880480
412776
887129
865307
798539
313289
719151
826465
766245
138396
636329
54422
310036
686849
839952
310270
979316
453301
270520
127125
683280
506215
561637
219599
314010
414787
799587
421271
471522
168969
971103
925539
749037
158573
634406
756075
642340
415865
659793
372465
119596
561436
770375
86023
923527
253369
284689
637206
608223
126373
517313
653614
221860
34382
972636
355338
958619
828697
773315
528780
351803
347561
953823
801362
273526
738117
427854
88809
719538
579946
121354
835635
833872
991442
790092
873411
611131
672783
957576
177309
903832
766795
319638
810494
349358
871143
400143
764194
892222
891006
442325
177946
756163
885732
69173
694690
597242
872608
628
743347
273988
773260
604521
926358
604846
529005
889407
704379
514076
264045
966938
659182
766542
185522
935845
56067
12673
955861
321264
890507
723267
474332
870956
356169
725292
425441
362800
672996
189067
516158
510333
549302
214569
203475
268044
465003
707597
169760
776747
969825
134161
578359
416343
156275
753593
865457
982997
247807
112473
811546
955437
328469
136722
262318
779901
713705
357637
36247
524297
541412
907166
7674
145059
152113
15625
740524
470208
764877
251589
981666
818137
325591
758171
108776
163579
549456
87625
466401
864853
102503
178982
115574
284944
326348
785077
497421
496338
122475
530029
489129
241774
668390
345186
195082
671678
934350
926508
961733
912713
822018
597759
13118
677977
565500
322338
404260
948617
61527
246549
524161
296802
437187
207166
304172
776465
336855
126776
671211
414470
860368
395679
785161
662044
567120
564635
44577
163200
411153
918601
602643
932279
740017
853415
904767
917307
681295
399870
547954
302411
923186
931491
155616
176608
755731
371768
670655
133040
88004
325898
230866
476452
63504
842184
715363
666867
745807
141122
756168
247296
633340
736379
912472
460427
75323
32704
636225
767245
404717
526326
364201
415256
277648
326671
652109
46575
847169
837679
508247
544883
288055
464583
21745
216809
519255
285529
525637
318901
565905
672018
229580
573099
304737
617608
466630
632917
567764
83461
601830
336798
362782
700770
345882
494079
384707
147272
218414
185974
20298
554093
647366
839145
309981
861897
726415
430836
885779
987697
468430
717392
400427
114114
869490
959112
482526
595599
340636
974293
163966
428917
354010
957272
428142
898191
501753
185506
334276
474376
659207
404868
399271
260286
953479
197336
743065
378669
887477
804667
551985
392643
400312
904384
958742
550657
652915
626473
833782
919982
596891
694173
384968
841604
716729
49301
899037
480922
571287
104255
305797
699861
761264
325514
683948
674516
833436
390836
103463
628540
295116
188654
165573
384086
71494
338014
750660
581862
521129
141108
967672
799002
716035
44642
766420
943487
164818
635699
432913
771366
570286
135820
827525
88696
585919
608554
596823
29296
265858
988770
599780
246015
889983
66962
922483
885743
411775
977499
217003
504958
117108
771567
256781
465833
457557
209482
904626
710218
568726
147274
694547
201102
524160
334880
219744
356834
654114
533895
414696
580772
989720
320521
156148
454921
649228
655026
979180
134416
492749
222696
73487
971482
714125
553008
364967
560920
711334
469
337717
801836
189667
145292
624272
831209
625203
390442
471998
714883
424991
450687
395733
54255
247884
281710
861718
987855
439997
918316
600098
90309
6905
127764
620002
450363
5555
204755
68834
356744
664505
148765
158988
910172
641424
967054
268228
482693
969286
397519
173014
864939
978021
459113
694422
768650
76225
927993
259477
158839
500842
781502
758237
172532
240999
685768
199910
874848
975828
527587
330942
438093
47403
233424
841532
686312
575144
739106
616188
345187
981091
840766
955751
871697
698560
536073
275836
708389
778827
430147
976647
954711
804284
803482
129966
744189
566068
870788
29471
292999
385640
863725
632293
178607
91261
954019
539204
520272
531376
365021
899626
580139
163734
365398
323931
579343
893284
756332
336086
179128
939806
676553
554691
193562
807394
840874
252013
241423
262712
533714
126594
628651
236019
707995
568120
700182
799266
287065
418512
833650
135579
141490
444500
271244
382145
347007
735605
388947
452663
641304
892565
717695
140424
890950
104813
703655
724647
327875
318994
411026
26058
274845
931436
613791
262573
21140
201264
481879
714816
321438
124796
371870
159514
311566
17883
833642
617797
317137
799105
292519
181154
78915
800583
764471
437606
543684
789402
813550
414166
334810
418906
497065
203069
581933
990720
804377
36818
260554
554629
832772
4010
773695
198057
351487
890087
458426
545708
789845
93969
381165
553252
463444
537320
661402
778510
862683
463702
27628
635518
538314
783523
704385
622942
985765
122168
231353
434873
144933
796344
271898
353924
646028
33784
303724
307195
818559
616144
742542
250479
531919
262901
485479
246023
19860
904921
306198
282939
801965
86667
915629
786385
150108
993967
919433
469323
275036
715379
911931
756251
947474
540655
278922
746201
477311
214610
959923
920180
769753
221493
130305
257378
880797
58139
497137
528537
178901
509821
305680
230577
670732
900898
616849
195525
165479
638269
242435
468334
872058
512541
304350
856096
324364
877815
144640
380727
989014
509768
718505
593946
980224
521475
883633
533073
517811
228904
787020
65049
612635
791584
46600
525526
711419
801773
429965
828901
658186
792576
908468
769741
153241
201158
121701
572961
962235
765742
420547
101508
507496
664086
437101
426907
592890
1012
644485
756599
514019
413252
410608
853249
874543
931937
138985
128219
505824
87506
43323
418475
126814
832679
242028
774727
954786
668338
159676
704173
913125
656012
758924
439987
314999
469955
757268
720035
57750
254700
857641
469845
463385
365440
31566
434802
3640
365107
781087
461814
906513
812279
380992
13012
390373
642605
554009
881857
421506
899644
706183
786321
108423
532963
871653
125824
713908
423911
889453
197040
821007
947142
657443
17072
486766
113530
944279
756446
50140
773526
905443
775551
232658
36749
757362
427166
371261
734694
445178
783397
483313
233548
280300
761674
19436
238955
186745
733772
726784
973642
373227
161907
495049
760239
419446
953471
695899
952560
692395
240271
107910
326846
393078
147439
796209
394766
786698
315301
597396
87786
342249
49740
70324
684886
34644
2946
767921
714916
895985
320469
17417
198957
577729
488963
839154
198406
165729
102779
951521
81038
108202
979939
204179
460554
962699
827102
840153
459299
529225
873808
718234
454149
121405
341264
177162
407054
49992
770666
911389
23177
294725
829499
924336
440436
687282
169357
138067
603767
660024
487670
622019
942881
635505
455763
953215
473066
894868
510211
756441
604565
187948
93523
109132
63719
272273
918535
65852
666750
713995
133597
506194
25820
134882
703551
486210
446665
828569
777702
711203
827773
401308
700506
60674
262918
193331
71318
723043
538381
698910
516948
66935
978120
449781
833684
43937
128751
534240
278647
16009
291296
239263
854227
413702
128611
180584
470480
869760
149498
965185
764015
466624
458257
120052
233774
807952
915396
425271
86543
481336
669912
265203
472713
361281
819123
678023
994398
814567
408965
309819
363010
646111
737644
749106
367611
216610
942520
277179
36939
496924
534578
159168
312947
167355
644917
924677
350607
711782
642130
946668
241970
82701
607771
736715
401703
836019
345860
614803
480403
101475
76563
941867
284058
974622
795201
882818
918614
623935
746489
738041
348160
153969
969792
803300
434624
718912
997148
21858
354411
735479
741766
754897
620179
882690
539710
335897
912870
237422
779234
403221
139469
535560
300949
530743
272217
807947
783404
345436
964483
408272
82067
169009
731001
326069
739016
857408
400844
372207
910965
777507
388992
859998
856221
125122
940109
19961
7343
754618
585703
505201
769391
635632
272274
282909
583230
908031
8910
208864
585093
540092
840190
503744
459443
89188
246426
85638
97478
909753
88788
994470
534299
609054
829611
784750
89340
200525
843136
355956
665580
822514
734354
145334
138131
20819
824817
910618
96554
886363
842903
814011
161989
418975
476174
167845
817010
421967
23705
585965
740491
943827
142384
232338
344062
108562
151816
212861
520444
186459
16207
19066
26188
739114
127315
317332
421815
755021
734304
725880
760876
303150
133950
904176
183699
433489
914656
867265
544408
946628
291338
793927
771053
528725
403502
453095
388491
679977
391879
219958
574822
783926
862310
580247
761559
129634
445014
673122
698711
950864
241390
931405
820283
162873
151208
480774
597816
756130
589525
901612
354121
418155
781099
651657
996219
731765
713919
491835
111623
783147
960187
188093
20777
354151
672038
976035
231401
986617
714911
261891
364930
729148
448888
115722
722904
293308
513196
753092
292143
158538
711868
137083
757196
359576
60537
163913
166988
126379
495312
651398
255245
20881
237757
910237
374301
177851
436092
627623
421723
196293
558712
328732
841755
127444
474208
87193
869823
32415
891166
686368
961412
855131
240924
55522
825212
209175
306257
988537
551163
543882
369755
260335
618981
367125
736886
685433
789961
741441
778389
38121
792685
84935
121784
631016
437764
195176
368370
937755
647346
664351
904446
864420
762995
61845
808276
172199
668841
21336
99856
927275
161533
45700
414847
233897
925177
553502
769883
468607
305332
832745
401263
821722
691575
843868
231577
998102
337045
996516
242056
345802
957117
406725
2840
480692
442402
412017
557678
777683
753205
376928
919769
590551
975932
188668
370463
595042
561975
498198
730139
490863
90915
735355
779658
468594
688216
133067
353079
873552
631128
230575
407393
745154
243287
801634
505103
401635
274814
382355
570239
817245
126335
733610
265185
347980
106086
742753
631106
790773
840539
763276
457679
161638
642699
441417
476101
347826
968804
667429
22134
654457
946085
452062
830664
366908
859660
321372
197329
979978
431651
262905
583548
172761
990647
731096
570335
299000
722480
485742
460658
457417
639187
79083
643694
96949
872300
195113
978723
823595
349270
514425
806038
539094
319198
457534
67153
877958
615153
611501
906266
725998
373045
256131
560963
149052
837140
29163
394359
646609
571784
293698
71342
935884
499429
895849
120357
880789
991424
936284
486465
617467
729795
999252
884072
334840
202967
865254
989075
908521
966577
674517
528652
185228
113147
220297
302098
152471
626383
29304
453871
347508
885074
728716
410501
805136
597154
801534
400603
158824
534786
358481
712901
800402
956288
682163
4115
334423
95486
378364
622017
883647
481849
789223
916731
600875
981611
772725
237529
565045
956592
798839
457045
219930
403689
285173
472007
627774
254149
723622
471497
759301
851379
166307
43813
42759
615295
480121
874036
82878
333887
690690
876162
691445
907372
218746
508401
513104
207903
312439
285086
204586
769313
908318
317367
972486
110605
803575
605051
868076
2593
652037
5587
137944
828573
73935
365646
836056
602285
624984
346897
179282
272416
13847
155794
643759
772093
281316
22969
570469
693600
629238
135453
466271
340311
94043
796091
702816
379679
615539
639134
256505
586210
625990
922821
600191
355896
516227
173965
837500
357556
292564
163138
291162
957789
813221
393295
383633
17134
106333
840122
979534
647684
641262
671968
91136
586418
647689
579088
724033
47015
160041
405962
182220
259990
43261
798899
582590
867548
792768
343421
988161
255695
449311
291057
944052
401051
635092
720115
989445
390887
311235
479593
826148
606138
496716
905137
225248
956718
669412
467128
234353
930407
545593
601864
344084
676181
217158
705185
987502
436089
955693
29105
146745
203981
346754
80191
486907
172487
506880
757574
673329
323249
756003
525866
721067
3888
166500
156469
163390
445243
569667
476085
238299
510715
565154
671772
649040
439394
933441
346654
223296
283812
37678
801560
427674
30737
188058
2054
500707
241336
598902
474595
970638
152736
916642
597543
291967
763794
662213
130972
566416
470771
617987
14182
168656
325470
274027
22758
34716
96448
852191
941926
847976
512894
233797
756195
831560
315424
194183
611405
416817
383319
119043
401184
832481
673353
318827
393119
82114
272478
848695
92329
302276
314584
448708
649070
10473
979102
736816
330709
770359
541482
455219
108260
497448
279446
79360
836159
949319
333995
413171
212218
890531
310590
930897
198458
203219
868894
499391
55449
283738
163268
331742
819257
200523
710378
930968
977574
988567
448755
701815
242204
476037
17629
125079
695942
949387
391633
420061
691827
787900
181415
903905
902963
724699
923634
773150
191575
388825
128438
659110
567115
897406
438052
473626
925380
636721
799856
998484
24384
303239
485342
625859
330439
987670
358477
713390
777759
835029
348478
300386
124727
549659
209272
97841
681346
308465
251352
638385
942260
330319
788346
357801
650706
426877
658940
805986
195594
309492
399082
328249
188033
370187
141345
469407
855446
781658
577827
667342
849300
178216
282683
347352
458016
445227
137415
595297
427870
816903
889339
63229
89882
647838
466399
604392
275536
158063
222552
550951
831912
666033
594813
705073
864448
743350
513464
348112
54583
937904
807601
488258
669901
514363
864974
824520
369671
390258
66499
510735
851026
708749
747961
639868
728601
680193
138030
408631
718714
147493
618918
607995
904666
424293
348637
649498
852892
614628
485042
609844
972822
86773
541070
26284
572456
813334
298697
943910
391623
795561
618781
157723
835879
473477
880450
211832
929548
752003
889214
448477
528042
995371
284495
786908
383491
983933
224628
704035
782128
325391
674212
535778
595946
334544
348297
911842
954969
390968
322169
262505
383360
28687
759083
921676
213799
583164
293105
59749
737397
319691
521030
979459
261186
855001
942643
796624
712953
291510
407936
23296
118182
719079
567141
765610
884675
151891
648665
672400
24446
457031
335786
201194
141589
545728
834916
797362
302514
794436
972701
805250
375048
93088
948318
383139
585626
885635
792645
902364
763454
868284
13671
522120
540070
806991
415177
789054
421181
407330
715925
888206
525167
339206
604135
874595
596459
251116
345965
296754
264839
233443
724930
476572
544934
653510
856746
413318
28660
363876
643443
668593
309724
588456
678558
982981
807658
560618
241877
755886
5698
303170
654623
516655
436998
68752
14513
147856
619557
942345
843877
859393
733708
130953
49543
390880
420532
165657
796174
666201
950373
623820
576187
354496
27913
612163
277499
389234
914774
21499
697059
297924
118153
193860
148771
576487
122624
655719
724813
38155
316412
976123
57095
474126
518183
145542
992733
427543
782017
399203
496537
471396
98135
835232
409427
756469
859710
628444
38398
715888
46790
628117
195867
752316
313027
16966
989818
644314
85686
16804
232275
457239
994306
719991
827822
30654
670839
109617
884060
240288
119142
379016
809563
359237
606882
383645
273879
416488
956291
444562
155550
82340
291786
521851
431952
422605
424365
466606
647082
522465
731188
428297
305827
741205
278493
232597
514237
39958
979526
152541
996200
752226
87687
546580
14085
516830
828658
351941
713682
940206
426270
667056
470684
373917
5009
474426
319727
919209
890535
303226
705142
946841
505031
374628
654481
306428
350147
633018
745549
413108
608875
762409
134219
180318
686303
948075
82190
243905
377525
423711
552002
685091
992782
950603
128581
984562
801386
328897
189486
275567
991693
642024
313352
604429
242071
531635
994918
730475
796555
939190
959269
275564
759387
17539
144413
683861
600436
813347
12109
98880
433014
71023
847170
679749
416649
455890
46514
142436
30796
921439
13298
337753
963739
77015
234731
364331
18876
214871
368019
700227
492604
750216
205703
167735
590900
24383
268322
901337
721745
106997
944509
812380
573942
820614
55942
220453
292265
285806
220741
966698
899480
57311
640023
1690
844591
166570
397742
591120
68376
90186
890446
122383
36469
169314
988576
855796
439043
74325
656339
497376
603874
77003
770060
295292
8733
30191
148238
936728
407566
131921
420750
514544
645802
844515
431347
661086
963527
348097
827285
955938
567362
917109
853667
633517
433889
936440
647991
876062
528101
993618
361336
905253
934730
126821
111998
177988
502946
196955
662862
519596
847504
212163
257715
233004
606162
679026
842297
965673
532187
195116
358354
295640
182551
584054
591048
573957
845646
737009
592742
423128
221254
172797
891139
707278
903635
880140
504641
355172
742385
101902
571658
644590
559034
577317
562347
818074
860122
65689
321361
13750
379805
737477
228508
299901
791619
399867
108898
193450
133713
671416
631613
454042
829688
577711
606546
549362
355909
834494
491954
829012
59663
438878
744035
181851
554967
62791
924687
728876
376865
653149
867634
651304
193032
64549
563477
364707
547498
784255
923395
762373
798628
474352
132406
886877
531025
16623
224460
321507
382240
181721
789880
847040
745864
334247
784141
516519
338652
897427
972885
387845
83950
530698
123928
621513
763768
154166
898773
203342
631580
553821
87032
785501
354646
829517
952830
434450
958497
476757
411435
503843
407737
476764
22151
467227
271923
109505
53056
862759
404602
245658
770280
12968
570971
787542
366595
431843
708984
3532
781025
917442
234031
420238
950349
785450
921014
204782
863613
118175
647789
612593
611653
470778
794998
697456
356258
40235
967617
997103
742549
320489
783669
657881
289221
364644
927638
50596
942514
278950
463832
120303
303088
763325
324617
47586
613486
527205
73644
519890
683007
551105
985450
685589
578181
410065
926426
795127
812276
609396
921512
330315
108974
278748
118684
207034
348944
803110
993374
430627
577685
819200
762512
974101
18029
269495
484200
304997
323513
351415
289206
540378
847
740514
121128
232800
215529
522634
563147
945391
62393
906923
83176
363894
534976
301263
373289
398299
868460
713624
8928
940875
213182
965082
616804
791933
103933
97833
804353
294951
937896
828593
451245
929116
665875
201930
837963
58086
936523
444847
549130
181769
700276
35964
245200
98374
943941
162837
444184
956714
454774
79559
664178
785719
297876
52393
382059
707946
798091
926736
205364
428781
403007
955129
152071
68123
981937
61246
270804
55461
826178
823376
320481
352227
831193
930541
329786
119647
424358
517024
859116
214357
686638
260794
171620
36127
814297
743112
889512
430792
586951
563416
909471
870812
492109
895528
71182
607258
590194
141148
454051
832126
39720
154839
305033
182238
416088
532350
71312
224993
89163
581316
795426
818590
724081
84120
722627
423396
38610
713131
398089
308053
160255
335015
499089
756814
310123
507241
840938
289886
852701
260223
488504
803200
104481
505109
614042
857457
711809
619537
650539
986572
387604
624791
279249
918598
359543
683261
583879
877780
523549
757727
552349
666485
247014
172854
408011
169339
772211
923005
225109
125395
698108
613298
862493
660908
150532
482651
558779
274345
843988
315423
77820
936822
502851
203053
145935
450812
213523
235736
151897
480829
853849
602046
993213
756112
190858
936524
74244
176142
603330
778996
117312
393720
251913
928158
750504
695357
309512
828534
959906
729402
795621
70848
16525
389431
897268
720378
129972
103355
58928
172089
716422
193144
231409
828346
907875
208132
874723
378426
220932
322792
269074
779472
142161
898478
330309
712872
985522
107198
393115
5949
861145
420534
188718
746719
589002
447280
609185
531113
412899
796931
793891
909822
808530
68797
289848
76059
251292
410300
119939
91683
254194
878258
158026
637249
734981
254912
146164
795403
939672
828298
569115
282893
752384
614615
969257
696706
602207
873206
769919
209386
912469
220011
460635
534618
752549
255979
269667
405382
48533
443711
48667
906493
855583
760088
412557
101103
130277
601020
288152
467478
779061
235022
212472
571024
666863
396886
402731
196474
995642
626434
233105
373168
417086
166753
132787
594040
992335
242460
672826
597779
540168
783070
592040
470643
37415
979462
658759
709466
320005
320399
515477
728577
79563
593904
803803
155312
211984
172019
342411
297972
370952
719994
211912
85384
153542
539095
307287
896410
827494
72163
686775
596136
204069
163358
564740
605521
779896
253857
263222
96344
545947
563471
733930
98675
111264
650435
932259
982968
74743
151980
883264
407182
46559
110284
474630
570463
197157
492930
73826
141386
272638
415167
563850
551004
358124
591051
465938
935842
244490
753088
485247
458721
232230
879471
26995
625115
260392
448182
155105
684430
27689
929122
395085
51526
167668
155820
341206
629840
658294
115375
831064
803003
377352
956842
970942
772105
97788
588985
105132
369897
714077
323940
557772
106264
112849
460248
794715
755128
940857
609366
878410
864929
860381
850540
207730
801145
666790
64112
69064
246344
192249
292583
761078
496418
824729
894759
841446
167812
800625
868427
292145
322300
933708
223033
687383
350384
849724
706685
368100
371784
262696
686502
743473
626647
446728
484662
97600
896008
245113
696860
977036
808668
455909
376696
266812
661057
295622
500862
287709
931386
82029
680577
825352
153786
753010
938967
462258
504685
691262
479263
876896
268355
833240
526528
766213
478785
207567
427533
169428
751876
380558
739522
812984
999421
804833
556833
907611
682645
47712
436713
36494
831821
265135
808680
704766
576729
452811
895084
386453
68129
873142
595407
120332
508513
506742
1224
350576
907270
855646
401368
887214
613919
806572
564041
994314
892242
311780
177390
76094
461689
379040
291286
345920
435893
962749
266834
57066
496462
608199
494121
467738
504210
778972
894319
936767
244902
36797
679916
760198
433846
586078
459551
109291
659510
830147
42199
428001
48929
392802
303217
35462
53605
37337
745060
529358
596766
729649
927380
821232
591727
910844
209950
206410
611408
641390
455543
390858
779341
348544
694128
934750
90025
180341
419856
416597
579046
885087
185394
757632
573577
379417
402554
630394
358393
293835
507804
536500
477999
898204
62474
696392
640150
145622
171170
856332
733470
401965
455502
321599
458930
193285
614780
643855
65851
970143
571151
952603
602308
640043
94709
505804
416385
50115
881813
459536
873338
360583
721055
917766
588758
58100
978676
372617
732339
488173
502997
658108
973879
174050
973662
274499
326172
744372
808155
715376
153066
787469
964322
644201
547319
640143
937256
780517
284238
82604
304093
955164
611494
405895
138646
964008
965473
661741
403950
485170
400523
431024
90282
330595
546322
414451
92628
70827
259503
30092
983242
400788
26828
725076
681989
431574
235485
333622
758387
7370
366962
899631
240734
374544
925320
599576
776412
522270
391657
520605
964070
607692
190135
656873
482341
318675
339150
867562
241190
413366
77837
240543
452148
707901
51959
178184
546743
493032
208637
882457
284520
8222
907784
445203
418632
678758
442657
685988
616673
947976
367056
517964
279567
849890
815647
920665
85078
360580
5160
365239
829320
924999
426607
607627
885895
88177
537278
983295
221674
605549
701824
248035
900555
871605
464816
673726
748670
535453
119296
873480
473550
161793
509191
885284
419969
699403
869701
352562
467630
422788
765863
819964
342096
603563
614670
767552
682308
549475
152490
487374
478179
890912
807634
544595
923400
812343
970118
497813
511577
404775
336691
859657
867076
798167
706187
730422
710568
292448
948419
496386
921705
817248
24898
349181
825200
174630
984911
318289
564709
157057
604896
515479
160414
48963
786146
532778
993093
120293
654394
444157
989646
348841
673955
877615
510973
527386
797590
852079
492743
30083
683986
905212
775965
244049
792207
995388
615792
143260
146073
359990
734559
887640
90414
39647
990707
383009
369655
626087
582718
682189
282510
959074
502476
738986
780744
507986
346015
550907
200879
469522
753268
388865
648285
344768
309054
58008
818291
141384
865998
830845
76472
385641
432431
272762
199359
873328
682829
639365
535951
210349
713135
538951
332201
778015
88401
374147
542555
931920
839694
612680
799697
721768
84579
788148
325133
338207
844210
13029
414807
367048
19916
622601
537663
272420
428861
449254
543616
746554
428744
144699
441865
618718
631621
307890
474944
308025
92429
383138
881255
269126
10549
857155
548496
980838
656581
942299
819729
22580
303386
306515
161928
149619
121019
175558
387499
718275
825738
994948
221247
488720
858871
574927
451233
666625
838556
642015
268906
808093
113556
492669
461895
711130
394109
798825
598847
310457
263786
671890
123048
890510
492773
631929
485406
745114
913390
240785
680541
745268
766214
552319
498250
965001
686687
466119
31984
907363
305783
625201
883247
994821
297015
723829
343004
277774
643793
479984
907602
905358
371372
871229
588045
802661
193776
924122
860123
64796
642099
660901
334747
3262
523315
628089
263673
364822
858366
174811
509773
255884
358516
719954
977699
95884
816731
272878
176599
827686
250252
713713
922874
569318
114365
545198
197628
8871
324865
416675
894641
787437
31798
821886
735244
394198
18760
193336
85840
279341
771249
247176
412827
77667
569549
278998
248276
157808
107614
320723
120786
839934
735959
927427
890190
47410
697429
754447
240854
379314
535192
604694
611238
424716
160929
853284
568840
884743
846319
876861
226845
982710
688138
950043
842302
61030
454453
298139
610008
150543
760933
879861
559573
663913
537362
222604
387906
283860
853913
962387
828263
278464
93796
830060
241116
757212
996445
428988
28552
457953
300698
990532
446511
377199
811140
216040
464101
382324
229445
211655
594098
486759
525318
984556
906669
260453
886445
104660
715256
617960
194113
485324
858680
255544
522275
331474
909757
800936
482814
340320
25739
423505
953685
908190
560275
307079
698106
385012
344027
866653
826054
629808
670477
167288
340205
988594
995072
804399
158593
156793
575072
255075
642523
648925
508792
154792
624624
411392
419850
875152
956014
785610
107180
708431
62244
217225
449749
542772
8903
290293
496316
857754
692712
9940
995983
376939
971473
391581
231121
685519
726104
5132
541788
908067
946350
818093
2701
416584
682419
601111
175549
889164
715292
796962
316702
120708
783018
575329
960076
99387
314701
937249
87595
561263
508851
620764
198354
862550
214843
381965
12898
969822
947809
901885
269738
618695
88054
955396
349262
666212
10391
650053
635091
961512
517381
704210
953927
21559
811440
14337
480708
373270
885810
900391
712890
751366
934824
732
321104
240094
577086
933101
598214
341511
994835
209767
346882
338724
439070
842176
510842
358562
524403
255542
569058
728707
296848
783107
998431
787498
349026
641748
409464
90900
820142
5471
819908
985277
555974
687422
282333
813670
160165
609806
967385
890046
796643
323528
47199
396924
435182
795241
810579
850147
56498
187588
539462
789411
636953
415069
791938
954186
620106
846550
894879
366773
21695
274375
606630
38892
519204
531475
736465
368145
230657
919831
92397
424866
676785
652431
544839
444426
611267
141753
443224
404449
223450
661384
817456
743975
915993
406953
74378
512038
186587
39415
980911
530963
618456
341424
148924
559204
219184
514899
858206
139949
928653
933257
783214
605403
73845
166228
638561
189231
304114
518909
414435
798554
923746
672708
828065
399962
104248
473959
128321
283112
857742
243834
271538
588621
99627
379360
923948
870021
197968
591851
474909
684336
671697
496473
420237
424340
938604
725093
36953
809260
916823
320015
678837
784631
307240
335519
208801
145931
658899
698597
644913
680803
511544
571325
449320
138148
762569
29994
951879
35416
85250
688305
241459
558479
470799
225875
635391
89980
169814
714024
142449
285704
61658
345974
111344
776802
319979
930861
485470
769336
2080
651743
163555
17257
375704
537869
773110
295546
491296
503204
338508
675472
974729
452751
747892
510291
570365
697656
502293
144593
736296
396276
285352
818236
942358
306402
229095
864180
29111
690832
921253
393489
374233
141577
579867
457336
998619
192421
289199
205287
138519
505344
625262
15798
561835
977950
199835
823344
286404
940032
70771
718017
971933
897686
290725
451339
132170
823988
317329
409235
753117
254101
5018
221362
740037
44763
152925
593302
396912
452156
586558
422795
150299
52135
554902
366282
297912
430896
895822
517536
95460
109827
26301
908819
126567
948104
973569
462408
553194
428947
585063
751003
716759
407603
682525
980148
237971
884426
773061
339670
463970
747113
568221
861695
743153
377845
756374
232114
920597
928864
149641
374657
852639
776656
220847
578077
56359
504272
745165
475977
182481
145978
65572
381172
398956
822920
69434
265890
749268
303994
267180
372759
197192
587907
614164
567354
387302
240049
423217
444561
433149
993416
197580
7841
74528
533135
617074
72017
646320
930974
687629
305420
467127
720152
742267
709147
561157
103287
644897
367779
516269
127094
574936
714601
923134
876116
474817
967445
167593
679959
121429
631479
464233
662787
322653
153313
884756
156206
339015
487246
902139
398096
877145
767425
259575
341096
935280
170335
310278
184403
541486
733781
573035
327574
371657
900243
359937
204343
943373
427511
808058
575724
332780
800981
825869
344450
93575
592702
161607
747959
139570
707520
573034
111249
907897
149476
605064
802635
737315
130418
190888
157703
646396
316878
647719
843463
603910
67377
472301
138121
987172
779943
983821
481000
553732
936489
587191
495761
119619
986950
943116
815823
996788
834523
846248
769959
36282
285992
435035
980256
544271
975384
578406
185797
592826
483337
773729
994841
822911
28659
106132
195961
133490
110733
922950
484230
47133
593699
957361
545709
697030
264294
329494
519957
512289
30521
936117
417636
751669
87259
599343
133421
312648
96367
638181
339359
501011
855891
11348
972929
994580
528833
35364
124308
149321
577499
680493
946923
667920
188613
198614
987763
884794
673602
690292
166806
543396
59689
7576
675868
39691
961449
978827
935705
712233
418038
254938
369402
528442
84334
305296
478881
814106
347390
823771
176408
123819
386419
398514
109278
408466
388128
22846
962722
98783
95075
650832
307536
777435
816149
170009
778047
88769
81894
231758
762139
679421
26039
286235
888949
825320
513772
262830
56342
673319
881733
461654
196507
944657
691215
749313
397961
236412
720582
963556
465354
367927
520808
410958
473618
745145
128544
815775
509078
786751
210013
27181
905530
42687
76386
826086
121107
555581
485587
379235
871069
637483
320861
226344
736944
292522
747387
324861
937073
586797
107129
274408
978426
151901
550976
774707
654201
262012
592504
11349
660345
660864
803191
195750
676397
807431
876444
865545
567985
296468
796119
149200
82309
737195
976801
934700
680224
247447
628498
977594
143954
184567
973274
923018
105578
283276
431012
512382
801123
160280
987164
853954
110454
707555
463801
660327
76324
476659
37427
697886
916975
874184
644855
204243
555223
375973
455627
355955
474699
546840
629423
856298
528739
657360
763744
112518
740966
202486
230876
929296
791531
804053
102794
394857
718557
687442
431101
842619
9138
78498
135137
584523
926881
371367
935308
851272
326485
319183
367024
552564
295046
430435
253666
662518
670629
894573
686105
748054
756216
673394
581219
981222
303743
748730
748865
701430
361668
321252
807172
678539
710988
825745
351656
842146
524660
17027
723630
479780
215141
193972
975899
493358
506100
402803
863917
543245
527153
423692
362903
712190
10720
682094
165243
498534
427593
205798
89684
556708
917335
537982
177116
76734
915471
276378
216326
424740
591954
590696
501391
118408
632966
778302
85147
869461
177074
939699
155191
525480
524205
96132
276071
511444
147159
465548
869358
634889
274571
584905
121581
68538
998223
648210
603882
947527
403045
310132
319964
599667
88697
386087
250651
599858
331854
916203
179245
128146
254660
157651
814756
316569
53163
273109
740305
848721
481322
718746
594102
815277
842031
595044
219649
808391
929104
240935
213062
749341
67548
14245
721438
757592
757011
971833
27180
159741
680509
139855
987830
897978
310108
376249
59588
363632
294757
372550
261506
566242
403895
828663
809365
478949
416362
359075
98264
148133
77320
318963
869087
170465
911367
659937
452726
334921
29844
258057
856517
320777
244405
179953
849464
24964
737508
101512
84832
992619
367538
990
613720
696714
218707
317936
892175
42075
420943
842885
31312
943843
375850
391179
140605
138099
874970
284100
750554
21973
869940
1814
582457
227116
438999
740011
605052
993011
850911
590566
437235
645218
935206
441213
575226
887370
894549
273142
72300
903343
343572
901564
818258
240874
985425
6125
224909
896120
93608
955914
913220
22046
220355
684387
371893
156688
611633
206466
578620
726454
903750
872111
678607
887050
606698
422762
787427
318191
498393
140123
756274
774894
622223
499339
546830
16013
205374
233365
89298
973773
457834
373594
184237
771642
562415
427464
756
690363
927763
357508
931541
726756
814624
962284
177420
72499
730872
725266
402314
13015
904498
909905
768052
721602
309946
841949
768175
568475
49306
195949
262917
268527
542369
528980
460519
814174
893309
196872
358237
779462
362008
135485
770861
998904
881791
886720
129648
776414
997378
624028
789408
47311
167586
737597
565946
238293
629863
881367
353023
706909
418711
831770
474808
358117
734059
797086
645561
76704
160902
713708
528699
384921
386009
610673
30206
994958
195926
552479
71896
404394
47988
611250
719264
304604
195169
646057
45533
181873
589688
966450
679213
466206
596347
611787
573100
285975
340022
778520
289175
125323
644145
504655
493872
148303
262484
257456
28045
804570
611341
310961
321693
138458
563096
760076
244085
390456
928376
615430
928206
373870
380206
319056
659210
622539
151413
706649
907654
13127
600719
846529
376047
217382
353340
213329
782272
927282
853792
383066
944483
31780
660936
791107
507300
589316
854848
730600
862815
313406
243352
667461
729816
386161
537692
486961
516910
215796
722583
165936
219255
787130
377680
375058
772926
822832
337707
235914
847956
919427
982833
614398
229381
379298
147322
877698
959155
861911
481264
46877
270176
753285
875345
590949
332078
716955
85695
398064
203578
477474
994082
527176
536427
645996
30893
10478
397051
411518
792156
286936
869613
393613
890860
87764
363981
88795
824324
511030
222320
964952
141991
594302
209701
377771
694673
495789
690912
197297
331396
257737
646547
619917
757504
947034
238595
491419
413707
345120
605906
574919
913429
660016
77488
736936
71649
596192
782906
634009
626575
625475
242593
274582
922231
233397
900712
45796
152115
298849
912808
173112
844261
865236
495088
457316
565249
662955
279240
714350
574748
949519
685038
569969
433624
273005
379863
232580
290610
759224
863040
323459
905741
139990
283799
961810
567779
502108
380
449908
370756
315148
594062
825291
595260
658568
383457
78936
986518
879868
681997
380107
423757
32194
270400
365116
217151
660861
908805
54324
787121
503561
874847
12342
205676
86106
647394
400102
380997
261574
519627
225301
108753
934092
107382
477075
714432
946633
948561
755097
456247
197363
589449
290925
571117
312617
617288
247469
480520
732829
199586
971866
984936
988631
288447
861237
105507
444503
381337
49176
694549
857751
494126
241739
37072
115561
181052
598884
398566
204295
397145
300757
801859
58314
709205
791046
665361
631879
4541
664448
794135
650368
225218
466283
734072
566844
409019
357495
10931
929220
534931
100311
370219
158346
718483
167090
471036
25421
74682
814989
928362
77152
647312
660515
940928
681864
95774
881023
547820
844539
356535
374017
940732
317279
686439
258316
386676
643958
243688
72501
18671
328590
652900
190455
50105
515205
135550
363281
551481
933807
31668
47085
588257
281292
238790
362314
317290
46023
96539
579817
183469
91902
728325
3034
670609
938505
195012
315100
297690
775225
400967
870435
490371
205742
835510
357877
504615
80670
383227
187918
782738
514395
214212
970079
217592
353036
674987
178890
96484
646242
630478
765734
504482
874384
647706
302350
221232
960348
617223
913505
9905
916806
242412
79159
635369
490636
328042
636287
248962
885991
92143
355662
727082
942785
330367
876779
438386
240377
853393
86482
253773
650793
946796
593198
53274
33389
817602
365431
371831
549046
314004
930275
33865
559868
349087
522005
310721
35802
950285
63571
657462
550761
327303
712102
304803
105705
224829
861631
269438
120518
626666
477482
60360
700948
822103
226792
636854
958258
787294
883138
111724
883356
731526
181150
511710
515031
653264
260083
13978
367055
985915
757120
152117
603364
826775
723470
785467
336710
790172
510434
616754
499141
393111
642452
632894
565881
569378
868630
821000
536193
363419
134108
998739
391270
682874
740274
817335
290416
919068
979942
344125
701555
300777
101413
771986
99689
703039
514466
562026
268418
858430
817387
185611
693635
256200
823762
432956
373659
931458
689094
737969
800600
150133
470232
626306
860178
29080
874563
615425
927100
505810
539621
795696
478688
230056
574277
662108
6619
982776
924572
503253
929573
820014
62647
583086
725010
14496
629463
817836
232044
616626
42045
125665
512296
103764
100151
820458
261766
283050
726325
537868
247050
959368
660460
494932
2482
721989
778672
79250
704657
924188
647328
729187
782674
405960
820518
372719
850404
958017
486090
378770
838043
604253
92741
210258
832244
947336
687094
727633
947895
335754
538976
186511
600545
840121
329105
459983
609313
394527
211601
419803
87446
950069
566154
954009
216313
987551
16168
914698
412264
776549
326857
594180
561210
399297
776319
798542
137409
650339
571671
437291
587808
414087
203711
109864
358173
390186
673879
763054
796321
834614
82059
416820
823502
323621
688750
382251
821476
660390
141643
543093
530221
34478
214292
489023
202672
898493
228322
346602
896416
772109
333056
110193
381624
630418
477125
913673
626532
782569
441790
407680
673573
617351
51977
348484
334159
730004
147166
260921
110052
75977
843147
690611
2669
126957
743125
154453
152939
144053
473688
903308
590650
932027
341836
130640
114937
707162
46802
548142
797560
248834
522651
600132
942065
756582
507316
745277
916441
923579
754148
652191
923312
730266
844979
909489
441342
129268
949119
374529
584200
919770
223585
436972
857636
59822
418210
146161
774327
146700
136396
186242
156827
746670
927586
666622
114724
