663001
13632
554334
935599
445723
995363
618753
831510
693258
242572
291122
302656
380336
381030
531885
113375
426857
976009
585407
814906
917829
480133
287575
952825
946912
712715
926472
133203
203780
270865
430679
494799
238727
185633
473401
236346
895787
88125
518897
347437
345427
261588
172721
320754
147006
212427
862807
825020
998180
286665
931978
188122
4086
625626
280488
778833
147522
13005
486082
421040
211453
221895
511008
531471
473076
336043
662100
763066
539563
987286
526585
386515
47071
325980
988405
409709
447833
548308
912338
35767
339391
448250
94961
85846
90196
516958
552763
177236
993522
191168
973155
566717
115903
36615
996931
18528
137410
832184
135315
740829
156115
683085
918527
122287
635617
715430
582673
732964
308568
886078
64026
541750
83175
888685
248545
528548
614210
836678
76945
12345
46938
764457
211085
755712
11330
701572
59141
333423
143194
579517
126216
86893
349544
891205
3821
700266
108694
7234
515399
74049
863448
353057
197108
481758
476360
415673
565086
900499
756553
285179
665870
470707
259731
284816
853548
179059
548371
245051
960908
657230
973283
638997
850186
510312
656887
581082
776000
521728
303875
999855
216233
261263
409623
541139
197475
477021
190446
822289
116781
42119
184877
140269
17040
424893
142582
573339
770867
450856
51133
308054
742315
275143
740685
258315
175346
411960
500422
203254
631685
818660
987441
229104
640055
399451
142639
966851
58612
69124
183127
68744
144356
432908
855285
93381
887453
110497
112922
712711
809791
359636
947441
802329
232292
412192
526866
612494
244730
253937
444666
716786
802061
917320
211339
656225
527615
713984
659312
810989
910572
910315
587307
947907
150786
421510
968273
364265
953107
437630
903367
728402
847138
172000
639463
168729
138818
338234
195343
936912
797751
592052
286798
917113
662282
255944
609437
429638
646215
782212
277110
791310
741865
589561
264647
3587
482432
333770
582176
544823
387179
908531
737169
640617
275595
994185
270459
343954
394201
58061
797409
471277
958955
165441
566571
262090
892122
407269
875534
293550
941673
270959
523748
568651
25281
400533
598855
34590
102740
347504
394462
131218
245180
19311
378210
109409
500294
393605
718649
28343
44176
890441
664420
860424
609251
164593
758118
606632
741568
400676
169586
459959
223778
90358
507541
479088
690038
686052
919549
199621
868222
761432
101202
149531
883781
140978
423572
359471
462128
521832
915153
337392
118981
268944
52986
946018
493728
615079
606366
481468
872634
555886
608368
74639
542917
97804
675264
34940
855190
372276
725947
920559
536431
40545
46210
306625
28311
919281
37121
208169
897975
531693
335513
943737
105964
800014
949168
411478
234519
316722
439216
287482
617719
345105
444978
525114
608776
611331
460187
804399
981045
725132
411986
328025
244806
184879
540114
745566
119015
226795
986293
1875
2062
187981
393351
493674
33234
774176
225748
597803
914115
81581
161173
741555
812803
859936
690973
889008
53338
229203
466410
52316
148213
870050
950331
433825
422739
221992
397735
13714
398228
504667
724161
58848
659599
890416
168582
146754
140923
615206
162928
379469
84924
937125
99886
697952
517322
867266
137669
613075
711435
839399
325337
8493
994926
350889
69569
73260
651936
523283
475326
20230
779913
29532
973836
193772
3869
982306
972015
489427
194091
376024
945016
89630
221323
613877
953634
25558
651905
377531
890144
667703
832774
17775
464989
647889
291867
585617
439326
347745
831733
605634
738272
350629
141219
510530
459909
981873
794523
693897
565564
972579
611625
190063
87724
312798
557359
931832
93152
673857
22988
799593
767009
907556
430564
945914
214912
177812
488570
80476
83193
544968
658722
520877
148416
838933
4778
917737
730854
708417
153196
440899
260912
119275
594223
188151
825441
10371
393633
217639
976334
120733
173135
171112
910213
794252
438615
393577
232856
349005
91071
124415
451955
803494
108220
268118
932188
696278
104324
272284
13431
14448
862920
641951
510484
960848
890702
130171
738638
987750
739778
260022
272571
459248
683791
57014
107861
432276
955026
30189
897925
684337
663726
789213
121454
523965
226361
812514
478917
495762
134350
326044
173448
970145
819358
507044
244129
251087
781211
531633
96983
470344
902460
778087
573149
476051
549293
139594
731574
317102
224230
447958
902751
717574
615868
405815
55804
233213
677295
90747
850448
981444
511899
884033
564789
447970
167854
787874
850694
432874
246824
281651
473409
79349
953013
657725
7684
334946
945243
198453
161965
409988
969316
847127
413356
261635
709558
303376
198396
103560
214419
578820
808424
625442
572160
236741
585630
357576
378112
694594
644214
990110
281395
918099
85274
572877
696653
455488
970629
891867
437306
864526
403893
218447
542028
318763
5576
439479
662675
125767
534214
106927
135246
922903
991781
845855
748921
282694
523353
551762
869382
336433
587577
616663
534192
580227
17951
513632
738806
853128
511632
599601
552110
981509
609471
533976
773860
104559
734272
617917
713690
779659
996578
421284
257857
402979
96492
542672
896637
463073
627217
491062
500256
523525
270458
691546
158567
975159
399922
492900
508896
11696
6998
93303
736387
670163
913772
114876
605191
730028
738068
451432
115694
503666
355001
60248
25075
161073
614920
986022
957199
474921
940274
240866
584119
650300
981630
801355
945235
206058
937588
246650
576922
845447
225468
719758
726354
157323
962721
340922
313158
852010
777450
632700
515118
778245
965499
557632
460403
684699
972787
160651
44541
664689
646883
992952
530334
193812
836979
840462
250171
419018
429128
38134
344913
487289
860366
788793
448453
454075
74436
586183
284391
96339
495572
97739
772829
80696
104972
634417
628621
224620
325341
320758
534653
302286
997533
329718
885054
127730
57564
421402
771164
667814
552096
279065
518266
135567
987597
220609
782843
735929
62167
994337
664413
75834
944025
109204
188329
921895
515153
942255
27719
698888
785650
922819
253387
329527
633042
355155
539477
276235
872837
406244
147015
57797
496361
434787
987333
766477
502938
837019
147501
61476
384864
913104
232946
216148
494293
49997
921877
814072
193860
777487
873230
812498
984466
373013
810139
861850
408256
652931
841932
496070
452453
662865
133583
216510
122039
4025
890155
577079
861335
873434
923360
313087
835701
13201
262117
970898
434094
385433
530535
915462
605815
934675
472164
207563
247540
57910
882231
773643
729038
53723
227211
338458
966954
253588
549173
242524
336724
740757
448639
856492
464796
106489
661851
171367
72560
226685
649470
222823
869760
193388
338106
683840
152226
221995
629119
87472
662192
509803
919839
778973
767863
643080
591402
455228
948269
667428
707885
833524
774948
574542
17184
568973
377460
469094
151384
602941
211488
997674
924187
718433
518273
256044
654870
55489
92294
933452
622024
698952
323713
183856
978404
237390
516697
222476
377704
610780
89162
707490
389225
514495
761601
40169
252207
684335
973140
761457
818796
115349
30914
735469
168554
140644
438466
844525
283821
671355
778487
888109
34171
954061
157057
114172
806735
934951
763014
847473
707000
255845
600155
64913
904041
61003
932525
409179
785726
482463
782022
554640
896659
805863
767447
259030
863459
966007
851007
515032
907378
247926
891943
405440
593677
515643
418228
474196
7798
94232
481238
351064
247915
930419
188091
284342
563530
337151
999394
229717
18391
211415
671220
546528
372795
415997
427798
302896
682023
551486
696478
494489
620594
392296
363005
14086
688971
864460
390484
748328
881670
238207
25050
219086
586042
253189
227873
971826
119599
220359
464506
405966
680997
455137
282444
236762
970173
125720
991429
477236
541444
898674
819903
367016
446983
122398
310987
923063
583679
886686
727275
295788
873791
530977
120434
595571
866472
995054
207383
273260
554137
141347
202240
717045
610864
710935
410843
525789
1248
494143
6332
545404
138049
961499
520689
751355
8073
353055
789210
668009
586157
854776
683199
482917
34239
121204
977233
228753
597468
655338
915117
860259
974079
497392
421620
232159
356267
123412
617731
676631
625391
531319
685737
817163
840177
564792
308144
239990
569299
955632
502057
723134
965191
667632
506395
214374
88429
131177
106072
632409
993858
948811
517558
519502
330060
519669
720066
316190
160894
831649
975077
971312
396444
499317
444215
173582
80857
214560
102231
870841
406014
477304
340295
576055
518086
528960
706117
169505
341658
243226
139525
733063
239673
863206
749692
450445
204108
789913
136344
134475
453699
128464
502600
915023
260935
876919
454759
337642
415653
556998
216097
350980
209258
958745
817570
659837
477643
416768
355388
683928
396051
396425
906181
602459
720244
369594
54884
325917
32652
746451
841329
932698
713471
819597
493227
924699
128925
975770
481909
209334
910469
571002
948529
964394
192118
782469
200751
526655
389826
475662
824794
607403
440967
794774
439958
83385
941324
171834
876977
588772
908718
521248
641679
705687
129085
325493
24238
696738
952731
450258
261676
37960
349685
867537
699162
981329
675027
614110
415367
281889
689296
191141
14819
741300
856005
15388
809131
317635
535633
258533
750427
994727
109308
880059
34494
829634
801324
377738
643524
747337
566357
260019
251657
66699
907324
862751
453125
595549
607860
525436
277847
734789
81445
814616
725093
213443
932829
992814
68250
874523
527523
322303
750249
235836
945835
877020
359194
559855
167408
480975
296434
887514
55122
904845
205329
529814
426170
753230
980185
680869
110629
844877
724688
467049
745965
286734
127764
153949
210257
255619
916949
147791
236549
84703
771605
77662
459308
670837
409601
73115
925877
543731
129381
658281
9101
991255
437002
565622
203004
363329
779273
633174
640369
755845
632389
430500
178746
99698
517300
777216
241730
333475
179838
341707
836865
417781
916723
60972
232917
828206
576008
72533
892636
800863
319835
398758
829608
311940
589517
185531
584103
286021
659502
419898
958968
826138
516238
652473
263296
972278
793621
666904
514818
317811
785520
923424
823138
811429
454525
596227
683780
736343
547922
494184
876276
584886
252829
900240
936493
868993
565726
117208
907527
255009
633693
821803
619840
355692
876741
465927
631927
584776
782361
417569
231709
478428
365949
162269
450239
455595
651176
858938
385826
728839
923068
738818
308484
138215
288018
540820
102865
734068
102707
213650
556890
17329
676604
346407
444631
397048
53731
5563
12729
587684
87366
849065
772108
321754
524453
610547
34397
973931
217456
327506
372089
90304
780259
688386
383017
610651
14400
164831
767929
261801
740787
630278
730910
668746
585813
748589
66502
166890
154911
809312
524128
799934
181299
873592
977443
70225
695713
654588
812263
474769
779394
251913
741437
566098
428265
313116
124305
14021
45883
261040
132914
287426
36481
948952
357609
750575
709935
239614
834444
186154
82152
300297
85559
839579
372799
3933
288472
419038
216556
738558
84781
365492
406538
510127
705429
771698
861446
178132
920156
137029
257658
688231
556196
136292
873513
813849
833971
198739
497820
604060
759865
403172
778791
630528
681178
674597
426420
102477
198393
380488
350470
541985
468238
186132
954943
892041
597847
724573
318066
427295
75858
530196
399072
619284
929540
870141
328353
752238
26596
412328
103781
936094
839802
215283
809110
396787
629309
436149
126915
678194
587194
31488
902245
215323
927999
66874
982028
621880
523012
281685
998133
52021
429789
235446
734212
464814
744377
543049
529834
985682
757136
720390
464096
125746
602916
624247
497905
227922
331353
143305
830451
48427
422704
350527
870649
532460
798195
288151
310799
551496
589451
166606
717585
347874
368561
197799
242207
971951
355857
59704
325738
546521
110410
725049
895879
719142
692018
18529
855853
16533
680435
747812
813216
727191
291808
666650
706378
835414
742588
139194
680735
547363
718499
899807
732843
560221
61599
849596
785211
427917
144615
408823
96944
880795
361399
551384
829614
962117
663516
817608
867160
316204
914226
793152
180942
583620
912355
836496
326295
879420
537764
332716
948061
206882
438990
431562
132961
660437
112163
449094
503436
838598
560304
819469
817035
914637
50974
734897
294863
744616
287773
834727
884251
571101
900382
321955
14245
858885
310093
27590
743460
906318
595213
363187
98291
21970
760481
925745
637467
556569
400896
720994
262174
28466
897364
390097
40485
985641
15030
71545
208076
392325
42578
516670
593984
780451
41029
992171
874240
694671
573053
931510
651371
631010
373163
35110
339623
615171
159291
839686
27922
573807
607937
117951
415398
835824
775515
508049
968020
6518
174876
196859
58581
497838
916586
746026
554051
824262
394399
572744
956601
955426
56928
723561
154212
400943
252725
813345
348438
982863
898653
659294
26645
115115
604635
435415
998693
415417
514701
462989
529172
689887
394666
985069
975284
191925
434975
461565
301794
663882
96957
909603
164365
326344
237377
799368
309969
460023
760062
389722
552286
2219
845983
978789
718534
68288
39725
828422
807919
490617
171176
65311
539368
566577
16684
419950
732464
637779
484428
199517
352529
344822
406842
317126
539430
198694
685962
873095
656612
563239
919660
407080
645309
915676
120183
392423
587819
451306
688650
798920
988423
435436
910071
55594
726629
136070
510746
51127
887464
388545
783632
778542
113164
96416
147235
931042
975259
664697
649519
192104
736130
68106
362366
399346
604003
311505
29330
210668
324588
546271
39042
887561
277567
283822
772855
789601
640545
393739
958357
49879
460127
65446
173116
64683
794580
649652
820428
53365
752928
468070
335412
830985
938173
436542
818064
674341
304254
116568
535272
328555
655457
755937
717968
8893
99836
982559
101949
445811
839386
656252
888167
200460
182273
904409
609291
115794
68270
884296
20591
45010
399686
129739
516630
915992
964117
689972
628250
234352
449237
972133
152760
475812
103552
700619
391157
594182
568299
447997
74675
133652
653729
791278
698761
194966
298597
635109
785897
568465
599151
37698
643074
468248
958322
183443
32239
13032
335259
325949
79569
540366
618108
497951
136058
110329
827899
84096
28810
640167
578385
472537
977469
598613
311201
128687
225607
18978
776626
63450
220345
722232
752519
918713
522746
382409
660519
605788
236573
216146
30168
217324
1838
163981
884674
809919
500038
610043
892766
43497
278988
147041
491973
96771
658637
832747
927252
553529
605666
951156
176427
309116
280327
204077
310241
605992
87740
877714
913016
896214
717122
797382
428722
852815
699772
368090
818221
287959
536208
329757
344289
559990
730474
166368
704707
825610
461629
431096
769167
111113
247134
105494
427272
22941
83940
993499
667015
948445
655295
568294
493698
750664
366674
227621
354244
162649
23957
197721
490070
644612
382197
415562
640846
92252
251007
415659
894620
280170
433071
652241
415112
248588
662144
72197
128601
994805
685399
670106
710976
90754
852875
947301
878254
408176
82081
132073
876256
482388
97059
987735
905842
211912
331712
77176
51369
562222
773429
28761
449513
123269
720006
454143
712095
723467
520817
831738
382541
607561
303411
197825
440408
984974
612481
794765
766551
90035
412174
706919
928439
865359
217576
26305
914840
145793
233122
33421
293596
969682
566548
861150
460992
276258
273937
447531
765818
227167
94443
730689
984746
883472
522363
735367
997027
693097
949801
805722
790104
781951
726798
868713
871291
264543
390793
316161
926157
650551
88765
922515
46314
471328
699388
129570
598459
467079
179096
339868
406040
682791
770396
982396
673437
396200
177304
505895
286121
320979
26604
242007
183549
905061
849208
846247
235381
604572
349181
658294
4079
163645
332679
871253
652575
576416
307401
117055
173713
262743
174229
723281
584535
203061
27102
610023
587850
940839
1191
633070
979201
822485
170394
108384
526406
348261
145290
529332
315736
525466
283669
544673
344778
293295
184739
918410
655725
8973
492817
7780
495584
860149
792514
754046
114265
572958
10103
244219
271079
632041
144019
984852
189615
304911
523784
728468
585009
916907
669686
555782
160510
788449
187412
501818
372250
769719
323466
205642
644126
733822
258508
210229
275114
796949
217174
308911
528603
367630
945721
671461
716730
28870
277021
14194
501540
268121
258140
448335
774835
954833
654863
123238
107914
955047
652356
138376
820561
968752
781933
849066
322582
218064
973745
498363
250191
998965
922653
157261
365914
301092
992713
618081
38718
18371
99214
838629
203356
1536
362742
156984
301792
70912
611641
975148
362508
43948
524834
210161
43520
910504
66047
274086
733464
796308
124812
136357
721832
438497
103723
604159
167828
952016
346665
53776
939280
67725
335067
797118
844096
631011
360546
116516
176682
585044
484663
813271
176460
319449
932410
378177
812763
684870
759256
416063
987302
829978
511127
102273
275737
934493
569924
647300
745563
339276
654711
431292
546262
168731
879880
860854
516252
804480
445330
21201
675421
937727
880869
697875
607290
35198
664640
124240
735453
168683
381688
483108
519355
333627
9550
704332
456153
6868
724477
556059
487802
370467
46513
915350
216624
289869
856228
451537
452159
823609
607541
406460
277302
950768
650562
337914
188941
705649
178386
565158
395536
682600
669273
427722
645666
646755
814432
245189
289803
699846
256987
440206
790145
767261
309397
965490
424592
736901
5872
368624
591612
178996
799175
866428
60724
273137
801828
728393
778310
865253
470414
633549
98286
380247
853090
521291
444786
302732
499771
402942
927429
154478
232952
378560
189376
504821
338947
679065
850018
67016
79413
61189
772073
8132
116182
506992
721245
663720
341455
467471
522028
273942
73137
220342
795623
491053
823204
74117
104020
388501
881397
74159
164632
218192
13926
66077
677178
614591
949733
131506
649748
224361
666372
937865
553137
769154
910454
395704
200120
906098
539711
225348
670451
93629
70878
762207
358175
762168
221487
389693
134863
625251
223437
437653
335429
580865
365784
628627
776534
212837
694264
33330
670399
149946
173670
261769
654498
522436
28153
950549
102856
22935
370532
833483
94704
746620
942805
486311
330408
371865
29361
222177
351779
671198
701723
817830
112020
481542
775573
490901
393338
989119
691555
567645
842014
721457
17239
106054
971797
828272
212070
147267
915461
270880
725271
420346
631904
803090
474344
800986
650803
133989
507232
77409
591520
233824
449742
520115
230815
282471
70016
475684
274154
785482
999349
605401
505153
346730
539479
596598
740796
978196
711338
388964
526702
500473
436290
69910
940587
296044
304737
56833
234674
636214
738933
893395
237184
85177
582833
552744
19852
467477
704683
517527
606898
749514
219010
791349
391308
286964
534904
95039
216084
330421
849333
402088
328178
984354
155347
534366
820813
636594
898353
799913
579218
370977
481856
859766
23726
804072
929156
481635
160274
4494
632620
688312
306379
535117
944968
291179
70881
657681
34212
798603
424335
821506
65867
253966
72217
169948
530634
861360
154650
597405
196177
438667
957734
859395
130654
71879
750271
948319
648391
666100
239396
982494
197119
463059
569625
190570
64923
230377
412143
233363
881770
378079
35956
481402
832066
265845
74701
26522
549588
352268
561984
609343
198090
521368
299885
298256
699156
212434
335375
215895
92419
460868
865365
271677
980952
477269
541317
823640
200953
205688
292274
889021
974633
979905
56714
61782
846580
634593
552928
858779
704266
92760
140270
101742
893078
236716
333631
775940
689784
354788
599043
29522
679616
657232
66330
37799
495326
292626
417411
69275
467419
442150
619898
293932
76215
299205
422335
884550
520581
654156
617396
302943
152306
102380
690987
886111
96975
237189
86934
103158
852418
982946
283657
444794
77325
539014
398028
493170
665452
598507
772218
542904
298113
22772
190789
324742
122216
925584
236948
936257
576565
496804
773206
690639
724896
224339
33616
710902
296061
378083
675295
247839
246035
949942
829278
654594
733313
171713
518071
568545
780797
33305
187524
585105
378998
508296
543780
130365
458476
782786
102302
207003
164797
305652
375287
87546
130589
641369
157373
104077
624762
741085
143849
610288
5476
175088
864078
354972
664999
640724
295042
574849
412726
802680
353047
910678
437499
540423
334925
192769
576974
998369
438598
117862
666335
953257
122034
840207
133341
389585
970800
559903
498644
351726
760418
105298
647011
802558
849838
302952
620992
599511
590690
857053
766130
647525
690102
477674
655324
591047
635077
475735
780720
526623
773110
463842
984581
291828
340816
683634
55462
799392
351935
135575
808886
233616
607425
532162
208203
102353
246881
113918
193907
778608
251067
69251
911826
63348
917992
871208
47912
632112
341925
58936
142727
296942
326312
87709
271612
144512
562407
713007
34737
927974
59229
843385
536730
369659
819271
867365
45287
265608
532226
714318
761517
954195
590438
43991
482253
208536
861979
47489
840992
882331
340609
845944
427112
295014
544252
942331
571055
343398
142183
161532
265476
995206
653018
488282
381706
331770
829336
726550
775119
740409
9678
719787
828517
476566
211257
619599
863467
276739
589582
797532
851261
338
530568
99903
323177
143216
756017
547076
697503
3405
649346
144824
186528
182821
170123
738918
502813
479204
732871
342047
344711
67388
119176
104927
843352
223404
662870
588668
778905
167949
933429
444184
234757
859888
905742
889424
235135
870813
222503
322976
197130
164018
129313
760375
571313
683466
970408
882071
569062
438933
512481
371463
642887
863228
896201
548152
771155
32679
147458
848407
739736
182685
884868
7778
525012
895674
861050
448693
942271
305807
772088
988803
866794
568628
793192
850237
141797
771048
696422
386239
977380
100905
546877
455957
81871
379795
971787
808442
30719
315451
277393
28091
578302
706082
763731
847528
515333
613564
263422
896846
650428
497874
50691
754345
207765
224215
135007
743895
310278
969543
173730
442053
747863
243899
493518
858077
230858
947659
656195
571023
529634
947648
116969
145527
730632
606342
653310
835524
753326
88983
380519
790655
117196
460668
887010
52259
575811
853519
589412
393070
831712
468172
259316
107402
817761
746398
390401
135736
827848
836253
15134
916099
997567
885859
795005
338413
418182
6019
283171
449653
326278
988629
510392
475368
512936
417830
92735
988472
141894
217585
133637
761241
56213
919379
22267
562965
282889
408431
364509
662284
156074
4613
244537
686375
820290
538884
272056
516974
692168
516048
440941
805157
638500
103595
307109
736240
399273
242790
718243
780269
931109
169509
745848
180343
860245
151729
686946
820065
461527
942075
1611
827752
9926
489751
619702
311298
894688
649210
445853
867364
776107
765490
777128
524333
847766
998969
104206
117937
745468
733369
609144
856800
781838
60617
640878
159089
666922
654225
617587
269428
677752
644878
766185
87177
47463
993014
53746
58722
870142
16656
621920
20972
883898
942439
993305
327406
810385
233240
678994
30215
851389
404064
237341
500266
84680
427102
725074
578336
343227
467942
109896
114008
579898
757593
451922
590052
650202
330749
824302
526466
263365
188157
453086
402610
269607
822548
954242
11777
61631
701068
144133
395934
290478
31693
400373
355431
434042
197896
293094
361008
867445
128914
10114
345117
327223
38530
443899
804177
555465
678622
812551
541655
574766
463017
481426
309833
687325
561503
617548
734496
144771
517981
765333
856456
967292
253368
613966
57817
363878
128995
201228
937758
435593
892804
993762
507037
676963
341215
664401
520483
862136
925884
443389
892280
867939
908663
780327
560818
937594
979299
762486
259110
461268
210226
345142
490960
826395
251378
859680
719028
319699
468766
660301
482028
610711
441716
925951
505564
310220
496132
103008
247506
377199
261680
527867
903637
271499
770476
200064
353660
158680
335904
361846
501897
487606
863958
280647
447620
106138
729554
978172
835697
575651
161986
421876
718710
875657
14928
745892
199026
391515
244909
145785
122404
875549
460705
779779
934095
408278
893643
226177
827885
368242
921109
261736
769271
936
786098
457833
876587
50191
966233
620979
112122
998972
966798
331847
449168
671630
847497
397813
286768
546346
378804
251200
496865
3649
680273
710707
856380
264793
531323
455664
165402
206956
979938
739211
792173
261657
90791
506508
78585
384965
329079
932038
743353
26805
153824
607658
496801
639338
716165
84429
586974
923219
950939
494170
97830
922458
81926
53389
629066
179490
333113
881171
199989
157450
579472
367056
812534
311322
462747
984660
442859
764147
103493
326456
78192
739172
423666
539246
382468
755973
654790
641054
173532
841247
725789
921621
220802
130160
521993
54390
142088
54348
557796
453324
760015
565880
389877
424134
688387
830118
254284
54755
890393
611548
530141
181910
508057
216025
897702
642499
762878
451758
171029
811652
234655
920113
402422
125516
374219
109537
372855
921166
874272
195220
360720
543283
733753
115942
618342
955780
842968
306396
187138
864548
68290
420361
163991
205063
807290
262196
567304
866820
585301
316334
860514
221083
703436
943585
813447
602039
989040
51467
50821
434539
524385
373527
760042
220067
479801
971695
723595
779882
658874
50113
338368
712268
626130
714867
233620
175635
715231
748455
247036
776722
293545
105886
430210
599605
260460
777909
538249
511735
703617
43634
166891
50726
49709
600003
18449
816249
402387
981828
27091
734628
841259
172022
722362
694198
725711
248782
687054
190702
779159
577915
414814
793978
977882
446137
393059
74517
870787
375865
268972
191887
414692
657372
575378
700682
98881
650951
995510
202624
362643
470282
67338
582209
376907
634101
954669
493406
614194
867376
462360
595270
249802
826300
497925
444372
3553
872870
602347
711106
647856
998306
368210
405921
556239
356388
925618
670800
31157
614448
680747
870377
887041
61108
623727
690924
737526
480928
631628
762531
898392
159211
497610
353337
732366
224057
315749
20404
559027
160116
10928
862030
945669
669802
337218
889747
53386
650502
580653
142432
311182
996962
740406
778308
792951
801359
765776
259765
569726
357370
883666
832126
762613
377985
585820
516257
716448
633198
204140
474112
333442
574429
876097
693465
795714
730039
624633
758950
216157
532669
115607
312906
208069
466626
859172
238805
398012
329951
747617
59412
484218
571774
263328
311812
282478
69448
273713
601456
865265
417986
806611
205754
322463
435773
213641
225592
907645
389594
243619
638316
619563
230587
893877
823965
20039
467561
919085
356576
798411
916647
395074
851823
117860
720716
436048
324978
666412
647400
332857
612307
410693
164785
465664
302852
948113
521301
177411
892091
142732
416013
219005
843710
7014
664188
925576
216174
186861
177685
571623
184982
195977
770689
989110
265561
445923
736831
768874
795331
410487
104648
968414
23215
660282
75947
993412
295054
715322
671118
260463
566076
776959
11241
869128
268386
334221
649844
133376
138208
785910
686779
920955
470844
456102
429453
869655
172256
843574
986558
921205
515559
133390
743172
232134
416007
264161
346917
15072
174364
26107
238480
738031
747311
810772
879462
985877
403058
78699
840519
571375
448796
131695
695958
443832
577456
507826
433166
749740
471303
261858
579002
867003
496220
188325
752979
392159
592971
66208
184221
794424
739213
695780
26692
110720
25452
20351
849488
936268
135973
324098
468635
735012
414670
48284
925754
639006
641825
713118
314115
815804
591342
1852
448962
765169
169099
247086
27207
603341
843699
986094
827979
974715
262064
525109
881037
703715
754370
773298
585949
5274
805063
680135
352273
947412
474253
867978
521567
526361
34254
625307
22317
133041
290784
544670
676916
696650
316216
557656
21943
586246
300819
829627
248913
858736
808547
663536
782337
339192
269668
509629
573005
402925
956484
902231
960563
151685
562335
122247
90603
393238
793006
618485
647806
779388
884470
5633
164732
932492
356582
554828
35363
566697
260721
689863
128363
583576
283104
874703
256571
41136
420236
839241
226094
677665
395479
789070
246207
408408
460846
120916
712475
504277
240658
783350
291936
449314
352261
833882
395566
241220
424609
675040
369490
679692
64198
877832
496187
546365
756218
962445
185410
637647
439896
553106
560730
191700
884609
450383
530015
274954
154758
937549
526682
89039
231676
370991
242744
537404
61770
556189
930744
979354
793138
857840
109178
207355
852286
267018
600235
152938
717048
926067
548226
360057
992153
499365
358485
729098
742072
817396
560259
653416
62636
434882
812201
916694
316113
640516
470689
441729
185525
487345
170877
806293
170277
943938
144045
625978
728644
374856
329939
149085
964702
843024
13342
415611
641014
995043
940731
257652
211896
660357
621813
147620
464513
968741
633240
801511
783861
682641
766152
188588
624450
282139
103186
155843
187113
332967
490630
656508
520076
110259
976315
228024
768986
785668
225738
904783
926906
214406
912546
965618
40366
580567
359158
234565
231253
28636
735670
510723
259500
819814
183842
115837
963947
71792
6403
504288
448324
632125
201184
792057
385996
675095
296629
536298
530076
145995
968371
550010
505733
279821
32864
87848
715862
429666
802089
164216
390298
180843
198120
203682
739411
781279
437203
436235
567521
238515
497046
952647
215827
455859
430315
776617
834140
822662
145101
352016
516787
304574
389825
895923
590259
708282
565995
778665
683238
727490
641541
874172
529356
6629
412817
644944
691758
894570
853215
708949
277324
238588
152063
705022
587496
654207
179089
420406
112117
2642
993574
226075
680068
979428
218091
181505
217079
834026
393163
68973
218183
449719
113675
694409
907085
994850
24990
621081
494063
260267
895044
777672
845152
680059
865960
886563
183632
775690
355555
487072
116128
519392
171261
464066
267299
886634
330466
644682
760300
105136
235392
548000
887892
6424
742545
438724
382036
819768
947363
22454
629844
168810
236855
335109
617939
859030
289089
737037
70364
39463
740901
461930
756849
808277
480762
809272
30118
380197
548593
171865
627128
154021
339967
42063
35236
827035
989892
575494
332262
427389
763785
810492
971133
345411
388760
943212
154528
112632
520248
936535
373961
456484
566883
501230
715962
208609
153528
654690
305344
587962
156979
522299
330578
98630
638832
215533
703097
597732
911209
990812
736296
418758
579016
225704
40725
400506
693362
700145
51726
81209
697564
409390
928498
676137
758049
838272
129832
760474
883219
111862
648710
912887
851112
748402
888627
917410
793430
648880
338414
217996
107577
149775
744582
478856
742443
64468
600914
789374
407762
996991
364938
884831
968016
312905
487861
997410
517203
627317
473403
322151
237161
570922
144592
884968
282544
745809
293299
475933
716911
334992
174663
312892
887884
635229
825851
919388
741632
624328
733903
590538
589296
16837
940973
484279
978885
365873
738022
467332
308230
748304
563058
413924
343224
402453
249942
624559
943929
965602
741313
67456
105943
302345
210383
84453
120006
509827
855198
891337
261074
187490
175003
531625
990194
555042
209749
351653
289135
613972
757128
498182
774385
50972
908795
537303
805094
414108
940664
365345
379549
417207
899949
702511
352188
171747
536252
482336
149045
824203
649972
818988
694743
730788
57806
384667
134127
361584
492819
941282
726262
962211
214048
512287
162418
26941
851333
222414
388590
362749
608958
70575
732970
472194
631474
432518
252047
885378
967683
38403
413428
443988
608889
659221
391716
810141
462123
652856
694995
163276
298872
989097
192464
620104
355949
516842
170792
95388
664153
924558
363151
842621
76684
728481
361847
894685
639539
750732
826582
268025
597159
527926
413001
973530
663237
423306
882911
662164
672395
905808
897443
539348
616572
587759
233147
353617
381539
78713
317506
970677
968788
286485
565678
500731
17450
109973
105134
571560
176128
607434
715111
223235
120929
958259
579860
764746
733489
205197
289230
575181
89078
87346
272592
846357
976332
337340
18453
153789
725037
84117
938010
887693
227017
979655
579365
653960
723072
71630
310766
972259
646606
152687
19459
296577
371977
948370
235783
599172
809763
28626
319623
849725
246012
287825
890607
299121
781969
889255
222207
301671
113115
21258
769215
111799
638138
152893
570983
634259
216034
625980
49941
891218
958697
891649
949918
584004
875129
377849
957156
3384
435961
914494
759791
361649
6750
944249
215516
489098
606933
852474
165950
342755
845080
784774
750533
687863
244509
623154
588953
346904
969819
967744
798496
842371
225037
810547
663436
764915
427464
806218
492837
102577
817154
918552
593774
888198
569072
148807
316543
151507
471400
344088
547313
464536
504023
589598
346953
436880
679866
44219
580758
973924
115709
964939
895779
358857
122752
749276
987006
63955
961805
589458
285574
541971
660015
137832
306966
283930
27943
744792
228181
656343
20496
345622
463167
704478
429556
622913
307953
688683
15204
683013
56449
12315
310929
391559
849800
284559
610954
370406
347591
246361
526357
190842
687714
80387
428555
696346
323738
924812
968720
511431
275086
612823
711917
110668
228898
471784
790342
424931
243887
647111
910251
54687
507227
604014
741217
447616
496601
322566
48982
549841
259008
981283
346137
192694
610893
771144
478533
172892
548051
163434
590069
271773
561026
995521
682297
890687
182535
586129
29743
461880
388369
682634
272721
206999
236186
355818
801758
768517
980867
186482
285294
720220
438547
524771
18186
290874
260588
636844
20713
765387
197077
183831
184384
853407
838638
809590
228191
347222
397367
773384
361625
814438
708478
555454
33645
401924
662031
429146
140247
827149
382884
108328
541034
959586
70740
15404
580143
948683
170100
930844
69780
293145
261645
957739
349079
187060
192354
276232
80514
309614
99998
409318
753667
57682
484175
757271
42017
816197
842099
773874
724290
446036
983006
361337
513683
682953
536702
311041
545858
823827
511338
618302
116318
448797
563108
741780
961944
601219
523571
574477
717598
570325
602393
443200
20947
719138
991077
210345
31394
88660
547899
58014
857208
130559
11558
594152
688534
25681
300522
291761
349006
518857
326657
639032
769123
670371
934573
802668
602740
684086
579447
172983
80484
667495
403633
819922
344310
719986
124304
249414
119090
934492
790892
75531
870140
807520
908444
439544
553720
458460
417792
896123
654831
48349
195014
477020
400081
207133
442996
634092
178027
246871
461694
161121
499351
742473
347708
350531
362635
662911
774218
547577
730445
526026
762209
555966
781354
374753
632669
253761
329248
75205
604004
578906
248729
444468
902695
169679
974859
779757
659587
622534
378777
502588
646843
123345
779725
573742
131641
946342
145543
546024
703950
742834
756992
790275
779990
126189
982854
89581
870214
559239
569733
588364
158613
155390
346156
125771
430122
929407
228682
748463
770465
841489
70393
45618
130574
567370
987639
763225
924656
139382
127679
605757
138522
661111
65169
542648
962064
422859
525505
753866
362674
767220
524489
314810
392614
532001
215063
955022
4410
904315
222489
322049
425327
981235
65552
554666
197653
801195
513948
822227
454076
660796
589362
320245
152082
145244
535642
287060
880398
641196
762299
696963
154254
498209
802836
888889
607710
942210
794858
767342
400185
500457
342304
893907
347068
837064
469662
124335
80555
856263
309729
847820
832359
740291
476867
601495
623176
229906
784601
219789
52844
488638
646943
208074
493008
973298
822164
618771
339084
205647
629307
604274
282866
468302
104023
260589
525168
491836
813571
881901
962558
954877
189761
750157
123401
392198
94862
7835
806872
204793
468199
131768
392341
671776
524105
443813
542613
669690
322476
702047
374472
696939
891683
417407
175445
63659
676501
324115
957681
957248
872554
240811
100892
22817
273443
701906
914172
491169
204896
367637
63390
742705
943952
4692
910323
223258
687802
429709
479494
712358
237297
451619
465245
617366
700330
398880
425099
247087
503030
47031
785928
193256
726095
799343
309450
190114
871834
436495
845896
616469
916380
21014
988152
418231
311137
410337
404430
463189
804082
638499
784052
458271
585831
622398
924790
766635
486135
633905
986593
515231
716610
677600
704712
440810
165957
149155
581446
343183
32899
229388
417185
763617
600966
500060
603345
351047
328529
526204
143269
190934
865477
432504
925417
521680
951752
295860
999917
792305
519449
509710
871529
49264
434193
24410
47021
808320
210320
171282
85994
585732
580822
276817
697012
635548
779667
496181
663137
507975
833658
429873
723189
164093
892883
847850
79455
922136
857220
922968
828980
587029
654058
344239
550532
454958
785996
722228
857129
276248
472009
175081
862777
88289
147205
558188
692581
676645
933583
924197
610047
338490
917516
920917
766137
168640
829678
423307
818158
893740
311808
22614
902483
70741
180189
389787
749913
647835
181131
193023
661445
273144
640653
99675
447989
548959
811412
479765
154602
581078
64383
691472
912263
849131
676649
598380
171418
99190
536048
273669
612101
989306
209552
166906
885257
331209
709707
475640
356718
721471
411013
888506
657029
548725
411555
61201
878924
179281
840568
758747
832067
688651
707251
7538
24677
218621
633303
899888
684732
540571
183595
640970
920787
412208
994286
35683
762722
417956
419224
824495
969664
631686
282745
823768
338941
648264
627060
64218
86052
400196
188066
99681
265699
125602
938995
284600
21634
472444
876797
748738
320929
705025
38977
3212
909381
803791
542559
399546
258586
931704
292108
373247
573788
205148
5285
339407
918899
879638
827243
259535
610480
135097
287179
214115
388362
711977
122127
36313
609067
86368
991825
844578
823379
539854
10029
489935
939862
94074
88898
898431
563989
142159
998735
434410
519339
760391
232693
444888
848752
355794
319899
146371
572817
829450
376098
526583
638923
547764
263663
279351
704082
976968
860452
526522
274691
172862
269873
929412
546189
710570
748667
231566
484654
325563
988900
248832
527092
167116
843597
368911
853616
6085
968644
629078
633924
966012
436667
413316
227593
919123
902705
43087
279849
513390
965473
613662
22152
72822
266979
879738
313042
773137
518957
484800
423195
722717
193305
916555
742737
466006
631387
302329
142290
564961
100822
422967
638313
560498
99195
118867
150306
406364
796158
769392
611513
645066
108032
620350
68563
52702
98410
319467
857942
30786
647998
318840
487856
693736
277336
593861
873688
944777
878973
877146
142736
422842
677981
19076
956677
832200
880172
331099
7947
722524
637560
449767
448173
60858
35862
517481
49894
494701
238707
815703
654104
62346
316041
584298
540815
369102
149555
27369
387126
623681
375627
480044
226273
462448
579723
223270
444751
508596
427001
791303
168932
96053
839645
614076
311592
308157
998074
517517
617535
326552
820953
309929
422247
801817
591243
263928
424369
875738
626801
565427
136163
347493
195775
412685
541760
979588
478225
892583
330199
927171
842937
739874
54242
232279
812643
996797
183870
846128
240523
747182
398982
513152
134957
943029
698394
526064
742064
874636
849870
726718
474743
833254
938023
74334
730074
842571
35497
240775
832892
827073
770041
105496
69103
572657
757113
743464
208267
296877
414592
420065
128435
788983
80021
906480
247805
959120
553205
710354
264208
310910
243137
386942
374955
61710
621829
106295
646453
666762
530500
371143
936100
245441
523172
77538
188493
351573
539671
462841
955029
792014
384694
464936
355775
324654
156958
733358
385314
639242
357695
550227
818612
777896
9686
525381
710713
727766
752869
61655
287288
282780
553716
238756
393550
63365
494986
844446
793340
181306
980951
936196
24973
136439
838389
728072
852612
604645
250872
56790
488228
36660
9849
708976
704675
454461
855998
742061
779471
521817
503274
982176
970035
210751
257820
665394
165750
831259
393232
987182
930045
217238
104122
128367
343076
847428
94012
665060
934374
753878
317144
297033
474487
190886
428711
760879
962017
793843
183302
837914
847045
349090
204437
487521
844785
279887
975616
650230
982627
100459
368661
786069
682974
361568
846346
795092
796468
942147
663130
756303
136050
132786
736609
682217
907436
967057
364365
745918
512165
841043
940077
641119
116358
280728
660570
175358
888538
546070
780288
155623
422340
981032
773071
7725
819486
405008
329092
31740
582120
596731
267934
391487
528211
473140
864569
897955
504276
72818
287318
718487
540983
359295
690406
635118
642239
799422
856383
127872
373266
338785
805934
143647
884954
372537
955502
626492
522041
437255
446770
219973
754787
479012
301000
448114
93139
412091
460698
565087
915228
895615
121764
906378
888337
73672
269454
423208
69179
672932
408253
553815
89115
48607
529941
418951
361182
208691
664619
685758
258671
967460
845455
972073
629420
120500
385444
570182
305725
204192
106481
945260
407033
329068
771313
754223
539110
28501
395206
575553
206553
829131
880811
281179
385202
268565
886849
585086
309750
193497
100259
362984
227631
179398
785864
843742
776775
167040
259602
423584
859400
832216
110227
439251
560236
185847
872616
693574
147768
343423
130864
46051
910665
621851
237308
752850
721787
259827
945091
806054
807648
724656
167235
853554
142620
115193
695467
326540
523291
130013
84019
159127
39198
301970
393038
19746
299160
158079
61047
127895
992825
17243
191600
882361
331803
188902
603763
755805
780943
622426
618926
916108
219187
818341
672526
320210
460213
618365
76153
572185
659869
747167
504631
166428
411464
484647
283695
889135
933037
313930
594304
671370
806749
26945
846579
607776
464551
241934
64168
598129
149231
20949
645909
899384
994664
644149
644283
78391
188775
805877
999560
331933
400010
308063
255163
413375
210643
958045
638023
325516
312990
683087
762600
469780
879729
290462
141250
212550
919367
844848
684672
859794
371613
954435
196444
944078
181637
448107
19797
506372
492925
851456
688204
976744
983919
902636
898797
571516
722462
142652
785934
414609
264266
847005
831341
109459
256629
407772
421839
119876
791659
972771
539281
854476
362306
343886
587345
192880
874213
798864
969006
655482
988063
342734
80070
515277
308357
318547
793237
123147
813082
722760
202958
131606
281469
969542
106574
646154
993918
748577
243683
193961
771180
13677
804135
620267
146469
756065
408580
142370
347780
411093
551311
549441
424531
475047
695154
425591
497551
547992
15900
163345
459373
285117
985829
443583
123182
453789
665340
34525
968775
819548
120338
506671
707340
687667
434036
287220
707517
588386
13410
157624
212355
994522
160414
598401
776700
704940
26187
497298
188427
187701
587568
539309
881679
801203
706054
886833
61433
814804
816621
63378
111446
500969
114883
880334
732041
872921
689946
805045
21360
717501
367690
911706
505555
336219
802845
381129
817900
48422
937627
813761
51461
668375
513114
520025
617109
322667
883305
815482
595173
401004
956303
259802
108874
666308
539828
179101
567961
6329
296611
140741
787902
868231
446767
619615
406211
608018
533340
979526
966874
141326
886080
819220
354279
137001
732100
86763
412740
29928
271550
612098
391193
178887
171706
272897
503907
917502
929661
674547
312567
884796
400938
527751
226697
899522
494523
