586243
240862
192215
702996
485492
436450
861407
402165
749266
291238
396510
231513
845462
750981
759850
946394
810141
367253
524212
843098
34730
328345
710703
797347
714526
250372
932817
596336
473576
427235
67164
913223
445758
798275
532852
113027
307377
104121
355289
482388
935226
225736
357303
249437
922102
997320
524587
986347
842824
18339
735603
23319
441028
657419
527608
993641
699467
931633
997270
726634
315490
775424
519114
506290
902711
513562
983714
898496
569120
112741
734471
715499
806056
754439
648512
163321
807842
12829
176728
512443
687265
801101
918949
478080
560154
612333
985067
17138
384854
726237
214021
465008
723015
154321
947023
988610
163580
609094
801284
560716
407699
619084
720716
592548
500418
1296
996663
883677
604023
629672
723997
224943
134926
796567
983673
806444
795246
870464
150504
560947
605864
725748
284868
386156
49652
474439
60283
911607
380599
789000
916644
663908
76161
906737
614192
124901
915546
435934
380697
234516
753464
205762
622333
624669
798406
822186
504961
107590
545727
418534
415891
222730
674981
127399
316020
269500
123718
448786
986669
139598
198511
881291
93462
807643
501976
492364
288400
53345
9520
212241
926291
981202
242495
434119
785976
819258
636620
130835
60600
49508
558228
377721
283647
367535
971606
215340
940882
671617
891269
605346
809195
587230
282329
330939
186233
430900
378087
281625
649122
579421
186585
407368
538277
682220
595103
682291
339017
863781
621209
444904
100106
414184
869743
783768
557880
197297
622107
964201
588569
319895
120735
692374
920674
848416
11940
740672
202441
550026
507529
719001
968027
116663
733250
952920
945998
591685
356535
281912
577765
637874
629177
245648
886673
98088
786907
356691
936200
91357
870222
7740
320781
185758
706445
902457
287656
643496
535161
786422
117060
602376
608232
505551
38672
931891
489598
360806
451508
273655
338692
303516
583042
77674
706665
18828
284837
544573
664745
13430
205608
667057
500014
557764
303301
788391
644855
250585
282165
472718
7002
783982
134947
754638
525043
940218
635799
16029
419832
489949
214601
200554
729421
934269
271161
261151
453835
843677
550962
542088
683081
805437
975876
835157
858736
903544
727781
930941
334993
423860
63421
706977
561155
962398
785691
837002
445233
463697
142928
868928
526488
819822
395114
464596
483990
463598
851036
458605
720473
982914
199819
240873
764339
519932
143253
461596
267217
511912
773915
572485
742313
222912
320564
893809
313699
306697
593553
271317
795322
711660
403269
661886
492276
904989
451175
798719
870302
599020
947650
205461
659769
195123
264952
157489
444128
207367
437538
240065
655379
852535
330690
662103
638135
317731
549818
733286
568850
783342
4883
435818
792268
265453
228520
6764
802201
10002
992193
721291
72790
935842
932067
696814
118624
218731
739598
33312
235106
471296
862169
72230
486737
78387
728082
663428
675632
161461
511734
506968
548677
887169
629928
511190
468033
402868
35833
533563
937917
962246
936077
190054
827464
746539
315499
246154
815554
644073
399708
37446
526660
50888
217411
81395
746444
455637
247152
524745
761293
697059
323032
91064
891894
242934
939350
575551
784738
888986
215600
720666
66282
65446
478898
666187
281001
221789
23621
42128
762882
19973
868968
508876
889559
177358
954182
602906
426460
535991
429484
478793
400582
184680
800878
269725
301746
26058
986434
653711
647913
613252
316671
892305
707853
648346
946804
534765
316127
172936
262303
210269
615208
79708
492583
639331
881228
223427
296829
18296
240403
620941
896396
698765
88613
416540
255305
768300
932804
322103
730216
719003
824913
949422
266312
413119
49975
920459
691217
306717
601089
477013
614922
12503
62484
432645
652023
795865
881753
861129
508690
803868
541010
66059
171555
846832
396774
634472
224071
99064
74232
528083
212139
292015
166835
127597
678556
609540
87549
203771
622435
855368
391417
219176
905525
354116
512315
307648
126624
43653
719548
846919
826761
625767
919026
645048
180470
182036
125103
99525
838867
112311
317334
926941
735758
423550
596971
884153
207196
414513
538848
106547
440144
483186
656130
286801
537540
289881
496306
984338
111672
622443
652881
734356
746046
299526
650650
357841
238577
483783
748122
333945
824943
2490
342161
972601
318722
450959
961371
612094
304588
844895
805879
717837
11305
744741
295732
219163
616640
740676
974921
129039
679727
608462
880497
857667
189898
880819
270084
797726
322149
771091
109435
967328
752563
821061
661400
712613
727354
19358
735341
772200
723622
766877
35558
76747
551056
274801
570665
260044
241523
577612
255264
327124
888002
38478
84507
184436
19295
929548
918894
627953
929424
538243
426582
465442
401617
405419
848668
416246
651408
501930
456038
386161
578668
650202
840508
479585
517092
272369
422062
889727
565310
680554
366157
137774
741440
714908
202646
805408
239914
949769
504426
366139
34746
822014
440035
584459
86885
296308
781644
555976
612276
98893
885312
656020
158253
61316
142714
300767
620691
700863
633329
383961
329732
127580
59422
376225
513323
152100
83273
791879
674213
107954
881967
701250
621127
798192
619000
293905
794147
100089
988872
801276
813496
26766
136354
586158
37292
454686
912114
573106
313918
119605
594926
580250
692914
968815
616973
924281
715982
735638
149441
838890
80220
207984
759361
248215
43255
809861
130462
861260
558431
474483
804156
806109
107174
555709
324188
191911
18010
970473
823146
806232
175424
943171
463068
301156
348064
896327
66691
881591
979073
158709
146514
439393
24206
215345
668170
167354
46288
650349
313871
947865
371987
822213
365223
691509
956084
903696
933664
490410
659774
257096
581033
250244
661004
374657
955238
294244
382722
152121
414325
790460
752284
619484
413807
330351
386800
866027
737224
634741
618249
600152
139474
575282
329450
175519
185778
581625
523651
597574
925090
473052
654804
729496
594689
802551
59469
358899
990722
952052
457974
674666
660682
895407
137338
211420
826915
49287
468571
65997
934767
288289
297393
381687
765615
459901
676483
328923
873854
645413
656341
917398
677545
803156
45618
968449
950600
528264
739262
363041
959519
751360
971561
504092
288544
975671
599910
577540
673229
157734
314653
182726
179398
313121
173369
913929
215495
806288
605868
743272
18352
378810
425635
351951
325088
952747
820683
16230
572774
759276
84498
893103
947633
364248
12910
197239
947663
861388
389347
30114
660675
645770
3444
459546
355964
779312
912664
443506
950974
624920
792971
228182
641019
884541
588347
859422
104694
380769
593876
462107
845980
933793
487265
76978
686885
917613
66130
231084
131701
94438
735377
435063
322386
553143
496556
444781
992419
693725
844745
599489
896087
891913
808252
33696
878599
695897
387629
92894
492326
897754
281687
734026
997788
150949
759141
799352
3295
815386
286780
517590
691887
304669
34169
633289
851921
158952
26707
379196
777472
682202
304996
504979
566802
835953
187274
405280
919936
586949
755689
450659
399108
842869
21230
494007
435463
658912
392116
734489
433258
641613
792486
834476
305366
3703
819892
13808
797723
848046
310858
592899
971154
502452
121402
905244
196946
903680
258812
228699
510766
542911
989602
359672
106326
368991
746289
216737
753078
496313
315542
520018
822291
603925
679073
638185
453245
788887
535729
134554
478372
100796
714900
173853
853230
828180
759366
412385
748932
34923
803816
568225
129745
376147
938539
756402
865722
121172
455661
128698
478366
295377
677919
390967
526523
239153
338221
62535
457943
367812
615869
518217
815203
571239
438583
727203
174511
787750
443026
31774
445126
833267
797509
596643
67520
514912
201556
191651
142168
906609
262345
466041
105688
472614
637257
996617
675018
856424
245685
165325
615747
417380
78300
522873
560150
329129
418133
690405
295122
397605
67356
648746
868189
858819
363237
790131
968149
511254
786212
970052
196444
483314
593248
957489
740956
352388
479648
514597
566230
828933
315069
227484
281069
141774
465153
102614
127671
707855
697343
680409
801851
972863
67338
712917
883315
549901
699774
244016
353512
263942
1532
375379
373924
98012
650536
932325
217108
554834
71441
285186
758296
51484
239791
30440
583812
762275
633612
396547
440432
845958
656128
439911
825990
696510
543942
306976
105524
479890
84319
692169
279651
809372
901311
495719
556312
871652
963355
353019
379441
965103
663784
775439
200034
965855
959183
891236
90075
847989
666110
364910
677493
965256
178049
16334
320552
932014
819290
344087
890493
89559
459079
767368
948260
35706
406208
643069
368030
945980
181806
957483
301765
935373
274782
729777
41421
975650
451918
595419
865403
632336
239048
918116
169831
701005
983942
9926
159406
731530
375160
855678
251842
155574
269889
325206
68686
712286
125266
104924
777780
813644
878592
831971
265090
248214
860275
312070
338819
863623
34268
491081
759692
328359
473428
145124
661361
536637
789185
364229
309496
709620
449696
721352
909380
687389
275079
358349
932584
706365
5632
347865
369794
674578
976847
907895
675474
357075
437482
67298
774532
405007
192800
631485
112149
67882
197220
231832
35920
671800
484059
226986
410453
996918
599323
85648
877811
746069
867903
110726
404735
973222
937550
727537
218585
947910
840959
745240
392031
808592
622949
328662
395609
125261
685407
646793
837276
625329
125731
215513
937722
504297
530408
212792
137227
258191
704529
552333
732925
899657
714893
343606
18745
515870
386254
828741
953946
606743
508986
370486
857357
166768
132394
3574
104613
642675
835360
824689
115484
499143
287426
228797
437459
253251
45933
899269
365392
434906
696208
647806
803196
992588
152697
603843
949425
194886
88309
390105
532582
353865
95742
591822
386465
43837
601764
591509
557762
73718
699025
85633
646267
816083
602219
322801
908698
800812
804021
683438
550817
580431
371139
610126
364953
522076
291468
573119
391863
16020
786279
840521
489131
481840
100049
284926
815356
392742
894952
692302
646538
494617
130178
715162
383758
650439
181996
496626
251403
479157
901760
205438
566206
676947
600498
971389
446766
25662
261008
682528
429879
771289
250897
863348
173074
428640
695425
724567
924276
605067
188183
732171
774701
62754
48082
10573
73723
467152
243581
504822
205575
425169
516517
949235
503758
159563
207940
697114
106908
44987
34777
926935
214612
169267
257442
581480
798435
389094
595554
900461
963857
209475
455414
65203
277555
440706
525796
433174
199833
626547
608276
295398
773073
204510
246731
113890
910454
960027
44392
749536
277216
28666
59751
163995
976324
938509
418436
8324
999424
24088
414855
598207
124478
57123
301649
417888
901552
11947
541242
725893
524827
615097
797494
450287
339996
861041
595069
159925
873158
43023
593416
279616
123231
974251
260268
237768
616934
507480
558637
82921
283982
977724
694720
223043
760703
143910
22335
285769
993382
610867
86393
666356
867010
479295
32336
981182
186336
702863
735070
325379
293576
191504
351865
296031
186943
225606
708597
195835
623789
701648
417231
32995
425296
171821
469018
226329
961682
603991
767504
107288
151198
5184
511326
919476
208399
654044
542344
497475
580167
500990
450713
321246
58058
79841
535160
873946
773428
777953
863425
329015
557148
452985
237498
854356
570093
93118
762390
721117
312834
23836
800150
519612
190301
277248
237569
704826
452559
512348
569699
68302
181869
869433
265619
8618
991825
688246
425043
467089
53749
281888
63078
382220
959576
803511
44875
281738
163339
10810
400086
294993
88063
740975
442469
470164
356378
474042
980911
479285
658923
143194
368584
49365
905127
479146
252373
943945
191544
167582
604136
919940
321970
696313
445060
177417
93757
483695
500984
5558
67635
930801
920872
742998
668945
98978
344499
271173
359094
521713
746662
971584
745499
198671
572393
345695
912855
501888
312968
965603
150461
757067
612901
722784
749465
692316
714431
306285
226138
592759
132410
124381
581097
956082
367907
354926
305550
747769
489836
848405
263627
327131
812564
502270
264440
637817
239325
585873
312516
858464
61317
927439
79906
836478
740665
454895
466607
417681
782874
802376
359791
984124
613574
671467
216913
159318
507906
213270
521773
234450
860761
815030
148080
219510
297553
170006
260580
224653
468154
946370
31429
920426
959204
985374
209247
141244
289144
217209
108233
320018
698305
517908
591382
327412
290386
366650
648108
727379
116094
630273
127510
23547
143041
389327
870984
784801
90506
594528
852039
785914
563417
477045
385804
770258
278393
47405
538877
603975
229680
552516
724588
469615
65139
502073
130994
18807
824669
537583
83036
870499
475255
496479
616142
705499
182676
392696
993884
110133
995886
572119
559193
282769
356676
631133
802362
433398
613868
781475
161999
708004
599883
327648
20399
760041
293145
296938
965324
586417
821628
832687
204842
430695
892210
991855
490227
691314
761633
958556
935433
141423
235127
566270
342919
671429
177983
770132
820933
575604
299492
496653
553600
632371
758529
927126
896987
483554
376155
270265
640736
916018
349026
538051
721539
275555
324451
592038
700799
6417
930468
66750
826508
538230
285691
370624
99358
792206
864691
240857
861796
981145
45221
966384
166630
655280
375645
130074
669847
483036
403758
990529
376583
830351
906522
975345
321473
854223
352930
532595
787364
416530
313559
52009
919009
658435
523205
672216
804865
10023
235096
492026
372519
574718
772967
854741
350433
695105
263300
670685
481869
963751
545229
142035
154929
963286
224522
890817
970088
394000
685079
217975
146286
445382
247763
324726
842814
313010
307665
663860
547446
722285
392023
745965
666299
655149
60939
289776
447987
123939
181799
385493
534197
43129
793428
419724
102554
877829
809052
629118
891156
331953
561051
537266
603303
837027
593223
37236
901019
703937
159181
38282
350480
23870
442661
344104
381588
814687
356411
224144
204741
874333
707421
794284
580722
183043
57602
470905
517925
737658
583289
851432
925055
212649
284389
518689
525081
349632
456972
534937
700045
371198
442562
306456
447075
855132
496462
368018
368818
834447
618010
966948
145117
522070
181094
217531
38370
555358
358054
649016
541367
700963
933096
282356
551219
290929
71214
663417
470121
825566
828760
678881
230490
788034
463451
152344
647588
337283
377205
482620
16228
886744
979370
357935
173145
737051
388621
491310
548230
846880
440152
832557
189230
272817
423831
144584
651587
914680
130029
880595
801286
905300
503502
906213
245328
863668
994364
883867
137780
899877
902319
271486
25020
819122
989017
190135
13086
184962
555143
896685
32830
761508
963209
825732
344401
276832
289555
383664
546796
886082
2636
112635
320131
638656
590154
67960
441627
133838
338987
284745
859493
744201
396538
125325
618573
974596
581901
686288
202546
283059
214035
671034
196772
787015
626483
342526
625643
154213
438236
983511
457989
690224
582623
376972
569697
865409
576542
656990
389102
714968
582735
798624
839377
299085
623611
398021
702122
160788
586922
254321
967469
628709
129216
497519
697854
632793
477540
791419
179025
445590
481162
194
268297
396019
897297
218525
526525
160983
7691
270691
901691
364164
355104
368945
961583
350059
264866
573849
972890
246552
784217
196524
334330
950199
639783
372587
761159
15858
295075
463639
819259
720875
642059
783013
454513
229875
610908
692226
922881
658080
137408
579696
449214
373407
77437
611862
147238
813503
493239
707047
673716
655142
307429
906359
828796
134263
190261
866942
989038
13892
992573
344450
346543
771876
429482
298724
62347
570249
373158
510085
694274
578642
926699
900326
801334
247161
632622
284261
505256
138688
764611
745186
156347
433275
774913
738287
516190
769811
868372
233284
614215
369447
428206
175446
781372
8148
107962
519997
289916
706270
379725
539628
560035
974472
277814
618476
572674
231339
837365
531809
246532
69024
446650
395992
248814
260661
120884
388617
881358
908163
330169
936931
410388
608207
599308
560596
737057
615187
635128
853396
351967
811168
394043
711743
67483
452567
424996
447512
734481
897550
500465
533679
750645
365311
329641
199953
815268
625173
186833
736257
993657
248805
16374
860552
119489
630146
638186
779881
476850
357763
425961
130397
546503
193263
547109
771594
186595
643458
711553
766537
961126
668917
298375
863860
477465
55452
714584
471227
889348
876530
846977
189446
238966
736820
457666
638531
638282
71607
723144
782214
661308
560763
238984
333505
172801
725872
438100
830118
93066
160785
558993
50865
897755
890676
346600
345540
937497
692551
711786
697021
660280
873401
920050
819430
33989
14949
441983
503627
346189
744288
17525
424335
295371
107641
96432
845179
81561
635589
669913
762286
111586
437737
307849
606758
324135
460308
818981
627432
86667
548155
836335
136980
101330
885479
921828
474787
257922
69075
663883
31826
37239
542800
355520
578991
903218
122525
501943
909437
193515
518518
290980
7922
823918
555825
935783
475925
988479
590597
139422
691664
804476
282038
899622
642975
110591
959693
709859
731963
321857
767377
887880
692772
740416
520527
212717
129258
20146
910184
283161
466661
819320
33700
42070
418363
26917
956116
112358
360689
85527
281404
318404
805840
994643
828816
376167
562704
419669
857233
920398
979246
204193
198791
974977
880744
42459
989414
196780
173071
228767
721124
528667
850072
724391
826792
948390
461972
694563
953239
390033
948757
360432
581426
635140
830735
346912
901461
596090
687407
28438
506401
560909
344974
97574
345984
709926
314578
60234
296785
800765
716122
801550
455917
756048
348313
904960
474033
341969
373958
611480
154608
440333
407423
607754
562840
133607
971066
282629
1281
577907
529718
558035
487184
131815
831257
900049
772320
646972
172822
147273
73387
836180
895941
455420
243066
474515
766526
676715
458538
806199
249094
834411
183619
597180
671511
513999
984934
960897
332526
897872
502336
247493
640332
979085
88022
30070
315562
800242
172890
175937
135695
835902
174711
70436
605177
975073
578802
92215
878317
791295
420621
812500
916721
163328
555473
344813
24589
609239
189229
19188
214145
594142
844693
93050
472635
127995
109941
15841
864856
533714
594973
842945
268225
65384
886864
226924
616126
791351
74994
516065
554002
420061
212369
313975
76930
184889
336877
892459
671331
719821
267808
160045
195665
234156
252495
348091
302679
961868
258691
991355
629908
182900
537915
386856
75594
945266
922096
922210
456459
409561
688774
497875
976693
701929
284016
957134
824300
304807
100807
660417
682055
122177
814183
641059
441776
933070
284025
102022
147017
491656
272430
473675
535757
199481
28960
956794
316621
910791
261437
664344
679562
967939
939059
506675
19797
230769
585643
480729
897098
453996
406829
979339
693860
716869
837144
288914
292691
395444
360338
785989
485372
965017
324665
491923
672195
566313
105188
983859
329807
322644
959577
576028
537743
625926
219557
974210
793692
387251
62108
727579
878288
753642
412786
69036
743770
936683
784516
707497
640386
840693
410134
851095
715848
941322
814377
424158
345711
420769
810357
771800
535362
464737
203709
644571
609070
114628
477373
963885
53831
33745
616562
873722
599956
971449
109740
274771
462529
806981
261681
335129
155827
412201
731682
451501
339499
683580
813095
261116
187267
634435
858560
780994
98231
383518
77180
607852
670463
629680
372737
252644
356346
701319
11088
992763
599260
754223
611991
642789
730793
323846
996406
689111
466668
67407
921952
502236
620590
765945
517303
938916
12027
199560
265159
498038
350788
702018
468840
311447
201536
328896
84236
74887
743146
465024
671897
756600
327638
108193
323520
150608
46842
550634
478251
297409
21122
434489
395109
945070
99242
898585
15943
433467
192586
996015
619786
589859
471577
709632
655550
989480
392082
231283
163251
958512
208332
41613
836628
390824
972793
513035
937646
361059
518557
34552
113555
551685
596923
307892
410893
144256
555629
581330
627765
655644
373807
234866
866808
490999
605978
27990
222024
26838
406488
490094
99399
752067
744603
759104
319846
741289
647609
991460
821809
498760
822999
110663
73882
92803
651237
979320
327872
405770
268347
113421
961072
998381
37120
64075
359626
873270
995141
62229
98986
134433
509608
304128
392640
520888
271270
29075
714642
572811
592851
735204
269580
713970
356315
106642
793465
902716
117652
370998
156897
277496
843157
295708
570846
733160
431440
891852
476204
739150
438447
511012
710232
11295
76990
721278
499840
358227
1390
135041
840698
608177
995133
927851
181769
553914
458439
353966
529244
676542
478144
373095
383108
667121
537239
315033
324097
875857
208851
792422
36714
346399
387572
577850
497300
364425
182570
957382
663868
816612
75434
126215
608479
922324
95565
776153
499519
560527
630058
857111
590676
906274
540808
551520
801005
449916
260370
302853
616598
386037
719378
441518
767230
971293
524699
276377
893112
771493
287564
159877
304506
521221
61832
859846
152381
167950
965238
363770
586611
890894
422556
953616
602465
569487
209105
603131
333688
754917
704217
989517
135614
984341
602238
328145
388845
583865
795720
726054
21265
642239
42820
343674
72225
670552
824057
134387
367728
167067
48552
250487
732820
370257
393669
620689
314253
378812
727986
523239
818598
709797
655405
449157
7697
668551
556277
569127
185240
867899
135142
385661
56532
893683
932621
717697
355319
499836
116004
79953
271155
694161
407517
633613
711356
318308
135982
640382
195129
837051
418099
403511
9724
749256
894423
121899
757530
618865
372416
517135
527084
841823
121837
85822
259138
214229
804280
646350
725426
719579
155105
490948
172418
418520
882171
565367
285562
73721
336678
741441
925322
181125
974609
790312
577471
494908
679037
683514
812799
843975
518834
665797
313985
517069
387790
599304
610679
642392
391426
479962
666766
930401
729997
384482
893666
240480
980450
811646
907688
347245
601128
4278
381255
34080
907703
953390
329337
597476
583805
754041
527866
680596
105275
67049
507426
837806
993339
798614
779770
343429
794331
95774
840186
799385
639736
69411
534344
872814
641022
981563
451585
444533
295990
908631
607223
549451
306026
25009
382675
858611
603501
217404
487763
830112
519566
763305
317942
435811
366702
480183
38936
268942
767041
296440
57778
922398
283348
571938
341061
464084
89487
888386
121801
461476
102600
21117
451626
431178
491569
15075
802086
528381
938264
110336
401174
699448
80338
560296
894962
255133
149812
925651
467073
184548
20879
417201
244123
295267
519898
676969
154709
3265
185074
96267
792979
259609
519723
723065
539865
212114
767464
93410
521911
460907
197748
547615
940130
146374
555513
964755
829491
22172
126666
249526
405146
263584
740993
357634
325286
436510
578460
669013
809935
582951
343685
763678
776054
731101
380400
421228
356184
240833
917316
898417
852849
651695
510532
424184
994253
498143
870007
409311
409577
386930
277458
663056
63352
240125
510208
523383
300993
694589
719968
240345
192791
182180
184691
803800
488630
120034
832150
163761
226756
297245
964156
523754
719912
448598
739577
629983
888959
387672
403068
576104
229255
384958
593444
612530
159885
459993
822464
874030
667642
683669
709068
124053
913782
637228
284741
454782
836079
230863
435204
282825
435697
212037
608270
740626
145802
473012
173794
82536
995352
910121
647322
438978
819625
15764
994057
391725
196631
853356
547172
100617
587341
344890
32847
191889
678809
573488
301740
550762
366641
381203
649612
663601
892299
217617
721417
915775
666763
640746
692090
588963
99709
861361
179334
355681
866695
457229
273136
326629
731020
908040
937576
106560
939077
518577
5766
17576
319104
924226
525933
48851
206260
58438
376501
426018
194003
132785
817982
939813
720141
779032
574293
331122
423806
239020
908494
667581
818758
637924
456196
524222
567434
118190
921102
71291
536661
458499
102678
544005
20304
879749
475118
610062
459913
292277
243913
265792
964884
737212
341391
604731
1535
429512
68197
826600
768949
601012
881246
96530
300594
219369
468736
730760
829734
343508
366947
585569
6675
148492
893199
592032
39551
626266
402944
246525
653865
133533
851977
445581
425122
509540
747057
713000
382745
906111
586610
468749
509824
684934
756996
179201
691239
233208
104654
745995
912420
4614
610764
232762
239
853013
555908
378251
486252
917407
880574
319176
455296
56473
783597
337112
490085
733676
960236
405637
268566
942694
847746
268377
593
943447
552168
44010
237547
503159
685150
651056
60206
634784
479113
19302
327193
948226
134473
34733
680863
192208
549937
119926
471963
242775
689745
481077
926035
779536
506456
11286
53520
274018
68508
698692
20028
909870
185067
878414
487386
727236
873262
9392
880894
38134
80432
381664
592426
161597
8664
666877
283366
823426
866158
567335
508905
711214
654885
928661
183815
895903
792739
110059
72251
332597
933638
302073
458832
35756
335252
456383
156493
961616
732108
748686
194044
159821
388318
221951
582489
647763
597239
888767
251487
141991
640392
748388
842151
99032
894105
111889
548724
945246
434491
578725
783638
929705
237203
815285
594219
234878
774968
62635
790888
271175
707379
966220
883322
266440
130792
932139
606344
879680
935709
570507
117954
749434
212977
777928
702350
674672
528603
30429
438694
474724
871934
665140
518317
771547
355730
23677
931317
628903
983809
737774
940014
935886
566543
495102
894717
999284
170383
717267
295029
596248
469195
350319
969175
887847
231010
701590
885208
133861
382991
371880
356892
440295
283983
661154
549448
829420
970433
218148
529471
534751
861421
247566
518833
338634
480991
350189
314028
915016
692977
900413
731322
758701
77013
712713
743622
68160
77545
577530
485290
865203
493065
656989
649392
790706
802568
734999
513411
932301
836540
389438
69101
286492
326013
692684
172214
876251
173438
328726
233022
567843
107089
218599
66385
447897
640697
589440
244432
490909
748670
999994
871992
690905
771486
119516
661480
539533
356684
796317
132378
443892
606650
288451
839562
78014
54097
223242
856565
651318
274813
476637
681913
630070
939415
794333
473548
762817
72774
260213
194884
235404
639226
526056
573139
311774
366645
423377
170402
236583
477471
457774
831791
127063
352208
