968745
721019
175462
782823
474244
545724
361457
427346
639110
418385
266572
22207
68439
71785
709359
233811
321889
417402
678537
820773
951400
91442
610134
956622
868734
841581
14958
66313
983679
257280
267565
694478
589711
501549
994259
4949
936076
861408
270676
681460
839039
455776
873768
546768
944777
179128
303359
576757
457058
148988
551158
696255
654580
987562
104410
226742
654143
278139
246379
603588
728763
918566
617758
177312
455653
410369
243844
634617
732978
172523
779778
72447
330092
784148
713948
652483
96599
608405
99022
572210
330738
107839
819159
503892
105808
510779
988156
539571
529805
171045
276026
71400
4894
541049
730927
729631
1303
699937
348719
982423
949533
389397
290686
410066
492353
346511
852649
529605
214839
701959
325585
905975
87625
97042
832815
603384
140865
804315
957204
786001
432294
451777
800600
74878
144371
338187
424348
625254
578885
816218
904734
228312
431486
340997
412739
385218
158022
54679
453549
558659
369054
817303
462718
42995
566342
819809
820937
288069
323725
986722
877044
865569
23221
592321
881542
463571
513579
890139
986056
966069
294138
703275
810992
336263
882604
914372
40486
691105
313713
975452
182258
855554
839198
725558
327620
939423
941735
462791
478982
635957
435014
784114
479627
460963
925404
135665
416849
868653
239997
562719
608849
477970
158939
560236
298777
305094
804046
884398
858872
299723
730691
257112
213685
659416
173145
512327
253788
328731
375045
86367
596265
464097
221163
433861
319891
575470
54923
677254
733423
287975
554
69651
253514
64109
824857
577147
258562
981560
879204
775690
343989
974262
644512
159543
669942
217265
393318
749539
760674
428324
654836
441109
712402
873026
438109
85321
861611
987622
476805
197042
615115
483631
687982
135943
587328
581249
740747
89622
320166
55348
241251
424930
692126
106178
992061
623165
66111
202685
110113
719765
380308
54627
448952
135669
703851
528565
980167
337857
99369
738471
330547
488321
224086
835451
343043
116241
70419
231780
851333
201810
335658
841002
577452
73788
395609
954811
234052
44454
76370
736205
192096
664669
203557
997627
991439
969275
447978
188655
186607
79018
211348
609172
757564
309974
925346
994624
938987
507215
913714
191712
12647
529180
913645
646100
596304
743395
415514
206678
999974
411693
577531
131032
105687
800575
319656
617479
301969
907482
743298
584313
738948
827409
676258
383857
409839
65089
530487
73040
334537
75118
693877
28977
586024
769389
946866
765250
635880
685072
823512
236901
208056
825550
185781
686956
382285
336549
358249
493379
138674
631719
808995
751122
760525
43661
441020
221912
599668
82732
629706
693712
592965
522872
638171
644219
660616
924084
201846
315718
987568
86790
331604
142849
338677
631116
259832
507911
662053
974574
288768
570959
521156
953710
943722
880820
323439
370576
252915
247527
148141
701501
759988
433851
716152
164332
48898
460822
869939
577191
869848
765994
573021
130682
469343
14082
319055
647479
205883
417968
946418
977249
518643
476033
355413
727482
61379
33939
398108
44752
967919
791883
80093
653822
333465
928332
377340
389621
420958
580050
594567
496267
578277
807822
635996
488049
886972
337188
158777
359153
681821
812021
389013
703150
826408
901708
430363
34381
167255
22648
12483
536972
528627
168094
134450
999779
795652
924134
860245
340629
724389
785815
606530
706674
525773
575593
482463
88229
505719
311800
324341
86618
72898
588720
803982
675237
664171
844959
724998
695893
316582
345362
322836
760051
495765
104036
753637
687860
824441
479736
420040
681786
918787
427692
81362
717324
920379
226852
652279
251161
754834
511903
254608
154602
745790
726872
61794
197555
430493
330246
115917
943371
23318
905807
231132
985967
193330
811548
366900
341127
876187
343658
550877
818965
200154
580479
327780
968400
755855
968537
359075
461754
624140
163756
166987
928779
412721
851519
303053
548159
484369
667590
345842
702515
855988
530601
982845
306843
45152
415846
193644
935565
132586
913317
185209
951736
687213
973413
116034
517844
759766
359776
910540
921970
1970
523392
902992
897559
42555
491939
708265
788269
72815
998930
336732
668079
97235
774397
529835
9886
469540
359122
914959
15715
426701
74261
832567
820174
967186
146549
992550
666726
347419
42061
968455
856618
239488
592385
447626
314274
949980
408547
592733
814594
220309
269411
427467
735877
330783
362602
957860
936712
721317
527718
39411
684317
604564
810141
189667
321277
453960
598780
178579
998543
491921
898866
531220
420136
918544
764668
656907
170699
658470
197222
602874
259531
921373
16490
892198
709014
329499
471400
512161
101457
359320
282608
31830
747199
262194
250940
297479
150822
932633
708204
553243
129461
188611
362436
401133
699768
899438
115655
464140
769941
411309
574510
685303
947925
786730
865732
341231
240883
899656
195320
717544
482996
239084
524961
574801
729477
653520
759610
714594
814249
8947
245723
678588
337426
390477
787306
675134
531591
975622
925113
945636
721979
509350
401101
415397
302520
556176
489121
218634
873271
262924
81330
983709
203246
222627
289902
290014
655370
378284
403914
909806
760467
739336
71800
615182
320555
729121
14280
918660
528597
418157
227479
912969
707878
31987
366443
476081
202693
879808
617906
205237
877920
562939
522820
458659
861476
383749
98932
402621
819306
248652
950925
992704
936483
584422
175994
618022
153209
981022
755456
32329
905376
22401
558738
553397
40526
817773
654744
245980
54692
839560
594572
447800
578564
53603
765837
253959
29915
884692
641994
96409
436126
140485
543635
396396
806205
859125
327240
554943
218886
212239
122417
807130
870953
764871
383721
326495
993370
614172
97209
812184
245968
771520
394923
330957
521339
481090
573080
426961
367124
98270
204194
685299
260464
62912
705654
653911
624830
819687
368609
69823
352756
274688
828601
63269
546146
264027
925181
552665
967921
668383
659862
801677
796988
74598
673254
823859
572623
680835
424360
774877
685075
557868
774383
912600
131853
602486
795172
156621
933701
380790
968234
680861
838912
711599
575907
735894
22622
958341
576085
980549
730636
517454
353138
326563
426752
115972
622921
647043
623620
632600
715113
648700
603270
560615
933787
814933
299997
206814
678194
7985
552822
397681
66236
10355
944236
200386
566818
486351
246908
360749
346569
784384
9323
851736
714300
323191
905473
144511
210040
931174
973201
471892
654106
48427
682537
554963
576633
963657
912346
917658
388029
353463
298363
611578
685820
855578
112357
102754
276642
947867
185538
291185
706355
643521
166141
253719
86996
29372
764935
784017
81822
144495
536706
893269
71079
15647
921590
90045
547073
901070
178138
597034
130838
401271
91268
595850
261987
676456
549064
376023
633888
778265
351134
907154
906295
388422
830160
97830
2197
196978
674383
914431
97382
472605
419554
586808
441570
213684
342715
838302
128395
893598
451180
18943
7042
962440
119905
836881
444825
333274
456918
287775
185395
318886
247476
649065
123912
980705
536266
667077
480158
677390
635669
663355
996293
28227
871655
842277
67635
82874
53387
698134
198222
439291
11166
439964
744967
865290
476115
128558
572949
778595
439808
665254
657732
553851
822729
976343
399736
287724
652549
529486
515254
437910
746465
700506
646194
389190
808628
537717
176915
947172
129714
233007
758189
704783
650698
767595
13143
422423
829589
298934
90642
163564
829791
672555
119307
741078
716288
106715
378474
985626
360838
641729
543449
782110
270770
977452
294070
248726
676140
276086
865382
176842
625999
621237
289963
917083
682360
439004
1910
243328
925660
303616
564253
236540
311643
835207
797529
688045
303857
571230
233694
954055
633730
370225
301976
586540
433876
938619
840053
237344
166145
385681
968175
226020
151865
663097
304812
228713
943986
581589
931293
253048
576401
476241
9790
525400
921831
627597
836015
206234
273406
97171
89303
22309
223650
55986
437038
744898
871001
314107
875516
367143
217927
22477
723757
18986
229449
807797
537033
176693
795807
372527
479114
595267
331133
531329
690544
901190
603909
853019
631078
385852
168875
408137
611114
283795
235549
97129
657883
514211
287496
647990
498159
588470
658440
174267
32884
957729
390334
240169
57039
176352
530681
693230
323630
790425
662011
50661
404847
845303
932003
440532
562104
466380
27313
59023
354881
336182
243631
509923
856243
908618
147956
965138
608486
382885
845686
282584
301177
852877
612877
442077
642219
893581
787702
374266
975676
659125
98272
472373
428642
162023
94798
847571
939655
118052
906698
645782
382925
68305
820435
251903
545070
83010
677628
334313
859528
228404
320584
544766
538161
120845
395369
726530
105356
62161
998172
177815
492330
789307
975206
427544
257184
955975
183228
703667
309417
513549
436697
629063
663152
711952
190145
676806
464230
12193
457401
259830
424696
728592
847927
254843
245028
262768
951345
10532
544135
438951
755203
200249
410225
103635
703942
466980
443604
94538
830751
330642
161262
40180
29069
191775
855432
610898
417163
370294
49971
278959
735915
445086
304388
361000
558966
596199
443641
670715
193437
136806
503637
85871
500988
507761
849033
554999
464875
581274
802581
331431
877886
774296
227389
341780
491830
818319
479747
661420
210449
449758
129259
746530
954562
965111
403717
130619
279911
394246
950719
26028
296836
748426
241676
590243
221002
631492
28360
202342
588497
430080
527365
420914
458813
5700
884774
532329
266539
750360
173373
858684
123910
963356
725623
17561
842289
775613
428222
217438
993829
643045
451916
382263
416573
6944
286751
396904
597542
379559
469067
613005
688364
905153
399180
558059
753422
863776
761632
913983
308364
571935
585798
332681
963765
110088
956865
16904
311957
814383
624389
134471
517979
686433
672118
730695
581216
335709
234177
720308
263511
25741
209454
123121
999427
639207
578851
824663
414846
751617
16731
261521
583406
994811
978679
981127
444632
930107
385642
340183
724281
986191
9207
96745
560009
68303
257890
812644
269683
794427
331157
577760
39117
122900
321918
709964
789299
88125
350921
771100
23068
65826
143292
6562
620501
764318
737208
710704
444721
330028
28151
537144
161684
135357
149379
817323
989153
781672
99403
700449
526222
573830
527573
552476
197307
505002
514424
62362
889400
509485
489394
307087
842448
530448
676384
670066
614555
730015
835484
250956
628460
522013
314562
164811
975618
694416
406824
718475
230730
242672
631481
855251
778499
542771
890729
837228
341225
437178
154995
123538
664605
219631
27940
407262
422181
439986
444223
913762
793645
773719
605712
579902
734733
998170
191990
310242
748349
415172
891512
894534
760120
638192
416569
711826
972192
270995
638218
608313
945162
878689
144077
620215
458615
744508
269815
711547
244838
725616
368330
675746
287280
567374
594881
153876
770536
221891
174951
527508
27166
805213
656425
27893
923319
251907
767498
716550
686653
497875
199317
822897
874570
84900
354196
828877
73517
525903
278938
429047
406293
161961
559196
673046
816402
364938
58761
249154
401804
283493
664346
60521
302279
626896
619149
357099
668531
938240
35696
634164
433555
897836
859305
97743
440949
674477
97862
16337
396198
753502
519780
787661
97732
123446
883562
285369
929095
430150
977877
143829
322979
507073
958647
894274
945245
629121
654783
789365
797286
145613
950642
635142
983766
336082
961285
396362
65903
628211
892641
733350
840930
620088
722260
616158
134823
847072
535724
861349
15490
835202
866937
488511
220120
619776
589470
568726
782996
924065
948376
818110
243891
68741
733721
440364
281492
802918
347514
492434
253767
262758
300844
528139
93836
121594
879082
116788
307158
264887
541740
310006
156847
179771
415203
678571
936364
323116
714399
607649
122041
310596
715772
493658
480565
97749
206026
514514
223205
80030
265334
5752
102513
150054
947174
744155
859684
217520
785041
434308
78723
46072
56761
745156
14991
822096
964984
348556
820296
627553
557281
966537
354238
646266
97496
901849
296127
292833
836810
82961
146601
196142
250831
958526
606412
343019
714092
955058
243678
572474
797485
451930
484285
349697
863500
416237
183256
383276
218591
500271
881370
354538
65511
432226
562713
268645
627761
712991
501811
690822
572779
488886
808691
596260
336337
813707
397595
957015
604956
465943
335516
306098
627513
616247
800278
320453
94357
383723
653659
111866
187847
96426
320368
674890
22543
607281
808963
998539
48816
635180
523179
836241
961902
466595
942448
976621
142188
121095
139670
132716
662904
186172
56102
631096
278787
988516
782829
670903
300631
16311
802935
638700
9593
445539
764014
134866
940618
294542
162104
209
282152
595625
385796
314440
321374
773168
71331
994512
469495
374350
54744
371149
362845
963331
728313
286387
777402
468821
912212
967837
591974
352514
542171
48425
58997
865265
305710
362301
64491
104918
822672
545726
704672
538954
441877
994389
545863
604858
984205
372127
758468
327137
695079
84217
723461
338839
302415
930363
580404
273907
767024
610521
820008
60038
670686
935268
464264
877956
807905
452608
111601
686963
860751
752526
180565
310834
664219
810606
93624
240550
340667
880951
747927
567535
710674
43638
677248
745018
23513
139468
308860
36072
250392
191070
865416
526200
484536
377402
193047
363610
248605
257494
382773
949626
426562
659148
23197
42808
946005
105912
667685
802439
527379
379468
922814
172283
848965
279515
399734
810737
726264
363785
105662
670550
556110
280079
589955
21600
547057
673981
763213
482290
605375
295193
514332
11966
630496
389955
645302
360337
335372
518903
827026
476044
776726
456568
149502
213888
276871
536960
755012
159642
335857
154056
414029
868306
793161
889786
852132
364558
244651
713231
945727
757616
959429
389633
611373
616208
649221
517418
685723
482670
362606
229799
769876
859600
916977
381329
778004
553699
853235
178895
349364
74775
717893
741397
916502
771330
657637
366904
175053
937496
477376
364780
560810
881288
509332
656791
892254
46454
561577
70731
574532
847898
513471
871644
945295
762153
489757
95326
126047
970806
197560
179907
305214
434411
329377
806100
120989
23437
867777
87144
502287
898731
606133
387185
166646
263828
610592
327766
376838
816365
943305
781653
40083
490903
866502
385699
194070
259792
85422
773711
940623
254254
582022
872093
238766
35726
581656
145331
75206
537874
554669
232997
459380
555870
82201
676222
174487
507570
342976
498266
568257
242932
512774
650739
953697
26428
560863
34734
707980
391756
928086
570295
547250
188212
619308
813470
313425
867647
953436
204057
133236
385146
549768
434197
8622
402326
295493
768962
433948
451548
313945
645414
705298
916289
45501
35563
639173
174881
785147
892982
750984
664463
157990
707307
752241
182350
978948
973801
747787
852502
936716
740830
209050
61374
167238
120459
845805
143125
825419
834739
821033
642174
488066
394723
239899
168781
390216
419207
867709
132190
572348
831301
298372
25491
775172
841892
718671
504592
652351
913296
686597
359764
666341
732740
552111
448743
642143
880766
886993
73060
21126
565012
552841
488663
828014
487302
406230
419817
773625
640772
850659
587471
725006
238277
761725
616282
18208
282311
216933
480816
641108
962450
250496
783581
897709
572071
747170
545673
573640
65184
339777
981037
24521
751140
224775
48106
812574
36826
138687
442030
42395
169708
748647
65725
925817
738786
17201
638795
692759
763085
324241
329631
747677
507692
969030
61598
283014
617024
86046
404463
934685
158369
330228
115228
344104
767849
604467
100810
103049
103013
598556
307391
333067
208015
108204
885927
862676
728234
177145
64296
948363
717951
665800
709596
753110
900007
520679
292849
232566
774976
683397
764714
428092
712135
191373
670574
439373
995029
366647
127200
863208
788087
65219
553515
332599
112333
892006
831197
722960
150120
3055
612897
249445
88719
106514
701546
488602
638391
944105
99095
71621
212113
104371
621162
994568
88977
252883
70349
858788
112020
695745
438093
290574
610554
504229
895154
675257
39126
104564
55901
211929
317869
993638
268604
946004
110115
87246
915386
892971
602764
271352
722368
184565
699685
900049
33131
354230
836092
147637
112344
973775
718971
652221
962579
663763
716901
58274
967766
264986
741718
552765
143750
913032
487623
602011
560767
554094
36553
915841
596953
729483
28102
940459
972625
938876
189639
76329
674708
328132
562998
243717
938608
695481
108013
218198
657228
703442
471954
545854
427593
125735
774295
877676
917868
858533
820573
506973
63748
966070
15940
858670
643316
665306
730995
584389
991994
144988
642336
668874
78263
7244
955436
656504
409164
671150
134330
479909
112742
778201
747437
56293
882636
486329
523334
702896
322710
796041
282338
977804
916143
329331
731661
632274
155485
953077
257424
942463
851065
911040
699943
258467
581480
242255
359842
423693
508320
966796
547887
665126
970060
781860
208562
74286
87526
288177
235902
517560
867763
647408
908865
505850
123055
327541
862728
162953
775339
857386
222652
137531
349030
541462
518410
246475
62835
741063
298047
2979
178021
687018
282301
271148
991321
837262
263207
334494
238834
655592
419764
870250
258813
168946
453167
838077
626500
553129
119384
980473
55997
897428
609386
402693
746152
413009
851361
436710
881486
995144
453224
211415
344166
500938
626394
825825
545214
675769
500126
269740
14499
400367
885147
8952
559453
2946
93720
694052
743089
225437
880072
843220
447996
648268
194848
709937
950183
254336
307902
919018
197576
213521
305020
227762
579416
393349
898749
805665
173816
550612
340080
412300
175658
736652
534586
275927
864047
303791
554580
4132
618292
139518
97793
700956
37139
430453
353384
173755
160784
561171
232625
597175
458438
228317
929404
562164
620736
954995
522996
437035
970189
702180
967703
986
602151
93053
696633
558782
187639
130339
686673
762970
875177
697415
194673
547690
689787
981804
839495
593056
925184
171441
990794
995097
544356
461095
521591
125836
862234
239380
152301
582151
720344
5604
907383
179630
748822
957210
993844
896411
6553
99547
104468
659004
925486
377174
119783
384856
613589
48214
548143
465814
605080
475497
2115
828413
57378
119568
37026
493570
282795
451659
669291
229340
892367
254346
354754
744821
658068
380651
928667
599484
318418
294590
745254
676328
294790
769659
865748
729068
82063
941631
119808
213237
378785
928798
207800
405773
278526
662159
802609
210003
255847
37039
924702
503453
501456
582398
403586
910724
487841
441049
565520
25380
963724
996167
995602
481327
391127
755759
987800
454237
872113
460621
278391
676789
888879
895663
410647
109572
85629
539216
8347
331793
304256
29218
612172
299643
133416
209103
177177
739124
766364
888130
831581
922783
757982
486663
872002
896194
8456
772321
645903
410976
462579
663149
930999
741510
387214
678249
965039
356939
186671
844429
397287
692241
266297
942333
329099
632516
260172
216252
466889
999146
289912
839242
938339
513045
287168
33614
712422
922122
203189
452164
845877
898230
427111
812229
733333
230981
821694
978690
181377
421585
563061
967118
786224
880886
635184
762415
344986
684630
141294
180847
376545
568224
983617
251850
744749
813233
134176
287220
165585
862942
733807
360440
544804
804249
142934
865078
257883
596213
460362
305867
949133
110721
451014
897079
876470
771538
312022
696735
956447
105582
679696
311986
913932
28403
575272
130538
574509
585250
636984
895887
548115
394201
326104
660802
6920
221238
712524
656591
753555
693298
238529
789488
647299
596604
877239
267177
589732
107144
180113
858410
22077
613312
686474
220648
756402
544051
653024
158581
950623
544177
514614
174856
622967
141369
816016
898232
481475
659124
643599
538074
598393
454169
693129
971508
985697
611465
524946
813867
877159
52445
236642
68510
599914
719669
404687
627882
221320
426204
402219
763606
259237
362772
129314
363289
329679
966317
713036
678542
904134
258600
541934
888511
927619
54945
548380
661458
240993
200565
143516
352660
915229
24128
606001
595712
241477
299273
228703
176593
333639
9753
74079
203229
281586
307228
16552
330868
264864
372647
582483
734632
59580
329993
195150
319863
408408
853867
898326
334780
800606
781352
767340
697688
32862
992040
278701
342838
360931
458634
201152
319984
813866
924441
12776
939982
998521
232066
384933
48722
813798
802460
893172
428350
660143
952922
306549
710740
164837
629149
104254
734035
320582
538215
155381
964245
999662
938518
513949
681452
478296
819355
755365
332692
787023
439184
135226
845816
491887
164421
541545
382807
222365
148658
571668
976479
507031
134751
863839
576614
767143
495886
812948
151042
75665
724927
271838
854028
382066
801194
772100
994349
551481
170188
941147
744302
710440
252146
500014
555285
203780
688589
748757
462389
60445
264065
991377
472454
702871
219826
437706
331318
286418
166892
491382
295037
790219
451284
270338
678847
596241
956193
172838
390161
212620
571650
712255
986575
46223
898229
309326
30656
763054
230974
652187
70486
203327
598542
78915
666533
450650
6464
481876
82214
818437
222323
337144
35801
253060
814370
236543
897728
24762
37007
463103
35863
640741
19842
643675
271525
862230
801958
828047
206929
638009
392743
548865
38165
673517
344251
678353
528571
82456
421517
848290
464833
318559
85927
981990
296084
581240
44291
102979
83020
413522
709663
71375
39613
87796
524859
187167
757887
707273
453421
527270
597539
142286
31648
186997
660766
680466
394895
349886
963696
691433
616784
823559
80396
632001
747514
182176
871311
247966
484316
785740
593644
777808
758010
433597
592588
716371
434949
438164
325338
304091
635691
1867
835589
944077
842287
357589
435561
606186
722373
274391
573516
676426
292415
924082
194033
749717
444207
293231
531706
85648
359184
59056
124549
529002
272047
717037
425700
748827
619737
163656
713208
200339
67467
136575
839496
204604
682901
568254
659306
648164
661475
639717
377109
860415
339699
770351
815808
921468
803368
185864
99590
615810
411464
641965
560886
999546
988659
537649
937494
293906
574809
80151
371937
416863
663634
951011
994044
741788
945650
420952
486400
392029
967574
98015
472959
588398
225323
456893
886826
687824
950166
119266
362894
430235
202534
299295
928065
658263
649427
309992
242764
616947
516703
376115
161888
405702
132881
746361
505216
937399
573335
906280
924488
520048
711188
681714
498837
728129
901782
586886
108357
837842
569839
157854
729342
800866
869071
511703
90629
192416
8176
683837
865738
742413
217928
906238
578179
809174
85016
208765
285280
59277
939815
977369
101139
714520
281351
505556
883626
735751
181027
925882
727544
525829
458019
408641
899223
264351
181609
294272
991760
394632
515033
770765
626727
897040
435818
964188
488207
606418
344169
340226
176670
976990
574449
949211
208477
513345
941115
920374
67984
302822
760027
707955
769487
495408
563226
762837
361502
435866
973791
728157
353144
405959
880780
446501
552686
143141
79519
764230
60684
942243
917736
257423
389556
263909
37062
160372
491996
347253
937821
178445
400397
351950
151560
432052
197567
995015
299125
41437
226660
788671
400597
115503
887913
194849
494611
748371
734088
646802
477872
715884
966871
960132
745420
497856
325095
637564
641943
773072
807023
815370
382212
736449
92017
880061
38024
399067
706876
307892
721838
919187
755169
314810
357792
154910
706182
530041
149043
839885
882066
100072
561036
328865
157977
348037
53278
644025
808312
728082
520633
565073
778421
367618
675705
23276
292083
397707
16583
13199
617433
729867
694931
915916
436807
774961
826530
751305
280336
685243
361175
688176
57946
698725
574980
709244
228492
258707
966357
634740
174961
700754
727231
230388
644315
256516
820321
648354
784880
270928
700790
170504
948520
834299
993732
231589
400628
754134
156760
24404
761516
333725
392600
544550
809164
580828
146489
324817
970705
126890
566386
627890
756085
429782
413868
906656
707131
230682
693025
79370
391025
877607
560068
498403
11511
565117
981869
591328
634751
259096
549617
909315
736488
103984
107202
85847
273513
243156
551133
416644
274322
164974
179089
815815
535769
566032
406101
378895
95049
458522
917826
43471
453115
573479
83452
109916
802897
155237
289630
486124
393681
933811
750848
653398
23364
699706
690198
558765
147384
511453
155724
238720
520771
188954
611310
522655
906636
234668
796694
456579
934789
415290
761654
48703
261358
469955
448077
992983
420588
219071
281520
706825
391911
13653
747692
310126
836531
452817
524428
394435
329400
289435
757327
541742
344871
264831
958380
990407
291137
385059
433457
132268
100014
579795
576802
676916
35106
29209
394594
800744
543373
509532
118758
930125
927618
698154
6578
573352
603422
37558
530081
850909
106044
659520
1418
368506
199036
657826
120839
34009
605954
642674
547885
440392
86236
855776
170889
809416
784603
241666
31140
717475
448940
966530
395756
455410
859713
244134
787277
166427
366254
399072
487439
247587
146017
377153
313210
762668
344920
976259
75761
856101
700535
543392
348285
857918
411952
794680
148196
275218
45697
283097
495866
849305
449577
127571
558392
185268
875167
142583
174939
755999
832959
749450
33958
615937
190264
133522
414843
750368
894150
350140
714540
352159
203551
35070
691949
738790
81970
728208
458904
499298
232948
517188
196666
832989
34501
712812
667827
835687
599313
832537
449394
879144
604113
59596
41421
411595
972884
657631
984772
754762
255628
154116
804956
64196
360445
54904
247166
628137
266067
419637
975799
726581
590895
805926
889335
396450
773382
200381
750492
751073
112953
583437
641212
339902
852153
749844
578768
905961
315489
815548
516146
223448
955980
570716
631421
153082
816166
265757
508769
280179
146675
758240
232613
520019
208861
250109
695209
479592
968226
181268
725200
922149
962383
875573
285316
379140
36889
160276
208735
879859
257661
107934
731084
888245
117508
512371
31537
793575
905395
882549
13103
472378
209188
617213
634570
880825
432962
31681
758548
24995
994402
173228
898549
932190
268414
208572
93445
2588
741182
842992
318081
487871
987783
885656
725955
778124
127195
283248
349613
493942
719796
156784
373081
919589
168207
766699
97807
529949
670813
531092
88597
814390
348809
889772
875772
520875
190997
822849
615877
907740
352485
79211
691526
191657
346535
509530
736158
103448
174478
880219
967984
769965
394851
404722
987939
958997
997987
662265
856079
59314
303673
422502
826861
496657
686358
572035
359267
331724
679832
594783
146261
438942
424386
965384
482511
351812
567286
680582
909149
343763
750888
682073
990289
990384
681628
997431
98018
364297
361201
516495
327715
811611
619469
826887
665036
122224
780217
133221
46632
156053
543617
904234
231027
226363
242923
300712
346800
824102
772366
321775
384158
650143
750959
259466
739778
246270
66730
369221
797434
579578
912305
180115
617667
474962
947523
338825
471765
124023
285815
559024
225596
671686
985119
787518
988341
473210
964185
398812
829366
320323
302964
671343
5268
181619
189572
227996
672606
153495
293295
98636
82737
440799
310494
988539
71223
535113
697356
286233
61830
254551
216547
409674
256922
446711
467244
390390
435697
270631
292564
569441
904724
716694
52545
287797
763790
951410
694629
891804
250771
872988
296151
887239
539640
177935
111274
614291
811666
449837
256558
801856
587700
504009
525686
526654
673716
969705
807786
525058
933804
292901
487146
862600
900429
180370
499969
881728
870188
203672
806720
861277
11854
127463
752962
911952
586887
254558
611826
656777
821375
379471
329697
677987
287802
640408
711809
848159
772672
683611
716204
445713
282696
421015
166939
707169
6884
110900
459783
305258
259468
865470
648182
700706
443817
581439
624329
376204
792504
58052
266435
91506
438654
884446
645999
143190
149106
847314
301563
47414
940453
523053
128056
554801
24719
204395
769752
656261
720549
32839
474832
836525
406019
89937
715091
642807
97214
85587
191742
939185
73666
752956
643558
721450
904684
705494
864847
475460
463239
376624
148971
885327
267784
712455
66729
701542
712790
361727
896941
917666
347054
450543
953498
411326
328159
662983
649846
682394
312013
267839
495122
194883
338647
905834
230989
550603
473639
986986
961615
191021
737618
462522
675080
163687
664441
301125
344057
531677
921065
216516
504587
873310
120874
758116
239078
84118
510335
558212
720146
184129
618523
424305
612352
21493
238759
31800
452866
29160
293978
295694
887734
371091
414717
432551
724595
730781
7064
351142
992756
15653
539028
764561
702820
622471
234790
20564
652198
101298
404747
483240
14901
919106
798430
953155
979257
136173
454719
527261
671833
166234
373199
527419
112456
273350
438240
268232
290654
288785
617046
527395
376286
848570
880372
863174
839583
425143
989841
342476
403972
711722
653617
579372
969927
236018
128778
645966
334745
53266
329419
720810
885337
423512
955741
494804
523472
192011
920256
916950
876229
905756
816321
497783
529484
240497
89083
465478
855443
38023
463610
303501
22963
475765
734521
36274
711922
244648
419640
796871
572162
906245
715072
452479
46981
747306
621883
909386
923613
654098
337316
644491
718131
847375
837130
97707
324502
689417
187022
351318
951040
818329
213450
503343
197287
731058
237556
66374
744488
803266
433133
698077
833601
996695
931969
633972
595102
568768
301805
307541
26496
362600
672734
181604
256187
403917
245210
87958
913303
963802
110359
986545
169384
85788
349813
727698
96378
64516
942939
664162
852986
813454
668614
489002
213764
697487
411362
403317
61399
883368
251709
940452
448370
314891
327448
491388
340825
428339
368130
700727
547427
168998
106868
641780
915236
200790
92398
111074
639852
575055
606313
596721
422106
570640
961360
679011
689453
597873
708785
659407
729525
980966
799580
928110
797597
164610
998420
541863
36192
213956
688599
902211
774304
344515
417591
993649
515677
313180
895514
661719
461906
708074
651733
773620
392827
619264
985552
535016
795324
821725
755705
881490
134624
91485
736168
409693
242297
749252
364576
444974
91333
305416
494866
191711
794422
929953
311406
709862
832865
605406
962143
957137
583189
159348
676803
919979
89565
441718
629956
739891
81618
540410
662395
747390
232877
85133
445504
976731
455621
425915
762200
569986
212682
864699
248364
572029
93495
149802
906933
198662
944740
405601
956044
757113
472238
596261
208745
947076
208249
523679
64367
118267
995027
637416
326390
52404
745601
398773
631144
204386
215948
363925
744462
752101
172812
327213
508724
585933
108854
774589
794962
945474
729281
953821
523410
69307
420707
432833
533116
738251
553509
904130
682615
827364
3009
828448
25022
323613
895189
157167
495114
125156
692984
380875
850678
97116
470161
132628
742654
889987
582223
499919
823342
660393
816184
495558
372317
371419
745150
30948
942031
624597
999393
604562
626015
672831
178988
424110
862374
657046
101776
866104
303897
809845
666463
61635
885170
425279
280643
31875
517680
458434
684263
636089
395931
522395
656453
894337
126958
964771
819035
192030
620201
114223
920888
16265
654170
973187
601804
504712
717481
851604
913568
426070
32807
131482
603707
550289
687812
880338
636175
39015
554719
152871
709282
973075
540459
89174
379630
645930
607160
38398
796930
571319
126852
75674
833613
650690
258270
489371
478357
989989
26840
106089
577076
333627
870398
883906
339844
806873
884388
420342
447101
969965
220265
676152
86988
535496
916651
302637
859793
659743
778637
136728
939333
402571
170160
225771
364426
871440
347135
341275
254139
826355
646223
220076
327142
392859
678852
151162
796520
19309
929553
833645
264416
70223
926529
749421
547376
776647
339278
360773
473319
293691
681530
816964
271133
524930
876806
914937
704303
379338
406621
758565
861323
489173
605706
807765
797928
471848
301782
692996
468200
703875
381624
185471
680135
976051
300843
541932
138775
341370
602446
365299
761156
201921
496756
52969
172525
552309
832163
262069
128848
497985
724853
160539
313808
260831
400133
39986
546736
755485
102500
856709
399495
559663
6711
186905
191412
288649
805265
473066
252541
496191
981644
438694
948553
759739
924704
439476
886216
19899
550381
338827
717319
881724
248562
78130
94142
172030
409507
618753
36249
140004
109718
442067
303091
509131
801809
58593
495378
543014
215725
77871
794823
103956
621659
852820
553977
318568
125918
690047
649726
140164
920259
89612
341690
236019
584023
821319
413771
430532
462875
824717
576514
712398
327895
793619
784560
672844
741129
953371
92202
417792
615576
51377
557299
539146
618700
341352
919797
457318
338397
648578
249707
816290
435419
545478
193954
976820
675624
17974
620038
97476
183923
324878
451508
809412
713610
853552
1003
800759
867625
51942
269114
959041
395721
218526
384401
582429
88883
390789
799101
434332
257753
93344
522488
157003
666424
264407
325640
210624
151790
732077
609353
151792
588287
992024
897440
504048
810024
496917
542509
228106
208454
728768
712395
681638
304642
980419
510897
112374
591766
997263
55269
696940
171097
705762
986096
967389
283494
648663
946560
446727
997293
751453
336269
362795
259101
803393
581969
795753
210327
792536
508537
199029
959331
782149
956124
176231
136365
435066
498657
579034
385487
405600
762502
808068
415949
415863
144995
706765
690239
213386
16557
895446
132633
584138
971016
924830
551455
759540
129966
278863
222124
170960
178202
855632
335486
438575
81562
382057
65643
383121
723528
560025
625558
971857
786820
628626
236946
339573
737896
303906
13338
445501
205810
792224
81513
543097
745928
418745
370688
791678
744700
661582
285403
202230
113100
692368
935525
751327
934679
312895
841673
489939
582772
471359
840426
793877
15717
997071
215913
699997
63147
622439
653061
368034
722218
343785
827157
120842
143644
950708
601359
583270
874193
985507
795716
62690
744996
823765
52093
215353
78774
990210
715699
410070
340302
307897
746618
87682
757528
632112
596479
74120
375842
543076
131867
816864
818373
483245
650758
423834
884911
195234
377571
511361
726169
928956
372315
492179
892714
327821
44320
407162
631782
941959
287153
919353
515265
186769
981633
323090
713937
12100
707060
935692
620892
445649
320759
603036
757751
701408
892333
536447
487925
904414
172005
947009
147588
752761
555355
391998
574571
418757
939000
588917
39602
133218
627343
610192
356701
636188
643374
659014
293406
229117
936193
694670
821668
146746
684129
677537
932671
778729
745908
234391
20345
732081
555415
721146
760091
330202
792899
397600
539948
559929
845571
916763
79361
493516
625281
400270
441328
28142
253551
6888
627119
107982
453899
464235
894064
587837
389133
435109
599437
405011
69292
391588
18437
161731
328588
189601
959591
70868
897186
531073
395317
793358
790043
801647
548905
384966
848376
833165
315671
63644
445180
359843
327301
555226
594968
116900
904356
179933
21298
677026
589931
957073
727208
153302
257922
526143
732570
705967
243712
381489
707030
142579
191660
558816
826913
831910
510614
307661
408336
455276
297312
156857
870151
236997
192267
530514
796255
57271
128441
852699
66427
977884
60955
383562
153990
136844
407171
276155
905399
831691
994490
631790
366259
538097
78047
668234
959093
333072
462741
764987
808376
936213
262811
473846
815174
477883
499758
380901
560967
448492
812548
886907
432709
624309
16991
315501
103254
272497
215635
487609
56698
404172
855709
584037
618721
471888
892974
974205
810865
511308
519179
997154
548530
559603
290207
845170
701886
882532
637584
464942
293567
473454
630281
39455
83758
971860
987615
84707
492812
699092
71497
166100
747996
332047
29697
315805
569184
692425
973611
313321
405233
487354
338353
856306
753216
723963
327223
233680
969535
561627
754127
92891
967557
117038
145100
483774
107310
891383
279933
940327
629174
147591
524682
168810
392873
989713
865773
682269
290250
380224
510789
255078
132382
490925
992745
44817
815463
328127
742418
371725
369856
327532
592635
674108
996637
248720
67915
63001
48787
472364
621873
581847
376313
320462
611920
60586
458488
968811
685929
761715
528730
30470
413664
30108
988661
255308
399596
821025
900422
43752
916474
820039
405549
838685
75023
77931
118571
335114
227393
444173
804567
893251
462613
619373
948967
640694
439096
750574
203228
175326
839003
149096
157885
660304
978141
690041
294050
492833
415422
884354
921353
897337
483987
637606
790742
40158
583374
852279
187756
380635
728407
360423
715162
887821
113703
599452
344664
557859
222272
364172
594216
868971
70288
635800
493433
345561
5744
812964
776864
56282
315118
121668
142048
576683
833495
160373
550536
410117
905316
316549
285529
603923
918836
720849
112852
15160
463232
276013
827175
382764
292700
162338
355490
871403
193800
448637
175744
965046
737158
582481
765583
705408
738712
512730
379905
188836
560731
279822
559556
645694
113432
923363
925012
906543
388823
818078
57786
941374
175569
144178
127100
169179
365150
184399
79648
880400
448745
678659
665777
890726
569884
93795
169844
899538
114753
207008
692672
382334
163973
358282
808798
274775
105697
620194
657098
405306
261858
522621
455050
281175
44987
673412
618735
781202
9312
752222
845851
158452
495259
621037
400220
973741
59372
443908
701955
506021
380873
777686
313548
832661
782019
356239
266461
119686
687203
461238
975183
954762
234694
303279
499819
730262
198494
166006
854094
139980
195736
241643
690088
718681
238224
709349
383862
699277
453731
487277
587462
63078
475985
421921
222346
385444
380868
775940
621011
962086
164773
619765
304567
431685
970439
721121
82057
331875
861590
822192
295007
537337
923229
985446
696441
953342
637870
983345
106617
773037
109498
515038
123110
135598
785802
520704
210011
407653
621212
424313
249204
845806
863469
463907
348499
592682
708929
96183
772698
189088
312720
963787
368270
754967
207327
298134
579109
332205
615138
380317
119656
133713
364028
675342
821514
937923
994755
43131
644003
544767
391903
703745
257175
95730
318154
961450
290920
596332
970442
356031
588420
486996
866565
300548
884956
38469
276558
470083
654037
848206
66517
399089
31205
555336
213419
508217
311274
343837
920797
646117
597962
774876
739935
225638
402164
299605
633750
228225
672836
462182
541103
702178
839352
316285
130401
232743
33993
884859
959584
465722
74662
393219
397511
244615
990755
24992
318445
33370
70018
998114
885597
620066
784722
284990
290180
792413
886982
345932
485627
498940
211336
128089
891733
115061
58290
623277
569488
169262
905135
354100
89533
486897
637790
686792
227942
1929
75805
99046
463402
271315
725314
620217
363712
735088
173065
741946
489994
333334
347653
706280
331788
612294
733543
444075
769365
723627
683767
966891
873775
838857
227485
774946
10842
137131
830342
118946
225626
854878
83821
927595
879689
506222
173932
937449
983562
365040
478924
377090
661897
31343
893264
916756
664396
486064
996802
503567
283683
944810
414961
676649
514009
175037
870006
56989
913772
248444
412983
373606
77489
477321
199513
352027
116283
497412
586314
314407
103586
704880
425628
1722
326917
298009
267345
279874
918285
62213
562318
975851
761622
708694
754565
129991
961799
603476
263792
897722
316342
290291
808733
894530
612727
287829
623409
728815
915707
478027
896765
243919
897977
939402
184635
816247
142806
521641
917983
749626
856587
317477
768167
448473
241749
62075
233585
197478
591618
444967
805478
819904
488096
430059
891679
107320
748818
393718
940808
327307
747646
520196
892667
722306
867785
148634
860983
629643
454935
37619
311565
606312
850462
980386
138351
671785
978431
267348
666256
250014
742603
926298
410574
946520
115092
71517
848746
637555
543249
758825
624826
458383
306951
811899
897450
860655
472851
254649
394262
326852
497738
87521
845011
840912
433283
399538
836822
796827
851152
371450
454819
528740
497033
855273
51340
558036
998376
951267
684769
196703
364906
295504
527747
480445
580020
430397
60829
15418
133763
654153
331926
404576
923835
977202
839660
223752
801758
731622
216638
159949
286497
532193
594897
866227
555864
786424
922718
416906
323464
15221
851317
778355
542745
581048
670136
290515
281249
764978
834294
855563
530610
259738
490817
974921
489716
636533
724406
458280
434675
632388
532382
730562
492225
14836
785004
464236
677719
623848
702229
201557
794187
383105
23976
702801
788183
820010
146488
512688
695918
90586
635727
715749
891887
482230
658537
434832
838660
47770
677904
811267
323881
707735
430575
438373
394664
771094
725654
151780
131565
844020
302840
476572
889868
481078
761258
491047
524740
412912
953204
890602
812559
989558
923324
302671
214530
111445
434376
76181
818359
806497
131793
783157
651114
292768
322394
809477
179743
600337
462998
572438
411782
782286
507530
304773
664764
87421
885008
321280
338006
716436
165206
504428
281415
857823
775548
902479
694319
206934
340735
423955
769888
767045
15270
33719
299882
431254
828641
267057
58275
208939
205665
597071
773800
752695
718597
685031
70255
327166
179795
69254
120479
471171
646902
281183
502216
915596
358839
688828
505183
900766
616154
885275
912803
913223
393038
793282
829303
588881
333390
898064
288313
425459
415021
314592
779022
194679
419390
217333
854765
640940
951672
533736
514040
264953
312288
107297
167913
302775
159914
260770
130099
819149
503720
497507
653168
954024
494438
316130
159379
737889
580645
803715
365480
50098
832631
859093
760442
848044
718364
47868
168807
10827
3500
445955
361599
485982
944731
635831
197654
302833
691385
929197
987639
513403
996583
105407
601973
920508
811051
595420
941430
457450
992758
332342
623051
153406
845297
463436
586553
854713
314480
114510
614757
110809
665377
651629
229195
814263
272178
456022
976781
452087
688490
806554
260413
247686
107220
24582
676836
204466
908828
64208
828133
70923
627106
927670
892351
311480
163648
411478
612447
910461
235727
701257
338422
251036
922050
651702
871157
583574
454663
822592
565459
178230
733076
856257
641380
701354
580540
299260
517668
412336
509496
836027
746903
730643
507893
174257
324974
773056
649167
553235
625676
829498
887349
695176
400907
347544
51199
610858
692684
568232
684515
748816
218341
572216
686976
983353
54016
923367
212789
96372
295040
682789
557380
783068
310212
772608
168400
336015
566929
552114
199409
690201
820328
419781
461544
381959
669083
304410
26235
789330
161169
138250
890743
739952
176788
416092
246262
64187
993242
901182
981879
805719
363364
876484
254777
588769
753791
540126
817371
623188
769652
644556
951144
966705
653735
277881
730136
311358
443340
416266
580074
986025
460079
656242
216946
62193
227376
817628
885943
373179
126870
163642
750572
159408
127047
294143
575750
408081
265163
424764
857282
754546
551923
584685
916865
678968
8537
613198
614069
452121
735336
526217
73487
563790
162718
833981
846780
897852
961915
370442
194953
530279
372587
632238
53329
970771
46421
352022
977695
141476
991882
490755
632243
581044
516008
395669
549264
767370
90796
215244
363165
375447
969911
567602
320970
716581
105216
310570
467883
259502
322055
520461
350990
82049
371973
178758
594514
123829
553707
211817
925448
506871
185100
56798
214378
791506
24056
852538
850268
977937
564568
850877
665593
14434
481951
757608
587395
220209
289370
42073
67749
671211
729815
480813
29089
257647
724198
203319
817634
534233
327346
784337
825657
993846
929769
210709
291956
894895
15854
89484
5866
81234
84278
963639
485166
988004
339154
986078
214295
581861
931449
105958
587941
731444
1596
129506
470747
429266
765018
473959
707416
757145
472947
248453
125424
800141
856731
442216
885105
903972
521029
160332
464784
372169
847643
448761
523190
835384
757566
304020
779844
96235
415354
112240
102756
714684
787268
325050
230640
646892
754077
778096
572481
245601
1682
221906
393401
19040
563494
686585
456177
590220
295461
748997
402845
52566
790701
936548
744296
980120
111225
627976
654236
52510
373947
461339
819042
875632
173502
101850
993686
430717
416553
209666
249866
61774
860207
177541
78044
556095
553056
972408
595682
606104
980978
943496
931726
691235
169593
447925
138241
568545
706246
44543
269478
190738
291633
248577
663232
811179
513448
538897
662626
133155
54860
111578
463459
399847
314098
502054
516068
755935
121930
828242
741419
350322
556698
351597
97503
61461
404345
917066
526453
868961
743948
910961
990427
933486
908952
518924
7500
437090
708885
737195
916290
969181
689345
232669
736743
101712
1319
404917
706835
997756
491265
515509
244690
646016
113957
968364
860042
175039
171989
159357
897988
798307
682043
13258
440393
683433
735964
953543
131423
833840
149478
92378
580384
830149
828756
972328
604964
24096
960007
221697
451482
379401
503746
528203
996995
751374
144138
980635
428997
41706
208755
253155
853863
622653
9140
473479
493931
385893
154047
200051
847079
684994
202923
75362
740720
689709
973245
247252
65954
356024
324270
735167
162459
77028
799138
32511
566710
602152
773973
218525
603473
526875
411221
759094
350944
940444
623624
467691
338772
523277
883427
655160
325861
491001
816352
750643
979143
818757
566142
102212
946622
640811
517618
747868
354650
449990
339324
986175
801407
388365
19793
635629
662586
897408
13379
875519
522845
769185
751723
764910
742230
174090
825948
166706
304612
44834
984561
214308
993210
403610
829061
93511
145101
422171
431816
19107
436212
210304
7899
896146
317830
536442
749008
919848
250168
414295
254936
84128
121828
606844
340899
207098
40742
859745
460231
777990
770690
398662
586792
760816
735301
98593
742022
226735
950423
792207
621601
153051
21307
981461
614618
608253
739544
123254
524362
504898
29036
83300
598083
781307
101280
32100
976795
117745
500239
533634
477607
20917
104709
235932
814737
140565
228227
567894
644021
468926
17278
315751
304507
811479
88834
884778
611684
632741
815985
661399
174395
737260
918937
58660
563182
715148
585107
754192
316131
761116
51499
819631
76583
618514
789584
800630
87186
416342
730434
663824
484062
9699
262154
544909
163155
119841
429567
657417
226954
484767
797740
935480
719844
563205
739320
996254
107519
588071
519483
339717
903913
189179
316161
923849
710427
144839
211116
430404
51901
515084
391404
988667
734827
834519
433983
278251
40037
19644
111235
288296
83423
630677
486580
337122
273022
254956
260427
965313
788011
343757
978939
154748
506079
882525
595496
242366
120860
89244
442110
496170
420002
512236
914448
314673
605512
449854
732972
685525
600377
321677
842534
272002
182152
19894
337383
191638
963979
631245
162093
457934
556050
793978
630051
442651
158063
665099
812966
927369
989525
176307
621804
532434
746513
283981
743026
842814
492850
406199
273899
923188
478836
351948
102787
996553
106592
552858
949828
32432
186418
402226
329880
242800
335840
496713
578751
123969
637675
301271
433624
812251
948483
436250
702950
462266
917714
592649
380693
830233
720204
684953
35120
193913
41418
373453
633757
813407
46780
928234
603597
579419
238081
119923
210208
354978
436856
14210
414056
733139
778780
247609
262346
386780
895718
905203
948934
88911
225374
693252
159662
30533
636629
97062
53746
309568
186793
460970
682469
316664
913917
668363
129088
156054
434215
93326
822873
228665
707234
870472
797799
324785
846116
862462
944975
351750
275272
226184
363684
283489
993211
20822
249271
115300
56050
501448
439427
533538
553674
415734
365475
984943
320294
931075
478764
677835
998253
155195
418568
818723
513455
904507
626426
252905
989881
244413
907340
890290
581373
312381
552949
467736
146851
219593
997017
401410
315825
890516
894877
792980
72766
112807
576267
898493
948850
505849
353092
335621
7481
707923
86439
479294
165947
262433
801389
117166
7594
558805
498941
485522
196936
845017
150551
936670
951556
945185
672923
180001
345656
697101
492025
624736
307182
649223
627560
263517
606583
480720
129865
195042
539887
422522
167488
637718
843611
753114
797857
427121
325873
247090
284392
848360
699278
185493
668719
112463
683264
451823
535301
954964
49579
31627
585158
332520
188493
916982
557097
323096
597288
249961
924309
122690
485528
789482
723180
132927
493057
909761
940174
135373
392692
919089
604803
986514
29837
859483
414728
847818
517514
898334
814954
454566
979212
899073
715781
259932
63390
821609
924988
52137
709079
746334
601050
798226
150428
297130
179357
330680
863494
946433
198863
906831
818896
427337
448012
844860
617714
321861
298378
125498
597105
559513
204847
261925
463200
823696
140149
243902
559282
719353
37416
393546
567897
887276
910779
685980
868007
166080
148670
98822
644006
747075
520635
533244
175317
802980
730575
305011
314216
468164
371526
419382
227341
694364
160662
339471
78216
221297
701724
892294
293320
806099
642786
894349
179157
370219
854691
512789
999545
47841
814315
276349
538654
2163
941685
729908
636238
386144
861044
17955
665582
39052
504260
771925
620703
388461
783863
360310
469892
595839
795085
279284
708933
105058
16347
748348
252612
373321
369955
74542
184500
881958
755493
699672
25942
212209
487219
649453
890470
156931
45357
239401
113613
441528
541833
920478
198353
964667
949483
367927
230062
520467
408862
370969
803116
147508
195901
266512
718445
420029
280486
193979
890630
167048
357577
960044
521383
37009
240146
275690
44990
624453
731181
610627
43433
47545
247313
433496
908080
185247
161331
918135
266075
884985
998554
883359
626742
166930
684094
947711
46592
782531
938750
523594
822771
364015
73384
934593
507649
693993
833622
292929
58453
587754
879632
830180
644212
723998
106944
960030
961235
911568
959713
584507
163050
485963
629228
66254
459136
317548
864323
306357
639881
384053
900798
9028
529145
154778
290268
440588
505664
983623
372406
837694
871300
332292
212754
882655
611694
105886
157730
302892
585992
790536
903551
209348
306552
186079
913921
62981
294296
76536
418731
704421
687654
334860
398736
992676
598516
679149
35221
327356
569166
871893
709895
240364
976096
435309
579764
639534
577466
983046
405386
995889
125899
509381
703166
373912
451438
330125
217113
40887
644149
775460
955574
379027
526475
328235
219413
285744
197533
903286
187376
850843
406311
676822
657407
423645
32314
979208
559328
117781
834555
827892
609971
271677
287287
900816
43489
516713
104497
8146
269647
340681
111577
671232
231161
531756
764795
916411
401345
242833
782225
26047
52185
760509
543993
839976
64246
180906
792479
396945
975624
668444
194640
404161
976709
551216
756221
184530
345993
579401
851566
886086
567833
633729
364950
378378
515760
544563
757725
739605
18399
119965
672599
70996
490890
443399
517302
351105
324604
302159
338343
791904
702460
567752
859918
471974
154020
185849
247930
301078
244396
923061
755601
982572
490014
217057
714063
519558
594120
231345
555961
714181
165133
585848
605975
982939
727616
580612
397498
680229
113978
192748
71940
505372
873688
147904
247901
30827
67294
884602
277620
489942
692169
518974
11889
483689
740355
6248
858167
116395
838560
239316
873111
469595
999797
489374
3791
268462
523172
515140
477729
886913
206981
277906
644879
121608
261174
617143
708163
513018
777670
885281
198388
574373
916975
161956
991414
258957
856919
578192
236688
692955
167947
962415
729753
992361
987798
346154
606967
131648
759731
429744
290809
400448
880074
276892
974428
854467
744387
190589
371626
661068
996771
957808
336353
482132
320104
78586
792046
708619
211959
572876
429715
688179
664096
926999
326382
87745
183394
496760
888159
647296
729362
691986
766104
455160
855857
128624
730521
202711
768627
726957
898058
209533
367271
716953
850019
207128
626750
868363
921948
808611
978261
38770
403323
985784
584007
904045
186548
387989
384703
895705
380807
46348
865828
771176
131401
679714
850809
770236
918547
140468
643295
99776
163296
355697
92288
59158
207828
400585
545885
725567
308785
600193
251747
715077
61920
637038
407747
125402
433061
777092
742360
852740
978170
735303
669966
503744
980175
722138
333486
860659
874449
697647
173328
273528
230568
819855
582718
394367
859623
559131
74712
117552
153019
431809
994609
517953
265904
928722
240412
743498
347386
644552
598156
136180
9663
250367
794305
94100
378070
824116
339817
527537
861974
974279
215254
233009
714286
388743
71765
113275
562569
59509
138072
115874
394097
500471
895292
493592
454683
606876
880689
50362
894055
516738
475114
381433
691758
627094
342435
918097
928896
679923
98485
899843
348559
931346
209154
726199
502362
114296
807640
280644
664214
755025
292859
55520
185043
541824
6295
97579
28690
700675
311766
815999
265076
946955
420419
380835
485733
926958
983561
741814
856161
489431
676240
503769
220754
964919
642732
110080
773849
671502
857445
917377
701219
540996
936155
500183
456685
954644
832188
381587
556986
835592
464047
735439
680104
507902
467692
34715
109327
677371
706330
740462
761791
147779
774344
34671
468491
266768
194474
918366
38583
860219
33760
530817
482961
172847
174699
612835
451963
692318
298903
82228
308885
682461
340445
517374
772577
400609
9293
5885
325701
835552
404932
307059
779127
61188
661202
90981
453976
594970
976298
806449
791219
613799
69
661140
207898
191093
635668
39388
183885
556234
13821
390073
210145
979811
451718
933244
184201
843127
475462
453064
707921
903995
814571
874718
327274
993494
555383
781722
1339
148780
846011
143758
765026
119258
474846
111009
226476
200634
652490
100828
20150
163922
409916
296250
410576
462581
672126
452782
850932
585527
133026
745846
615618
492460
326948
577288
587317
544395
514873
973166
488107
960237
581273
937384
78464
802433
245334
143315
175470
475882
671879
601289
761906
744435
788686
243387
581919
215754
879728
263038
560770
656925
174483
166773
387367
192002
129692
443278
124066
414891
190346
668564
169280
502010
313349
844284
119123
475443
413877
154696
860741
910925
110069
33502
678511
200514
214860
167770
485912
335531
166403
857485
969103
75084
182307
259514
606216
689422
294251
485090
657292
61291
289267
405152
424743
490000
546684
433973
146219
692579
45108
751786
973778
235683
20308
939066
874324
105534
345369
223454
317495
150771
539837
490668
119309
277762
379405
880626
462379
381981
86954
325632
990854
411268
565152
487724
907094
943225
784633
159854
275719
129936
96273
39960
588494
422810
503333
433193
514342
888974
111077
597108
610270
372576
41529
834905
791792
367302
578677
60849
929528
655311
988688
165765
739863
971281
602306
351959
810973
853628
291244
195281
386006
115242
672584
263352
380775
633314
766857
735055
467609
704997
48519
353595
455987
325985
46542
322984
584338
215577
991025
876481
846931
225831
915339
854587
526181
744164
549982
27410
735130
985688
562413
182913
28543
950904
853281
485551
224537
790080
820624
818845
397627
374366
576212
267387
631736
641579
826674
307874
744461
48192
262927
975642
322697
47484
517422
634281
977609
706806
11629
944856
461826
456845
685517
726240
851060
122519
280834
200117
861678
456043
795166
863171
523079
553195
1196
127036
681872
274956
185926
474544
889134
638239
319572
614297
548078
549724
201976
910293
466286
25020
559893
461608
965276
893555
235473
202772
730452
3288
281140
208275
308402
295492
513236
924253
812939
496602
729845
837788
233405
33141
298170
223490
801861
507697
832912
255811
400893
841137
965256
225785
531237
114342
664805
425353
595832
420321
419934
134268
206344
86554
151828
34262
194815
139440
5346
957055
509934
272145
918179
120225
375761
418612
650837
286589
134739
688884
430306
276598
506027
24459
579258
207122
817854
542740
856010
825470
511573
362100
622176
537022
696231
496493
908209
989493
363324
559223
345375
138485
910157
789832
487875
145311
224656
577521
638677
102302
190062
611595
712375
788021
376999
449092
522917
636482
684649
944993
893930
913158
488925
212635
145993
969170
580528
678214
936868
512481
10708
934116
69187
50481
305346
352634
789473
940406
732762
948857
365095
557410
960342
534849
850150
275874
981676
851989
404629
702062
984547
2634
502235
371119
108817
474252
257388
995999
688652
120202
790288
503977
880856
979636
953550
845455
348324
863282
697699
171154
749992
331691
780146
168523
820002
444486
295161
808015
939197
498237
180248
496510
565848
725180
364108
776757
53924
796666
868728
538530
286118
737491
321333
483718
244574
459432
930955
36182
417708
641684
898245
577647
506439
664583
521802
