851337
757151
287990
18742
501618
576650
364747
250270
457669
924592
32666
895011
71243
316303
132389
627594
312502
518968
998358
295145
317430
454124
355235
413918
203166
490152
402892
998310
327619
766249
893771
40152
545679
369498
181888
647521
797826
230460
635818
280737
677921
517937
717517
485199
172337
289857
426414
701009
291200
715024
201272
202705
722757
16818
37300
466954
187623
35866
744474
597713
937451
784828
317668
555675
894258
645953
873064
136152
161060
30147
959296
881831
175898
793591
494602
833067
87621
541523
99608
542510
696098
630809
880727
822066
117683
225072
343186
569099
640722
914491
622861
322656
146150
53375
727803
489673
110425
723099
978472
982170
699288
622111
694961
247943
968020
651554
247049
496312
210533
111771
656775
850983
937732
786777
976502
162041
833598
291276
631413
324648
376834
249986
826120
68957
666673
145056
920833
180573
792313
251340
514620
164947
678365
626935
213270
325825
297361
382911
801857
261923
739280
16171
29066
429617
215011
616719
439896
427036
599176
192474
368489
222991
392789
37156
991445
897083
404823
474152
465917
626777
984275
941917
342209
596061
553664
461040
175949
264837
890600
485836
863306
815860
248967
168883
654856
212851
252885
505260
878394
211639
519350
188223
299534
512346
684256
507352
565849
590954
672805
288294
305827
997477
475536
401547
950737
54684
373514
980976
897918
638783
649768
833148
999576
647073
611009
928958
930990
863693
511520
785346
234949
362920
944615
514461
280607
644505
56790
480200
926247
381006
107026
279531
533186
963009
723092
150429
667474
220982
36908
542423
269015
151042
708654
686400
510290
541077
305698
748155
615198
915140
45075
370910
532455
873169
983075
931043
371513
293572
162923
719819
262231
634787
665924
347401
311850
258747
805099
2986
611881
103161
233277
833526
203839
434759
437901
893955
858160
262316
773216
587321
372832
119631
845261
953689
211785
178271
431375
147626
511254
441033
486562
284271
352145
292023
15097
182917
203648
54664
91082
28633
691317
972263
101609
392880
447746
487204
672254
258883
595650
9586
915381
389936
897921
634608
901020
450723
534773
668040
185824
373001
532956
184744
820586
505298
314522
531568
595997
254950
423546
475838
578609
389838
716186
81976
388659
639140
556837
20683
594341
474641
88934
151019
322873
141418
46890
28449
920924
833896
675550
694582
526304
976731
729239
315562
459366
704526
544654
210305
712042
115147
813388
705102
198574
433119
456652
203227
549501
177490
290084
607076
889700
87537
718315
853065
45008
438489
267877
318412
414369
455381
70117
430586
750596
465301
247460
319709
612456
424628
805914
272612
277273
788706
945180
615315
809727
373060
802275
350920
945833
356341
611185
17412
699950
982791
228279
934215
759044
466033
644653
650619
344052
800001
634511
120644
117869
395544
495183
96105
734741
776966
530431
116937
522922
464101
687425
164879
613967
378215
589359
28323
592998
136307
409127
807224
575512
222902
458
336454
640374
234766
234697
768027
697138
287414
73799
816855
571404
757709
313423
757813
493724
522746
885831
315294
762755
378645
876784
104000
599572
234011
922054
282647
773640
916242
934552
230171
155220
129123
813324
345650
513521
579857
463300
238519
396758
533402
541991
116120
42877
135042
988786
16023
466825
537679
354721
853218
872057
300008
486208
606473
124255
85410
977065
896819
857676
758859
858668
691968
796227
694165
106102
276651
174163
10505
539844
703925
67998
771068
65294
382458
769805
383346
923969
89873
34544
70987
86999
809588
505839
421687
221182
755623
101148
927499
403953
30245
251583
20204
865858
967774
768777
227219
114982
210788
902652
527256
437738
775933
416239
600230
920953
889305
113916
76946
231003
699730
290638
286796
799282
805778
777116
29056
977154
857358
536198
297993
266096
458014
843527
703108
182116
754241
999200
668374
328474
572313
853165
708219
815339
760284
758788
686171
94705
267411
400949
505571
591889
506326
116486
261633
932793
680380
896686
658619
556053
942238
208519
492363
380459
714411
277891
948104
801268
789724
741715
830427
579474
998982
82855
924348
104607
808331
464704
737900
514688
435501
40386
604428
558159
667919
64581
411462
315289
507062
329371
287321
348651
59603
107797
134152
275257
867218
376676
327664
651726
572556
638780
260979
257969
146934
99941
269481
732718
51618
980336
173554
228230
193286
63867
108415
756325
227206
898636
391530
333957
466502
190932
6592
206392
896645
525043
746494
281498
712066
873912
854393
220962
864099
437256
475153
54375
57548
68153
818220
701513
793740
78007
527221
890258
16483
477211
233645
99540
962036
163485
976618
619199
207212
976882
885649
401138
999757
718148
526663
588839
469236
490663
914108
136641
169114
273373
184846
694053
568980
322260
504419
227703
509245
504628
811760
329765
10693
307472
781648
648018
236675
357895
103002
825345
347715
718707
552668
941328
367144
254538
497634
673898
928456
516784
372736
368825
974570
424132
476417
308542
911196
737700
502771
933863
428706
944768
270460
489252
387378
400489
956197
917707
333968
455743
836011
200870
757418
60000
39200
782744
642750
857879
310296
326278
26714
172743
849252
377079
404727
938702
34004
509789
333621
186323
328978
228669
264909
60810
172350
873441
525783
487909
805937
270208
330981
878388
322782
899557
419386
570812
832840
203236
135446
277787
649541
687678
160065
419979
450595
508115
763359
689496
237016
668254
486381
410090
802195
278320
24478
