66740
563613
877918
823408
941334
390488
354172
740250
111471
871627
98000
937852
835123
484934
414407
115845
628064
788122
968775
553183
316079
927475
387537
551725
911193
786322
705361
961385
456439
652113
482334
242120
502564
996977
663135
849316
234689
907165
863466
350803
590505
317988
980327
718351
970080
941683
103956
83158
909488
139742
603937
693458
677701
263053
362105
175690
796002
544509
827303
201854
502769
359771
86315
554461
146366
104892
313724
883471
349612
64332
219565
455494
86134
285234
356378
91844
229000
247208
216191
462738
88936
153329
594034
496074
793460
434929
369106
378728
114338
362789
443707
597441
78787
798224
141162
1460
274443
527324
947097
567431
59129
652028
510612
39132
14845
335238
372732
281802
740651
882470
39141
492277
146649
276731
879283
276240
533409
569677
469518
460308
922062
277087
355194
36265
122553
819583
806756
160833
532011
285551
420616
983961
121831
882852
680233
458842
538135
73141
470537
683312
800274
778836
450408
563100
433498
224182
484197
840491
633293
781427
535412
762520
986156
823894
187680
187728
800361
608922
425437
116634
768958
877545
905673
903959
64792
859767
352856
461569
647076
634126
695013
634779
463953
751542
933886
435986
671217
126208
341370
353170
365874
372927
112140
45548
89382
184103
18068
702241
397740
541918
370644
197795
889079
147843
50079
316744
846
949657
688373
738140
938175
812971
899466
489904
671312
345805
473632
369083
269642
68561
983190
146605
690787
806712
208545
658450
922424
524503
782279
639463
397496
137833
459289
475862
604875
87728
311483
552503
311869
831205
974426
707426
864121
471489
929495
312258
789302
431779
684419
618606
42636
349270
859032
687747
208586
933188
661919
458147
679619
637450
210586
11868
748942
83544
921978
112834
941648
798386
186957
338770
213817
527124
271092
666762
927453
563997
895442
777560
851388
752626
271334
709115
102540
607343
502061
976685
93954
251678
458867
825463
496726
477060
679582
999737
394149
57081
840948
210253
473223
810414
390852
48635
996250
440845
902847
769639
300847
116880
562240
906185
3928
439600
486008
870431
517919
515458
99136
194368
916479
712564
559428
709107
702301
4446
890372
109208
983722
997203
997705
294689
249072
580356
641528
719211
82166
467239
252380
608197
396976
45983
190583
130807
424530
669407
853894
913980
396372
827296
167913
351590
681762
317860
156392
195384
922976
80684
24894
831181
235901
399272
957298
156279
744713
913493
329151
388324
73527
288303
676848
616361
486826
721030
56289
968693
958240
107381
204033
796399
404058
506275
118130
692891
73394
103827
313081
904829
651417
611202
7699
591187
375618
950849
666448
815125
582139
483601
916451
799592
558884
352184
359422
808233
773492
319810
450298
653778
656420
339680
19953
107963
594033
588119
445576
466696
19784
300525
869736
207299
323492
804479
936274
523576
954939
647436
473578
261416
603764
515635
446625
639055
557618
523078
675640
523066
29718
422242
33841
190910
771252
208241
518212
287505
487828
660217
175292
955528
347542
121346
76671
352291
726738
916407
277699
743084
272036
408979
571402
131012
570769
904052
490824
330019
868665
482345
810080
876906
521171
334286
789615
841323
340469
67758
414738
483237
43366
238646
703118
960895
109114
359727
928467
825578
174622
751754
949163
148427
712920
941178
716351
760924
669203
369314
595768
54172
764743
988754
552706
674869
40200
237521
382940
613290
223889
898259
248340
925818
699038
404183
625818
32880
605379
528747
906480
817648
169791
984010
761766
379544
519141
301217
455440
471007
890896
189430
729525
418860
419038
366129
66736
822768
848850
568125
783780
396396
874805
48637
960201
354789
951730
859594
469404
540637
596356
835458
678529
149976
648086
317897
796063
852483
101621
927212
560189
960002
443272
370677
408671
504082
336977
421484
218184
362129
966386
416000
605016
889285
402175
437649
380140
720105
545128
648794
369506
622461
769943
551680
189062
5300
325718
859792
516291
855718
489994
107354
659268
124183
557545
543400
56281
905192
952020
192756
959788
260119
779257
844557
689843
947635
40033
809613
253816
277113
95395
180519
703135
185229
102208
223231
576675
394894
132929
21667
213081
513300
147227
936136
636559
583472
648388
768836
66093
370408
482213
352994
379061
199862
524199
966336
206863
279930
420046
254963
946155
187205
775795
755744
720604
794323
301473
14017
614627
396460
52608
267381
846303
819476
282011
800113
269611
713677
138690
514778
519515
117848
990977
861828
31343
272913
602599
250160
669820
48144
254572
675667
581954
59150
30130
852005
236838
129276
792740
917319
456991
85745
745086
778797
269538
154178
871539
116137
325869
137682
974072
919433
875808
302472
9002
25770
687515
497364
956468
494118
655761
222644
725079
693574
110264
136881
291725
4329
152140
453906
31332
858814
200864
219636
352025
459301
694319
455426
721735
631099
537517
267402
278345
26347
319292
807092
318891
382465
321957
865827
472698
133683
421232
403047
558175
76246
810825
149595
129418
373755
111363
95219
223392
557920
596664
172805
428558
865855
979977
776956
517980
102587
601331
540117
452453
165286
935234
997270
194589
189633
367910
347888
488899
4378
161744
202407
665278
815940
758950
490903
836562
683703
262509
570171
22241
375246
353698
670910
557522
628388
312955
64142
298565
950805
603483
241740
170621
107468
676320
383925
304042
366631
372159
884674
426849
664056
943998
498318
760358
345734
350250
128793
975629
829234
737524
21373
802068
94741
937954
266115
397479
314647
748073
889410
597227
250560
324563
135047
969327
958897
725070
64972
268150
472280
850228
543082
892854
193361
667639
797513
836991
144716
521610
881923
273343
779586
812547
755104
891193
231442
22790
884757
403016
507217
579229
433541
899847
551875
965698
697045
527340
4137
290404
856313
623525
855501
345174
787398
864235
443496
130508
482492
952634
398072
391228
411196
162790
316895
895394
213134
591075
119803
700785
665992
638043
488191
975246
186427
299812
999153
329901
290753
835538
322899
970432
187180
257347
608786
187427
269240
974786
91715
181419
679437
859494
831879
373942
493795
243263
862877
507253
334815
780206
164474
12039
657515
575735
116953
333841
181062
854927
67193
999073
672997
618239
174665
414326
714620
102457
671137
410747
297147
545756
89106
374689
213548
47972
342324
810594
258595
816064
979896
334943
268293
228864
820212
666187
478693
116305
534984
315813
209237
150024
279847
693566
66270
681454
884594
470031
759805
738810
557473
265010
583311
174672
999629
783309
54580
525775
691935
308914
265558
34173
116526
764761
969067
441422
85117
792029
766233
2587
927060
831761
477775
885882
601856
803564
52411
994001
204978
615291
627769
114354
660212
684814
358832
657717
849130
443152
304856
523699
379693
105158
77749
531433
669284
844358
641458
276594
433518
603583
951499
486545
299708
418176
335853
555776
489118
478383
352269
263688
669701
143617
588993
936241
157389
723879
227317
338802
760366
972625
225365
763718
237204
453403
990723
881105
213135
880293
512197
570282
524956
141327
145221
249954
578816
502001
547298
584648
74237
678111
989576
233432
156668
162744
2498
391250
367105
815277
93581
897426
430808
370680
124348
739116
476052
178309
120518
516305
684975
446515
872742
349825
206597
542762
396797
745239
786486
412639
752240
853363
866768
694283
775618
457266
941443
403533
268627
315300
562325
551407
830258
369547
104423
740623
366004
648232
534484
753146
65311
488082
750248
331546
333269
285418
659968
334715
147631
328494
572605
940849
167084
834442
636742
459708
236628
842994
471372
15248
942651
821271
983636
125699
100733
99511
394891
225469
890455
658116
949797
474803
420059
925853
515926
675752
247012
4596
42487
486375
407851
123920
796045
629087
690149
256232
916549
899947
361744
672836
607555
505189
263453
308280
859098
960903
527148
598013
799869
134529
481528
660536
588221
753623
578358
223115
431080
99813
42593
62627
246086
668965
410828
61128
790678
60238
886300
43670
107744
590857
345850
889427
45556
53512
604358
291828
678102
610055
77934
864851
822586
226835
875198
112536
307889
288227
551839
951726
33489
555305
233579
672652
365405
369325
526444
891899
984417
452809
925045
736625
421894
100266
983843
785127
33094
514878
297738
872965
464926
138983
922585
963589
805935
763325
934944
716028
390672
295652
737986
447744
179842
904072
703087
972865
380759
20517
434988
191570
795687
164466
635757
837787
546489
436681
634311
554485
879987
956395
646328
303555
196069
145884
768666
460404
364301
441655
527880
484186
936385
259067
13424
46184
99513
675621
13496
639000
70226
388966
367604
315664
810726
11261
491308
24554
55293
470468
687732
843345
612858
834160
906447
499098
136222
741023
57872
953648
761893
979980
909160
566582
468109
145358
914589
264868
708253
401418
731565
256559
808507
443983
315762
536322
346747
119949
927792
766174
945855
64139
857984
400005
989204
724945
423783
3883
954225
368408
848527
806987
305103
596108
869411
704546
987754
95189
174375
989751
310679
815908
574807
70066
846306
546195
474158
248385
664276
762532
524847
629840
689577
493060
578057
984266
652407
553666
351679
624506
953784
677183
761266
767842
738340
239385
329470
564425
470220
471035
746574
428349
593604
978952
868732
726787
736539
295921
793995
690323
458504
208588
161388
312277
23112
110678
808806
59781
903837
897596
152061
869732
145451
809788
743412
378480
988810
576822
935639
122845
957308
866353
347722
793743
682875
531882
537390
143227
591727
459323
205802
3991
145972
623347
119245
389034
276976
378764
627867
97220
309953
603247
768292
513123
651280
166147
635402
13825
896799
654956
460612
634707
849839
393267
17460
236217
300028
164861
712491
47467
969836
388569
764887
980214
422416
902192
873256
400161
153769
56721
293986
343973
754746
154120
649896
454087
140056
626553
211860
195318
41419
609276
308823
505401
885101
941987
159196
550864
649308
881402
42144
623323
45657
879146
173481
175620
887746
157195
256287
211441
341049
985699
756569
860618
427642
513511
282560
616493
408358
305054
365691
838378
448702
659594
612875
423011
43232
614790
943525
658289
13629
139300
536289
933841
823970
599380
393893
778225
437238
968112
178869
271798
381340
209019
376411
910819
980754
440810
847210
664395
528992
892040
607502
873822
875495
518982
581652
682314
549920
830681
84314
336982
997029
20108
919500
56756
312063
609882
158979
93794
64327
873984
587723
495448
940602
422860
498368
686323
278217
14823
884631
319726
395916
586382
436209
756511
100048
518127
199082
310495
242259
608690
701404
902492
108084
264455
418979
963073
407033
700714
570643
709456
503469
928212
505541
728887
212784
966968
64548
745304
397116
993165
377309
311696
768487
199888
786047
322092
241834
492326
496110
119489
964914
726473
843452
557992
772057
922374
166737
533364
754774
826572
326988
756123
550433
656558
793003
151010
782493
289746
278113
332738
330443
340785
920979
771399
952880
896247
474529
828147
886490
357334
904705
439163
659415
555897
903968
68164
113046
938838
90504
538201
163057
963479
176825
528514
824964
791634
78721
413670
720316
88297
263883
560314
660588
918356
370890
848423
224875
617591
246965
768326
965209
163753
206778
375965
724751
287168
694217
698786
452304
711673
295200
405961
671031
700653
416663
576121
136238
202130
766287
579847
122785
312926
223963
352455
953582
210040
740115
731986
804666
948088
232418
393850
589723
568439
424507
875005
27737
313906
118349
952027
120096
31202
360172
912587
495013
911137
189456
463952
863318
501443
143873
901183
327857
610256
124465
32276
757855
184221
594309
394302
384391
873590
925661
178553
482753
243372
753013
273097
250035
615873
870025
673735
977879
455014
296755
60418
699765
586324
747059
306326
414417
649091
762023
24104
936173
583598
210617
822766
688075
178886
763746
863930
242417
151222
997247
756387
235619
472038
674328
306162
248784
947504
838596
331043
623657
836769
977178
817377
630887
909648
724591
715248
511907
881789
530171
890468
229868
690305
845425
524542
969378
112730
919945
968616
633987
870201
223448
40763
179457
527526
344413
89023
592341
12431
407239
911792
562559
887567
411320
278921
322073
687739
268592
179539
312075
785595
258531
623641
325423
768904
416796
237672
141855
305073
563868
15544
721895
649482
863303
1603
344357
866979
558516
142470
791676
4445
277648
224632
866870
247759
524282
731907
153919
229015
233366
809434
39322
333294
354474
307684
61086
437884
650843
538231
734861
86493
454546
889328
84845
337725
438027
482468
147967
526673
232301
941245
145981
642969
477598
182764
133045
762222
681916
824616
949980
293180
767052
537580
940494
631263
461505
603539
425745
993659
785226
249401
963279
187780
311931
830759
79466
638515
12436
781164
791527
56754
371976
238407
381831
616769
268310
614712
323511
265575
268704
254417
99392
845346
986503
337620
363258
854103
615285
660368
82801
2495
411231
660017
29166
350950
965677
399391
847983
453604
245525
651176
666585
179252
318125
640594
261753
152499
696141
368542
529815
820498
986872
605673
289793
590617
74362
802560
285879
851620
925741
177950
296922
452817
16476
80876
586371
868380
245020
821061
229443
849366
943306
323847
306642
543767
586142
118737
962804
75112
951774
406765
418162
13449
8560
563550
122890
600530
891955
895661
312687
292448
937994
373798
244855
791601
818129
691574
185870
250430
178801
766101
178153
6075
130471
155832
986868
266975
24564
751467
609434
783339
347844
668234
565106
206346
593896
667137
773290
36154
381189
603014
838623
558917
387447
984539
724330
119856
837570
839665
935980
993705
156910
85168
906403
78329
494108
839513
95653
925115
321389
613766
550471
244901
844025
36099
786036
366138
911823
42448
162089
433767
319171
92501
953574
682821
781931
822798
444322
84148
68250
756888
820385
395283
854857
123297
995339
195884
771173
627509
138345
937903
331025
385163
795057
195766
214807
590866
408962
314302
746464
57082
1228
97480
358866
893573
319793
607727
364783
435484
966294
374043
786051
94535
792970
837157
646346
952554
445239
612736
688843
982170
855377
140697
898369
515746
995043
491681
377112
232483
973534
784972
395377
104078
675458
591060
537930
690014
909731
43223
705559
883706
249230
193634
302998
168667
115283
315184
657053
619214
58043
582492
489320
778332
552891
242148
730819
294884
210246
244003
416186
297497
918800
617806
147025
503126
690888
11526
855374
173792
281658
678505
411027
171430
322034
100977
839818
926188
365794
736718
162562
351937
806311
311619
793642
8492
812038
865326
171899
72260
112473
874265
529743
495637
302334
209429
326171
65904
382275
976220
942863
519978
629053
189497
224885
552388
910638
626974
7633
754042
850556
958263
40306
299222
666903
806079
51584
565055
819460
955705
854358
50842
314567
944607
656376
693106
723529
992213
274877
876246
179052
121523
670349
604001
678688
323185
958092
298606
444751
172062
527157
823727
726694
456358
7225
627299
11564
674202
48396
632659
253802
888964
435552
167230
454949
872969
916452
151349
51928
655947
939438
618154
679591
327825
345743
75354
489678
714666
197960
676222
773889
570260
415530
885722
993613
711620
479795
656527
961009
686819
864462
825784
723533
755560
834087
390135
530431
147734
8075
682203
997431
656247
179801
216246
101661
152799
51449
811362
78803
443191
361363
354068
493351
531758
954317
886023
839368
354295
753320
724927
714409
854574
264454
845000
267846
919933
16992
454649
693855
785484
528550
243498
162636
912143
906496
717480
74352
647509
120614
430330
549411
722281
214622
947425
810678
414622
909889
131185
537177
452920
403315
719237
384343
341170
158466
120904
555517
558474
39316
965582
739311
209583
87760
846459
850798
262744
176272
443643
192903
84383
140322
201610
600622
906320
602218
623955
317146
121176
661536
159599
808175
918332
763730
894369
421579
745945
814017
23278
49347
469006
623797
916514
133109
998721
277502
511801
135478
825329
652618
613675
702584
485055
869044
223430
997599
123850
802984
696684
504267
158396
452658
595189
259701
603725
473763
628471
401871
573431
835252
69922
433928
704916
591849
10190
50587
378272
724759
351678
557302
865819
938943
435661
370311
585159
130632
457713
653082
177139
380521
958625
319690
396419
165672
846415
703192
526250
74642
452565
370971
389457
519338
86974
453646
458607
81974
878779
200597
987588
483763
223951
388979
146712
860685
420533
433593
212237
372468
476990
86111
458999
202862
962025
271935
631057
748011
702179
838337
771879
106393
755318
464037
121209
925135
572911
408529
683532
135360
92034
882587
220534
94489
786111
390793
190323
337216
985463
742764
456697
867542
307542
645544
291144
3545
656789
959046
883741
209338
543659
922853
701516
670203
763290
855427
735570
522815
452038
601860
343642
495205
123425
301328
839461
909654
560832
96073
305771
666439
531964
323047
694972
542786
857157
764211
124958
232061
817560
732072
965669
214713
334730
39205
225312
875351
438187
162812
867953
843296
702848
486377
701498
562941
470095
950218
542515
481819
450540
608351
492170
11609
530287
142341
705241
192597
351849
554267
998078
722096
774112
660083
964745
33438
55524
397196
303977
822432
69204
14705
718027
286508
581052
592463
103527
836699
170877
917846
336704
313901
793654
806852
724373
328563
442407
968666
88938
94044
747083
70276
926495
83882
708727
970040
400432
902033
416575
651091
338317
506826
735107
843101
397588
442367
423937
195672
194152
90401
894218
708494
517382
465597
812476
421692
499350
297843
210305
383698
919327
978481
226371
358837
466873
236694
555901
304659
924203
69083
393037
859218
288680
254649
720377
773348
661599
526262
39105
398823
921438
374008
486597
480363
609478
968964
304579
837310
794020
865196
514555
502419
208938
723058
92074
598111
792626
854799
79527
315220
613919
927063
602257
181567
746444
599845
126365
133274
89311
541978
182662
480032
719180
129576
302205
710498
763914
418140
840512
42195
618448
660642
942460
732840
521896
279816
581144
782571
173007
761831
94452
657444
231293
657863
419225
274059
160747
395141
58743
663951
703690
86253
967464
659712
699868
415670
562195
513124
617867
276552
512259
862696
713804
74873
277121
921306
857809
285330
671038
710361
85711
966472
868715
295188
463558
636639
844446
212394
861872
932579
255857
808531
885292
265128
720303
450108
669856
234257
223877
706448
148213
946213
191839
213244
250161
714896
972371
402915
454263
61334
934151
690794
583495
187015
383466
504864
148000
322106
983103
697571
607257
399105
846636
825459
421899
49366
770665
534449
1636
309807
754778
772937
331357
17295
392154
74283
70241
212704
207567
112329
876309
172652
67610
971832
415171
688008
995997
913940
896590
407781
195010
178092
43536
178405
236629
623194
558701
281680
115080
182761
43767
628484
738488
535131
128525
6596
358387
952118
964354
308913
702504
66408
881350
788865
164023
148155
449229
516575
419057
340176
857180
503556
70181
125720
775677
411969
88651
236176
706432
510686
576570
976339
685552
216006
208305
836564
717837
785461
180637
626498
593772
969862
445921
37567
759969
230771
402917
774151
838282
603858
932699
496560
107061
213522
245765
378009
853298
490916
278001
580181
884187
364990
839446
973727
408596
331987
983101
455852
241569
693164
813686
941067
175847
850615
359503
621737
647554
283379
240580
103011
511750
696577
822363
780294
996536
659554
504757
688486
970376
872375
889395
692552
931163
681653
843836
933636
788845
374281
227684
239704
693131
204935
748439
292748
97863
450716
283906
125509
450231
83872
572185
612671
485871
855467
347629
232069
992613
700464
544500
432345
640034
293378
203420
654160
11799
514594
476659
202695
51987
732596
792704
401025
918858
710171
217285
833854
981234
730298
827116
606993
750328
88259
540877
149390
579711
804047
938282
306448
147005
705121
320737
705781
368614
777123
701372
517937
251630
405642
842178
101804
183286
545816
264822
515175
11741
913127
957363
350642
274633
637680
211303
395319
248724
109805
263887
200430
567710
643115
872280
853189
87494
436586
324614
124055
791257
561419
776013
539040
304069
776757
898257
15780
198709
772621
998599
17468
39409
554288
155887
691374
208983
884751
564561
174481
620042
284896
867627
196986
876560
74048
476850
160121
146251
953019
543388
678839
574644
322468
949587
997837
39327
224274
584782
658078
520103
704432
918071
529248
679520
864487
719133
609681
909743
5835
326104
251354
930611
684730
843924
291858
943926
828467
713176
914612
550883
164605
897939
61790
25562
58769
454391
560423
104569
948729
521367
410444
786295
763485
754638
241161
839340
111322
704336
569532
203150
328734
860866
683211
363485
908063
387931
504273
639868
696683
1078
403243
861810
592815
772404
848862
543850
918327
907799
935930
173502
648240
345673
727838
930902
158622
299342
727179
111233
641846
233459
877900
438440
137352
604273
669802
434638
13364
234279
276291
3704
580946
428857
186650
281290
526083
407236
726757
637352
554788
930866
182921
49912
520002
821412
812827
281657
69424
979214
905548
705375
746760
751599
309690
302110
509825
690357
484669
782959
541304
479657
891457
634139
954564
481607
125572
369075
441545
774126
612672
570821
142295
122550
509654
111929
717005
612895
816950
49191
216050
553085
42687
14611
739817
322204
350548
619126
797832
233271
708696
177876
87248
195895
883019
491862
829598
39769
144967
595025
151280
794893
225008
456562
375856
199204
334287
165415
865381
717488
776379
834726
807915
700658
100263
392522
178317
346052
747739
571392
802764
679618
61464
530496
33795
976294
243810
883422
402775
346950
901505
560371
488575
862163
730730
539906
58952
360966
993648
90315
646108
529445
943116
155442
790788
658110
733573
352833
315713
163333
123617
389854
579037
12047
8554
248777
175082
831521
650054
876116
50343
324189
407989
966946
589503
642991
454863
370942
336729
19819
78215
370827
361705
530836
155396
344863
666169
839647
869863
233285
843759
44193
622848
949927
105141
966827
6208
868873
662909
399185
665326
86504
495372
46947
921571
868474
697327
135126
830721
669684
908320
51779
285757
111062
122048
534347
278586
557828
433493
825913
431536
944358
793033
561734
300797
554337
558184
357167
44281
68632
119397
597141
835889
113995
514642
275747
470709
173469
315761
46432
597148
382630
977689
541183
292133
326728
256857
11851
852537
484637
223754
383559
891775
220213
543973
917787
623158
354386
938754
818549
634928
262807
645155
468398
433305
402076
711579
383340
849015
620145
929395
944277
417939
436251
1185
801145
491954
902810
228484
847600
365696
926348
184685
357987
766380
393420
560770
962268
973236
769618
439229
287644
427392
821951
997968
259002
932726
32002
871043
244161
71779
149366
457625
346952
358109
292989
86807
340602
507475
867223
980175
847116
162396
24840
715885
269077
304655
203034
349005
792717
752413
149938
519622
374294
33309
105643
208268
686994
714831
922791
93345
666342
19168
154077
918715
715334
94349
58842
437924
456512
523397
284147
719490
124188
397294
193410
223585
986714
837023
134067
84825
885303
773875
677308
457153
113744
895958
41674
437894
10043
66392
675858
751319
723435
521994
620749
250924
125351
793678
627406
655089
121231
721334
450682
813572
647417
382769
189973
707000
658457
225421
871919
71018
977928
257813
724688
211780
504053
312904
607350
986521
442825
848811
210259
108213
490321
96150
341111
600585
530416
188573
993667
172787
156658
709306
281489
990476
571803
125778
199472
885462
268438
179793
80567
961638
492429
990513
892455
608578
179370
226788
870882
406835
746828
596369
150060
26308
626705
934810
563229
666282
119414
211108
183425
634138
746110
384532
477418
983798
310579
981978
443537
947931
438484
365255
311321
179811
831653
847336
834899
814731
203058
853290
850670
703631
293887
595220
148567
719918
512234
570470
60430
720433
296568
61552
914652
223501
382398
810970
717941
812170
962024
998894
956170
224753
143719
664116
898483
880594
944345
995588
254894
293424
618931
479442
14337
869077
813048
362552
868443
640521
310475
534118
156725
503772
304189
167955
707080
634213
836164
971843
497630
548074
565451
991138
579388
982321
574123
154748
368495
659316
816060
26840
657896
214786
578208
863757
566685
96197
151025
776650
962785
532301
219517
976776
428053
612110
378993
423977
918647
352843
707199
766363
47995
939337
826285
694723
688315
359109
236222
247078
547707
180072
616114
424237
484279
943167
322983
228155
380157
349733
99868
718403
462262
974191
695723
336782
305719
543902
287410
19182
459905
166198
755608
279241
786805
952359
259948
340252
625763
327846
18575
213815
371908
410244
865303
173924
395583
474512
757186
776249
379120
988850
308271
240155
307929
229229
245791
935752
793984
685969
402368
918677
883404
32449
856432
780942
618036
17189
935166
737666
864974
34037
109100
967880
139196
795927
237561
621432
238887
495703
556633
40303
998054
60484
164438
169461
795696
81783
278000
735195
242391
234632
425706
796319
302902
593337
1873
666497
615758
52126
367841
164876
878253
139670
906491
101817
10658
926368
701526
794394
219214
36810
614592
814539
320934
16662
239886
503637
867917
199586
152155
595036
407838
375527
295639
839135
581617
85521
726910
763009
3328
87441
934822
211016
340362
787058
541165
4999
197143
748471
114245
965050
980746
453043
955858
891209
929697
890755
619053
497671
756512
520940
183895
487125
933162
675552
909762
533803
865780
266587
402833
807003
689269
500437
428959
399359
191525
399484
44923
278106
119106
34603
921709
560555
105639
903523
775249
963144
553888
374118
115192
273880
984527
980092
187340
634845
702924
906938
854926
776679
203868
478006
442212
923427
418813
322232
885431
389791
272312
585291
772194
931673
653715
420069
356696
366218
277285
597009
687170
360425
841762
392882
515598
405635
849671
211324
945101
709505
362541
124904
876022
755074
408608
416329
189020
512173
355425
878984
354459
97253
198489
512381
700342
426519
307565
156308
734440
823834
590568
764741
628679
99404
335514
788413
273862
133777
405666
968563
119716
836235
719797
966435
96070
218374
573614
422305
33550
534547
634604
852249
389686
438029
735665
708430
433897
910036
787854
404246
781283
360024
919543
127293
986607
323731
411152
597834
15147
572826
676169
740465
348111
127070
475814
844238
591013
962887
287864
617530
997685
447371
288112
621224
236422
940138
669632
879005
964963
505128
924080
784699
54948
807130
976031
87661
480784
783208
580464
391030
287748
23236
28096
131440
805247
578716
760117
715755
265753
777027
638827
64999
669673
788250
538902
233670
385478
9406
608643
112055
696383
980876
713740
366841
756163
511735
420341
392322
586826
639202
250786
450303
135177
197560
145054
951874
951403
958931
890643
512127
519013
413512
199146
773867
97032
427336
63048
30181
