573567
577814
150527
161525
43792
298485
910600
856234
840660
181229
510291
776128
961214
615791
255930
173134
192013
911176
152380
554792
228334
909935
818816
149112
824231
995558
662592
870057
837198
726635
449517
15744
748373
211956
550563
345428
638966
259195
822158
932252
671960
749686
290356
628197
934856
244345
265449
880494
430448
900107
387648
576990
903622
201214
500592
705458
731895
359077
194074
915580
790300
624029
999348
643297
422119
887209
777968
600468
710142
754250
784488
466542
994132
325720
197435
978264
549474
681659
142678
970139
645461
348603
533973
269655
581577
565663
667048
621198
181225
60890
689865
84542
438625
631987
278791
27050
37318
142180
995874
52139
998049
944378
538009
304561
436252
722538
393999
287971
848219
970460
309979
392439
992520
436349
179221
720522
65230
534616
203301
125240
634155
72683
342454
698404
938180
859643
13195
845993
300024
876528
579232
716313
357829
532922
814672
555624
193343
279709
456770
566863
622365
566791
522704
745552
937596
683848
824865
186951
321938
546806
936843
526174
350004
488555
535672
965886
109760
147089
713320
663316
62471
928746
162347
996861
915012
107478
965239
978972
549627
249931
837160
956937
515049
561793
36248
937362
148724
96193
640050
881528
833826
415567
511069
261287
982525
779943
961314
202345
28765
455914
94399
937197
700644
471563
988168
833408
610027
93180
798111
606489
634273
545479
681242
202679
83385
874185
879733
324767
862529
181988
896447
876922
931526
766831
602100
127668
26938
605394
338334
12258
405579
776394
97831
993845
809731
240809
846622
122802
245796
860899
362102
951499
357251
253808
266790
863985
191050
770861
646786
88742
336549
636004
387631
492762
383137
451820
11023
964582
11950
184327
666675
501296
200613
818109
692722
919002
549447
491463
758831
680754
236552
430364
398260
352291
202490
475216
319211
781319
588471
638130
6649
301214
410260
363521
857458
86344
300344
883381
231839
463985
877946
146492
397394
982576
875959
646447
401673
863615
503591
426859
920019
244832
352254
238856
636469
670695
217788
324096
308449
822299
510287
239931
508213
412408
632816
885582
855244
469210
660608
8662
146637
717219
74112
474152
280338
963111
752448
862616
129676
811436
323570
77131
902395
774653
251193
810026
857308
628907
729644
570025
827815
346508
890039
867750
15430
633795
272984
616602
311230
568565
995555
320491
586311
123805
684735
701480
2081
479000
16165
476536
381793
834316
825992
350080
821515
676329
533600
53171
343784
601740
639574
295084
985660
931287
332028
506067
719663
276527
73732
558206
526213
234468
659929
281377
575926
708528
797802
174075
951522
845218
545273
353993
595377
363415
600530
939247
793920
660761
909335
892814
591434
469213
526557
552643
247830
38551
812705
493098
990047
396300
780337
847678
233596
460664
275217
578623
923256
554926
148692
668518
591187
810534
142938
587112
315116
123707
619017
838233
401451
518590
351616
888158
32500
328487
725433
576263
35762
185362
912343
215414
116676
250352
918122
599874
75867
57967
179685
940896
714311
614788
931126
623089
159002
444383
366150
999028
7742
680216
656625
245316
639558
410890
50164
126389
937185
558277
425816
24462
783131
281018
770498
668992
36326
408722
772160
310450
709166
724785
315637
301781
548015
80845
708714
753337
318986
751631
266398
174222
859457
140709
716154
942479
373529
597969
917453
9209
48715
168805
150736
844383
864871
48861
24558
167370
996677
816465
595843
461327
165759
170785
819670
155824
24895
1095
286864
97506
300619
538223
381658
845553
9700
786810
628516
225218
865132
606533
175886
766101
804739
602057
821614
697772
119825
107090
772983
679090
380219
780162
457411
94853
715250
974744
812057
487850
55342
987343
684706
849158
47179
468504
308269
541670
567458
266856
94819
625037
861035
757641
56768
195629
430188
768793
59579
751675
116466
899270
918055
511244
185289
174269
892750
932798
364049
812850
670835
872783
910074
751494
728052
305682
952095
451413
963197
349449
92442
508394
685844
615391
556285
899941
41865
91135
169176
527120
910686
605293
603501
346388
329777
428155
707583
346208
726307
860471
349775
495254
909689
530683
22015
788340
288403
199731
885754
183886
29356
293325
667386
221507
414458
20473
12083
312377
216066
405776
127337
615361
884488
515578
107959
531629
655173
689824
917052
345268
697229
498689
468717
728412
531813
615235
248198
548354
61192
738841
738310
336637
58604
974637
419594
458311
737342
352159
307027
608431
705221
581451
350372
937659
158630
215784
777349
726304
272214
112905
32227
689008
528157
217485
597351
528514
209086
354981
978863
547109
860875
873736
12928
184010
244549
465849
582765
892741
453672
964333
500526
340802
561115
172982
378580
242040
746494
685655
174099
513703
306467
502841
974875
884917
79206
179900
116679
588086
90193
321979
133266
88987
849134
374426
557194
205160
927239
766849
180920
856440
633006
874341
891037
791647
621318
727873
38434
813540
994684
625462
9105
200222
934554
310357
977085
597773
77975
559165
231314
200701
375970
940777
896313
576713
94099
592899
116712
676648
321630
279557
492149
263738
334508
918495
203510
695445
522331
448803
71172
799641
220499
953975
129129
496195
891988
940632
615844
604672
58731
298286
646081
707066
450101
312383
516338
379146
604423
828422
182929
650464
69729
733836
760164
978968
181595
365
48460
972574
834693
770748
333397
295494
959741
137625
453061
128897
514942
610580
713774
838678
599845
348841
144958
706436
513588
647692
170455
729832
531880
902447
47676
922525
886907
320254
811707
416908
54585
936962
253362
844278
389572
929217
679752
141465
262926
285855
786356
227539
999577
913188
435338
310334
273730
651912
247579
712600
803631
397324
510972
485794
934054
497965
918794
179263
371802
808976
882669
740974
348003
108322
422817
795090
397917
77762
569746
785217
941166
113331
332696
758489
901101
179520
960893
837795
602359
137133
971239
138342
343603
27946
461080
638149
571057
28585
807584
598
195914
722783
761982
649191
809713
727399
254070
417192
390728
329972
630386
840869
752098
181423
925106
592910
868285
530057
857484
74765
341404
912934
822410
373362
133628
777482
281274
395905
861897
39866
134328
60840
343772
371995
813043
778842
517742
531550
375306
767639
898725
555158
821915
81505
528733
816074
734323
516593
794375
683336
698013
370261
643790
543436
592310
231326
921157
994081
563096
915473
736202
782204
498988
4715
771833
119501
635449
410167
147741
161051
879736
121107
314865
476281
115816
381552
144989
634443
335235
620394
538753
757896
594408
259727
459622
199959
114138
711883
805323
117404
97787
154495
865543
904534
186653
157904
331720
889434
141062
659479
962998
503685
562720
515002
420830
979192
721867
844746
638735
252426
675979
990681
809643
828701
791541
991035
855747
540117
40164
124416
16440
476489
800527
870404
307376
582658
299990
544039
404700
909021
464287
549308
475171
429297
979076
903566
113681
420303
37863
442087
355736
784463
207349
976716
533951
821105
746304
195188
648055
907015
51411
111350
613612
75091
628099
2868
322705
335978
724489
412358
179279
186371
575577
786559
621067
20243
217875
667819
284749
375132
971787
485168
475315
802749
293036
862453
83103
847398
41797
981468
291403
976808
18639
17774
188790
679008
65129
662430
981345
253581
788299
420719
749863
990679
245211
158920
369708
209510
987399
672005
211332
221762
586688
754491
232223
924202
583488
162865
233675
51039
821487
547042
78410
298470
24774
352685
861992
497558
473112
350499
353051
628110
926971
700752
602059
112462
819177
419517
522257
599825
223588
598247
286938
501097
276774
102390
291162
195363
781470
156396
250390
726780
522273
364924
314337
937355
244111
490969
775957
720510
439181
894425
713454
565552
94922
400243
788245
63582
121723
674797
763787
854499
38241
774565
108635
253893
296711
492947
973529
497910
353987
13018
491071
27951
409767
281997
84835
881753
420708
875540
367619
859400
702536
410132
178310
810232
230490
661747
421468
114853
121370
482905
467833
795514
602438
318044
41377
756856
783464
107000
696808
893027
989251
164287
323413
819628
854171
209269
662490
724665
849307
356834
725691
301215
549284
819696
698211
631161
112878
694054
825105
59299
576585
356862
419794
891543
884457
141845
104762
111215
379776
241287
263602
598019
533389
718543
924400
790181
582694
705133
279517
618786
554323
711153
360678
206518
188745
24930
472445
116067
311397
155555
136752
112842
739516
781980
1422
110428
953073
17635
861569
198181
817024
710968
113111
89257
515199
226567
171968
449295
735377
579483
226924
549137
906992
11927
299648
355855
317472
566650
229795
836746
675701
888032
58918
323598
688495
754698
877319
80488
127025
707473
74838
919099
605885
473504
929680
995796
266186
447807
743146
508263
38264
347212
599476
453711
684831
478828
639980
975707
881626
569271
248750
586705
849971
249353
625375
263279
925612
796926
902551
798906
610082
789097
523683
652428
177978
906651
439428
779680
632727
894706
20200
698800
533565
126209
465875
937255
186373
953435
2782
219946
590355
114947
204424
731783
347356
116467
800373
572412
720983
369292
315158
241970
297148
209616
528954
23337
394514
958820
322980
174374
897742
937067
539321
913162
362393
494062
250035
669337
30675
269660
837687
921963
332966
786878
905593
60522
429203
60709
591971
821706
703436
816540
632121
478063
133529
471812
534993
878121
746136
593958
131710
386713
572886
948421
899516
321375
995302
519200
4866
694747
928143
280194
111820
481365
789818
64913
548657
487395
238391
858934
254263
10940
334343
256990
182689
407216
305075
684812
813300
77926
6725
56122
664611
929356
928916
335223
34047
459730
982527
19318
866750
207256
671318
68018
172137
281077
347004
337119
835606
532764
582512
37478
274038
11699
262427
493404
240668
106665
497094
926064
793879
296784
668689
367214
833616
417104
60571
10077
171440
717000
411203
253811
487696
127261
824529
838863
310007
582637
530361
710693
854040
409638
473194
655584
405487
990392
851482
673727
270459
984619
332254
558619
938354
535089
839323
620482
91414
576289
707383
28356
672111
980238
37083
968113
884071
267048
473717
722639
791195
458390
399489
522015
489414
835803
322975
530580
111245
643882
542725
651395
466403
867317
730780
422197
435418
974885
121854
764811
635620
993773
675844
965289
94917
599761
60375
267843
9182
76625
989201
398351
118582
121134
953799
450839
377597
158168
948218
201732
825795
309762
122472
371251
693616
774152
827056
716413
668103
530111
257972
367034
613734
335058
375039
533487
627317
250935
594819
416819
160987
140772
684323
866968
878840
306957
820400
565280
573728
393908
327243
165390
205689
687334
255216
431717
836025
713559
593393
133924
671151
392949
689027
580725
591051
389904
318847
915277
709977
604047
622559
807724
331876
902470
468296
372887
644210
898090
319492
676845
806508
604630
91750
419524
385155
184215
307667
320843
688915
379330
13530
445927
646800
964362
191159
637561
447510
982204
428036
961705
984805
872637
618180
927675
608982
530023
182432
526323
163745
314346
8690
219179
731379
858604
722819
785809
754715
434902
158708
358024
40697
736533
348932
195665
304849
590480
206728
47800
322372
981592
869175
616240
886772
759769
24099
173521
518782
259318
643350
790241
368153
906624
487955
159171
942512
243712
601773
220388
987645
760133
169880
125667
878100
688924
672135
827108
61621
239761
374273
338673
211755
524214
403194
823830
393935
602347
845638
860247
124916
826502
460593
893257
159958
249603
483196
404350
348492
901281
88677
225206
145305
467075
862694
123097
840484
196323
570423
487485
402016
235239
55670
793010
35563
592623
178763
4344
509519
935144
186226
887889
847628
108115
473171
943922
317172
412687
48853
511194
306803
662791
907761
15240
197914
974604
951066
451341
621773
21338
567502
477462
849595
674505
951800
443049
112146
841046
409049
730020
945023
466895
862928
620133
885957
845914
68416
15538
282164
480238
156714
567121
368812
780060
787062
681924
107199
331731
680937
301051
272019
383231
851614
592287
421377
30054
803008
853511
825444
1033
933684
960775
704655
714415
659140
325046
181511
453964
597985
318990
186855
835234
616447
914230
822701
57317
654333
801367
425357
682430
109003
473212
177774
745026
110906
216443
832024
209201
960950
586539
894502
583756
255926
583448
679409
333994
220007
925643
764850
887472
568228
708290
862879
919556
996972
416233
905411
678609
318147
349070
733532
575987
577229
532228
814869
709165
292493
603330
240521
373840
688273
960925
845922
147289
645537
149770
332671
423845
517609
952749
748580
167031
528481
525763
996077
239267
380847
708004
580653
536885
417788
770395
499802
514235
551299
512702
136635
554229
542699
755451
957973
693000
891764
60635
56307
829962
236331
971806
79278
59113
338186
677227
16542
519561
691910
108947
866386
115489
652130
923316
820237
277580
991591
464904
337255
41599
177897
557560
551268
554180
617308
623032
613623
956572
520944
140106
355934
79733
530905
593788
779298
197895
607435
76452
42536
492121
704044
633289
914258
96492
59767
80626
835565
486279
432865
460269
391100
264020
73763
606345
833076
815408
761609
668533
458329
26235
49258
727294
166568
63508
623374
931843
304245
480025
659004
684019
477349
323639
511918
204886
69789
428448
634243
346300
682103
877927
340559
579202
298650
558812
862939
802327
933029
699202
290628
551964
585019
589617
398131
750751
996389
731531
235500
571223
617500
997754
605226
242876
320768
478746
980346
179059
691201
969186
992550
556122
568769
923239
540151
858103
604409
812828
209411
115777
97765
674485
788360
299649
736051
505927
537381
659011
66389
471336
376060
238933
880227
11710
737179
430009
799720
909723
918814
682955
298437
42945
460725
691775
491435
78611
653713
425248
920668
533980
38532
890298
472875
541048
65546
706040
842
778238
212310
35832
616479
697597
817732
694956
350751
786018
557884
122617
104122
745469
695826
371972
472037
582487
988716
106085
635077
441258
695154
869403
258201
834474
904084
445239
227294
661958
552767
767320
144949
207855
47955
697141
862437
699872
4360
89788
575064
142012
752280
593112
23366
562031
453911
764687
260328
566249
393530
497172
949316
210637
903880
308804
884844
993737
960536
50840
91997
745004
130947
824366
378974
968183
307770
461468
539493
933502
888547
61417
676320
771201
729366
119522
293641
277964
555627
814221
559643
80165
148060
846912
797117
417226
726323
385315
983956
96701
162158
191944
985933
833538
218779
94806
282130
503096
258378
556117
389625
205900
234844
546621
96761
979542
282117
635483
244418
485255
259269
607023
317365
867838
848861
725740
532845
491328
71856
314167
118094
872365
14727
1101
224208
534602
30306
924
677543
124806
549711
575908
689185
609396
19361
339536
281924
458488
470390
159821
375657
770672
206076
716191
549998
826737
960085
792006
14163
261205
280534
19840
849784
782014
638155
392604
543565
446283
250361
250788
199883
58403
89329
429892
380524
915251
967877
322604
289030
943698
606031
252568
908952
117917
581916
896886
116831
22457
620009
838345
767170
41866
188467
387295
588738
410379
187280
36694
852993
560917
598558
762993
585248
243405
960154
895021
923458
365665
865021
362772
27078
220143
656983
89701
909103
74252
463699
100849
947588
380189
114018
708670
132439
781383
123741
335920
134038
426464
862476
391760
752744
669818
941618
589009
244126
518162
728832
636357
575408
307989
987623
127363
393372
797065
700503
647830
421492
243944
852229
223663
519524
15395
708316
639252
917933
219168
83327
56966
405927
36527
223657
543090
276069
999481
607018
895492
167476
243101
147640
468116
14243
37647
523379
329715
166079
630759
105982
630973
807776
38254
604916
171056
993718
810513
641549
242361
349955
277176
839624
689383
974926
844654
258627
806630
204968
779390
247966
599598
171574
156320
68195
970786
637375
116483
39820
939478
153483
63645
800958
121660
439904
298451
428419
945634
294632
547172
383241
431794
31938
974580
511554
77399
848878
984509
413751
747786
589065
98991
81483
389284
503024
706729
385592
844975
29010
249716
107686
863335
327485
191441
549866
782382
908432
380720
908264
574423
787380
752007
448368
195826
4931
178891
501318
92768
831620
670925
377921
474591
596560
310974
523051
613018
827523
638191
952902
133798
129928
149399
208079
86733
463578
744303
841073
299009
286809
707766
674674
507276
178750
500049
552219
619655
624765
295852
360593
790921
405531
239510
833
945498
952444
703304
35403
755070
591045
608234
818372
355356
927275
607238
530943
873388
880056
151731
299410
595814
23519
317637
364006
707622
904871
701905
918467
822992
611879
493024
758835
782302
407882
462786
379042
421435
833347
806225
104548
684675
946624
270738
691420
809348
768409
458251
818244
292985
62854
48500
289208
526908
734862
650552
428688
835218
572503
420678
648892
323032
781367
611728
814605
925526
331871
74203
829550
803463
564242
822217
7612
327469
818552
317122
823307
944
407525
3630
891443
580374
540368
329426
761993
482707
684033
413143
984300
263512
915176
253251
175124
977740
866408
415553
850035
781210
279163
381810
57034
955644
100247
838032
110436
645665
999982
262710
244620
731413
921921
840040
65598
50087
235054
968155
633947
409762
194336
885354
338102
313761
606247
425336
691119
602632
838794
614484
660881
434230
581249
126914
95843
693469
533782
898262
660593
642772
67547
756870
324332
928098
849260
848611
468395
534432
159346
638055
592903
434308
982254
110443
844102
789555
348237
291715
448567
304328
900668
849156
19109
665885
31683
275426
264550
727281
907944
723716
992813
802873
760963
558453
585337
832523
43741
911645
339933
553862
440293
860026
573453
961913
766079
890471
919582
69042
593886
836672
665459
29960
978403
220534
226560
50495
889171
982596
853902
89087
69806
177185
780558
436607
11326
469752
644196
263942
225895
849567
617916
441590
578302
128162
468434
974609
381181
464953
879031
802884
368954
446492
73853
62235
464336
866309
784291
861461
16856
510250
940018
866570
887363
798375
977967
510189
878864
993701
955435
81790
892059
314821
816784
926496
831598
931704
596798
921581
600482
649903
478358
322662
719421
521784
555962
744676
334859
382116
64649
3954
421170
215190
160846
956267
433259
739198
598443
501907
259436
367494
628163
46075
389277
556332
169560
175472
315809
234910
176287
202321
240119
930194
255643
118220
620877
909143
564050
703816
636668
362063
476014
938924
13723
68017
574770
155519
326170
328994
955390
350978
641523
857372
920432
452148
654664
522470
734935
515982
779410
590531
145576
280263
619015
433771
270046
434340
648360
274941
999229
374039
486601
863432
535326
345950
568839
218182
773303
139473
69805
358096
340738
651640
982783
909144
62255
925785
543645
898125
313417
287413
322036
71011
764378
883409
786285
156436
848801
432908
891792
486663
581201
630094
967988
326644
444891
926440
421151
742758
801894
638639
977464
114352
113316
140427
688886
326611
297192
360232
209898
480555
778697
470197
663689
74286
683141
499937
940627
112352
811003
585225
209675
280336
598386
764131
263273
451900
850185
147424
575458
274690
143164
640121
208817
59571
384704
535161
161585
403907
113398
496239
425625
713160
371600
683458
291589
636632
708384
19042
22019
486937
106485
301891
100908
861499
287559
347652
701864
928987
868215
511318
787796
681888
336228
749435
959439
91306
907628
767014
637645
293726
430596
535413
424308
580174
763549
317656
209085
296077
825849
122442
78342
109059
196250
696201
155336
350020
860051
813082
456137
670705
343007
333343
951861
293683
607041
152778
347985
888802
378577
707896
5686
305357
569150
74680
321829
379469
305854
64146
361280
802576
288147
554972
40218
488487
346918
228102
456710
274454
149213
157887
92574
998740
89068
680157
951846
374723
821283
888843
524260
858442
805254
212797
679441
16810
521335
825231
498014
428963
776830
583158
40028
823653
221751
79094
196984
873495
904110
336666
708246
902299
48972
477832
324495
756114
693907
241126
737809
526645
60796
40845
936202
110863
81053
877714
939976
550106
928160
794512
706973
106666
28097
907101
705177
88768
704564
271756
766078
402485
436205
389527
880269
531180
797660
623824
51171
854873
640270
625507
58567
56921
508164
507204
763827
454913
569541
737745
551094
753689
62615
164189
75704
239562
513619
4011
522682
926887
639972
858262
152674
10087
325929
685761
471484
386369
245103
196414
496710
990360
473011
84524
251916
695931
104699
184217
327668
267211
71975
775682
874718
370490
850312
552506
404294
187560
142459
816701
486373
325406
91843
164335
29497
20230
474632
922962
353802
860075
106093
710308
463134
890742
264603
939609
843264
945943
723469
434719
334047
36693
499276
737207
567512
738020
231151
592979
200416
714980
131507
385382
740739
207043
988142
253040
881008
385416
21830
931665
926454
188390
60515
471948
533582
92216
596818
913300
748215
205699
831892
677270
694291
385113
142690
476652
87497
893707
316662
574936
285854
132159
420698
978126
995760
456334
422055
366735
106684
461808
590984
15284
362867
194649
498071
945409
607598
659840
770971
194026
136191
80810
150028
251919
868704
909788
260997
851245
265051
556896
292682
259156
367416
845421
837437
751035
742467
249721
209389
992521
458073
651657
920216
472695
919748
354188
280742
462165
253952
928388
192920
396870
279001
290080
182495
708601
164118
611476
847421
1745
936181
491743
589587
782758
457523
418924
650815
235191
344487
706422
208678
71428
124080
720493
129971
445913
843495
107831
430082
717816
859936
623207
210341
29943
693784
794010
195345
394892
19633
59584
321341
652844
671681
717811
602752
166363
372651
104733
153441
504750
978793
113718
839096
41195
673986
910756
395980
401988
500567
787282
820310
215338
320346
541748
264852
154194
517912
615585
852710
696957
127948
657038
944314
182583
796806
364234
344936
848130
958254
997844
91791
312846
207179
135347
961886
136571
93518
541744
744286
870067
584009
423538
587317
735141
479454
987505
320883
601116
674228
145922
856280
88041
36535
486524
67028
305054
832525
682132
80990
53382
680444
767044
749701
760195
963151
66144
137707
757525
522791
990767
33866
873182
171299
658345
649266
247360
577174
992029
457616
833320
993819
991174
526463
866037
35161
145176
738678
323043
848567
319374
755583
683634
99817
441457
840083
885058
953606
163952
780871
13499
179475
384443
122758
391175
972533
255959
154860
649759
422451
655255
893309
230476
571086
981476
692423
984963
630619
436632
478719
234293
721645
917471
940424
115367
453928
755610
958
389629
971661
431566
495063
177638
65247
382121
365779
924785
445880
21476
949625
256032
178083
99326
877762
421635
747757
336559
412240
769847
63409
104838
612211
182447
65919
42284
145144
439179
759913
897414
867527
842186
732476
634695
67125
696584
540976
655151
722342
771478
226401
984397
905148
852847
974531
328574
615543
21383
367108
193017
752488
82589
401587
553530
577810
127379
137780
674639
551166
772183
34698
88173
242875
977308
708450
788390
762930
821560
605906
979197
895191
347259
300513
28989
30023
522032
29898
638581
1546
580961
3610
805283
31114
844525
759267
984457
699037
542876
436039
965086
557807
416180
435139
751725
142711
462588
581940
29789
736364
608241
515845
925003
603248
252983
547262
418160
135706
977011
980749
470830
961799
123379
485869
637356
278156
974598
444509
994767
818429
413563
471705
103928
407652
57204
899254
833250
745307
506378
350711
822417
716336
907826
12098
154311
448581
643887
961114
334044
845787
927000
282349
744183
291441
268904
683508
564011
782375
710253
830513
33124
184869
142368
462823
336844
163896
137552
649034
804317
331011
445821
25287
795772
212488
679361
544673
176603
109535
649076
631882
309036
998672
756752
512610
887246
852088
547060
331521
778001
956242
893242
248212
94958
369779
976698
39868
926674
560494
650789
445288
974316
356067
380853
763372
987863
188819
15119
39477
252101
160441
220420
199611
534394
407175
659519
662283
566623
953157
70280
818620
284061
638950
109872
804322
378451
558612
369930
877898
819005
173079
747694
545504
870916
994696
447206
589808
916605
899854
499893
177320
810013
840505
680252
765104
553326
236516
132839
602486
222096
599265
76950
787233
673160
940990
515401
543239
162474
643866
655107
68306
541973
8751
425708
146203
7953
43655
117938
28338
717559
87859
798725
58745
579913
140274
716116
304934
697968
12168
586839
734160
150136
139859
494019
481242
100776
254724
739563
895014
440629
479895
577844
118030
715234
980109
15445
625477
900043
245962
891448
210052
468271
152879
993153
434093
616235
985609
559413
893280
370777
91572
111348
587956
966468
771573
897332
691594
987987
835020
970914
826061
5999
382749
760936
758518
110373
140034
202466
845226
472214
557937
952951
304473
208561
738824
45812
605721
9612
221758
908624
952949
193689
379505
913355
323014
458517
153843
399834
407390
495776
912036
129830
397262
573455
199509
242858
62224
337786
838182
556576
933276
50081
613605
886642
81201
102159
516672
979752
386047
174663
837646
125466
841905
285160
542388
639503
965182
502886
405644
293806
840958
213312
968539
185373
850315
155514
773037
679030
513768
533928
490288
352114
854505
928099
937474
351965
530298
28132
346680
753551
51257
839150
767782
867082
146347
793631
319552
953991
354815
953036
139489
684747
255538
998053
322717
710668
912479
254286
196546
930545
173247
461908
989532
707570
949833
178223
276394
41874
851894
960146
863976
646754
11472
361281
659709
819479
64047
500525
821806
566985
436301
388828
814154
91392
777585
332734
518503
661656
896782
235169
673140
969329
793211
271043
224381
174293
425121
929814
320942
188979
646196
700521
965112
734919
396041
632517
796010
737708
226768
167221
517757
100325
795210
914347
129099
918345
349436
716546
438819
620132
856093
57820
366247
428931
720640
352443
468242
503406
134524
545928
302289
352636
970938
647402
230243
465684
789961
19183
339938
772835
512942
154961
722321
112559
315023
313949
814905
219532
906241
35726
463269
65142
638700
216671
88421
376519
327771
920900
873241
536767
967235
122890
106012
775536
940998
834063
439074
305566
646100
571277
368654
595551
649459
493379
711468
374216
682635
648268
220450
703126
93252
848618
186661
519825
477233
305220
548787
97562
42942
376899
906403
439720
792072
62852
49255
104945
656732
51125
508695
522069
328598
954313
353177
577909
512300
898851
187980
572973
762784
686608
886698
767983
868155
973616
874884
741237
864803
864760
450860
813340
527377
266294
196382
832733
706348
972238
984632
205401
837992
102932
508304
471330
554401
679914
270676
277874
248275
467063
296568
964624
662835
653263
620279
537024
55108
990891
907528
67698
432450
887067
970896
77286
561387
362875
869675
55276
796464
244185
780319
914994
556759
50819
825240
600321
27639
433546
887238
297374
570451
555973
334946
790330
441334
197757
736329
42242
258963
469649
206513
334399
612171
34519
793996
814358
461197
16242
511785
2923
548375
167271
455792
461217
682586
343185
14375
142482
707693
623198
108603
215937
670267
508079
504464
719869
574915
673837
895025
169597
445321
661079
374513
188764
358245
225770
822696
805738
440970
353050
950555
695696
929021
266496
943008
322542
772871
353171
482293
563854
616301
301437
790529
743562
709419
771924
174908
827729
906219
933170
577557
342404
348538
874350
311638
237008
738908
802648
636371
53810
524520
784328
449795
963438
773824
265112
116555
736841
206377
343214
818018
242276
288654
72149
406050
125576
25245
806172
679089
709066
936063
934829
957314
641221
392665
437491
436115
371489
384888
300319
233189
619287
93098
450846
244962
276566
730231
799823
331651
35661
585622
108521
452979
475628
440592
422922
540523
734532
447484
947081
872387
638306
352634
312070
684841
212832
847782
384558
418063
985578
453401
171169
116654
575225
371416
441240
546937
84011
211436
628044
286681
591513
910850
169199
51417
586423
982933
13858
914945
600224
871253
271939
61238
506112
234933
936518
489284
825324
624238
426120
799997
117256
435749
571911
74110
28098
220893
624147
253110
856197
359841
462431
920850
993255
103622
552726
933010
247498
581691
904178
948635
679307
259998
899505
574750
636278
725467
120820
416565
162331
214227
645532
71492
422102
595394
464422
124625
174431
310620
353102
296661
433094
52895
95237
812819
913505
799887
801207
243131
539440
546764
741972
728667
945935
929108
369654
400043
451035
932423
920558
124168
833013
255201
325710
839830
242595
382728
303448
444070
692085
776815
13710
591300
88053
474717
673246
612769
162669
745138
819239
71799
171010
853592
744325
925444
408420
589020
82183
828632
624898
626577
330596
313554
803164
774114
846584
17317
347952
763638
1521
4059
213195
541521
125311
695378
124833
327786
215929
814562
846760
499444
912453
716947
271768
66910
839827
668083
638532
757988
641453
685407
400214
266491
711996
578507
551974
224380
807143
339718
682653
944612
463303
237335
924954
508687
63238
366471
235895
729339
628433
488919
657082
620242
644573
251490
301905
134605
237931
236406
635921
982025
283299
612613
121441
755605
632607
891696
324267
539420
341579
783932
167155
88760
414819
719797
443875
818383
123193
971125
924663
60743
956871
429435
644096
778326
865061
275412
994729
302240
630241
868550
375259
153050
932620
407749
440604
295214
363644
115771
698073
329352
802926
972758
672986
894181
708511
722330
698114
570338
840209
198637
573277
977115
202937
321492
359066
111497
488904
814833
587186
446754
340410
878181
46199
625193
467866
924757
936688
180170
928141
530508
683330
837351
901138
3130
274741
111534
572162
806548
502266
384556
211327
365617
227213
842681
371154
350024
126960
455037
922920
396772
471975
192983
881682
67443
975467
564493
711428
640170
507422
286670
784147
204843
284134
493345
921448
221621
470871
356036
918811
74701
839719
977200
683545
15806
68048
465464
116715
893290
4812
505911
17096
903970
578412
120945
212508
650784
828866
927808
923046
881606
652749
556275
565518
30049
811993
235918
144674
907496
340627
192698
458898
32257
754883
8724
819060
426790
749938
178415
126005
369655
237787
863067
555569
40023
748270
545781
269340
788407
304116
151160
924514
672328
675365
959548
68224
509777
583669
927225
905379
934074
354031
348807
400925
900500
172410
990201
454699
521690
106533
394489
975416
827947
115998
92024
986408
845233
46830
847827
533297
893976
233342
275722
628800
761965
919202
182184
257686
918639
528749
838399
123073
514244
627614
153100
179315
26370
23460
894603
435581
856679
679837
698561
436586
796729
540141
326370
397911
869549
886331
234413
96310
618827
340935
190521
702622
912165
739036
967458
342804
303036
224457
612110
34422
74789
37642
204080
407209
715133
493165
707871
391240
650915
566815
744594
863535
476970
781171
763645
613188
98675
685819
994162
132472
535615
79505
946971
971081
603780
44386
906174
258373
329604
288265
973112
309645
782272
326195
929203
993352
999445
749029
657304
827640
278728
383700
502400
173793
797581
816600
939768
812560
988880
82388
160579
430513
798643
144892
804566
73426
596992
745112
322973
555833
977754
364308
209681
281568
958838
939038
974689
856039
101501
682568
763279
886398
193349
653559
479639
261710
436526
268990
892640
425390
246266
832662
456110
293597
517830
867645
814538
741598
248109
466316
312248
613241
207304
65942
737094
871082
764429
38426
224282
400593
916919
738302
870256
934564
3876
213668
853413
279800
608438
502124
838571
996431
599180
886279
979140
987669
489966
727132
868959
135333
90004
541546
605860
196961
758473
525188
403069
417695
749112
987106
687258
28055
309486
391293
572820
412763
960478
447658
899263
535530
1804
284151
729978
286455
409093
149612
603877
160451
149329
349547
755064
458196
806237
570715
541298
175322
517277
338011
309215
50910
762311
253557
749783
148859
731741
424605
77031
808251
934399
192158
786330
88334
387009
318221
764277
347748
977784
795836
354879
353616
438545
145802
161082
833116
862534
72235
360704
125949
200078
885088
349437
97011
589074
919902
890245
949727
838187
733804
420597
798429
214826
847154
80404
619316
246028
714445
603843
171394
161511
990401
255492
714697
399597
895312
317340
18827
22349
492255
275099
187274
179478
717458
550581
886240
298029
542483
365700
955525
790435
855642
855378
705484
340904
219466
760004
11398
261952
747066
732194
118673
230946
546325
419843
890674
425983
401141
850226
919866
41734
732177
902386
588795
888157
249542
509990
602601
117486
619117
433095
450300
529327
981120
552583
776579
239053
63166
50521
629086
66608
207626
787354
431130
327813
821469
19017
621474
459850
497060
829590
929358
526691
537186
304065
356507
654219
884743
96143
665565
160741
859110
708050
782623
420737
510470
926364
459599
800972
242863
939447
604441
659350
774110
225605
518591
898109
274064
836726
225063
248278
616843
893631
524269
172463
414545
559211
827654
328615
130272
952482
793966
465717
702159
404293
232554
341733
40460
637660
108300
221844
949270
127310
518909
453791
855976
188771
212320
868660
250810
986578
198502
846320
99222
581142
595171
809787
20795
839233
576223
553597
498520
336580
335627
809634
838301
293789
466934
672609
431167
70177
584919
559181
316939
914650
295461
124489
376260
213425
947139
227584
143561
786291
837953
383233
585294
711871
205538
688705
949784
618508
103861
287460
109815
345829
492487
70937
850650
212776
53595
349540
22028
451188
527304
85260
802341
328781
40194
268218
579486
772293
686788
289233
980504
980968
927844
787421
759209
359686
568197
277638
765955
401199
398480
675041
359757
137084
98950
38849
2707
945754
40661
952486
559081
921126
94169
128400
11396
590077
209491
937661
242098
646715
913397
751761
851460
92370
28759
794971
617408
448270
350805
732282
460381
36286
162737
179388
77451
961683
911736
435957
188615
183193
980940
334522
599379
534460
470937
881486
765694
527506
141745
658401
299229
202828
213211
515485
452517
800009
330615
139738
31542
170221
473544
963574
555779
163598
811820
317245
281746
44344
370876
224439
687663
908995
145858
100322
758826
446199
462501
263191
594420
232592
878903
96418
