83005
537522
484810
652311
217841
591718
424896
570049
278519
743314
854051
392443
914974
423901
42005
443053
839514
661961
5009
415527
717374
797112
719364
733865
244344
354865
778441
598923
966023
664710
106992
21596
726632
431182
329376
300441
241715
376270
505016
426512
188060
832518
786005
853407
315576
778522
40763
717298
777787
401902
401774
111555
39677
928276
306323
56778
168887
332840
898245
262169
45364
515706
39773
150052
909080
270901
529382
471897
19640
646294
629646
984623
897172
165033
497634
236275
576608
892366
979417
516846
438468
757136
587749
924883
465913
698866
403207
537645
304454
353418
405892
646249
41321
801805
920903
770811
109908
219603
661574
316022
373383
558352
372064
119035
363335
809494
462603
279885
952850
304842
614717
285939
815152
228281
183740
877933
464549
391182
299496
90753
87597
837792
823940
601820
63377
61246
143307
375024
45773
816509
531615
903315
673874
226882
273061
597446
839905
275830
169540
783290
352412
674719
441934
294723
447204
561030
577273
7773
581921
856208
181347
525315
42038
750491
393946
519275
381361
997913
460246
410126
53313
300604
909390
821303
99220
880827
130140
730092
468126
890116
609945
115091
100647
854084
875470
387390
506498
654566
733959
527007
457925
443584
479137
26742
419333
839245
403375
223309
442648
191209
677005
130220
742527
872215
596581
968714
142280
240369
193792
571573
533220
19901
211015
386184
565022
790695
303240
967003
982352
106594
642473
279528
482444
312660
137555
500406
853189
951001
800035
689793
849458
550493
295501
236096
2220
76204
798669
478600
844786
417269
9409
106026
914881
726220
385856
760601
695067
895877
929556
105649
906504
526990
297809
813904
355895
750152
652668
361821
59583
485593
503892
193838
183959
224153
914893
262249
746369
50247
60335
650203
276944
19137
853572
591045
822539
731023
540776
892801
755447
803106
746474
494995
492219
657360
748631
676018
487169
74401
284367
834815
82367
150493
161064
792960
314075
913290
631967
310814
282015
945609
226001
126911
525606
580141
56247
513535
333464
232189
689110
212050
839694
511551
99775
317530
198445
276962
221436
61218
174333
7367
964019
24389
602025
432116
275415
465061
601286
591936
301006
422951
663411
533431
708980
688346
626517
671645
87363
96350
890763
675215
557778
712412
902481
682334
795613
782506
138533
492057
825056
67853
32166
985174
814085
98395
856283
497839
56576
57661
675641
616202
181975
850483
830988
957212
707309
283747
960381
658943
257508
149592
355194
350841
467602
71383
13952
36329
480693
825855
376233
934461
355916
272898
173951
307134
852364
859324
932295
393975
202018
372809
155180
286436
523652
851771
675581
316065
99082
663023
146138
925984
52752
399901
71198
32419
990476
355127
104360
498907
22576
549624
698822
333980
107742
276340
568845
213061
614905
194993
592844
303048
948586
685386
431151
745605
85067
266249
506881
328504
787738
168257
302345
214450
873149
407274
681034
649444
664838
11594
715657
74115
343324
155668
211076
789991
240865
865763
740484
390322
537947
775596
886273
39818
115298
729433
861291
103375
278731
19758
386638
162203
737946
751844
64412
976979
436856
91201
809617
761285
315051
65957
658321
144118
544028
289533
132042
929655
785720
665461
701326
818527
895719
388669
490885
667575
422001
105191
11342
827531
578789
18336
317026
182942
77474
264860
976689
2809
85206
196607
432225
520906
531411
852701
926283
387115
832116
451621
307406
380438
51259
744289
946853
631606
844048
655214
484253
212183
494862
535677
465702
853496
429204
563418
102998
613530
150300
683800
259755
440708
822928
19904
228801
111213
977330
466539
368089
919772
286183
383781
705924
239230
284594
665131
511258
684521
664338
928812
883793
34744
262962
949212
815510
730865
609245
274720
499367
855151
433369
472075
988811
485795
551627
71308
70036
993859
588250
945712
370458
697778
931108
558258
244743
148563
492863
902743
105256
744535
392496
816367
572813
411988
196609
24079
364053
437757
888020
920835
42378
63565
541442
311389
422358
460283
211270
797619
572849
792251
661240
891662
359949
429575
65782
516265
980473
906035
26196
880331
269084
605766
652315
542017
644167
468580
666225
661017
961688
235989
480714
501218
74729
190301
12326
956183
891655
307310
635724
176602
9525
126379
141585
967168
841738
657892
489189
502662
102400
789457
408085
980757
544576
430108
528446
819808
228454
773447
571599
49416
601824
739449
748377
36241
663490
834409
775910
220890
700501
977460
914554
175248
985714
527169
982882
20
234897
334630
460752
529637
938221
149349
483559
681110
620007
884745
614606
953392
964296
744373
5680
273942
252053
283942
936562
724519
243583
732897
675765
501205
526312
285411
723303
260825
71754
459796
740670
451393
912816
431463
238962
497371
930034
532675
826312
312740
440117
503244
329746
954307
938479
167313
323820
224817
135663
298815
419535
815081
363959
813627
20863
79421
940422
337718
670318
357474
104276
640661
614407
441954
855626
482117
520920
67584
635487
757733
272417
749691
319276
968772
365525
77673
950099
101909
905341
396948
736336
266686
260503
443714
157396
145771
976208
828144
81454
934031
316805
852608
479095
281026
832206
520383
21133
727240
150788
923649
926829
758434
776295
868607
297067
884228
604157
25090
984021
656680
325970
245169
133354
427934
862562
550122
441627
420746
190412
959438
940352
990918
921552
942143
36866
930417
815760
464617
473012
968186
192456
179326
213414
326675
179368
784665
602731
891361
540302
573541
777738
316689
7348
512397
140928
579757
1005
89447
923116
617254
88957
604352
600674
402565
685944
278232
648418
367110
492813
549354
324271
106417
214130
410409
66623
875821
56353
497246
815438
122707
82451
95484
452761
675501
379985
358449
337676
271929
231540
620223
275370
641831
849348
744951
425269
924134
279169
647823
547638
708016
190900
176889
638151
56733
105036
780474
808539
271279
911385
375457
743362
891994
695946
839743
654778
953189
653836
61362
315359
945319
17649
852311
806460
600872
917015
857317
943189
449104
14231
332194
455341
114280
256419
352558
121303
839160
445994
934060
944197
702218
260323
818169
779391
348897
620923
274546
795985
702901
492523
668027
812777
40260
199305
951467
374811
763724
437890
211247
703031
934743
418543
690395
37758
726549
291417
226141
748812
639146
340597
616094
323775
660748
395835
813674
978530
588146
229674
68228
476422
564024
461165
718013
357325
717619
559121
707922
164395
73375
875605
492042
761902
997369
834569
298953
577238
905666
933654
890714
623494
857295
752275
301587
10838
384898
553730
253744
839534
966293
716224
891587
768344
679640
780147
4859
593112
853073
888584
610433
823675
592010
967847
937163
46635
234225
475016
610370
295310
784468
568357
319737
588522
191105
759130
823713
310326
794933
435594
906628
707644
922431
198500
505913
526427
776320
757812
564138
65493
664874
694806
728633
421656
130099
1542
668624
283595
326481
975554
448081
952082
729183
729552
675239
478553
310849
628182
799796
348896
363669
68060
268277
919486
585849
286399
265703
128265
277080
505093
469817
181909
296882
628787
703189
617067
761477
722118
110309
900035
281952
424728
406353
533956
584273
3561
674339
689337
943954
908799
151887
360706
504811
690103
306159
549348
914502
386648
724843
501512
350340
568712
663467
753882
890454
21883
18049
669748
527375
984434
483669
337965
21508
557881
937987
337056
702116
70693
93334
828861
758286
950687
453853
795355
59828
251370
737772
479364
364873
439971
97304
534007
670518
629317
617266
195700
298104
694158
133214
820268
548919
708679
612649
88191
620015
104180
672778
487399
131605
955409
7489
190496
20062
324121
855109
656706
684782
568458
332696
811608
366848
279112
507901
541068
900823
932506
457719
955947
717971
980724
974287
221333
740133
916488
880210
503906
416675
953191
475265
144795
497737
233273
353712
154534
42793
172482
146957
672082
823715
338638
589215
230084
810235
404878
69410
153089
119343
670096
507673
729686
870146
246592
629639
650599
443633
161257
504522
402379
934907
762940
260752
880601
117565
598281
718296
316490
918048
949801
706394
993120
249060
982025
966921
889676
819636
104811
234026
662392
225891
995378
620226
337938
849312
402508
94589
420620
109553
735834
147761
921872
290217
184168
28263
262357
505549
538371
181177
200843
813855
868853
364204
897450
437863
909296
753391
8436
39694
238382
276428
302989
621386
637921
171957
45877
687642
323432
575046
5257
143437
949084
347759
110559
298980
215153
699011
169684
289803
255711
272706
495230
645709
669343
541892
543824
76337
150563
394290
254938
279638
922538
929957
110188
118827
690365
692568
505446
847212
61406
297499
269559
154395
478477
630176
76270
164807
326900
696578
443259
832020
223942
129973
509925
540720
946487
617508
474510
683377
788115
527654
370199
855096
377702
207477
144
44936
869764
194116
582682
80585
695862
622662
243604
896365
715707
657679
599935
638565
799684
573802
212743
138666
259078
481777
277836
358846
219575
270086
223308
879711
868199
412371
340937
82289
44518
941459
105051
67106
122033
293191
917779
129850
863859
871823
359660
147071
656614
829883
99209
379960
913149
488669
720358
434779
768393
851174
827403
785360
432803
512483
962942
160945
502108
749864
588676
306306
787864
697707
263831
569238
462042
102557
439158
403928
177665
213861
103042
12416
695790
50027
573057
619552
613677
537288
750013
481846
578184
877637
282528
768006
481211
40124
246974
415528
492514
668046
157058
24197
242006
160356
77263
846490
542613
324181
681604
322889
482020
288911
105545
554362
68352
373904
849778
335324
279423
399838
415836
838514
972228
349382
148059
510526
59409
795629
117778
462402
105819
796690
163784
914594
457262
721641
435782
516658
172530
480753
833980
531814
806675
653738
742124
726967
463713
651985
341347
402783
840775
59335
804516
274425
571569
568424
919921
235403
460652
365494
349347
568125
192228
225238
63600
788770
753953
548939
952303
198180
53686
996992
324560
609179
456528
220609
826580
2391
941254
136090
870644
434726
996169
776957
978592
413359
53634
123104
330327
69039
237890
908096
952751
860555
286228
886848
565218
498854
869902
40150
588788
738533
359355
720834
376736
130236
75967
121223
665776
286262
223053
284822
214721
300197
348463
922219
95872
145126
845370
650590
51952
999201
308867
142450
587685
556038
925376
398473
356850
295991
957893
764233
95610
758273
90271
109677
454741
38522
187318
293650
284137
235303
315093
292914
76826
205344
463004
546587
987717
823383
167648
165264
235946
974083
639142
857480
60891
214725
918887
885507
491340
362153
900656
734054
653597
732148
293517
402008
941880
349179
763437
552928
639233
760544
234180
428437
645187
716931
311055
436977
187856
570692
208414
405219
131082
243141
122912
351113
442956
456154
195223
868892
850690
952734
655820
775162
554233
576196
914003
990178
823193
169539
561547
555819
580762
872867
856549
472519
455375
592197
275738
215549
193994
169570
620168
259314
586455
878199
16562
397989
533293
873351
172232
126738
663456
657090
991728
339330
242231
152488
937358
430338
21812
312514
302074
799005
277327
131168
524588
603496
492521
393443
796787
258952
100312
571018
997478
491397
428771
800974
50609
704574
929878
637427
160579
463582
605800
42606
331333
46043
280745
649269
746963
523578
694196
371673
286665
142225
976158
203703
701051
16738
109705
954035
918109
738571
560207
294966
43313
488871
126256
654659
516530
942333
601332
514154
117048
387534
561736
183506
645894
315887
454772
63288
335451
165662
659564
994238
649832
448124
504439
195568
591427
679145
836144
653719
739573
251521
626942
794044
880388
464075
541943
947537
918057
772163
528144
31357
186115
34901
304843
537282
458367
735530
69869
582966
907868
37290
779927
815423
732664
209589
729596
90596
454070
317746
944471
165619
215449
726184
336436
290737
487018
338429
325186
840686
186041
919617
312221
866670
818486
29382
818184
509568
550307
723947
866730
874635
538451
221839
375018
485401
280550
571251
313735
549079
818105
981401
782284
800263
241469
718698
456703
806866
101093
469177
498878
266406
907506
416383
996373
129910
872449
227061
189050
782105
636464
795036
243086
140542
381257
566090
128644
870699
405143
46919
433694
882543
128837
170031
588782
389448
100669
669594
470732
803437
724402
871832
194987
357945
353479
392518
506059
861890
200828
298202
480711
118142
293823
522313
833849
540239
875023
242161
897027
503943
340962
19957
184691
418296
487315
677180
657210
847595
832267
290680
135623
352083
305363
281849
96915
644956
43482
458337
245912
918252
596980
942709
14776
80298
784581
543742
117612
783568
976209
971006
847095
725487
585925
208542
105218
743637
456496
794068
970239
28314
104689
927975
365658
864178
909569
642319
226404
505742
836026
58192
601711
865924
490442
323214
573194
54563
917052
804610
818711
158363
896629
510052
76316
294627
914756
509454
580858
812154
453076
458382
379367
113923
512608
500896
222535
775095
144376
516676
163325
783572
86932
892326
672805
226596
34238
376161
64818
413334
297278
627865
849797
351307
124464
612272
847551
148121
579632
51943
446092
248137
202376
468970
21170
634152
969852
807195
460272
591514
999453
966963
675373
205666
780107
474951
331390
444545
982071
729777
363642
594854
423275
521372
231354
814464
991808
562599
732928
485403
749396
617238
198209
290588
33175
675993
928308
904284
100132
22430
968604
483657
947168
348397
26301
920166
163271
924644
506954
500449
658278
703233
327398
440997
766864
93835
410763
89109
288320
638615
473536
421197
516041
972474
632579
3784
13759
214728
140500
767789
468890
919115
942522
30816
884388
880218
745695
854638
760626
561513
980141
107951
182095
489157
759794
104169
337776
322151
392860
677637
72206
507426
10411
709837
154942
573109
6338
125184
117575
96812
711345
508318
71206
283237
624773
679121
60953
280817
524608
854235
734375
980121
274255
29546
899550
330911
314000
573481
829189
761173
456877
442916
815969
226501
429065
80075
370819
887967
132090
285533
609875
293533
978596
992018
806030
146762
228989
301912
495223
745440
605920
661229
215365
739173
951422
481368
820300
696019
266142
606743
879369
127046
223547
729094
85011
691644
319199
324969
178244
38452
319717
539331
570583
784918
856150
241641
315597
148604
873637
233875
15039
784912
24388
592439
841145
299493
726397
709731
334337
52903
138503
446680
818078
912996
135681
38041
351523
806896
788075
85397
975513
285750
447470
201922
222919
457652
486223
682086
869828
308856
543491
28006
174116
973614
702049
278262
84605
981478
810985
663270
43117
272453
424481
673246
483095
409381
165704
309848
281199
289806
750689
931864
387090
987566
145432
582453
497008
183426
553084
559681
821811
742027
794356
747786
818956
667103
448207
329760
634477
330292
971112
350465
26334
37995
648861
904234
381402
180074
60980
308811
543467
294084
168633
861414
461188
296156
315085
302916
982392
757888
23701
33834
265346
660350
454103
545633
589750
484664
731269
234832
686858
265802
408298
421438
407834
741314
648339
61225
171352
574753
299343
202169
710775
233638
30597
244587
283207
340818
341896
399335
674054
748877
198507
934185
908990
281857
37074
643459
847081
540867
463728
951764
220671
784079
584899
984653
882255
783696
873565
213887
395930
413872
942243
220394
682614
293477
108934
661082
963835
477591
952704
871894
802365
902874
380778
862447
116941
636749
327225
807135
148058
944621
85481
918140
728748
915900
936315
651880
256637
211195
655529
488946
13833
378055
946677
992180
307480
586053
82420
912073
222564
898325
576445
636288
686151
102007
717328
860803
291351
736238
920917
897983
931777
509484
945047
291659
382287
762932
46393
798060
432023
804201
692383
265335
724164
535465
275170
735566
130668
668465
999028
524208
931631
903117
847140
676227
829137
874467
657746
415089
544937
93858
611426
892058
437461
405315
245822
208754
769905
489361
86869
993877
792105
776413
709576
951476
418797
267802
498912
986
597690
376089
683324
926125
729844
94339
911096
540945
658825
320746
366411
954021
590355
969473
831278
769531
983573
907543
825565
680444
395897
507822
285018
586579
534749
498483
848731
148577
589695
816793
992224
325281
57899
683496
281890
91006
147633
927175
980852
454221
778164
34456
363855
102231
719914
420372
78740
527034
927814
467595
396646
778146
342625
170950
57406
398584
469463
6873
788956
668805
287369
173629
644907
751178
930931
281145
423331
904302
739267
314188
831666
551654
677375
413024
284361
609056
74846
981278
290112
669136
649139
30853
607225
902612
889605
152433
681612
611019
532542
200191
572705
606192
933528
373526
908079
92002
763961
663041
807405
378338
40661
48767
72626
570210
1999
886904
642800
143210
149078
303242
361120
919219
416905
99565
779571
948111
253407
926778
223394
753389
622575
386259
983964
932438
842288
419318
363651
445445
121261
103037
715150
862263
460092
747547
969916
617735
364371
357832
57731
810729
534480
776112
338572
349307
215198
327922
120007
65325
542286
82705
990521
655418
873658
435596
173184
189429
214987
58188
690025
332611
573511
181476
624874
793489
991372
912977
94185
670542
258675
454499
865230
268103
997283
822598
637161
254884
414575
890130
798217
965127
266256
87831
8250
223213
637510
711297
320449
228982
425810
454332
184356
487089
279318
900420
908893
886515
360820
809552
828534
286695
499950
681289
630131
559175
634468
264096
721719
387367
740988
845257
97633
538502
905673
642466
479148
410163
307342
530974
192357
670727
365870
684750
861459
749802
824562
178876
176961
72265
16021
755668
29948
162139
581759
214595
963030
908983
712010
272763
269013
484341
173465
941738
880566
798648
934174
463256
698659
459626
195094
804146
978126
616986
542722
391858
380030
253556
433487
583587
682229
3861
990855
612144
181496
481912
394404
350130
50813
69760
678351
87541
618072
721894
819199
963626
554976
75303
241203
522167
62848
558951
436833
182222
238855
545727
755333
205141
872846
969052
51626
913010
256781
401904
891687
404348
216515
15459
60612
873117
649602
468272
111846
939943
617307
784498
733649
847208
529020
226705
388783
87854
699912
438851
206812
815163
428724
388755
875344
154843
129911
249998
941906
560546
524755
851621
786381
171940
723710
246755
113769
100217
959842
47499
823082
321147
987954
538429
886361
180898
601881
847516
456755
170433
874232
76853
961601
543929
304523
709580
473113
6572
169334
574739
846323
848770
143308
530546
950473
819891
804406
569300
747754
113449
35062
881723
551285
91326
539136
991525
697049
4686
85016
205087
385007
75390
149041
148018
723831
448795
646568
232547
397115
478030
341378
241268
695981
985212
458349
68148
868328
479918
884340
580751
608120
831461
36557
663234
434600
228201
667539
58598
555871
194309
485846
127965
184907
447304
669069
191988
490573
210266
612318
196275
227645
458857
598746
398
193355
183775
216587
697362
403512
247446
630481
545619
191969
776332
695179
97350
464595
821607
263851
875032
567797
765293
871380
117917
375551
463332
185960
847090
18628
208098
591659
968881
659810
248080
982723
260079
592913
6701
767676
228366
710016
323940
956385
471770
573000
544184
526847
201161
20395
295803
3328
230113
320823
146745
921301
239783
95525
635169
862638
586304
645903
264373
488121
151890
703795
99203
904018
869674
574731
459055
639923
955500
557980
837552
846965
359681
919788
186186
668035
532509
318880
272939
493057
615402
74209
611992
604854
72352
206022
689282
631615
747298
778300
457328
574574
781392
74326
793587
662624
119649
538876
673631
519911
122623
444820
19624
264909
926753
493382
921941
45240
139964
512404
310771
500498
349358
194740
670797
438994
38076
713863
120843
888486
211931
217456
192557
586041
86210
603075
596046
741057
312712
165468
786687
316978
760996
757858
130889
348967
187984
52245
345816
74998
344926
197149
651487
631822
421520
22636
607041
137359
725245
668930
481519
780462
56356
762692
964109
756676
163901
674288
286231
532619
400332
443946
284678
601502
747816
632010
893069
478980
547038
84075
34367
306939
413148
918846
359604
868022
851579
726239
642931
460361
374224
892613
20339
518783
9898
533786
793202
822354
738335
299264
109674
952333
656085
256947
360901
332856
573616
88089
746684
686340
680388
120260
542972
321907
295919
712019
251403
910085
994585
827826
157250
953868
222511
840017
312597
436540
701187
110395
188276
619698
86033
794236
682564
89292
840400
925688
521139
116339
104524
759196
944275
532734
319413
412960
439034
675613
673959
54897
970985
474055
271655
19881
355476
755413
549690
263859
52463
735655
610342
138499
829857
443922
96150
360457
95157
542884
770106
742210
437010
630450
216016
242408
256968
684105
153710
96943
258882
259962
554374
500590
885541
665221
936963
741439
87917
359479
330060
435133
578048
611084
427014
525978
283470
358787
732989
941364
675073
289671
373216
132152
251118
298781
871617
153403
497965
42490
137562
770202
748588
244019
148399
635680
858941
879211
977078
469228
753836
301705
921089
365633
918052
531964
445775
636123
889252
427920
11009
893039
192034
691803
804369
629185
175325
630882
963925
301733
739697
341251
509343
332515
332215
380714
164144
263294
575388
448342
43385
961275
39337
69792
166939
654876
619298
563144
316601
723431
460268
342557
582317
288873
732503
412469
280395
973430
703505
312637
360813
360279
527300
732253
416196
786090
831557
172907
484407
662379
185671
359826
431251
332076
700502
284223
421848
800214
82813
991564
274543
434963
945301
108282
609701
584219
861537
118363
29808
781576
774809
444205
445917
46609
176500
953064
967086
525229
752846
246095
283001
453369
193711
105364
892463
540437
862492
58775
890257
586780
812464
978356
426889
735316
900345
222076
172608
944515
867873
811349
469213
196085
65803
18688
646071
124151
173041
362916
715188
573023
665312
470372
763387
155699
566876
17751
991580
675693
108411
227549
374147
940133
764348
491604
832313
451519
255853
943022
468462
646610
514332
640642
249784
354070
992794
185034
906243
818230
797304
27826
895163
544862
754100
111649
662335
391657
188779
195482
831011
684414
828892
30826
930356
972981
791415
318741
282485
655672
675753
28433
342271
922888
457445
532130
253513
527611
56806
536649
509193
256192
91937
27959
206927
671847
576642
720510
252575
752769
924245
136375
595476
332291
420184
761553
602478
119880
981252
945738
625726
966831
899757
150311
20010
273510
579293
78284
750833
611105
271576
686457
25292
590788
459589
144836
601464
440900
641006
414079
497913
524596
158919
948824
616394
170840
59897
468243
73018
485618
793102
995213
833721
855625
565872
822538
1444
160719
824176
811234
922009
195545
475354
664081
188418
122222
872471
69429
933484
58834
422512
536109
541193
734866
426987
463663
352377
777168
342897
804738
693976
631346
451916
507658
458058
237710
518369
828994
510119
538245
616388
900355
543811
299539
192414
333228
978271
469354
783804
134404
635574
404602
219928
605100
345674
163432
818678
792889
13584
652720
979986
149425
554234
586731
612178
736682
723439
957676
20653
942294
358244
118595
952361
511123
149475
680255
860332
155331
700560
755554
565239
134963
375779
167932
312863
768307
474166
206305
533352
52365
316826
251396
659417
705074
149878
562039
570899
860925
504163
677146
826390
767978
370797
271203
164849
273727
878176
207548
303000
491900
962673
907663
193203
78268
899734
296419
303774
894782
257429
681428
908408
396754
118709
444212
918023
275835
365737
583087
842047
525187
428895
825697
578322
155396
548739
743745
172425
844647
77342
477316
886416
12010
313945
293095
704314
123891
438916
994857
348339
84305
246429
613133
959691
216129
716541
590281
159208
507159
857904
96319
659740
912178
515770
632522
999082
204745
419534
409077
616420
928798
195437
229853
234268
891526
387393
789503
197351
886617
666211
438372
195322
510326
463778
343274
53791
847202
486410
273566
34467
539835
661371
806454
771359
732615
41214
623140
566614
499157
342726
165746
15467
14716
355650
518261
965383
590313
419013
801764
909787
104297
239997
321887
419101
656650
204157
844720
276052
489073
830881
231165
326370
625181
758618
349429
609397
683965
165471
59914
155966
745405
880663
496321
328640
994083
961476
876780
805207
929114
901879
581865
346476
33051
339685
737098
268426
327157
133293
390494
957722
456997
878671
746965
989411
728411
863035
961033
498975
65335
664005
607539
796025
896307
174776
996634
753724
408282
157460
330263
424895
148480
619643
591753
308633
429712
617770
369769
466587
408177
669416
170438
719654
298912
250673
571479
334927
625100
288917
53963
619515
198476
712597
549618
504709
115409
613497
100488
411227
152649
189079
440617
618251
835355
942391
942519
323591
193917
769019
430744
978686
746882
787555
621134
778570
790949
765319
245956
301415
692361
598808
106677
906346
857039
458610
650198
126388
528318
566116
503328
709115
293881
78444
698532
258025
391821
504424
56805
388962
885799
478875
789926
173754
215114
174736
756295
412419
383674
373748
581504
118968
359672
128765
747092
812900
853597
296537
16751
218819
556324
43926
470547
748380
237914
645508
975033
995389
491974
845238
544905
14339
798251
817328
994761
390946
775988
23402
582416
494047
591232
134192
593145
133385
461166
845846
371388
106451
213078
975981
555750
164346
353983
43692
136602
545451
444415
965163
599262
316393
156012
801244
748017
564230
956240
585815
816341
228300
112955
665382
730036
933694
399937
746480
530019
67549
709600
649583
543915
686908
580674
961261
894853
96959
440622
426700
287108
57517
598826
183233
373493
508355
890556
901780
288910
525422
878999
860976
324887
446902
58692
897751
966264
941577
632876
663666
597335
658531
404940
994534
309438
904982
348291
450234
141291
219266
582246
965413
864374
690119
757874
781533
383514
604909
932049
298181
660419
396652
346893
635706
558426
353907
71215
156646
406452
920784
702705
731721
802220
85919
939888
904508
377423
305387
583152
652481
883492
630139
983713
602256
2539
866905
901440
880136
960112
650933
917817
811407
318087
136422
499333
321068
781747
775878
576936
840494
187096
22633
22954
334971
191078
474844
640252
257189
525005
984996
138573
585218
56510
90835
799059
321980
505029
220474
344567
287828
880300
984440
749046
995713
345739
787794
192481
925155
856494
657271
780893
590718
311824
78366
283617
485595
906390
623652
32787
614597
66529
358881
285065
931061
823740
236138
798685
42644
772929
601589
232898
960858
54370
161234
429416
205860
705776
213405
112048
313554
337908
359751
217568
858852
231747
766002
255288
270830
395870
460630
860825
754069
944664
414614
281230
669127
191094
615067
527423
822534
842324
624857
272549
890422
791117
567888
856592
409551
389633
141040
243977
847024
546900
790209
759945
193476
65303
349066
139246
792674
379982
68859
314216
922126
149082
578449
558860
815761
661119
495330
604195
32772
231074
161111
87882
580089
222017
997458
610392
688484
866760
206548
712822
179748
932874
731799
620404
65830
108425
186077
823044
712371
975893
921805
930767
101424
682422
821972
534398
865667
9268
81365
490472
623624
712042
783600
388628
236155
20800
562864
524528
153637
216897
994201
681521
171889
340579
371173
617707
363709
430670
642568
234662
794409
158222
931334
195489
958907
967099
791479
522422
934863
989710
471436
788097
310440
157613
980105
391798
765653
263024
21003
443417
606916
387178
327365
5553
49861
280192
287973
416111
789644
143377
577028
628564
279222
5738
444443
202986
316956
358445
32760
901868
330350
627841
383234
282996
629391
653418
904268
222295
23106
537784
492769
99892
135128
301312
852958
940496
342616
315770
63997
622482
736468
304069
855794
643071
631955
523345
322127
663149
89899
863316
340489
676064
294257
142834
151503
909627
133893
447929
472878
958930
117822
534972
756279
61536
153865
273177
663720
853062
348815
146333
620912
64446
884760
791792
526818
258746
857154
185313
549267
269964
915217
757662
224523
234333
515888
33269
818498
750798
751135
61797
169052
788712
152804
753282
664868
682357
781171
42120
658855
908297
483977
187541
439661
763153
329261
377739
801106
579332
337951
144258
999487
559685
857013
189410
96760
567056
660694
615905
236833
502632
485092
21899
425368
75932
237602
696394
754054
14357
816965
771349
290539
65010
582900
419165
919787
412001
526534
941711
231417
73565
726848
636046
520925
950376
335877
135298
90251
392638
23080
219558
485216
258356
957344
376167
602744
952160
205068
631644
617715
792878
702570
662122
954320
571858
269004
795192
54039
299305
538720
772245
329363
414841
213577
982494
98219
461478
653471
702441
950467
349260
80091
801621
583233
947595
491512
475164
795106
872522
47351
172696
847587
873514
330798
835500
83594
698276
432015
653758
979401
151572
690021
171047
927011
889066
634124
173903
7982
355726
530090
765226
307221
630373
852878
495535
864910
952503
259951
510768
926085
832435
191707
620288
141654
348467
121434
338007
608020
398691
571521
134746
912878
609909
243933
15575
227791
944135
181832
736163
432320
959126
674524
881343
409040
136102
850144
176960
661196
262191
199812
366675
961639
538834
708324
449045
953022
512837
439265
647998
510120
475978
593861
520752
124632
632783
733029
955483
135344
103433
281815
269102
748754
241565
499951
757921
446288
265049
174788
654663
150540
327255
312230
909957
811030
119442
71204
760485
660799
70471
827735
643264
772862
962272
877284
275265
270733
931166
479782
883448
928228
700175
255335
907167
182223
696782
725279
377622
380187
625029
645037
457855
955006
528859
440281
677320
299875
111569
469943
996331
838538
595466
632138
475597
483017
738095
667112
602336
963418
716034
935568
402027
971588
717062
14266
692623
702498
291554
392974
94960
7983
440161
150653
628983
553434
829072
383764
442229
221919
135206
8540
827321
482097
783078
585989
155147
38808
906471
909782
889411
469333
109666
875607
769419
735771
240904
809539
33776
456166
621041
766950
836303
1561
21209
568381
680207
412327
134900
273298
992742
503205
489172
58536
243664
300060
610442
282220
959432
293190
690883
156366
323729
500262
225133
301675
869019
650597
780768
216891
359046
523999
903904
70705
665895
516071
741717
798103
930321
64209
180546
967431
598045
633490
396556
252454
714921
64178
813198
309638
406446
186863
264772
224803
389665
802734
798986
315893
606106
231514
706346
213584
950545
880226
833780
429974
940714
199679
776712
73998
15764
955165
106681
501931
76763
788088
212401
934925
106456
645794
599931
423455
744468
1586
54575
641085
263080
518966
70526
372060
844729
328427
131279
586279
255932
537910
205358
727381
522749
886641
629842
256779
799884
944493
235319
328886
646707
957424
707728
953458
621326
460726
191149
219319
20723
665235
850759
321615
592230
274371
285538
839571
773045
765971
4445
356448
137566
413235
188842
395327
101584
657719
129763
646975
889283
221403
576394
357037
735734
429178
9383
138551
741566
883766
818747
172865
967655
40881
683504
512890
708165
286676
441985
944501
349855
142961
773697
242415
344578
952129
408986
5372
245843
223798
586560
12775
779735
794401
223677
979495
828877
290817
101386
994923
86664
784064
40160
225570
340089
383498
104377
969994
594891
267727
168481
887289
254723
305830
200791
541569
857924
343425
120245
287576
887137
544091
70601
989585
162261
252548
152056
568144
361670
264682
476839
913341
359544
217377
678234
232246
357955
346949
114417
297282
51028
532425
458196
300182
805200
682769
591719
286775
432478
424957
569460
28472
664319
410709
132057
584474
702828
798972
29003
216960
612806
487351
379423
705320
721965
246861
410090
968320
262617
903804
789688
891187
51043
240491
821206
926487
130431
845246
833012
540702
925345
779469
34457
612164
592288
853887
195284
77187
822215
352583
254426
224044
914019
733126
922223
254513
437846
263679
784840
346383
672428
396437
188704
760610
542226
655705
518433
512081
800890
347567
986028
131820
222520
36667
95510
496633
224606
405615
969699
87419
518538
819661
815117
892814
409379
218526
837960
696977
124131
317439
43370
248553
949245
290160
820841
762329
694424
554219
854353
459635
166572
986101
240674
704214
948812
691101
310982
260868
726858
543580
599294
623802
282005
898783
691808
525138
837142
920252
752353
33277
336582
252428
29810
303830
146191
254525
585366
204384
587193
955201
342374
827584
48534
655236
206530
778727
212960
864676
654250
427781
870329
860791
612552
682328
349342
816370
702555
656985
781573
176468
770963
441261
420398
846581
160660
335907
280283
184901
262730
818013
101779
560016
409803
626293
586866
655088
530388
269345
268870
249412
903378
682144
652707
251302
330866
472643
673497
576287
893058
733987
983374
356885
555266
611753
895229
434712
558335
207936
513098
281816
382522
565348
6617
518680
597065
218878
813621
158894
875051
600533
965212
22878
432201
437156
904968
81778
140747
881730
256872
451865
562490
487271
834086
443629
47587
448738
46725
159301
983431
336068
974176
798318
157
626297
446285
650780
220719
621859
276533
346991
453385
524809
962793
621557
134376
742119
677153
180518
521529
696559
941049
253531
955880
989898
81760
215917
130782
237355
636826
772976
385234
172919
815091
337353
869302
194982
488633
582523
893586
283843
334123
382403
287835
97154
13784
348910
479965
566196
600704
805742
959481
393984
266373
250162
642172
806670
441982
120959
349923
344116
216382
450247
102416
228243
847378
2621
344292
757390
275897
968809
92456
209879
94619
651724
873065
850624
586736
886271
222977
678755
769515
1612
676109
660974
955455
142374
32055
317681
730011
481743
963551
913254
691786
751146
351336
689861
992320
672649
719087
156182
369744
378467
851899
47295
213878
591608
628795
893037
370759
844568
513986
587726
306439
936862
563611
188950
259463
404623
335005
943606
487085
603048
988396
330669
102854
832594
210967
375699
610660
499493
248420
545108
817035
305924
778642
115166
836655
643689
410616
741240
428740
476920
558557
469421
306081
898667
150790
569478
732026
58291
804216
310087
301471
498167
63019
454541
508275
490387
762604
219014
109336
142817
629590
890201
247672
843293
477523
763458
376176
266103
700882
453061
955622
763110
161656
357911
365480
38789
209955
959527
947506
309562
106623
272705
417112
896489
567765
623787
965744
943999
579238
595866
563302
886673
270944
171810
405555
723812
238054
33877
345205
193505
683651
825213
674157
2680
740428
733804
196338
10493
673494
795263
829226
937382
890838
179916
720122
880107
572276
216644
509065
289935
797583
628891
802990
950948
29192
673059
573728
396544
749325
176907
585433
891083
808636
484874
130004
848937
948961
109685
576129
764633
897028
298121
667287
662112
978860
441672
580863
412367
657433
418722
241059
423820
509625
110168
339711
287523
836039
597121
473514
143141
404684
516222
462340
449982
975659
979662
686392
609912
179138
888273
730521
490814
320287
599521
209720
597684
773445
145501
537453
804380
617947
303329
702214
533247
437445
673818
775233
24644
792079
979549
311612
566135
26131
619958
681571
218874
79921
985198
76030
511634
395797
451157
256034
698102
555743
199169
39453
104653
499513
30810
684047
441692
175343
666941
494255
667327
697205
47519
701425
996339
370338
79280
481321
73645
431314
253697
392426
598404
16966
568786
499146
141047
366854
254898
157513
494752
543185
296298
308680
521003
413041
638566
446394
852555
601977
786760
436683
291113
11357
561812
366029
596928
907010
86294
668390
108715
642353
641278
900146
567231
648696
997480
700348
869116
827469
568290
509863
66028
903273
912415
335437
495522
613344
793962
953186
278742
832089
172724
731533
236569
274704
594478
72615
787123
813841
343118
159397
630732
769873
485088
392956
505356
115194
597685
315856
250495
765962
993620
588395
338330
381241
308431
130705
505045
490975
655740
266981
564456
361454
830297
189284
751598
355813
950370
250349
952643
171824
681672
781472
595760
152785
721041
57436
772282
971980
487779
314234
862916
867087
19153
559312
289321
469814
410907
555565
328264
475138
892500
501117
167307
414647
333364
447256
539970
146991
456436
259658
137868
498114
400649
500701
17046
135763
139834
460084
102628
547435
502541
1655
319280
195847
867632
441076
400194
653514
63533
500369
924495
505163
953708
319824
994572
888928
20397
651357
330599
608298
982237
370263
694965
304855
397513
92344
689826
59488
97946
226472
398796
540168
109874
628737
319548
239340
41406
879578
84708
166515
925810
511972
962046
474371
164317
646127
686548
365335
627711
555125
846038
515000
154622
117588
712760
380870
327243
17410
532729
324043
187269
705648
135171
861768
677743
456838
222272
925620
327789
529987
270707
554540
188057
139351
74842
377631
75063
799857
275985
195012
768004
388301
873604
532550
772286
294955
415284
604625
269971
249510
72933
964763
522295
753010
997699
394233
668950
814597
984069
806100
280522
489722
388989
863828
600808
705467
795248
365667
269134
467113
547614
565652
636343
100387
337736
707725
522858
4507
584615
911123
714794
13154
874196
615394
622380
855987
89996
237364
846153
334266
177978
756987
305644
235699
101920
991449
539236
567624
136848
7969
320673
131610
466214
274698
700898
696686
211272
990046
148862
61394
515589
124867
215656
479279
448331
74118
962365
139505
486619
564135
676844
48181
603042
459770
639311
906562
681767
894557
54033
449590
122551
714406
696241
355599
638305
281070
13272
532978
883869
875236
991160
926718
472745
477651
325613
670538
374018
179332
691635
214345
773268
153931
150779
800193
969137
316114
497632
108729
374318
777420
875521
945392
335398
345705
116890
84079
500304
705945
496032
181862
223395
965563
401514
348593
506028
391357
841109
620262
601307
512527
341379
126732
334463
894632
209308
511150
294297
781147
10132
370603
277942
369438
879880
447762
307438
291493
144236
846121
861697
9974
115580
139293
515249
61563
22328
32928
686405
876114
403038
572913
279777
379392
260111
97357
803158
961711
642728
678179
109222
336046
510833
48501
528310
505057
118065
354438
970529
73071
376952
616172
386502
676540
776096
481404
745095
830830
191028
361971
922104
525382
358585
711405
661637
276080
427075
934629
679222
195652
938108
238687
636518
915583
605134
62946
14959
336368
566391
689087
180859
49234
85714
857733
107142
548821
228372
703192
578012
209756
245066
824758
972529
309042
307369
820726
998765
958673
191383
738383
963523
674876
493715
155011
421743
166430
514547
313148
425592
439928
109035
870261
269587
215199
679641
450497
291818
944169
337926
3966
135041
348371
815693
597166
640272
59868
431835
132462
946040
573510
106644
586272
730607
135688
793440
747621
384381
429031
620516
717885
808524
340070
351868
489523
65050
522425
337041
276251
507913
745598
623603
909817
782024
735225
803533
396494
292174
17102
254549
540242
138574
341727
340935
494826
63391
920300
835665
948850
79145
340890
305473
651991
450581
378381
61472
412701
683712
151180
842402
363824
590938
749377
650863
37282
575948
415688
826551
644017
376725
217029
88101
646950
315058
581045
586980
2796
650267
667186
969691
444133
500166
348462
556949
586201
203175
879141
671829
820765
369816
347955
458022
780670
849662
866738
479210
476404
755122
729202
99800
506831
306272
80121
627755
473081
122589
710784
262932
461136
433059
89792
664271
58090
673575
838390
154921
6279
749097
672893
227545
34781
891119
748447
647410
14243
443170
92752
132713
317583
685150
42803
736438
879789
96521
555688
323099
479867
530882
653558
647972
682513
273467
77140
549662
156224
744348
772587
152492
612585
669011
186276
937224
730549
27564
364920
478879
904080
251330
280626
554077
428403
875783
574767
762524
551104
820998
668429
383359
502794
160594
880251
704676
232852
1423
861551
186871
761059
53414
192209
503096
586140
106485
197652
163604
542960
696308
489675
825264
575506
50029
135748
640419
650237
475079
789850
674314
495239
150248
347779
211956
412910
262586
454279
160258
621222
162272
72896
189691
126627
456826
634412
41058
195288
812608
520953
406752
761336
926057
364907
513339
776407
447814
226199
64457
759283
721118
742289
330385
678693
732780
416282
727861
63987
158299
926790
210077
596955
61742
198886
160990
917862
116708
297138
123927
439530
334269
431997
540261
288874
322347
218848
147851
863405
110567
103104
391971
925631
290822
479027
611913
579191
269531
719573
538193
412183
502620
558315
277166
58642
431547
377979
470439
747755
782466
469269
499607
913274
455209
700514
642929
967121
757776
480432
967306
378518
625379
2507
841537
441601
814880
414089
29907
692427
413055
865409
384907
218495
610777
748623
6595
784230
302217
188726
174362
577784
809608
854940
200739
557100
372494
169830
303264
775755
237312
8177
681553
599883
417881
553479
726189
164474
223033
173774
229526
643423
69235
429523
581221
178969
700583
452996
939845
636271
828483
571672
537376
871098
12518
801127
643880
134503
732682
39074
146048
658752
834416
163132
242870
386010
627632
964214
952480
224011
60396
752915
563808
489051
24610
99850
262269
269292
539014
815296
632618
890697
442787
280653
185002
876185
290551
397123
281458
190055
926535
842583
277375
815
167684
805173
346531
565602
621938
29518
523094
205348
806162
118008
265541
127589
621579
410828
533179
817918
725880
575229
820151
798098
454761
729977
364066
583122
152892
212315
853291
342568
712936
957221
711821
827664
117473
182634
104049
392898
468875
31427
173203
245336
73914
452036
410964
714153
75693
35337
143410
202703
595945
203755
173697
267144
737364
376925
420708
632030
831811
644857
591359
252931
44307
158015
277930
252642
388470
524369
72805
46172
602914
557459
298172
347173
847427
417186
512885
975576
445574
104636
873739
283528
648223
55737
996114
568994
57191
212667
994571
120499
564214
208704
470927
855750
855547
730323
731014
253660
247212
569329
306422
437662
440757
455328
816869
926243
628486
905630
813189
976645
109060
39668
601619
581132
802488
761951
468483
622922
139185
612519
537081
97894
816785
139057
484785
863049
357831
661710
987902
382867
535336
661181
210878
322350
678928
917988
574576
975338
892584
461033
866611
860727
462459
144962
26750
592900
472974
363862
571901
58748
891153
399223
114368
722369
802194
168971
439945
639514
700823
358386
728443
379545
532351
608895
123861
446206
753227
379163
656911
827947
821585
616862
264997
123977
78949
692521
887976
516324
120545
420989
717295
812191
352965
805745
985855
548301
614843
116733
813863
405166
976187
966524
321008
248148
71209
287512
175886
503422
410897
876262
205309
147458
728513
364153
681410
51254
89835
823863
833411
98173
643114
245807
110840
255712
635433
935405
866110
271346
186836
233453
661924
919060
702652
280613
359388
395395
121671
664902
635871
730561
676620
475133
268526
940588
637517
888086
736893
638849
317782
359951
856782
535365
52003
675751
423303
976354
489610
715272
25642
674469
231606
212428
896200
243729
561384
168733
268136
470457
240920
218252
67488
975823
814703
25696
28732
24738
262719
222525
376759
233070
780478
144848
611217
616600
704796
265472
555034
227615
894967
178288
776070
125211
57651
311337
190763
114866
429309
545154
814947
871571
536529
826018
687235
766880
333132
973259
190795
219660
554977
247682
731305
962677
984969
975502
142515
397984
416739
669045
170316
781821
32401
807726
974616
307760
199345
275269
20372
533988
731198
589732
759317
274178
251250
399783
414221
44450
11816
925710
653607
949974
613298
89921
623163
183202
172389
441292
509487
848150
9739
311613
262096
694608
538153
285472
541939
692440
309932
401828
98872
816127
686474
340926
95467
778773
584410
214242
734058
317053
777399
488897
520308
93111
191223
927859
704986
252455
203655
590522
486656
236338
512110
643761
346038
738157
897328
750344
210106
319808
586474
396773
678332
420083
386573
19621
631068
220905
397405
709012
733150
996927
763324
993831
579084
442645
293481
337604
144295
416826
709911
536873
519933
909770
909673
444736
888606
159309
815206
58982
881054
716590
913950
377908
487798
577591
543425
33656
737745
282958
666481
446395
854487
839105
187301
492612
104156
531636
75024
981213
215547
534762
860069
622763
634067
866375
616299
993396
383973
420618
532418
209355
495399
76886
15744
584675
51144
518803
123820
301384
109632
327036
390540
909991
506670
237374
398515
990881
572859
925394
180922
890263
844834
785742
695589
557541
917313
143243
191602
654488
958742
404078
512588
844130
914256
611275
420123
108157
857386
153595
983083
788920
174312
683086
444362
294304
355603
945922
465427
197102
18720
427206
940429
41944
661874
416003
328451
73655
360329
509996
928800
103133
661086
625331
730210
195238
764698
189297
298966
457694
898048
146239
413685
118393
607917
955048
618491
427270
859681
634699
795559
858607
194382
587630
786977
304304
80878
7244
580407
901704
130195
159443
916910
560055
269248
888450
375678
894140
227727
969181
151233
755685
325689
125942
691429
337148
750307
467672
75593
219075
378528
5539
596576
634566
270912
401910
201988
419816
513207
646962
578796
154147
422915
992632
931055
453674
480898
816890
489639
611262
185246
479524
218222
202914
125824
342608
347892
682748
611962
767352
852439
261499
490161
257142
90539
695319
258859
986838
779804
624875
874485
319697
847721
378412
333805
496094
28117
71995
398214
389806
951439
531660
553270
271107
529210
480998
289138
780123
11978
752930
348561
465551
627190
729663
474638
90696
361893
451474
840345
549355
660897
277136
706248
298264
488844
463126
769772
58492
17239
327296
131043
386297
796043
35544
703250
750222
959685
600554
107156
633838
666552
190096
486316
333077
211782
132835
458852
609276
336816
919898
110237
250607
920387
915962
358865
268670
121106
189162
234570
412351
271737
624376
392612
713359
606585
507671
961636
535737
861406
359938
969310
510623
327930
709021
261197
879032
975814
73616
237326
589991
825869
707629
137697
386622
106189
456039
891568
934956
163874
274654
935612
268131
216602
550645
210080
527923
987319
485417
667293
435404
166226
106568
194938
39342
222002
267491
121572
823319
874205
911438
52932
246251
990579
382394
925833
251948
432264
562560
997548
501539
346178
488981
471801
841633
804611
947492
408731
980517
802255
165604
404813
275781
4533
423322
378678
605883
754211
848871
817554
181576
835437
526008
583805
597562
152400
733845
532446
140727
689037
878610
110761
386147
232447
236920
407586
19704
519548
567060
347818
355237
468602
465937
964539
186909
662868
328456
136111
656322
926251
892427
863416
407395
992233
723071
549301
492002
561446
262671
996728
782757
500709
668408
151659
231675
2757
809660
438943
32054
965191
233939
603121
200612
244448
70849
78849
926005
304693
649855
897435
892803
611652
281007
38106
415620
874362
780453
691671
160504
879454
471306
324701
165000
808209
307720
151073
898464
949072
510782
629358
836501
897936
503586
383479
689544
671753
25954
21104
308344
65992
954441
493762
930112
353158
367108
513915
515647
234335
68674
970032
755287
142274
198631
223224
896338
622451
34173
209510
412428
436228
722045
709286
150631
801031
282190
565829
252855
294354
951988
425159
188283
297478
812523
214691
999247
202489
965189
334737
491246
497564
644488
421868
169876
242559
17396
44591
935475
613307
637861
888419
180633
397247
793601
233680
738674
138054
392758
22091
19166
700408
126108
479854
958909
139006
778358
644828
997525
781396
720216
68089
281891
388260
190752
141405
868824
529793
385084
622958
911647
627379
854366
423600
453595
580143
798139
979245
65197
590990
875762
903238
165259
990505
5156
932112
96955
766747
43235
314863
617961
815684
396876
525915
738010
723036
566337
757343
90583
955283
600369
159638
778103
219311
63569
540342
646427
707961
181259
503766
295353
611352
715989
22661
753023
37669
433273
907145
602487
732271
516494
175621
762248
315780
895709
938251
175554
990066
556873
304412
814077
602308
876512
31875
327113
506918
820716
418904
630484
353042
115591
33851
460324
126589
419411
147794
919364
18683
78885
140962
225425
49272
217079
574436
637059
173472
137137
161093
656208
317638
975461
953757
746898
179722
654746
853828
880506
92537
559510
524899
627911
841958
385596
332461
840575
302001
685154
573732
683091
263910
326061
814369
195053
626971
656142
61195
119779
477986
122069
391557
27868
4000
574942
280048
572740
315339
725539
88548
404394
683113
819677
362019
967361
613550
595162
194343
187813
988036
579019
547474
418930
916914
422481
593735
549212
512680
916711
279280
246466
816831
534404
734627
251062
664770
20622
189951
105339
373838
343021
467505
181370
314840
102213
298048
376087
721788
468203
611430
100086
636659
365917
595551
798737
872861
298512
170803
72940
412154
894112
127044
836527
930630
595361
556227
26370
429724
513763
593139
615088
608709
328671
753931
21401
778176
686607
229118
870314
302015
133899
470402
941395
329884
138934
924210
744297
573156
991021
642402
357356
321391
731585
176891
492043
847032
467258
33411
491640
705786
860109
672897
992358
562704
145025
500537
794643
670039
341846
669213
935409
879575
699229
832684
801821
522576
812712
420231
256215
623870
457808
61789
491991
621738
925488
661750
132629
548359
541413
820455
130822
234521
631344
476964
234444
538742
199592
891805
446155
812819
859879
778151
603451
135780
429888
540741
255293
359966
517415
118135
236675
605189
264407
891151
460801
78959
366495
495256
589553
616435
60532
920480
438163
312120
637289
882376
985999
576880
605655
698208
539377
343365
721125
254264
288354
492570
755384
276558
751052
247392
812606
830807
717080
215453
815251
603319
887236
402501
957612
470893
488433
120058
681111
29870
342583
404232
734340
94762
599768
387676
67221
674698
455144
150165
140154
575868
798257
150332
173242
325874
444667
203386
868274
380050
347503
224784
834448
811668
731003
844161
462501
633805
850217
625465
846673
503207
826144
94444
641194
233196
908
283933
554281
656760
245867
376226
594899
621990
291648
804617
948252
273478
115009
465569
582846
83380
467651
542567
805100
642341
922588
140660
551273
761944
930602
754710
847448
768073
436658
879453
475916
642370
466517
565148
774838
209840
239916
964865
244206
839778
662202
406949
967164
425696
137792
284935
201536
816653
242614
287270
684376
173080
481355
405932
786003
618872
876026
767124
613990
756382
964987
738836
297352
511769
316097
694705
287946
408586
246622
723112
909762
781238
583070
184305
385259
77124
856023
227678
772554
77162
313631
876448
288083
343145
116384
848786
36640
975610
286963
591615
535280
434628
127346
349729
321020
995198
35303
232963
769153
335212
783615
519536
227951
801011
226634
843827
808018
72968
781689
761780
544803
967237
347115
580406
372849
427624
819961
613269
192863
280132
382653
713137
56791
878720
620866
48904
785616
396725
577060
119446
487640
352607
923036
82888
190418
250644
341428
858631
142624
731831
14401
896662
509555
493247
898232
645440
659576
802278
305238
114341
655142
134856
592065
444765
488293
207432
706644
624422
281567
477155
317066
699478
169018
835168
868485
51741
170519
326536
343007
369355
155353
325661
575838
797062
76549
361375
827191
189495
2014
875849
939877
569838
753812
663514
488787
37606
962987
960596
884845
548760
520021
783803
99915
396171
812928
586525
94882
831060
977317
913275
22175
302375
59308
70798
178780
161426
206993
811454
112678
181183
359407
147474
445140
290683
826920
592746
224392
734901
714273
680731
749812
24934
674105
290728
771455
898987
900025
730789
686829
289460
533579
731610
236767
590641
838611
59443
615030
548588
307445
962021
466305
203462
216343
16312
436154
99102
67211
178967
78577
568127
393246
750690
5547
757278
449265
458569
867477
289870
706409
398708
537232
812275
499054
24404
21370
733402
527853
167422
549732
53241
565947
328789
297243
615796
911965
320795
619997
820116
581290
890910
668297
51261
74822
40976
941669
258396
893948
353704
612360
198324
691683
962808
483646
851734
753056
372496
219257
272894
554012
36968
9664
243837
535779
317650
750289
691639
614777
429981
89115
103077
394296
892626
817536
559065
714232
170319
580514
499664
788785
313418
417836
942324
994461
476703
48703
972654
486134
768005
550855
875730
760431
706910
609409
247693
165876
410202
667816
102313
229285
13652
484025
762201
868935
677409
875401
208693
961534
478210
527282
973581
751717
536632
367201
743473
492089
778474
818707
897816
992370
426211
106463
853074
346289
82214
37006
292548
4249
896886
398089
831638
232190
543577
180014
486389
688764
327699
761209
337981
483920
970354
187168
33315
494356
416523
976429
706587
37993
892898
955373
273413
903490
52167
319425
239894
438028
545411
77845
270382
269567
891344
68038
512739
445695
856625
610112
907687
950695
743601
285224
181556
158457
391002
103571
286460
370948
762934
272974
567032
6219
954511
612412
611607
13107
617267
589493
339213
222273
110458
327673
276974
726828
640258
118272
344314
120851
333155
459432
188913
413290
830450
260392
183658
761567
452356
29440
603533
493361
59231
510522
753467
974994
472968
934133
926748
180510
904180
428016
326653
47086
422465
918606
432425
619013
67078
235539
703992
119642
599160
868343
990147
106472
812521
664866
8503
497179
246002
929589
738638
176561
607832
44755
185879
734362
94633
213198
126773
766963
808219
958579
338533
761268
516803
843616
142426
791982
802132
423203
228353
24900
315538
769595
585316
260772
372293
52893
900279
304455
956447
543013
406853
846419
983389
78795
80978
252133
415487
602697
796936
673518
986419
600112
572491
588975
16860
530032
991604
890119
186747
104590
222321
655278
36694
220438
943137
447948
617112
187529
688805
866684
698309
171811
984331
852247
924968
616222
31460
360902
848322
5093
731550
764961
617809
578991
245828
719196
619653
990930
654888
37491
549617
629535
627864
578477
660641
394152
16206
577264
772829
468741
290782
183388
690190
227732
455986
808447
735165
457716
410994
750639
827534
243157
566704
420700
33077
274637
325189
885021
625963
214436
325834
761447
246540
777107
16721
536806
845446
194980
191391
319091
655411
475755
463791
533673
360537
366321
353538
419357
308104
251378
359696
827729
524923
650449
346172
930330
822361
145240
696205
111790
673893
330851
524529
233852
3937
397916
755483
961487
626774
523285
309072
626580
977169
660384
549231
47605
286392
207811
263961
139617
797458
585621
412991
99752
399216
105155
2812
623991
374366
805037
877678
920504
341482
565278
31557
806364
37901
518181
102039
58894
776425
499381
119449
462234
120711
514461
22427
618648
756075
289609
638217
59290
367753
200934
833140
455966
999497
891172
801715
448341
680866
308303
872505
563695
114966
708108
65778
809674
266001
45789
475963
214621
800382
340976
299281
946985
38652
408652
586997
215253
120193
806524
103708
639408
114124
284407
510196
712249
565043
992779
922485
202462
797902
82236
51531
644604
331768
212857
850332
12186
594452
64987
185469
816107
907418
813341
103938
284643
313493
7718
222470
426765
57066
307824
612677
437238
250995
890320
415419
719859
796316
992589
983017
510318
794227
255803
46164
657830
840162
23061
569048
945760
452380
307452
769909
663573
398056
700378
374712
740190
271210
95491
911439
662483
435580
677550
654331
357964
676837
293223
108929
294393
955074
122928
774095
564436
373248
11271
614899
511797
624239
580656
616902
610877
962409
228304
754895
1939
184064
371762
358951
396932
538821
740010
763983
593505
804490
115335
272663
275001
216678
782924
444838
535812
916313
310891
350499
459580
566758
935436
19669
513847
343923
362021
993177
118145
133649
998796
952711
154096
326307
774352
787141
677962
475280
499450
569506
23826
851931
927884
435123
731235
190261
639373
43993
524955
881062
896494
706450
509445
620329
208237
510135
181980
486198
537750
877519
986690
3974
641810
154678
249053
410914
545413
460105
671565
120135
698491
819585
702268
807136
861887
546297
277061
479602
20920
588682
108939
255497
882348
828223
457236
677688
830516
169062
478999
960207
110918
318372
207478
789255
173009
485212
410075
474439
658214
4098
411349
724220
868782
911219
761834
400492
596477
661502
238812
657656
132267
274409
828936
704579
9418
554275
45356
770357
851900
654999
751448
770931
837639
126253
698333
947624
866535
803947
363522
479097
153920
954579
75917
345007
685989
966062
662554
69151
742586
910988
546137
759500
762875
705558
458377
292259
3988
563250
588695
932206
413829
904460
874993
152865
508776
600485
322331
214469
125106
538425
704231
83982
520696
708685
311715
30181
960404
783512
946827
223552
185417
570713
893192
34058
2731
143578
238775
195515
882972
163439
139986
282726
459347
734697
927564
230309
572955
252043
603252
622660
513340
666763
223755
839315
988714
507266
191842
204806
73899
762147
34073
274142
679952
527959
705402
739982
482884
205830
10847
502063
736815
768089
676229
392579
977012
146884
626828
182874
123091
638022
26978
808772
381921
189733
367323
76461
230304
466471
417109
640629
327988
801826
676198
258543
407683
233350
22789
392088
979484
302323
310426
911740
157258
801739
986396
66345
111253
731040
583067
365499
175027
995730
412819
824204
429374
857529
212518
269059
450571
51800
308374
699319
574567
861066
844551
619440
914016
224096
781734
784159
951184
739276
270045
233539
265639
993217
446920
732254
159994
341831
39046
331966
453958
577205
664483
770408
553478
411884
468948
60298
629261
518758
905386
853870
121338
988585
78029
810654
207989
43627
819188
788344
112045
469736
258569
988370
729155
422726
11292
34944
93852
959127
125259
373707
941590
385744
90030
636511
23139
53534
408259
692045
298501
845436
502587
22540
906542
998490
784356
585519
844954
670748
660197
663667
334310
419349
157095
959936
10567
730846
989994
91227
5460
952537
562550
195495
18545
203066
913255
420133
695978
640624
655831
827391
40926
206959
172514
235479
8271
730091
505881
684099
706900
490396
919497
41158
286315
694079
194672
919221
397994
726138
250227
196291
635186
837284
443355
465207
334592
820911
294838
883706
368826
327880
561063
633913
311914
819216
680618
14905
7596
756275
910255
937573
986631
879269
300294
471188
614414
595297
403159
163334
662613
797091
432752
602459
450014
843856
667493
903519
964398
692453
434181
791701
292322
579006
477834
70212
235087
402198
266038
567143
281717
571327
741834
652692
189805
827160
275358
102057
286753
596306
230961
960955
691928
213461
337610
666974
168111
557221
871063
467592
132172
931629
684918
212998
719854
558299
641739
81599
766005
449362
281636
61322
4992
245644
504011
272845
607353
460512
93486
670771
245199
599665
680143
507584
118486
727129
11202
897624
682881
525659
967878
392915
605392
508766
148591
85237
456706
19090
132768
346749
595531
304597
564897
430484
968842
65598
763138
261209
872396
250341
57583
331662
861669
956204
935331
957118
328529
407604
548967
593065
599759
796759
539352
128274
698584
419736
625631
93709
669002
297302
35045
491950
200441
506474
430882
421927
865617
677633
712489
817723
207834
54228
45965
620000
342684
949077
339247
855219
230411
416405
13021
930784
433482
256837
389929
970962
100980
766416
891901
764277
341824
988851
818755
105001
392493
378728
850259
380490
925465
33687
774689
36945
685647
939755
985644
25831
505202
931810
609956
981081
867176
439625
882560
592199
732690
690282
859350
940485
974914
688501
193752
622826
451979
55216
526108
566024
49052
230746
869885
244932
657159
32780
193386
585998
314005
904549
980469
999860
681517
613583
683150
258031
476559
900418
776280
602055
633197
490864
123070
459617
262974
649166
933252
173291
881667
100753
531438
157456
605293
839260
450568
645244
756076
379793
679214
127582
897100
679195
368778
831451
178160
395854
581403
14632
440541
782263
100195
250822
404091
707247
229244
793924
293275
531410
27436
994008
77830
506996
160853
359424
542999
627405
428245
894626
234554
136797
78375
43500
853446
235752
130440
133068
973774
893509
452244
642039
414971
974383
226967
349921
634592
617174
255406
300805
451656
228285
411012
602008
872122
592479
816668
495602
178811
420165
582308
257252
872410
642355
379603
494834
325891
990904
553419
777003
506466
195869
305342
255702
681771
619441
880521
336423
636933
136896
807384
448148
469973
30667
952996
940347
452831
66694
385706
251168
376698
892447
875151
877852
645700
51174
359764
510395
475115
714442
926064
281198
303974
173298
102274
452623
514629
225199
673830
683811
344084
801927
835248
795546
403468
112088
69497
763006
282720
877113
869177
248604
618036
930893
678026
914021
591410
628064
650963
871316
887993
227056
156989
872775
302987
339564
559042
37634
417888
102665
574926
631290
275505
325504
931413
749286
279662
280391
360558
694554
799508
317352
393085
689654
434020
660680
931095
931025
39621
249653
289731
318226
885820
650945
377627
255424
171501
966917
452479
234014
588355
184779
673570
262318
541300
516999
953443
907049
517266
641913
211981
103781
296600
968788
97951
142658
80029
775044
567377
939579
622529
999118
527816
211413
516238
84726
311500
692195
495965
865781
341995
255512
684523
380605
553292
996113
620193
873226
235488
260427
126285
231046
846287
216604
601684
880563
560260
715310
555764
357623
278131
938841
962437
158207
417170
98084
49736
169463
402984
84171
394587
439289
100061
148744
396553
178482
437269
544115
449577
443658
144336
922092
10698
105120
218842
131576
159741
332710
928035
474404
144854
332046
581122
606335
423523
773444
609421
910921
61886
564296
978314
55485
337962
995294
5904
155639
311564
935979
414039
475977
614285
656114
313939
881304
343885
59362
221744
38198
884582
416504
585090
755372
41976
176791
997264
770338
757831
48127
340726
331117
608850
930479
850213
253017
409661
228486
251027
844327
58721
385109
681504
97719
942157
208361
269817
150044
762221
291354
608119
309931
722345
499684
309095
319098
343502
863590
739002
863742
373273
615756
595302
144843
639277
99679
851399
627580
319695
3302
463190
523532
898175
364086
640090
579704
629712
899934
366553
761385
824120
849872
942486
562359
465981
581282
282328
843763
982238
180795
506134
923814
944486
186419
404965
617626
152375
830166
864224
948132
892696
386792
806231
25354
620370
269888
585355
436426
986270
640714
182764
249267
370796
601027
111174
513700
286795
870100
150652
363812
86534
550581
972896
837221
692220
283398
240156
620435
188939
285757
433070
210445
328129
688392
890864
509980
623449
168936
120014
570844
641707
990941
219728
262810
554481
962976
947384
686060
261569
292613
988682
911401
173582
265296
39641
13703
123851
449065
698541
408587
507932
344600
480799
777820
374200
856751
391830
820214
670172
921938
67353
9209
165366
762447
301395
93470
974922
634172
753295
302626
64925
328753
637809
587722
229528
869054
276885
243503
968495
460929
933901
493778
261770
467728
443423
472739
776975
313135
115636
355393
170996
338970
140071
410783
79690
89814
641475
310064
430142
607374
290494
653503
194
726441
640271
779294
553044
185802
280606
745167
428208
133949
608313
825417
909268
599378
813347
83452
434110
105239
881142
147259
790185
294379
115732
856642
478348
942465
209119
473297
435208
743837
890601
205045
441916
776991
691338
632837
420177
983982
498366
581119
174988
763291
790964
884235
185138
483108
816260
729829
638994
20421
25124
90105
899485
711492
416360
763563
46550
620732
48111
98553
948720
161505
262519
94254
594694
443751
310950
572324
77433
108579
220316
855148
971654
983708
884504
792328
483836
820101
744748
656057
79737
334906
389938
925659
633452
614685
23132
571375
756804
494986
384348
574940
724863
94511
630894
881239
413833
4934
312269
749462
273456
790429
430728
865447
434461
868835
828011
911380
818592
50509
414814
3148
732598
913067
8805
919222
883482
738167
304854
134162
739433
307235
404158
660944
68816
868684
329477
727376
969048
400817
928720
259335
546606
852866
714937
813083
793972
966811
159772
57274
361957
880423
802352
502158
295484
471528
456062
955164
625087
807447
57188
30989
791624
439453
755408
974529
93349
196591
383469
325167
910319
113369
763490
846933
607256
992689
180902
6835
149223
394269
249556
80646
980395
582778
97560
523843
858742
17882
933511
783258
5528
884354
754049
635245
53673
814626
463435
847689
355630
87637
163141
60184
378425
245394
310799
562046
838980
989399
124879
1227
359550
836598
390819
521710
634621
18558
565858
456237
155195
676261
108875
475564
209122
76077
402609
622115
810334
761259
921641
115510
629221
710454
82201
343058
688155
524268
387320
679920
32733
428013
77354
206693
532427
837787
769255
795779
49056
964300
182787
471258
790382
382833
890410
347871
313658
996606
230673
833922
747704
591152
964309
211737
245866
854987
489249
284227
729015
494026
434216
682639
625272
239407
329745
219797
739053
671484
623311
729128
814008
496924
730484
765713
229824
536510
785805
683892
728681
794947
578100
175603
903199
406875
485365
176599
131580
733187
91401
706947
819162
833855
420712
452893
259069
977478
841300
988835
128766
122590
21711
850073
526147
537212
331558
450826
899216
595659
691288
906910
948840
362140
503848
952642
853750
286777
481334
675318
279126
348019
35836
177245
435015
551860
296951
636945
341757
320638
478665
900491
959721
967960
527929
199044
883022
548653
747188
340184
977552
721107
857117
575224
578559
464115
932921
735938
942844
967702
899861
776610
254927
85529
401262
5647
254025
815524
776031
942780
102606
829486
362587
147043
221225
427275
205210
530567
914374
784871
154500
451383
370216
622267
851481
32154
911393
603446
502675
337772
601213
286857
209559
94561
725220
672121
852460
144541
307017
744714
904589
639722
348545
119115
228652
279258
72259
403543
158868
391462
617937
398607
892758
442167
520960
872257
659086
488106
408622
537864
801893
741135
903541
704090
10189
873258
136415
752765
835734
877304
454151
172258
308282
243774
401309
350795
366924
761644
408609
30066
974357
324720
636148
286766
235061
378301
540911
514002
697713
843544
846847
22777
557057
990297
910432
799489
791368
906166
395936
828251
359304
633857
252864
368726
135325
995484
867864
148066
831216
392015
794047
283789
377027
920189
420404
644696
511100
640299
471013
125556
752809
294502
906936
344748
978293
980129
447323
221345
267277
59110
202692
162038
943900
458197
175288
62387
459921
317247
13726
168909
63806
191366
356873
408209
200627
595193
472516
978221
659608
259673
927869
547691
194171
416190
623876
71001
846977
282097
700649
785021
296299
562261
427070
850111
603192
672794
263623
500781
975908
964007
529474
163706
764933
402115
466582
287331
875300
932644
205136
543157
874333
80510
637274
366342
302965
967148
231757
514826
589766
707447
637187
382158
532859
693067
761943
939659
205978
58811
605311
693168
981160
112393
940622
646482
195599
148276
769686
229165
153886
253174
945230
559860
641979
727246
237011
183560
966368
443119
109213
598714
604149
511778
400654
955405
220762
183016
851823
493598
594349
38431
608594
918517
121894
387195
847469
76651
628439
65845
384622
377012
653248
484176
468825
353172
814081
223366
392750
907006
988587
706729
165127
677583
27457
998508
239365
31609
805988
699285
211313
603277
163011
501509
608403
728545
699922
380864
305006
807758
551470
1004
51075
554916
144195
743997
156434
659533
104466
345719
856228
243615
804541
706025
71967
491427
801370
848465
925333
318197
572670
904321
910451
536441
71172
174761
913650
786961
871266
993381
929392
179527
578279
87381
202016
435901
503263
166756
33805
488261
32767
419867
732450
453331
932537
512266
389392
889387
562297
853107
702417
940764
377801
381783
427317
944007
312429
580699
760970
951770
926877
180450
631760
100524
620722
549095
414936
505801
228479
506581
245291
683837
382208
430579
401045
49269
427308
797661
825394
22447
350563
372420
509230
966252
495704
548151
506232
948318
952199
8007
856699
946395
942817
674518
920185
358206
513922
822182
137587
306077
356078
585113
544636
126104
338030
584857
193951
458416
426480
611259
836950
505892
489490
390236
560284
935234
926341
976603
841758
327933
868066
111730
556826
581953
773635
358317
627644
720537
866140
626754
407992
548997
764115
827148
866001
320032
889944
883260
205366
48373
888869
654274
804148
614664
220199
205614
546557
507321
689907
46128
134427
112190
397610
612355
418572
489941
748898
971836
223858
867350
291671
648613
770544
176215
55383
225899
237102
629987
538992
553972
340027
179902
233962
627107
900843
496521
831295
731042
186101
43038
554005
248381
192579
973135
827665
450314
922380
559853
797386
728584
324331
179454
310917
179915
375898
586089
828164
994973
60070
679348
120385
504893
274257
208281
901965
421521
525849
308662
791453
522616
745174
304357
570855
518645
671327
50482
681090
358480
400883
706631
233835
838385
315276
782719
172151
312273
196097
674318
423104
536805
522686
288677
820878
641289
338124
931394
463614
310250
569783
701219
336105
355537
167331
150208
521297
344038
634192
564255
797858
37115
826307
542642
458536
111503
554119
166193
165155
963961
590846
853620
944094
905636
660497
864866
299405
44890
511859
423074
477456
423452
186208
266211
578622
602196
227382
902732
719014
636328
925158
373873
381128
637779
761875
179516
837814
237021
101286
627035
989764
605809
516371
974804
987734
313615
551471
787679
232202
150187
9030
875925
527639
186586
221376
740407
494217
112896
808089
552251
748896
205433
379700
456390
514425
485272
764351
6875
930440
74897
595014
215883
939014
647459
769154
243810
944702
465011
249402
190512
156036
757905
919286
157671
966392
702495
993813
118319
811878
15753
100836
76074
369008
20210
600528
475422
774499
35928
133359
51474
917524
50170
715072
73936
302464
709918
669926
475260
625885
889893
851242
545744
99213
923167
81859
632646
672510
372010
563104
204065
257261
124868
175478
164846
562692
510058
76529
4710
147599
827466
428603
396049
936500
21186
204187
15845
758117
938556
960790
103320
569082
708226
818967
262000
383455
861068
315521
783944
362604
824810
665036
913739
422346
485719
91386
141619
674493
697313
747957
7093
600565
102012
868428
574039
844668
327189
171499
452772
393893
464428
941633
665334
418006
424256
828727
939674
274261
816381
732880
843732
979092
433040
192298
343582
545265
370296
185858
913985
645472
44262
347557
596650
248156
579096
281593
638947
578053
702842
408291
779693
140137
935144
192181
214105
36456
164826
855281
328685
353911
768996
135476
837950
237688
117147
625577
299690
82245
899852
461813
563243
574280
683001
815563
245239
21383
180827
271980
104435
285796
577795
237246
472415
947212
778938
270576
988240
661020
909923
345708
848446
84748
104104
155488
242291
348686
22768
801399
725150
797239
304989
660558
193039
675703
956157
905252
623824
556070
348534
623566
366112
62644
238692
327434
74542
239678
308912
173579
606685
158737
545602
980197
522667
37604
575778
912427
285247
986616
385416
532752
395540
998406
829143
694863
980225
947245
347590
386032
263048
722971
70062
678230
886442
849541
541302
804547
156968
548723
61231
297722
955652
53374
518920
501369
203992
236742
111028
15207
359221
112269
755302
695710
468840
270850
507309
332862
637524
963818
500910
756306
155894
471103
443904
731967
945675
296281
22894
539715
657043
500752
895460
238041
621596
235948
257321
214043
27507
810537
540711
762170
604099
781384
762444
825982
195270
606422
368152
603902
465402
38321
713048
940913
700873
514209
113824
519035
469652
782125
218615
899010
464237
67077
164283
477522
463201
492515
125095
45266
331646
455889
583352
195764
40895
550360
312028
326293
196344
261807
465244
548979
59461
572854
902678
839120
106395
813154
979239
651340
103241
274502
253712
325959
17467
4034
894808
491548
62715
79095
32664
630384
249809
208720
44553
922434
701017
175942
836222
586909
638332
268311
49088
529897
448510
304920
946944
844935
339206
878375
454007
270613
470229
761324
859634
997048
629487
561470
70011
541605
103635
764664
723911
742054
492000
852046
562993
716959
145765
635975
284136
851178
197382
882399
582019
732213
576998
831590
977122
948648
223240
298821
538858
873581
36544
188251
689897
357326
888842
774330
136254
84244
98069
753127
103178
293046
355742
964791
832840
563936
807113
160642
864897
883867
314189
437521
947114
495287
859657
341918
921940
979985
9578
746695
600386
360191
42727
666536
158950
53814
446390
976018
577062
913702
893645
965685
926693
730705
582214
477281
455428
921650
416162
504618
267982
688237
939439
563185
103106
7641
369318
430901
47316
157592
596396
404296
739410
623332
733196
440274
813501
98945
407650
81367
471237
255945
658168
95307
397240
350772
117426
53846
870842
576724
612432
401829
841442
103063
546522
308349
100262
32071
844176
139084
133601
203664
411520
139115
143076
104631
791700
339802
478398
178474
765887
872213
186555
236078
189974
834022
466287
890088
104615
57573
779008
3060
282136
758745
177159
849798
834373
30609
657650
48890
903123
947302
177010
670350
513644
779846
118270
330640
660696
403437
534140
114229
321665
668883
235083
496039
710401
850709
774748
163352
826770
83435
173531
746889
654968
438904
768271
717049
922573
437430
263088
747894
554056
493369
58286
296266
60527
649634
709032
963316
348933
96469
539179
832207
161875
746173
110655
511756
131993
354280
277885
734957
698950
731251
881114
347320
290216
867563
607640
888316
373923
131492
97726
235012
134872
405312
98772
639270
538380
255690
267499
498825
42893
822163
872203
335294
768725
246405
508663
234222
243271
836582
627628
535681
395656
342162
547894
903240
527676
582930
904914
924162
485368
704107
340326
108731
706485
674282
5751
503267
581220
64030
533594
598554
696163
152536
305255
249692
76381
112336
959042
259168
977576
742827
416608
564316
800390
424011
889620
83858
88848
606894
213797
686727
2316
448414
782247
66630
627585
955296
426705
517949
251416
942224
59667
601131
426059
916583
374078
420160
259388
377847
688243
956973
349663
616217
571884
833093
341853
97104
262783
970268
967189
248306
385218
257334
438444
490771
476048
22791
468567
70242
710361
498154
690493
591131
56005
121221
783115
523853
321501
133749
792922
214144
264417
743266
542759
53567
189567
883802
642887
668447
790727
91813
582259
56141
859017
73864
332520
35266
420829
164816
862996
101604
499485
881171
798329
594030
742076
265662
832142
594200
129426
185633
465872
591972
312790
591796
115807
907317
205758
257718
416903
71628
369096
37186
160964
306931
645824
568349
843503
511777
149864
969445
907171
251361
307952
952981
328351
257625
224203
473788
924815
516032
411272
288285
496879
886731
290228
202240
166587
841032
752536
414431
158748
417212
202824
492948
228426
898466
122064
743315
984816
534680
250509
366389
979026
590371
140063
947570
85317
608936
256448
673761
997655
762888
489342
505067
740498
134036
879330
298267
230655
588907
858690
633149
658415
313492
333772
391038
30974
127361
88031
410974
963548
39821
565171
614831
948565
338912
295602
292359
820458
254516
520647
500529
393344
694128
133700
379597
372738
680048
309726
972075
166336
40681
177206
1191
723367
620012
236457
525089
204319
58836
639448
890824
985866
251095
15782
696663
649709
183787
480040
690947
156417
956223
605576
836580
383835
388548
15592
498553
174900
245430
342039
8424
692965
558968
88279
899206
729385
682168
683494
102417
774840
595027
125643
857332
981482
986839
47091
108394
593624
401398
757824
129912
154165
520010
533623
779161
408594
226338
716700
589756
915497
948295
404917
190642
133740
68858
958500
210173
725877
999778
155941
738985
773332
254138
450047
499267
520619
523307
329037
565871
912935
298043
311547
690991
206015
726880
242385
129540
364462
439947
202943
797665
510572
119954
819908
397399
476741
33717
169760
368246
960152
182260
798523
616096
490418
911510
250943
308650
714041
826223
409115
948319
502270
677402
421922
211451
191504
521091
542361
79622
550365
530378
960816
933843
807071
666392
498653
811340
393625
224017
505287
526088
497607
289549
440713
599882
228899
330471
218839
336270
914
53806
524735
498202
315502
423262
771501
228234
728152
691393
549374
837042
46796
12226
71394
518860
147398
688040
195484
328255
248672
423449
362457
594911
498271
795490
767476
806467
96180
232313
812619
894010
51257
965286
359618
839348
319888
478037
430768
948083
289374
54916
316476
550306
246068
811391
499901
586038
427136
530878
604929
612590
877726
896154
980578
975400
236600
421316
518441
710698
221618
881713
426270
93222
113461
477794
264026
959220
215112
959183
141248
188441
45105
928268
923751
563890
676711
410652
778934
281632
365483
944083
944688
978233
199218
699076
934894
150522
883707
637625
109664
1797
73077
54371
36511
417913
175525
525268
447520
700450
421391
14222
80951
57381
659711
293171
636103
11747
649639
785264
653117
791673
633564
868430
552164
310235
913915
283168
403179
647250
929883
925294
551340
661804
828113
890831
381216
142
266262
91107
679825
613513
856501
537742
468722
668422
167522
491311
160494
950388
662902
784075
711235
501551
464598
45466
120983
346160
828977
996420
400479
878159
515542
632569
228938
699515
281139
334863
360581
151445
737737
408724
214935
878789
610747
782790
667983
2173
485008
60887
109069
159933
811083
797763
575004
369338
594504
694941
291197
252652
256892
538986
381441
100143
274689
677372
352902
830140
553946
934601
421791
988829
304348
932692
349267
374428
525880
391922
701336
926872
316431
261521
966854
795553
755
869005
9940
224622
663330
610119
105168
389012
524251
832077
49691
751998
347295
205711
817425
882124
892346
417706
498857
539517
625511
302241
905199
193318
737247
973635
954030
253871
398154
391876
52443
123017
53892
344758
788255
854845
226700
128009
982505
481591
270439
524042
409297
146695
675302
656696
129422
909265
848247
90339
740826
247276
837256
897430
957846
998816
517240
144905
300065
563492
14944
90099
3052
329294
439448
935935
409810
561633
665170
688080
172293
692211
603908
563236
204932
944443
889936
208773
296357
578830
616871
311267
474516
252207
267024
2123
13162
716465
743051
203875
870689
165839
235294
994755
937948
68174
965781
754111
453333
862424
696762
46009
17782
434912
928836
814984
506286
410132
690005
99454
51504
764371
469189
576375
960056
289991
394014
302093
647770
640093
932232
874025
781025
880668
186913
3393
993870
773702
304863
983463
94820
961741
101006
202714
472986
306354
146274
382773
338101
362842
867077
960883
750061
496085
842943
876270
383278
206712
865562
222073
298175
480456
517316
170187
131972
618409
964746
441683
903162
791180
875690
866871
897238
560138
116438
544836
327168
161290
573847
432614
608280
139295
109880
980639
656174
315784
48221
149860
956643
836573
692615
392082
617328
787664
256815
544049
127150
111234
566733
573457
83430
159959
847638
640638
75605
280197
601456
80819
536677
378170
181180
18700
953532
430846
22919
190056
704576
520212
345993
353225
68334
423112
718916
916240
357967
715979
356482
451170
694132
447646
955331
96458
368294
745199
127520
126748
244339
907209
515160
306559
500923
240302
627099
642984
952540
268178
282287
151168
272314
271307
130825
998289
414724
665499
526330
373701
385329
830733
529407
577511
387509
597607
834711
120133
863017
731909
640076
831583
319154
11705
583861
681049
386443
314490
571471
258604
270201
25300
253395
108538
413916
729788
906829
244830
633365
689213
198393
969494
260900
16536
337070
255655
680944
22809
691036
633304
152063
755095
163064
777586
632923
145094
798574
678876
560438
38858
688789
149436
183214
392858
424918
171124
563839
871708
280574
567590
354699
836603
673834
543622
23557
898514
356512
836971
459609
127927
82474
171272
767015
833362
794019
845441
179938
680180
818264
983390
745033
967953
348442
794333
808008
222257
370660
516010
973802
845021
317154
514625
329794
900526
169428
226926
466460
466595
42060
112304
78033
800559
52714
890351
409587
800010
560194
669047
880734
630655
148599
530744
143005
839681
442142
758638
857095
871128
232321
901490
432000
248316
649969
767419
488365
571699
818073
240901
605249
157570
691876
321056
233018
415168
388245
904541
395725
916780
697946
112003
548099
334738
29221
872854
817930
405693
293808
867824
578146
925793
289907
671485
501733
971
698058
875872
497118
84723
671296
657861
276900
910332
143038
549568
113665
265681
316224
185264
193927
16339
498241
366054
637711
559461
975217
400892
115281
356718
478267
923885
807263
256372
380726
466660
593699
361866
454582
197763
87201
290486
186546
665141
914748
56391
749573
996060
120184
682630
687079
69230
184341
817349
181629
967780
28609
355478
447416
271500
506527
242314
177950
8499
171458
322513
986542
599515
617966
717653
537233
750351
13910
487064
239421
876021
792471
715337
560476
118171
387540
69305
539772
480142
235251
350160
724585
171485
11256
368587
547349
295543
798573
749863
475553
645979
17040
295233
224739
810146
7083
757105
474195
418604
790217
526984
925595
370113
984193
862821
991123
79511
212519
179618
812314
791161
635677
943114
868158
926715
611516
256450
390683
876775
591558
344349
863130
201731
858626
98837
397152
582702
949676
891796
850610
815484
644633
459940
939128
634211
500298
618886
679964
509514
407776
899040
705850
3478
776261
540087
833464
906656
719685
209964
378005
312182
12099
925740
403257
220678
758466
204408
519912
619593
708488
126411
47056
832199
819269
799431
950242
321594
294824
270145
979044
79403
847196
352245
548461
348108
84521
366926
431770
737711
932100
674998
48415
793388
614457
23808
260200
921012
521971
435038
881180
443314
698379
932954
599497
515457
129220
278177
972194
866083
809897
792654
699563
890655
437229
626118
887418
129688
857664
925115
887518
832057
261771
39056
8328
92571
29630
853308
185894
403518
249517
732192
685221
228593
51066
628473
769850
459051
78129
429510
49066
912101
425487
685429
775887
494747
636427
738344
129705
833698
215564
536679
661497
412952
37531
728215
70779
512309
897961
425558
518537
979337
192448
464650
540935
560440
579533
622925
200662
279227
35891
592614
998392
879029
899242
215087
977656
826077
258089
107786
624993
279114
85739
833474
239391
587389
387537
682720
567389
916971
74593
641196
504081
987178
440782
166717
786792
898768
716015
899806
166489
652959
715515
81244
650541
456340
94755
805688
607863
312356
891073
186879
783517
393677
988544
69738
417792
596344
956750
121403
993049
404344
660719
741183
661483
261929
83234
897653
628831
962123
367874
549704
655944
369652
841206
118688
279497
873737
605476
701036
896322
138061
586631
489458
591395
79967
349911
912650
944170
211707
712000
896952
756417
414156
570847
617504
690324
184879
858249
754153
610108
465903
279956
806751
25489
969845
348454
320479
757987
841450
263589
545552
795743
410456
383254
794053
574059
596217
48749
519346
824911
846086
533168
307726
435908
583492
295612
363918
37245
101002
533669
578999
955542
790813
377350
689545
306558
403732
834125
743898
141577
624676
617804
756030
474493
908854
213243
824599
318371
535625
883150
152080
612698
886999
341794
861137
314754
621992
221176
262354
880886
134412
809258
35889
165556
726950
737519
191494
974676
791714
396711
82342
639371
325339
21118
7938
37428
387460
865279
896353
232162
994995
586476
81906
564603
736679
996549
559928
741174
811660
258989
516867
57870
700387
475737
722269
47740
246899
406588
584398
955820
627511
998359
131699
526223
919351
472249
29935
457794
544307
39783
515037
247129
378067
695557
259045
151667
347825
335134
708443
336966
936372
825551
543895
339650
955144
734165
269783
329030
546064
948274
201913
410198
201994
781209
602887
714144
489251
159317
59249
267654
455837
220369
708023
776874
609622
807171
434559
836009
502631
69600
536471
892489
355289
827050
328360
175976
916073
81581
41445
858408
568703
952930
51680
273441
567700
342816
896016
889856
368608
391016
135388
1326
394119
493795
454793
752453
972628
834468
359400
840035
789112
82280
762181
429769
978116
546582
734399
950868
327571
232576
867321
742385
781305
521797
416366
79640
557689
760158
253453
212100
741984
799275
226968
901601
142362
206383
90687
706228
129522
621706
320012
946302
828280
577460
226010
99831
712156
973059
886770
769138
893848
677250
926440
918907
21994
540896
197956
562477
19784
367360
269569
372665
934334
780608
138474
623018
746463
980754
453377
933841
71484
985739
965374
993471
82379
533968
841746
916144
115783
700635
701901
682283
748919
130139
709397
203179
636217
355363
344158
101813
947888
205167
555992
624497
833459
814160
833342
156542
997961
150831
461498
969275
121926
801513
45851
253901
895392
469262
463409
601603
540794
43175
750540
275179
372988
540695
641438
961220
793297
982618
705609
672860
188381
197710
958841
86741
331714
483177
884038
784765
97648
312749
916781
196158
997986
539496
616512
520718
160755
797699
223381
299390
156688
260089
766068
904939
451649
237604
530705
723845
897452
507200
148706
381750
653331
176028
848708
526656
41657
579941
452904
365140
884863
75741
626741
401670
151141
877955
641489
168707
695885
650964
555629
600800
785512
527499
754146
607844
384064
368158
930378
212246
43439
635635
995681
675309
990661
200835
414907
517299
555331
931691
426800
598727
355903
692392
359683
733004
751554
575407
16988
72690
637049
743484
421796
494003
586639
974977
631779
817579
473668
949273
85559
290075
850021
846044
489432
124265
348093
160668
506528
583113
342515
518288
585405
912239
15384
636745
211814
518227
888502
699812
895573
623391
56200
752653
823203
237865
269157
10435
316636
289744
971374
735556
952676
136727
999846
296689
819089
292134
21434
374623
573694
194881
593671
848521
494471
710429
258291
513676
683120
845057
796017
99680
461726
637024
344716
189713
431753
391995
693630
698443
858692
20672
623237
506297
718304
490930
371830
890369
313908
630303
457031
388494
663210
368119
195118
104585
14807
201630
127245
472125
822809
616786
209891
147334
24583
94255
121568
351138
952971
614727
104529
663306
925863
142328
977
429701
831490
4552
667679
697602
791101
155089
639847
541718
327069
775718
870767
112944
213425
718056
248980
859658
904717
137203
973731
858950
636364
388854
433552
581734
547785
969139
984008
383741
809484
892910
414602
140507
397267
61934
629246
163273
434651
711096
66635
359024
936642
730185
788056
622194
490236
89102
480266
577429
860965
849328
678615
881111
659903
507441
241560
347520
148336
545093
912297
941795
315810
357282
448509
169359
75615
836398
631668
393567
380339
639049
736168
483318
596298
641053
442616
826457
360750
149192
816120
707434
334976
612061
392843
392868
221275
672153
801679
932048
369984
289158
802774
883613
87076
495779
535836
185289
736119
652482
321146
285915
542597
751855
112588
412812
741386
268936
854096
10166
406036
246016
268465
547490
669090
930484
856995
220153
507573
782316
585224
694491
888049
352181
41914
75186
841598
901454
130981
895691
275863
911418
11233
217488
478773
718208
937520
350035
476201
553894
495300
447867
718313
866361
644048
691744
940092
38108
178240
417448
441200
467986
846468
309155
332764
858963
482727
457822
589248
764591
114662
128925
204571
271014
255726
742888
64161
209626
186684
559301
911199
288466
996168
372603
949106
692669
486206
712802
169257
332612
389101
607855
372400
696601
772279
874395
674614
392639
