478987
849929
687678
33412
134278
392911
455460
70283
171994
457316
404872
672790
443332
434568
7302
167601
737342
445465
670608
191169
621137
777511
667164
961554
949669
149014
506930
761884
577117
463493
986764
407292
929506
243191
181085
360068
117892
618525
947499
83313
652769
651590
22706
45936
220241
920234
349117
390709
428484
684833
273624
343440
323145
393677
582771
347591
960701
256542
735755
155007
984292
386730
7203
280839
299592
572787
936045
46650
620001
481922
343279
12985
270999
463096
889538
42190
965561
678338
914626
794404
451923
774938
194358
787608
51654
466283
565536
855426
467153
671140
989062
963663
602302
941860
726072
297772
528661
563312
408699
29746
121077
948098
308256
213839
616568
397350
299250
119998
872060
468156
933542
656211
283874
854372
975801
355298
14292
655810
208237
272764
598013
738409
471249
229826
841558
733078
953676
764946
744173
932774
485780
66850
730813
592981
636888
724477
725000
541149
387031
420821
343987
37296
296307
660488
489285
668229
866244
645171
344309
235424
541643
333832
637890
254114
776042
114196
285949
56601
756818
775973
594518
77677
115851
371506
967484
706135
791300
505516
611987
553349
404891
630152
290041
8099
386087
644518
923307
690071
796111
367827
475697
262157
552643
106841
74686
216321
425628
704395
62292
454409
592887
970149
154867
859341
798807
45818
215352
746408
164202
447787
387919
522103
845770
981160
409857
647523
527524
741070
9541
212676
523442
792142
281992
146292
249612
777308
224746
562434
361001
620292
83557
962831
279878
584153
142310
420017
695000
312401
257593
645370
977609
777409
773174
502523
278720
642213
198210
761395
702118
537981
502723
80421
480292
639355
60383
9551
361381
494942
592281
127218
440432
911185
886653
275349
63378
521445
970870
788885
462948
596925
360692
316741
38428
876121
832501
963318
635246
652285
26895
813000
551843
391534
36896
199861
541808
986937
491117
732198
446477
29240
551288
820577
19308
935427
540735
769670
832146
985843
851444
209089
463725
652084
801242
79353
598402
725287
73096
702375
297160
820982
374920
819628
770625
966522
685901
39265
282144
790145
23974
878016
77781
434168
910726
389256
97595
149150
537553
316726
599593
180589
248723
688090
308208
327062
541336
204097
518225
723398
96133
700229
685561
794330
61057
482202
679824
301725
945505
69057
236472
100080
311516
120029
155765
631018
578030
707529
818182
528356
772821
813651
640168
313589
433111
371113
13655
217992
573982
829048
912567
183263
933772
499363
343748
563998
595996
339682
918464
185191
110569
783071
321907
88700
243681
810415
629055
320649
115053
535959
14614
934012
790737
458100
271592
133170
562357
366235
517439
647821
965285
354631
858724
300281
383969
917247
298568
472850
748950
312357
542294
280334
573550
901850
228561
549278
50707
490181
227806
798273
137525
32734
954640
778526
722477
402872
919027
81647
548775
755048
748597
193268
460276
42042
232527
419786
653551
159193
813258
481903
2338
661661
947092
516461
248419
973467
82769
197199
685502
403431
239791
865322
212123
3922
68579
832179
27439
697218
103764
162771
332257
648196
679420
534827
543427
174477
731299
277638
774854
448741
210575
614338
470257
711018
760093
858313
718212
156983
673397
806952
573385
56486
671441
136968
348870
836265
899612
832982
630130
457767
517040
252634
590905
345164
176794
998048
997529
158618
481724
2626
331548
801094
998679
442076
306804
237262
97301
258320
982680
125224
709140
854874
91086
543527
639759
119483
24258
705130
218682
575761
462885
957638
725063
560065
147950
585692
750294
143968
945951
756222
865474
119584
337510
551546
712233
409264
819423
164166
240437
844689
104630
931775
815770
279761
836431
425069
294365
764796
141825
855031
347944
652507
173588
593265
841431
662558
582847
684031
687532
405172
993611
772695
95850
972015
276881
196442
144341
638914
849324
653155
970764
864894
439737
643919
853233
904019
453046
222313
254503
85338
841642
684308
970549
302309
648278
482456
856791
905462
644488
866049
559034
49743
669116
346922
238282
90209
25369
754564
611907
823133
59102
871972
417746
525060
329864
43703
41194
688338
138863
189626
892811
186087
874174
432095
148001
446388
939388
474425
905079
812093
920974
212747
833672
302334
446007
438927
103145
267572
947984
816721
57521
450841
582008
985765
235833
606496
22474
61408
367986
280583
823205
389173
256233
679259
208223
59249
552785
963012
498563
929142
582327
135041
36495
790027
235653
304211
882861
792752
760204
246015
499539
817567
499075
711589
790805
991871
746743
104142
764683
48483
377764
659173
361243
11070
81707
902853
74763
993710
278766
570264
167147
418532
212509
345689
183904
676065
46812
253022
803837
753527
506984
716651
622232
903933
792378
682955
70851
677656
338311
563401
94205
337665
685076
643951
453853
33512
651440
672978
314276
731323
17682
80449
204080
770335
692114
378135
326538
191617
215744
930458
228340
810932
415545
334733
868915
266393
954312
767193
339802
236482
513199
489822
315289
554599
925813
33938
814367
443609
667065
58993
212210
621699
453426
189833
400991
108974
190912
29338
108025
779212
76274
482159
348379
228792
194234
248542
507055
824965
334605
90653
14394
663234
780084
621982
827599
568472
743189
98714
227789
398856
986532
981237
824427
967529
12131
490580
62585
185764
76592
839578
268911
687490
852591
56249
387677
770545
974210
152873
678348
534538
627736
325465
612259
845642
633456
857215
165435
388662
274315
242382
61526
254254
382905
424907
470820
748056
215895
61017
409227
927288
595944
630093
441447
99666
258680
648089
399165
739868
786274
852939
660737
395854
382275
941184
115830
469994
327276
619281
533884
220500
734772
200651
230379
296232
922301
49623
977893
811573
244088
393579
85585
444234
744846
716409
849646
794463
187295
54817
871822
447851
654647
427953
781079
56144
342993
607551
66752
681678
543136
30498
621958
838127
543711
86068
916006
112926
505340
911336
508733
202656
342898
117310
822953
947623
867712
927722
953659
443226
158822
926402
763342
584449
184320
302050
486099
507132
213214
622812
684665
106116
782859
83495
294763
959827
39111
713843
312522
228134
334461
423527
358530
398839
345772
587396
29643
515316
700377
870881
997667
664606
195823
814882
207539
402064
643495
235544
524548
209859
9020
141635
90156
903988
110054
987267
502323
932336
52705
327505
462073
731321
139083
914816
57282
709227
673396
45644
642033
846934
160378
539278
316423
872008
653769
281644
278517
283360
882269
979925
235347
273396
186267
597056
223986
695729
11227
476986
377898
111526
372026
111739
833659
236295
39284
691656
526966
126884
854758
483095
516205
264424
121544
794173
359752
299785
745656
727886
712254
617033
872680
900717
293416
224739
706008
290640
220415
765763
397613
58693
939481
482306
390205
390598
762407
766528
378447
134002
13337
282872
174198
853999
589948
87443
664783
579914
638956
639407
669387
495881
955986
13736
382138
795534
778753
487906
377983
43767
232297
206752
405808
285377
727136
554515
76693
868894
222862
103322
422039
202033
341901
865231
535779
595003
180698
377938
79264
667423
953428
966536
809064
528409
281806
547212
579995
913246
901916
438745
16163
718949
255778
729461
573492
25399
14927
466393
873272
120790
707436
420489
273726
931033
959251
251321
707226
301682
912608
703936
887892
106644
485917
449325
766831
660218
902961
838139
533979
252253
699144
699190
664427
297183
944673
207799
248741
394996
810667
332223
185081
607576
14250
159525
717216
453346
388771
892485
985690
910680
169255
781865
204943
911309
545837
241318
214839
356357
74884
856867
778569
153422
160740
109292
371226
976676
468528
747977
827546
610844
200066
705876
880244
581631
957798
814341
254986
202041
674064
764478
922201
611134
141665
237042
157871
656858
510994
556540
373299
776412
659194
288461
234093
100071
531652
909137
626838
477302
554165
334143
350921
391853
510244
744702
225538
180467
864631
565166
783582
355970
456492
920044
618404
67673
409418
929153
337196
595784
678239
611348
159583
274171
895281
844474
274873
187070
376136
699700
60487
582290
945583
42381
443822
41996
434075
891424
530457
520044
872542
995856
550174
636992
71854
138575
610061
634936
382577
7976
293544
177920
253239
315502
608960
506619
925131
51659
968273
258279
853703
363961
230584
639360
419838
217993
750315
330902
811316
181312
434861
229807
708189
738548
140761
53605
359803
177847
657158
344152
663700
855042
466278
181941
187703
113217
227400
783581
840556
905817
147091
930511
416514
233229
246571
860833
282940
157681
311450
169363
219326
480392
850717
325305
78247
315742
492200
893903
669911
528426
684017
404933
287405
373856
204771
617619
123554
997811
332216
131612
594238
915392
572277
719610
241949
423815
668026
256083
536113
754782
116383
872855
638192
668227
892487
516356
815719
905686
482038
405418
992424
370927
801919
931208
426947
826713
6907
937382
686009
129394
59260
854765
66542
565480
207910
405165
95963
935226
702600
646615
35286
50102
17725
427917
89687
885400
126231
306685
481444
19613
645829
242188
44087
473835
970368
741943
468974
869794
318510
968716
927071
364757
174878
316749
697
988576
118361
556852
963533
877752
22051
942948
230279
723177
242327
261983
666715
889952
505481
728489
624834
387582
192905
948197
450595
543028
804287
318838
120716
138524
100550
324484
435344
619153
133513
983792
749907
636523
853332
462335
435005
547554
51830
929000
766716
547239
633406
663914
614190
677480
787284
843479
825012
193097
403913
963602
15028
769517
568191
5569
491780
437474
725835
485421
280150
725787
958908
781265
808798
280617
215053
217463
56453
690914
794676
789553
89831
264353
859100
665167
204643
266651
171496
649291
245636
945118
104197
592580
277654
58828
688745
538827
92644
544018
267646
121251
801889
454801
296802
409838
830474
716512
362744
661389
376143
272036
95535
876497
593033
103829
750470
674599
174863
531364
319243
820189
650058
491229
476885
527920
642122
305987
404945
421273
348368
573794
925828
676661
95354
426841
838136
761938
725272
932079
817406
961851
54130
785683
986088
660834
447772
906122
815749
760907
165088
536281
487718
903
76503
374622
49860
285410
752143
323823
781103
835105
513550
329474
784771
568526
437921
720896
849901
390401
222360
676035
226799
86114
169586
102956
594154
246677
451611
430909
28800
847772
903644
23208
530524
637345
850329
778596
423805
664743
227206
685600
839535
311024
364580
866303
9662
600242
618163
335757
650778
407296
411126
131653
921482
983588
975647
360309
312086
685539
348293
463791
769355
183536
421017
726126
897263
773050
885156
187600
693823
659827
506799
756536
234378
550730
245720
413030
798944
361374
315322
575537
334499
413333
727462
238543
758220
581390
358179
699846
389044
255264
482736
400298
641998
332134
868993
671813
735341
20589
474067
601150
683386
610355
514513
98623
551504
43557
803010
373926
900376
290052
999589
249978
593254
562045
527204
247748
761374
44734
584790
151805
304016
693487
808110
67444
647014
42742
312499
219049
646142
83217
159202
684144
118383
647497
494827
630655
7775
442704
578870
328278
729048
518672
310936
135268
989851
254219
541270
263021
917315
315267
476891
794960
913033
589595
592548
714993
673383
919717
793971
627654
917581
585756
277073
652560
619606
843625
17675
748300
179484
601019
852851
658344
440741
981297
581867
345440
923049
556083
134080
676115
856874
107769
420745
852319
947331
930111
336771
741984
759859
165254
887535
109136
228158
155151
423981
843869
709787
56210
590548
543905
614894
832952
160102
809381
86251
893662
825394
672825
919318
688765
751277
196374
844110
382008
459062
714655
312220
504572
893868
658694
986625
403545
688111
732592
103166
896471
128575
946639
855645
923961
998666
542988
784667
686220
79706
977062
338537
497821
919401
680060
788861
818353
435589
309076
996058
114957
452049
298528
469867
721312
476728
642740
444806
473069
591615
380280
142315
120351
822759
865377
909030
3950
106015
530732
340568
13420
550378
965828
287104
780076
592004
317236
916157
498990
35891
296771
840920
488864
311270
870675
150194
668829
206629
795286
79963
457838
562346
369373
127428
422064
992062
407885
80713
826838
728534
587651
317828
573937
729658
623017
144074
967485
150384
690398
586605
327080
747568
848168
66331
663370
952620
331790
998691
376799
968555
310364
516747
187689
606120
362894
422115
790204
37563
680489
149721
89885
138169
713483
188225
577434
527283
762331
811431
989014
107068
674158
384879
36750
995313
411487
430752
875831
748211
197178
461033
11186
384317
422638
539183
228871
901475
534784
653325
21738
914466
855603
830051
145448
122219
184491
73966
817744
485482
943797
334480
860107
250454
113394
679653
122436
465068
203874
176911
794392
9329
545687
23295
403041
287990
915386
523068
379351
16456
889695
373105
701742
585229
671840
633615
799729
577020
245672
144963
43149
353684
822915
625586
687003
574962
375010
974861
418942
635690
591654
245447
617737
667333
800457
570123
914643
353515
320360
605329
121793
617773
169767
762692
357477
100846
131344
586945
91027
591397
726466
257223
833352
915400
771204
616140
934203
981599
515975
189196
156049
10448
653050
856501
170360
368177
99986
292076
488926
692057
243632
542375
443282
796571
72884
570465
763885
918105
587933
301509
264718
348857
104216
795148
534404
963410
145283
254610
422709
267970
968037
115080
635247
22799
208299
641800
267256
630301
736372
101142
793765
408597
570841
192697
186755
965420
488912
723547
126665
980074
105540
297397
521075
156900
252260
682800
821724
210475
339780
134806
870181
347823
222614
981604
743551
521476
445073
237186
619465
385444
476628
731764
960493
734201
727148
230048
171872
276265
112195
843207
825770
248888
683020
235139
969345
984208
810122
964064
633838
147270
940988
756319
144255
630756
622397
664484
102602
73251
846582
635652
583276
913884
640499
17252
506388
203108
625863
119811
54998
386230
349474
579323
168636
475217
879399
751879
805507
801129
602429
772519
3901
91730
167409
44308
565018
242393
923599
409853
423883
626852
784803
456233
726738
270273
805699
44944
556892
15462
338737
371270
334481
407918
873371
191779
812114
412614
454358
432325
801982
326803
330870
859579
568344
996706
763972
589064
749063
66402
165876
567381
215240
278727
587095
61621
895053
852029
659825
589831
653429
658835
352862
482378
451999
407733
91118
695922
595491
274857
698701
840892
891906
605778
243099
336579
429748
369505
87008
55453
793194
918708
458868
935892
87822
170014
727915
737233
757836
486229
364002
70402
651939
89976
787947
571510
373132
845604
840607
6413
19593
376450
68162
418733
247177
258477
418253
112397
957722
39994
141729
768276
494218
371564
624828
277394
837942
401007
7570
867083
268435
429354
165267
629618
976360
667495
763048
602364
946770
811370
60019
206157
83548
514348
766218
496789
695350
409306
706377
863309
400314
614777
852492
730614
752098
607788
570136
732735
837895
444566
592646
232929
819403
628266
562759
608966
177031
281596
556750
345060
82009
482269
162333
634870
530147
464332
778867
154781
881553
379117
100872
738753
883463
212903
161240
573527
600699
613925
692062
171016
405621
546117
375299
687143
400330
62777
869063
602042
471389
251863
595543
484537
137281
991085
125720
331158
194670
832712
362850
129338
781518
88916
646188
24925
713738
303757
546906
406933
322942
300555
709266
117307
834182
122157
44925
653062
53601
325027
183037
984462
979327
691071
231196
799932
148603
830365
204125
353882
370134
493247
823935
553836
204897
972647
252049
446911
883814
431818
561951
959814
323341
556905
161709
326699
477255
282631
817934
837379
791776
269405
654458
165934
575711
411768
47200
662941
286362
712503
391835
114528
90297
964099
59715
27809
381197
906509
263854
769056
832550
131304
922883
176984
229087
593856
103759
952762
479483
839252
104093
583083
5445
411852
162436
114254
572632
208094
573754
709423
213443
212226
970707
558769
831911
804487
278145
291170
90908
679352
663619
366713
200657
367373
296148
276787
704656
254641
526443
981559
64698
428255
726632
715361
326321
678877
877143
39298
110695
836797
609404
664875
166279
398974
679606
345220
635217
233663
887922
371205
321526
355042
208774
862585
916773
687000
825109
38661
493062
727052
345223
136621
674199
281526
472833
123174
945171
337380
935388
419524
154477
824598
801365
295884
371463
460444
141269
65283
652257
393217
159499
242610
621761
691743
779976
176969
187163
883878
146537
452053
692508
113533
587642
420615
856243
400244
902561
370068
414542
805838
436242
849798
398427
890159
914941
474593
914189
483117
342387
675025
427302
756022
765496
174594
790043
204408
936776
963169
616266
834475
887674
258711
288227
193218
596203
664450
841091
490482
112422
928572
914028
146077
735337
715463
48146
172378
711505
715248
357077
910949
966573
447077
339976
788034
987918
604383
913477
740899
403202
561027
180656
340145
228845
319822
200146
745579
601994
960351
723546
228119
661984
34121
991130
75551
839159
967061
326712
737050
167497
351254
38537
951481
575093
317517
846382
197405
272552
168888
69966
337607
132325
719201
800110
716649
610605
34900
582859
882587
889134
69984
689163
181553
326327
358905
499644
868047
173873
692873
429849
684155
384135
969727
413720
646664
633070
943583
408211
196976
317561
562786
989059
709743
33755
460605
391820
515859
241654
501669
491362
309232
205797
21383
815236
248121
768068
417227
926342
11982
738200
236809
870234
628487
626157
772374
253831
979113
67816
332446
836909
233553
659680
696782
931926
320677
788713
803936
354830
540186
751011
987355
652748
221879
920237
52806
132877
57116
569245
456169
520583
55715
754181
464143
968039
431863
711048
132061
722706
558545
405493
573752
486019
716694
885083
517664
381348
232557
745099
262064
614643
138924
155294
887161
910799
489775
378652
326400
931832
136798
697963
699600
943177
74755
542504
844785
369720
399789
970574
58948
278313
900389
75500
889384
64835
982241
540951
859122
79729
644048
728554
882033
295397
966222
23071
634546
334568
665902
654810
246743
784620
995651
599350
4746
256559
123123
337890
805645
216190
255785
67963
772287
524352
742199
958020
564442
662637
470792
878921
693293
901098
366313
985126
782186
506568
996716
284991
638700
489910
590897
885713
400181
976551
346641
958811
607944
192960
526713
951572
103461
324692
298866
827073
15577
942049
746477
860884
771223
543780
53252
705551
481423
125652
160482
358789
402636
193558
542885
312544
429624
42121
177730
538694
683213
384497
711339
623288
19105
187770
62075
468322
101543
352737
587524
682701
818285
985840
4276
832289
185125
492606
670381
777711
467156
795985
924708
427298
665938
142361
461039
270912
296606
448410
915909
606707
415931
300351
119254
41599
177710
190346
909426
143975
888619
397982
51111
932468
968793
544539
319375
695720
822364
950892
13203
272207
20750
100798
137580
212816
274380
434022
914524
921287
305684
216383
630133
51426
156933
627135
952003
557632
432687
517408
294616
741391
344453
339382
27777
207305
981625
40901
941219
580478
637808
867975
537441
37485
393192
383396
219367
752057
441013
525975
114609
263868
626012
903634
74201
991315
589616
714533
396455
351330
726707
191339
366350
103295
560286
970971
881288
183225
164045
731940
164061
586781
830775
600152
563578
729212
593670
655327
793791
404753
69369
776870
537109
463726
354570
649105
702230
272763
461041
903615
253192
499
399487
239371
329904
228480
855479
370510
577348
580372
410446
510072
226009
54546
339039
878695
57713
379131
625631
97435
102698
681138
868589
964818
907400
52475
521798
803198
347593
251971
374454
545943
894741
474270
259263
541584
751523
979841
775634
298428
768915
196365
9614
382903
751115
919381
388933
153042
158612
701712
660363
691230
325098
402114
173997
470488
574778
326556
550550
758761
241323
185209
72347
39017
216487
454019
68501
556419
306228
701725
254645
108074
918056
445249
250296
626569
851334
32860
273870
87280
576917
738493
247937
282905
364274
400589
701435
582497
909674
747492
342050
274937
977501
495948
638023
602179
750200
765815
98622
185821
594053
119298
23989
151234
625776
855466
773802
44995
570753
962067
300309
747936
145225
599413
648601
759237
721821
143113
186248
129451
666204
187492
433974
470219
31693
335616
472801
290841
809890
18316
617562
169218
198028
203592
496819
366477
971073
662902
653823
199964
758008
261572
696982
259671
889064
181552
322541
738521
959543
217781
659699
122874
336086
366545
677349
27984
798104
674354
210778
515265
503071
320126
876110
104937
836018
54756
196735
80227
990776
646923
601980
770410
920361
917025
448028
604678
680695
253423
526608
508918
692766
655788
978809
485333
554146
3830
574397
66023
683935
90060
441157
762283
571685
231760
157904
464868
412439
900598
496921
422441
78190
502527
508571
427812
554235
846915
640551
642299
615340
178465
839025
383852
230056
347595
867544
77432
56069
8416
243551
852128
100941
541749
489431
641926
238381
402432
68290
214796
739898
801726
689315
530575
879711
958856
575237
134483
42204
432144
853661
842902
502367
492171
568425
377830
776131
989554
464588
146962
436769
738504
60387
655958
578022
457153
433381
464251
85789
466776
586958
912564
910179
528352
552840
278121
182429
61670
1239
753875
163764
91531
342689
783118
829134
641567
226415
57505
285475
630123
733618
420303
482720
716898
784301
191919
79109
138585
351224
643189
424339
961782
874612
297244
61116
772502
92838
925541
658626
94816
9251
366596
889215
195487
188374
584144
966619
549285
728652
906843
556472
772608
584366
671219
705053
802651
61059
6189
475716
183
261663
642191
517799
470293
744948
210706
400083
441178
725563
798546
214518
580896
352448
749006
917375
216551
462694
30276
552112
14686
93480
697988
90760
362009
952276
391169
469995
220664
621325
799064
554607
978711
983326
321566
247324
871949
859268
532622
437198
486378
549447
927493
1788
799284
550666
892836
362884
174248
67791
34245
818936
114297
743928
766623
226619
496742
984466
62369
168707
151659
867339
626235
808370
307315
557665
889927
263336
959373
53667
393610
57308
130428
908072
874986
163863
890179
585492
118821
375877
592460
660718
416560
117680
686296
529454
288733
658775
252460
599140
214681
983230
81502
393368
181572
753089
245932
519138
467882
688398
515923
46036
249039
380911
64656
347912
618586
555735
432097
920894
102170
555593
650427
79935
75687
861922
32325
861651
401569
669920
98072
207918
29764
728640
231318
831820
528100
616094
522863
406705
739112
278803
472749
543859
676826
911228
620574
754174
881102
358765
977139
880216
237491
582751
609875
80523
858350
945225
713349
609437
385
257767
434676
498612
44006
181631
507271
250676
415819
825661
51825
207523
791208
342231
226256
799539
901892
196381
584760
383785
4864
367996
294285
672567
765698
650639
164083
983687
308146
594313
241052
671659
25837
499047
131122
109912
541070
310783
542033
42831
841491
71213
481891
504493
408078
217606
167231
15392
242607
882992
590012
640300
509016
563607
759970
177346
153472
556496
287703
847499
66386
553460
930101
764157
409890
222999
680439
840247
689377
540646
964203
625030
966312
207173
334229
668620
106256
115366
985782
561373
895652
827472
154669
26410
192161
39038
652294
791353
208612
760705
203167
812786
317295
757825
642320
597412
215217
198129
566169
167677
740782
93632
162159
760859
374008
651060
791574
619475
543550
388396
805500
624538
868944
204029
498254
396303
510938
185124
650514
263453
446567
234404
153852
935059
147
606133
85589
898127
753671
13332
910800
584196
640822
995446
444624
625294
988833
751558
791831
416573
997710
14346
519374
328247
466089
548289
440742
781443
766847
142791
457655
947308
17835
460693
375629
917255
704572
257795
932580
913759
65984
417531
722496
987163
847160
323656
886400
405049
202804
416617
842173
510782
57251
503218
289234
183720
440978
775097
85672
941864
48768
53236
521176
114729
433936
915092
278674
74667
103345
662274
351968
113512
289513
566245
48393
705120
408985
656343
608377
417237
93618
510569
594310
115476
651603
226326
518924
569081
868304
441795
517429
510415
40782
322046
186621
485065
19208
882517
46688
804143
985686
830564
269144
780809
935498
916019
330188
262179
642098
615272
591689
395951
92288
338068
159628
739573
392502
78059
19239
576579
219309
432851
707279
648221
30499
447256
995207
620147
61747
614500
504203
659005
482633
236946
860065
340860
764771
609392
97727
599895
338462
223886
785274
844593
302635
846490
145649
43972
258706
391233
149154
444015
772402
988439
867442
589930
567047
465521
754155
118249
741121
392550
308006
504937
271163
978853
118455
787650
755777
432039
558474
228853
310773
141272
607791
737431
103793
958897
13176
364351
924124
531238
667111
233997
76714
867500
82188
221844
89068
304106
384136
711785
548427
255850
608995
703193
837853
546048
448693
469486
273089
212980
12968
891371
610793
504390
14433
2656
110204
459687
658327
803469
641379
369083
24378
216562
321534
3938
43829
958508
927165
251295
449576
224080
355513
196657
285220
106515
894931
984016
920357
583705
685614
585222
883536
804518
2278
872449
395562
460714
637161
609287
164718
469870
175035
832149
610422
509232
799651
104833
346458
865109
595082
719989
431546
842394
852850
659759
825950
261139
223331
85915
152663
56106
683472
348785
817431
181295
719233
819617
926653
340858
970059
700731
681469
823908
752509
799927
854930
819145
917281
641311
663959
306180
505748
799177
40193
676472
21642
524162
376827
509197
969518
336866
243152
901252
264332
846121
820477
473097
395511
4321
405388
490151
374466
946933
600553
388730
823886
49584
57601
453873
370044
91954
938600
969624
425813
168211
707989
605756
762826
630675
272625
747776
341309
956206
597883
677518
492120
767328
641877
619964
569030
631179
566656
847346
160542
130274
218580
944197
