945880
64987
583385
862058
855319
673849
377191
918979
347668
801694
607557
477088
455232
90302
471434
199517
267537
898531
877003
701259
679330
1094
808346
496544
82836
484149
7566
69410
944993
147667
959129
259557
378495
415261
834536
895610
228971
173511
188114
886837
819123
287947
290217
142674
85224
910156
262360
540088
188074
807060
965156
906303
221239
680647
938451
127370
186784
628264
903883
985924
542415
949435
208877
659973
790341
572633
913088
286593
166982
139168
604124
329999
481983
135509
959650
794364
808123
433926
812052
782201
858125
103519
827234
558278
894546
231303
144784
125840
157906
868006
817372
61943
771124
116657
799303
909914
711498
170923
37207
774953
467418
210831
688746
477736
655400
214285
313121
736075
369750
347048
349396
821047
194372
778230
406719
148422
732827
604049
54651
242615
7498
617517
301428
733678
486801
36847
156779
508916
58426
319537
9453
937818
808821
952346
671781
505103
34355
454856
131564
606455
195966
758331
751755
873495
442030
327992
71561
371558
516833
444413
770004
587451
383430
786338
401768
641670
678969
356506
608113
405080
637206
73015
907177
567567
382196
330764
116461
355388
554693
649058
546063
412813
5488
935489
21537
152940
714824
565976
725324
848886
408324
613511
655488
907066
663155
689200
126472
909893
877531
287936
276212
156560
891411
619431
259619
27147
531745
779168
109187
304248
133394
485094
318110
669248
14076
33018
667177
109954
980634
779736
475953
133081
992928
696781
24735
154033
861250
962824
847205
639766
497860
645585
990799
557728
450320
541689
699391
810911
474305
122049
471092
823541
367921
296361
886570
188
916493
655377
57153
827730
757435
670643
998760
768623
687380
927706
267789
956376
394895
182308
582526
777190
847295
566643
149533
781661
693405
671626
172035
370300
506136
639082
841216
273901
254771
207797
902957
714489
807672
581717
551384
125897
864486
10895
19384
663561
596985
74000
351623
240669
823065
571245
133600
239909
415095
577914
758441
823549
178055
300388
281102
885504
633269
890886
518449
176119
402067
991482
545923
722247
728381
14611
437841
304710
108983
991397
65658
300282
784758
988603
824325
387552
147161
473566
356257
952893
518589
766744
887436
391077
87509
125399
296940
828386
472424
902606
264702
526629
530973
384648
67359
340562
864277
256070
265201
413716
108098
360522
983274
888722
359906
639661
266915
966995
960037
353732
672680
585704
638144
973816
766626
579578
336963
309362
998138
889037
758778
887227
209497
50225
698460
845227
114150
251903
807167
93073
409047
948162
409336
24132
345394
813928
291608
999928
457265
356960
513134
181540
464024
126189
196366
512841
654177
447887
52416
491032
324245
84301
194638
119242
694011
447269
522372
410529
919222
373820
449738
299469
928982
297401
138098
653498
111628
957502
725228
849097
729187
663904
639568
755267
823902
271958
599858
181224
989092
686526
890726
481952
346643
437268
885278
461787
160451
417010
713597
96982
816517
972140
683959
873209
105252
925237
757319
794296
130261
292580
803230
818567
326743
890212
373675
378676
847414
961621
77139
518038
561659
610916
617560
516801
558896
905350
344329
198764
588560
499904
680070
304160
903759
472626
433843
481294
940942
547892
809377
375728
607408
385434
936241
575656
970720
868898
927121
453218
800709
816469
4482
281888
353821
4995
731954
48178
895737
356205
167897
462935
129531
564113
409775
656193
350965
107351
807292
568348
254804
340078
886380
812966
435615
794110
851030
641164
184750
976148
749202
405394
729001
660008
948859
63427
541635
179196
702899
723146
173034
983743
562272
99326
817468
419928
454582
20541
927
466506
90212
456541
575634
952961
51540
176433
3571
142005
218280
136980
237948
801644
654121
217458
439984
584967
381620
668963
396589
716261
221501
311774
532784
27391
845390
225696
304615
316371
124419
94504
378407
324207
843949
756929
129463
905983
974870
827550
276165
648312
421766
11194
977590
298972
71946
921959
843680
53503
583599
496803
678458
57438
19095
590282
551524
790482
664387
621048
553178
884708
190038
80459
565002
633432
276021
803464
112112
420040
283055
334416
394016
849195
965793
287155
508039
683280
175402
961100
63390
226192
50214
595455
924713
315555
270793
269145
335467
724136
480340
857032
531245
179270
860806
25091
737869
863336
868780
248076
733804
790290
384343
908877
789463
857865
23697
906812
14061
871817
423354
793225
986904
470089
930504
779658
211674
219874
881340
151426
93077
360071
134352
883801
480981
751574
263677
882526
866728
260387
993005
865535
419225
676371
493865
933159
727361
940135
653883
818170
532811
78966
830389
425776
426658
93534
2264
357715
599765
914099
813371
536711
298197
16556
972632
640561
851156
713519
107300
240428
237956
942972
259421
422846
980404
380225
344818
110853
93146
353412
238277
946032
815977
949401
227436
316667
106859
294248
640630
10866
888144
666669
481361
509369
538391
603011
252445
868843
559511
835404
921722
746183
821136
621111
717310
974844
361785
944748
806194
22510
410554
162766
766228
347563
843058
215710
312668
429461
479154
99655
530452
917214
908098
190302
672135
491195
424854
300327
830936
911906
600461
175160
10084
967570
528514
4781
477424
789628
302201
473464
693677
796350
307425
506724
646718
461873
220394
497735
139727
492715
922404
834089
529240
16733
360423
814117
937856
414784
719607
26077
150119
33899
147754
385226
307153
802261
198485
946349
849207
289291
341377
804403
551259
979512
818793
451201
171106
798126
920853
604353
444088
468175
661936
97363
919575
700526
822294
525601
353161
266222
58765
990316
143389
51622
444292
148929
556122
775696
568056
832345
311150
979373
844252
594585
376579
142947
846692
29750
693036
117405
662354
843613
493728
884963
376712
938604
521791
36984
667488
745523
178463
82406
507283
259327
381149
463261
235216
373785
662472
325782
6023
992593
340026
105363
183644
769563
831885
162874
395247
492621
95153
184184
651351
216447
889826
418613
821848
686147
316253
446144
633482
311242
218222
257086
237534
250898
533323
678933
730386
463059
524683
914715
121050
434856
154012
991606
215985
284397
979781
387738
289788
154696
799864
922829
322657
338892
518870
771839
476484
368059
243184
60973
960388
450085
641447
743772
570914
556972
936420
502047
201289
219411
661573
113773
632532
666895
382650
716096
916412
575342
869496
594105
485310
165189
371057
838726
136847
201648
954010
582432
781903
719440
343172
288303
607029
976333
521120
119232
298475
587522
674036
116311
983300
447743
265270
712670
385658
698013
484451
149671
304368
653679
537030
356247
182939
105582
713687
254322
311670
240627
574540
21640
41900
157416
806940
551381
77386
420759
978431
12199
881060
549070
922943
560487
153615
601114
834223
172532
511747
129124
464791
963820
83835
434748
170539
177988
830129
327003
862803
670364
654068
564595
509055
486458
768881
5599
92241
580265
754561
763669
161105
498080
406022
214320
574110
781128
863170
823810
323977
111235
558361
51846
92124
719499
846061
762314
288565
131627
353762
521516
891190
671954
29181
565830
344204
190634
717260
669360
192234
504575
51870
441116
112433
51487
506596
54104
29636
928537
799868
760995
923084
263070
968166
842626
572968
409427
592754
751466
575868
118715
143669
811692
798849
484879
115134
751085
360580
198049
598522
550787
405503
413014
706073
682025
562206
913355
142636
752487
973044
124396
772453
966358
363512
813417
270096
948255
386706
889349
885379
829813
177400
896129
664735
607535
413619
154688
827782
76742
270548
860275
973078
42587
327011
353960
859001
969426
779616
282719
884096
80270
418070
662519
11060
569945
741370
597556
291513
910
594805
446750
351636
761855
318294
287517
326095
240963
577943
452057
623012
900467
915311
28676
350245
455255
49642
833486
172919
236987
930123
511708
740645
408964
179740
427635
617127
290519
706452
711375
928276
475913
273926
951791
414299
918444
835941
383425
978574
973850
687650
907170
370941
596509
713676
797220
905089
838024
103472
113019
904999
986305
901989
794727
366262
245946
453797
41816
35818
862820
355260
858563
387298
943238
657164
342043
212968
221906
572676
374745
604153
725792
645090
911747
686959
249630
996029
791148
550443
391075
153543
213930
808120
459148
235568
943356
722202
894429
499185
867375
688279
251821
845596
280245
409065
279622
871046
102771
180286
970666
811827
374345
255100
305403
894936
81670
922012
10627
98746
451648
581962
529380
757326
483857
430937
290032
409475
175261
98196
235422
648505
484444
332747
753877
622044
405967
872063
327627
980727
387032
725539
26628
472248
526525
905108
843554
675864
640675
503818
340215
813810
261584
928136
366307
427875
690318
324524
272013
322674
434096
346386
185598
28995
20601
64117
139039
294497
991275
83348
515586
958849
170057
949454
359264
514459
76363
675221
178064
809196
198292
562866
44542
544319
637956
975080
692615
816441
990227
975098
36397
745189
131675
961446
399437
275814
47038
208115
118481
575665
521044
980898
985541
799950
818609
847412
681478
716792
231335
63124
726927
398349
183853
962967
943868
675573
22770
121295
795593
1180
971825
799793
852559
702289
158757
550496
497016
179004
322922
474387
237839
884465
72672
362293
189511
553527
812071
39106
834988
262262
484014
852593
437877
979371
508665
436231
75261
457379
347856
239991
506806
348633
538553
202218
421342
994813
731431
476549
448853
328343
948445
876490
884544
802742
755282
906277
840271
885451
457401
249415
547337
434644
438287
803066
676528
427915
203419
47088
844682
114018
907262
405271
840885
557798
870324
575283
376457
133325
741893
773991
36180
360986
276078
862457
847344
686033
267194
155784
222655
737320
683555
639475
113194
303346
297322
277111
909797
141235
249734
763662
813476
183532
282022
715057
544943
557973
873688
964219
198309
508872
623988
563645
462714
733507
607589
733200
916564
575749
559272
812302
985013
545175
284335
220919
627157
215160
645478
263516
607231
695025
304716
82061
175979
171558
116430
672825
545034
670076
840281
159673
344815
614616
434703
119042
635540
42844
692657
179423
438007
897446
248995
379540
711287
113922
674759
705810
605394
725562
951511
67706
225549
197382
158229
419143
639397
667061
7495
801527
614894
693925
198674
134155
647721
425444
21990
136838
84155
870150
211092
996063
182806
748037
48992
912105
721551
147026
178373
327697
550341
104137
929897
44256
597155
29704
240100
887157
653397
135326
102241
25882
688161
298253
156309
963113
38683
824004
659090
823715
312256
550999
752765
191694
363123
977621
297639
109147
170079
367198
290192
11498
897906
593680
554900
510727
755867
211340
336852
799209
359394
773777
609618
467169
572237
28816
285679
413906
850316
946160
211402
630700
423317
287392
405506
856366
332200
919816
254372
923064
453399
660555
906163
223667
199919
341346
277023
153920
264794
975918
148695
272266
878603
61804
541598
577730
77774
710440
710296
192686
571368
946654
25507
479988
373734
853898
452062
585372
690284
472624
934602
494786
605922
100501
224504
93112
975911
390615
248179
554028
101614
769868
125908
256722
223677
602775
903610
94193
161783
125446
846028
889780
597422
488740
342490
972484
110460
687975
361075
155223
965295
261123
156382
764785
106133
317108
166484
132833
548057
374786
183502
196762
537862
230911
78302
775310
715477
812394
446960
177201
860607
722328
476763
623210
636419
247824
98343
352080
13767
428867
196217
228779
758288
817120
483141
504424
57573
103065
655368
106557
357053
832520
634046
701188
840203
299737
764513
768661
746223
440037
175074
589083
65206
719595
670739
302892
989708
795083
686222
604597
343676
991145
426421
742308
250351
613160
888990
977698
30532
126590
288151
557758
134895
461297
246376
344042
472092
289609
144646
79495
527097
546635
411289
590695
151430
73110
615156
240032
474740
364169
29583
340251
969892
962664
561444
814612
896795
164681
639357
686889
199289
152538
455910
801930
155009
4361
59254
502485
33408
710013
112503
521867
606054
330373
203817
393798
927676
85199
487299
609447
202821
608403
848831
927383
172173
558139
499719
439661
948992
962341
752523
472322
661205
4125
690486
996558
462367
449460
706516
86650
678022
158781
318326
545640
508457
303860
535022
57943
337440
656394
102643
574995
619696
875369
111136
355683
877039
291664
701494
139985
293582
449774
950233
933251
296110
278167
786871
497671
194635
818747
900438
802441
147090
264453
100409
353824
883658
214101
329657
230891
542694
33475
998198
148736
73975
388061
131409
797358
607377
450831
534023
122396
590053
974616
739405
354690
798586
809473
463101
547180
221017
377564
739108
936757
383862
901157
520677
918127
591909
284644
249188
972154
90533
315664
363292
457885
577556
621154
454047
914332
278033
271728
987180
665616
689099
581261
388741
596446
663290
236853
378768
995972
427811
698622
404897
968988
318145
355883
752798
858821
819360
971750
984238
239418
470633
39568
768996
987883
25050
37008
636079
152913
689492
545149
690906
954873
784927
278885
574723
534649
26166
256958
763350
122650
16105
169992
980026
540259
362472
256685
939364
839682
714823
159893
522909
854802
883175
501627
778169
690307
982390
559702
613053
385785
39326
318102
602077
375935
357469
74373
818805
700228
410713
785544
646373
144480
843321
962237
743383
555471
252598
615248
172252
263984
34161
45721
876461
504025
417437
917484
772697
115622
76849
703991
79157
95801
33712
662763
132411
676711
728827
104835
803342
240567
49965
408228
142436
405997
198224
635148
515655
49051
609647
704187
823719
186272
533362
356838
134820
121955
161439
423564
827577
179522
26346
198293
712922
176772
522985
269241
158957
248030
929603
876473
660355
795021
52073
394977
249445
210135
236728
21493
482732
850523
952016
330543
886370
346424
618596
563231
595173
515521
560513
487655
92855
928711
9913
726025
187895
830077
972615
490300
520390
879019
963958
432936
387541
712481
606900
517419
690200
698072
820291
45804
464679
307555
704243
881874
858331
568494
851820
931143
242144
930288
639567
244303
352940
671094
741452
994240
680164
449936
961453
793223
868748
609552
191778
236751
486919
365506
303861
583681
661847
242754
139722
202456
619680
331567
845749
469952
94553
913916
364797
35255
506148
45156
31722
915328
638058
204234
831212
864581
256640
900828
95952
876061
609132
488025
647237
698360
598785
569223
974027
769756
580703
633235
756604
957717
555005
217923
311074
466241
748418
951692
145327
49574
257536
515405
723178
27506
800888
337907
944984
679225
2217
976364
983548
741304
884823
182584
373482
532587
638606
817743
426109
907684
280207
610393
839972
412675
988524
515232
268870
307865
627522
81440
44920
981138
291368
125262
296874
769400
677795
171565
667023
894552
377011
849529
840107
394201
990538
409662
353646
800922
614034
517155
618943
307992
38108
41181
159593
576135
726295
878856
632548
533158
670754
243254
841758
306033
712785
176821
38699
697375
389482
662791
183184
757674
700591
50776
553770
363997
790363
358334
5186
940724
908567
888460
997768
283215
111563
424607
314091
692552
97062
91974
457913
364681
33071
20842
116279
705976
595670
272810
984435
111927
907156
230379
613604
668257
520941
300704
645156
317993
637148
768637
431315
173551
329687
182101
55400
214291
756966
141593
320675
791552
849270
805735
230617
156951
906176
395739
419977
899696
878015
562613
917978
418954
215601
11340
396870
242220
156656
286386
280246
773730
958517
822579
686877
745844
994804
738938
345212
697843
773943
3363
452458
893089
996991
889347
884080
262392
885987
228807
763458
47360
680675
19021
338467
987003
13365
871966
69477
569556
604642
178359
685549
326428
880678
445617
61379
668960
982774
57835
873194
363129
233004
886066
168041
551289
469096
957437
907278
145704
740653
226498
815858
222625
293075
107542
250790
433394
239663
948172
104177
663303
70810
855733
452569
851294
862410
251262
429727
304193
80112
54912
547479
843339
198488
312077
168398
647097
763563
60836
462200
481915
317331
10130
533273
481299
758914
657475
843237
490556
878400
96168
319630
962803
511005
730191
598724
690811
772371
223124
427494
539733
230216
581709
227379
766671
222443
977631
842839
484609
701170
450769
474093
939034
70980
363483
472059
616862
400587
358254
659477
488498
276118
700135
932967
460930
398738
878963
427768
248121
937049
754368
334618
321485
397823
647846
392708
965826
840226
239205
234572
980463
653540
204195
415279
987070
26963
499269
468515
819748
613326
556229
404573
423398
388240
421320
521946
421370
381654
890525
97832
743374
264174
873546
123763
512580
304903
64161
989294
807420
728944
246031
915947
520529
795055
12303
715588
842585
983312
281062
731906
968728
494619
26518
889321
959572
71098
791881
421272
763808
767920
583030
148048
299999
344341
603270
213742
737480
348019
118902
237190
120920
960509
634226
941860
991930
201812
814542
535578
719385
677583
365991
432754
371151
235440
506705
845523
781861
299102
17567
971005
560115
688771
339806
397805
698154
512002
967750
245476
290547
29824
893589
293292
225160
425896
384709
790180
541824
179993
505252
361975
955214
977256
225111
716359
772910
509443
484426
494223
155853
686862
324495
488336
413937
684887
420000
184712
255608
659739
117333
554645
253508
389345
658728
542935
250863
662403
936712
920958
828919
157693
125887
632758
944417
946320
738306
603839
294990
356853
367557
917834
881267
157039
97543
181638
324246
328536
189921
853473
678125
546221
11154
794961
991446
844858
432795
409308
687555
861985
656584
591743
201672
761194
740313
680696
168588
19314
892174
122039
605384
1199
732395
356534
84801
695155
974612
119083
431085
574342
958899
634441
843774
639483
605671
141656
126920
109497
866189
307192
352956
469382
369622
510281
142604
206681
948408
69325
312293
165155
558423
461571
318384
17337
464648
723100
567221
443940
385313
479462
956304
31644
449812
129248
267673
298710
342158
11780
742578
955928
258645
202871
624008
768249
201276
239099
588082
672781
710883
478932
428450
683801
209092
127009
558547
668590
340160
119141
693449
360232
48581
585569
525789
607821
44051
321208
426703
992121
351920
184195
532182
457365
330418
213064
196038
109371
39954
600605
434245
662087
677000
260413
325187
169311
320525
530747
584694
167520
53891
953821
457701
369428
141067
637534
14299
106658
182112
53963
750776
651803
604
178226
297100
133604
154924
835645
700202
506580
566980
121813
542441
54597
287469
641068
729044
555074
325330
485807
119480
187690
1725
639085
385146
33512
824745
107477
692956
842419
490138
707663
819469
710827
430718
939977
903947
598081
737383
460691
286685
883800
86661
978754
268503
927085
20803
893726
587606
748747
340743
505701
531446
420302
778922
40684
870575
532786
626698
241771
205139
205062
282827
104336
665173
584600
981395
265956
499207
709526
235431
436526
804356
455394
555316
322869
662429
659883
235700
285783
295464
420339
167087
321085
127413
883670
404793
216808
478403
45976
518386
46138
223869
476371
808187
682173
869389
121228
865108
426529
562770
757699
60471
305684
736131
337287
674882
845870
470102
777566
118791
133270
276105
40654
572664
870768
729932
419411
231967
989212
542150
980455
987596
545812
47670
903040
438640
874933
778746
156529
754264
676799
540159
295380
366292
525709
584517
43095
296070
968699
321132
983181
795507
266974
82521
956557
413431
684929
151175
198941
529889
620098
345123
144929
687686
730504
399530
42240
481
263571
885481
578405
183737
17282
338073
690805
819408
430499
664931
520079
686175
396066
725014
705290
855592
154156
597713
219361
651356
681833
522040
709966
864307
17647
86496
555452
552341
130094
64166
174549
532616
459997
329240
529912
214100
71746
15630
88071
472299
587865
152199
456091
773022
82135
883485
303250
562292
289197
475867
571895
638970
116718
575333
583852
726524
607433
770740
609776
620475
524428
865469
220179
984461
143906
383001
485601
38137
251718
278835
94474
664409
78175
257291
610670
995481
927728
841793
377678
469295
424670
838300
131641
932857
399075
633322
843607
528123
66608
364210
873584
987291
943454
932343
173647
30266
826913
882959
246532
95803
395188
580848
737147
207587
552132
645866
950065
204841
978973
475498
528973
205763
985083
669922
95099
973735
673987
290201
158233
954892
127207
316259
575776
441546
663306
242414
811529
196262
12582
741176
248776
606551
670465
393629
602359
49370
554740
900961
751281
429435
426048
365939
190280
377555
549393
383371
346061
252235
674560
476263
116638
187097
367162
781185
158680
177336
205202
753902
135892
219662
201014
85398
469193
807146
259998
498651
337105
818938
134489
689038
383828
490131
397105
828333
518109
851701
185892
965768
326289
621622
361152
520980
961325
255353
610727
402350
65239
397216
58485
473126
789344
67367
624424
734031
924938
360188
551756
715758
932711
490278
245876
846148
297522
283665
941177
45903
919325
159749
46937
411942
913979
844591
279518
653358
75037
712398
478022
317716
635873
736783
48747
620701
113887
624338
493322
571690
230170
381667
316506
113844
313382
70869
648797
707969
844758
634219
292475
573102
853316
787362
280553
290813
100378
255656
590699
104495
804891
940580
903559
34634
465613
384950
910051
479268
370761
441823
369285
542639
651596
30493
739568
313387
861143
24532
953003
617657
987299
285208
923929
617011
462189
12642
73218
820236
195186
446447
439185
209561
534949
472077
634038
69343
22445
880031
397917
133478
340705
297328
23288
380188
873841
911339
343972
812522
592241
202770
824669
770699
176215
132751
987031
462914
113836
766836
557820
135690
426516
162601
31505
362348
339519
922022
187356
985155
17949
819099
351773
698613
274994
894501
736652
44948
297384
360363
490816
436878
317306
374575
643877
82973
618972
868958
202612
906835
132217
737250
510568
593058
32016
211469
688112
862330
902731
677555
543926
985204
614270
305817
75666
858251
606184
290540
497050
282690
861379
382486
982534
762882
786743
154816
894538
73519
978147
438997
442741
346483
131154
309425
408104
124337
62593
749171
403320
735393
562202
866778
554777
134121
924238
614179
375574
80907
281370
845264
405995
734253
295831
633340
397992
42375
938423
273560
409407
618545
867817
536871
166679
843242
918411
908317
154198
105293
907069
672606
605163
831550
900697
292497
152275
17546
632725
819927
275774
196214
706930
565093
807690
815030
947195
61569
34521
520986
429237
674994
736128
205274
807101
824383
193697
87319
250764
894405
863519
100243
116602
34679
394786
813089
651399
398059
411365
252719
235834
106176
865652
608966
92574
500727
564796
168262
371482
101373
670475
755897
208709
467768
546200
750792
438286
384872
87129
290925
525780
567047
287410
840677
958118
454095
319245
331703
463364
166955
77322
577399
490438
769978
341301
910488
446752
633106
676924
521008
425649
150749
492941
414277
442662
288467
747275
9821
392925
888230
830364
187338
325043
618910
787778
367682
912757
726979
330409
797349
206272
261359
623573
49313
403929
618745
988022
36788
906960
396704
872772
602773
123770
188138
16040
577288
544964
996262
216071
607155
274649
600505
130513
669207
241214
624900
410196
618213
909357
256835
896885
286924
946420
138737
363831
804139
110144
72097
680588
872024
202993
184895
384592
195471
856036
317639
166779
9402
349100
357125
459988
475986
726578
271565
276668
622483
980180
655530
233943
491134
534296
948099
962660
761362
726555
242551
902699
208809
189240
398165
79359
14954
632244
611056
275088
449764
391839
496930
108496
955620
635379
345043
599575
559544
429642
265216
603349
448223
698329
396428
924895
632084
127882
650371
981654
349466
249419
13899
825909
129616
769646
62474
83668
215707
700413
26570
651823
940647
101119
772652
967590
50860
675345
523304
141674
436143
488420
501004
195736
431273
824089
10918
55255
132331
703883
751117
301417
785620
904488
764506
266379
379321
515487
99739
345811
236906
336880
477126
87731
927443
525248
85960
583202
973722
656380
334164
596218
579589
931170
137031
118706
298352
239961
312719
678452
149907
880973
487373
89844
386031
578979
589046
430306
396151
381344
77460
707628
115629
617623
334217
172989
589536
72107
856848
1957
150290
952878
495509
954970
432897
942084
759402
635154
375611
423818
118914
887760
570800
285720
571773
602542
439968
415420
718043
435788
424829
273166
67070
450645
803727
130404
258959
450892
404804
295836
476062
7891
680283
341540
182671
338670
802048
679915
408641
765597
153157
431809
105434
726303
95459
792296
249499
497096
260184
745372
507792
237852
567786
289606
243440
9595
727253
44227
891904
154277
155056
614440
967768
560215
941142
773541
750312
174110
448894
137736
640625
478142
398327
402451
643216
802113
94523
157211
76970
208933
575236
868285
411083
562534
284553
668319
856156
739886
463937
724692
197863
78622
932286
675671
572608
817460
484027
477772
370814
678743
753782
726210
982957
874697
386186
625530
379598
944804
866703
232309
323310
292073
876223
417497
187860
504738
764459
823689
831761
266433
821277
200054
83900
749155
825178
979030
852894
960301
857567
602414
871084
798008
777287
333309
900708
816908
16860
926634
425285
838979
474643
775043
142018
791727
234542
499055
507396
466215
825700
112835
818402
88738
406964
243549
145821
51626
138969
68656
339179
346863
376826
68336
691053
628643
824476
552124
959907
341861
333401
267221
152267
126286
193441
418115
27331
153512
617531
475849
333060
286446
257742
731329
502916
490019
49368
286149
956784
723839
123650
529997
337183
890225
655601
529585
18190
575024
40077
900061
906485
3933
308715
207510
766580
110798
322031
235235
123847
509048
270672
745010
432027
924886
272004
319161
531142
240365
386741
724992
968778
877489
95827
806020
601101
201057
252632
981732
152249
394991
33571
353808
298226
832017
978151
566626
283831
99784
182638
294467
680314
429479
986066
317588
921762
313151
951190
161947
194579
574270
619820
167155
66347
55916
408875
931336
589951
566372
86808
526697
753376
455765
24032
586673
946324
858589
245673
39671
961717
615710
780432
641957
957967
560714
588244
247096
715541
401328
253819
981484
72291
169758
884317
146860
252223
885861
873349
961756
685746
141508
542361
228023
300958
389538
306320
212785
417096
442303
698861
804801
276267
394558
724742
349311
503349
278267
744677
673919
471391
595972
745383
107904
949216
698913
445324
433338
631093
263959
644284
830743
602109
444782
425469
964004
206855
219423
973694
553678
317673
638720
114237
641813
43606
867760
875489
678519
73297
623675
347763
740970
926655
429308
424615
423623
221344
7571
174422
193815
395767
874226
270874
972680
599345
17024
124215
398927
634012
443023
557730
824967
836301
587056
731616
740604
953615
760918
273487
659848
277616
998237
481115
873295
617459
948081
727105
742918
794887
398785
23460
32366
830574
137455
41817
105345
284724
381428
312858
462943
995206
858688
264035
493278
380016
691487
638642
570876
634373
575583
270299
308677
935742
281755
616696
176219
22990
669850
425904
760473
322754
831996
581034
703587
93795
641872
241665
296636
593853
288001
986884
323395
876407
872501
776877
825314
592704
822586
290684
18562
112879
599709
252670
737081
48536
93291
175741
316558
245752
781076
807239
497135
771860
181427
522143
676673
794770
201186
128666
383924
691956
88461
770447
722817
21473
641046
528818
888073
405964
849051
248463
420113
959511
937031
38719
725031
163590
432046
580582
848214
358436
479548
267428
964234
57804
464189
5366
976856
462008
907629
246758
450675
984165
10213
578529
234333
960467
556790
785521
844620
56276
883746
787743
713513
922708
942734
70991
665934
132799
229918
250739
424042
341795
723487
876917
791047
387539
592898
883557
546153
928056
941049
360676
570342
683213
357796
390646
646940
97713
74489
894023
229756
33975
58132
112640
39028
52749
640705
157364
804431
306852
427340
904173
109201
433672
362212
831856
889825
895656
672491
577327
937536
876007
707117
248575
571384
40079
903492
132414
801342
862591
407633
819295
590925
631148
414881
500198
654244
215403
174717
168711
611804
250595
231261
722616
530465
731142
331689
942256
321751
677458
110801
789508
773423
566739
20246
76998
79796
461180
93022
177139
931539
232349
735846
445679
504534
221599
24233
998677
877050
359441
108006
197402
250969
197274
305833
701987
825764
883577
611654
534527
96183
920371
253138
6683
509122
317235
23002
984035
468586
628975
349283
269092
259496
616422
257961
868486
863856
190994
408851
242871
339941
317452
677871
967660
557276
757333
732164
501444
666691
32109
781660
731941
479312
643491
258978
40275
425332
749911
148795
330940
721937
340364
349998
636682
386988
437619
885483
79602
64814
707187
123888
123067
721813
813004
730853
338571
870905
973736
15826
7545
337674
236079
705472
795894
934039
246237
746959
192426
166468
154944
942507
881763
295258
585632
564706
178407
702015
287681
584750
921013
368098
753946
93672
657696
831900
891999
789722
699333
526620
109252
307305
488008
950081
319870
495032
895326
358679
157098
28737
272289
947440
366671
973250
256017
725262
237241
345015
446164
321327
382227
409929
221713
644219
155308
611499
824101
702555
462837
704941
967608
506756
298661
847745
797495
310103
115442
841151
66749
951497
128889
415732
226496
292785
162924
687192
609823
531713
233853
836898
119632
795639
148749
632249
4447
927644
700616
203581
162986
267153
262980
995316
527535
388032
54506
712417
93622
141552
59613
469907
979160
499937
854273
106661
340865
529044
79800
358742
339634
582587
327487
802100
460106
410277
571530
381467
90552
557317
723740
635325
750381
185561
655480
392794
745536
359393
995087
703537
818580
96565
175526
751145
886356
359001
212545
582090
377594
33050
846346
896939
41766
845338
367458
852702
583510
186463
902223
459868
75735
285384
557170
41134
9835
726708
520134
337027
372957
374710
34431
540811
317375
9026
101027
836088
603585
808251
405365
533546
601259
890213
32526
787668
537275
549230
505064
267769
469913
940960
37678
977763
98758
188921
219230
670489
20216
993768
543422
829453
620942
324657
733133
644249
880378
139523
431880
572299
553401
834442
886034
323703
159227
929168
598283
802078
619435
349607
114489
245802
589051
105402
406246
965624
590869
266319
755355
589741
447259
278276
872862
721458
258213
829207
83740
584905
648262
676892
926631
32836
238666
824810
833650
995350
892438
193635
691965
366283
338546
645384
901397
92389
51999
928392
429982
399915
446961
138434
924842
188381
21344
228887
233265
503760
79666
762600
152959
653725
178648
640444
186044
350215
369879
646094
951673
391764
468976
987293
410142
354948
635875
633924
318855
797122
186160
348089
393608
198034
169522
520798
878454
650844
527847
482782
137721
138576
458778
540470
746374
526596
44959
297006
984427
13336
28126
657097
995701
343482
625054
255030
334108
581848
732584
929894
745044
418395
334193
176514
322150
395019
517908
658064
920129
796148
258345
160152
920898
135166
250791
615719
755278
325903
588725
883082
234902
491224
682461
798665
61790
491430
479131
813437
511808
404223
922524
121090
646893
755865
671366
556259
852145
610394
97492
725559
30047
546381
864395
327472
553997
414433
304880
91716
817327
861761
102639
476153
634197
616700
819388
21786
698930
480747
375012
971537
191231
934490
547822
487761
10706
519472
21909
811219
279340
241821
931362
392081
600081
447595
903447
650164
143007
62032
772574
867221
650430
860331
498896
669779
284282
799929
894008
403712
364125
344862
304089
240230
505998
691977
523854
135591
472074
320878
156729
141130
177061
892105
313519
372490
279166
497543
841796
705778
654387
948959
483388
605854
585060
522935
773254
451488
561195
522782
789305
383231
460829
664289
712374
872610
470679
649434
688609
216271
529756
207742
475350
113322
783552
736180
830872
291819
270815
917804
854760
844994
356681
277403
387975
261480
235615
900075
628361
196945
987962
145892
803336
816114
836725
11249
123410
236555
900214
482058
542144
474443
640081
572159
277458
740481
918688
726397
651720
570450
111760
121526
162498
790793
807281
23906
644088
271816
343493
806731
77786
641392
99442
765014
754436
745478
417415
535633
386024
47937
302072
843967
255967
858424
85800
879531
776290
167168
407539
925669
946557
793210
670904
364330
539858
168022
884071
111609
500623
440170
382564
967343
195041
587452
399221
264220
764663
253361
406339
2829
940725
499651
356919
690240
508813
645328
460988
453733
688415
345239
36341
551489
908839
100106
264399
776025
967691
404857
690572
994650
358431
146805
705234
265876
365014
991089
308193
970558
122562
425494
216520
195649
21197
973231
485855
509541
340168
443213
542311
309676
610533
613533
110738
634760
230972
799081
578965
214434
585314
574858
632415
990666
593965
272124
308110
572113
460154
153496
636317
557174
910471
928073
867727
847872
397898
6155
345833
450089
713684
348571
500021
78101
874585
196365
305954
767498
956089
648146
400815
707545
754150
241557
772532
667161
959133
754180
902441
490751
517828
889192
13757
941322
616963
268074
887764
67490
729800
679440
248838
966879
961326
675213
300728
908089
155304
647769
791710
321115
10476
515062
271962
288710
521856
178963
978756
667812
714676
603316
812315
935723
994074
157528
797397
755659
563999
520648
500203
121046
949715
177921
366822
577063
493091
315792
190797
790813
16319
437288
309668
508290
318583
348402
40135
104959
176798
7358
895056
753048
312632
712783
258692
444653
808475
855716
245570
791807
938971
645674
342416
760364
707421
515466
508919
672379
137563
529369
46087
376567
142617
273948
890696
807425
559750
220040
592112
784397
124779
863637
870031
362255
630690
768947
843398
795881
730699
851504
829982
506289
441633
514344
503195
126957
334203
259051
82014
177963
88875
767005
820087
561615
287088
877477
410971
494926
718939
926578
218126
93692
269275
82722
487242
431069
282601
291506
887470
171692
688812
76366
204674
507491
454987
701077
621104
454195
251442
782922
659678
476661
352947
717636
889020
970306
676611
186340
561233
571282
681039
792599
700510
899268
912760
805195
594607
516283
327239
209943
45038
125498
400790
753619
208214
854890
34267
142979
163024
59620
663729
623673
890901
126644
735341
471876
928032
595456
310711
800206
205190
82274
110553
835013
282311
856555
900041
911322
105250
320923
307647
970474
14362
307089
231287
996495
55239
331114
785723
805923
646075
44703
23133
860911
806896
516107
589519
959606
492608
64062
574575
107831
317628
412050
781780
952310
146058
254285
975833
503658
369958
701332
912228
919076
548951
836382
397060
592394
848533
984878
593492
78429
197414
503483
135736
463440
618016
147822
777365
351726
243904
894791
648255
10040
225403
665819
243170
935258
66661
505464
24288
777010
752804
350361
770567
835449
515855
567408
629127
204518
887749
965120
994180
843314
655284
90713
824806
430222
994480
565284
659705
633197
51358
777861
327725
308100
109774
149513
903317
843912
88117
267203
282842
695516
624076
278547
711195
636340
338746
674564
225463
21738
742946
409229
804920
260693
729224
956954
703502
799050
973305
873674
625022
480978
220660
301251
650009
830069
115109
601716
753033
277139
16668
335939
416758
395641
393128
609788
640040
908205
363305
251466
758183
20042
495185
117291
901289
892582
754721
179419
377205
179744
353855
700139
229950
522023
600686
46531
577946
873570
783247
95340
788471
470204
282481
103041
238477
694590
676032
734078
912613
180442
580242
106105
959405
556064
768222
481510
832576
120263
489410
599529
833211
723168
632234
345658
895455
976035
625189
185480
347179
513321
478908
183008
671150
813199
826424
153436
34703
558132
314568
614658
800367
781673
665315
318127
774393
535019
514181
882007
595507
613008
260034
519930
7219
869260
530009
144542
903211
490428
430994
904107
474526
423614
180621
618650
506018
228323
84109
780682
997701
866602
566265
229886
257527
148283
240559
957478
941724
520908
126698
981807
796107
15370
704738
466598
158924
410032
377837
124286
200187
918238
91354
502114
692932
887297
699698
355229
676016
546553
647069
736959
726340
822547
360334
480508
21042
451901
702183
369036
28723
280929
558384
168303
61970
599740
636048
834165
948555
683646
554824
239994
304030
851590
666221
991937
290317
407618
456211
714647
30077
289224
36503
379346
60902
96859
151253
439994
940109
418454
494911
405258
236140
189009
49796
122431
945831
977896
714794
719834
881285
70920
223232
742649
428503
354899
765504
116356
439032
953938
668728
843626
112082
299919
830360
483127
356654
517906
773031
410719
843922
917880
591623
54852
156852
814438
799925
751974
20099
233793
548012
391297
892333
463595
376648
331391
487627
3432
501640
798254
100448
338989
633021
414842
145209
908721
963303
629324
462384
788321
769231
63576
649004
132284
154555
900956
672743
409752
543481
700612
287920
686921
633756
437350
824500
828687
481459
571205
20304
172709
46983
827021
316856
51848
197694
848661
10403
213433
543615
456239
57420
496190
281618
129017
595023
702760
250037
831790
168676
287299
973608
222697
473198
499234
730311
334398
531744
554113
511325
39746
559036
558096
249657
173313
667614
633207
811016
571140
616565
251741
334020
66436
887876
300332
154062
464150
784444
690614
537421
145760
353884
932042
966710
689307
360766
842920
557362
468570
293463
640706
812813
642942
374638
841387
866214
78853
544025
242094
387432
164583
404313
328464
925066
46319
682118
976887
221508
759930
206987
715900
964475
900761
654288
489162
643944
358240
277367
462710
203777
495632
765736
833401
48027
778232
182708
574768
40122
646365
150524
474754
800864
647156
526304
850403
241385
909683
469314
391998
377887
755728
777018
483683
868916
221327
535576
500332
385719
78539
1956
328516
723633
491401
953701
29004
671062
137409
976806
741086
708632
4297
219416
490844
434746
3537
685914
554545
515854
526469
374850
679731
604341
277120
138728
153077
180964
580886
219638
898755
993080
305592
133858
562685
25770
695237
574610
836213
924062
115655
193862
447436
910757
315880
211213
512474
654775
859191
328449
174277
98844
715587
752270
85443
462429
400387
462365
590964
50856
836866
683178
110169
536909
767483
524207
151732
848203
490675
621378
746510
38763
895653
301628
785041
687928
114248
470052
436468
831422
30534
614045
960242
236452
958505
512658
150280
870699
576763
239549
519880
107836
709236
158042
771504
786380
580484
697005
280226
712116
654785
870440
279525
516951
80638
379151
974997
129553
374769
564369
70811
76634
812291
942895
819436
131685
424160
632408
233591
436336
571814
232613
219122
331786
146074
814681
871616
214449
128391
431041
405613
702004
954670
779490
104463
304341
14766
677963
87612
918847
88881
913862
215908
86440
439400
384348
370935
151181
237719
635256
710087
830309
206069
967036
283514
133540
580547
874983
514956
343549
346287
510782
155312
797029
553635
32746
906915
483524
695994
967480
418587
150845
265481
883712
90434
384390
738932
591654
341649
50260
238612
634195
504821
132425
668597
816038
949609
452397
674000
278821
170533
519477
644347
823095
201458
365396
648395
687161
433797
45562
999885
364094
124155
34394
881398
164562
731131
135200
185924
720708
176581
903509
421455
874810
966918
691337
146326
391436
240853
211501
633527
593061
136242
823097
862357
760903
708954
316320
498720
837746
117452
700115
648352
735479
743806
494792
508952
197803
200952
648118
538232
444342
52282
421973
183576
774908
499485
649849
510098
20612
63337
476209
655716
67154
959608
697499
909343
1773
288845
449951
795028
647792
920513
394431
972694
849127
770731
387711
621012
238169
22911
956137
631080
388105
188814
875120
499911
332551
566851
324600
136919
817874
886062
323919
544989
813280
55187
164350
543740
498519
296826
163390
838082
866026
361114
467409
532794
625655
189118
981550
666438
7217
76143
399414
260644
37373
536001
179242
750679
719064
65183
427321
636889
708918
213686
23348
562838
182084
537090
394842
320996
723225
424501
538846
628246
308487
301620
535211
736123
646838
861620
770979
284035
930889
698118
981774
629786
234312
831304
788834
313428
653739
581951
743326
605565
523623
897647
942752
285268
448491
252497
926652
136374
662925
597561
341350
197307
782934
707789
246633
111111
994675
623336
891158
776452
984467
796430
432858
818208
203828
300230
491471
295418
115933
527435
348687
874731
513871
289162
635805
395946
916051
24985
40530
412475
699580
586586
106548
188804
980958
227402
207938
374615
410911
757544
602431
865266
635846
346804
603693
196414
256740
9216
899170
106280
349049
602223
696787
308251
372766
413379
480767
80748
983938
490151
59896
712853
552003
721101
662200
283341
340812
776476
992595
468583
45739
672367
833576
836494
678800
434422
322482
528790
175796
104232
143793
384201
374808
664643
338120
372039
247477
423763
3163
294349
658105
371948
199644
394817
137316
820648
637237
612660
940997
23766
451871
432661
638314
720524
148338
664655
86616
798146
830092
312589
741483
627660
103852
900008
764533
338609
16651
180559
429782
745130
232921
577828
649204
446428
609627
364433
722661
658481
563871
590247
383472
174627
677459
151182
396855
94429
290627
869240
171156
32030
630121
88728
981931
869969
105317
246842
354133
953859
278426
531203
385491
427796
875304
344700
730230
682746
607768
22154
486880
425224
836959
964957
401517
190552
759989
705058
975716
170873
104136
511471
272807
690575
460600
747771
258140
230736
634852
111017
710931
815291
570613
168970
781240
959552
685989
860689
847842
382637
365755
347844
56692
398808
932798
348248
818360
701112
388251
565380
893757
358956
205509
135491
564780
808112
227588
945674
622509
103032
149072
423845
676164
766975
743230
941514
6307
710166
151319
218518
541805
353360
293707
422226
313742
514252
435877
776913
783598
501542
527717
628959
98842
280975
600199
244606
187187
692294
856186
422555
159464
283784
465964
148262
839413
640017
552009
121548
398225
664198
424210
53013
963258
337457
981287
605724
712555
59880
269163
211826
409658
677672
2135
839716
666119
311043
759934
17458
268984
594542
344456
280989
502954
799968
303650
505996
819019
612980
709078
692829
235871
149132
601675
369700
70934
918036
726266
792284
910815
538621
898171
204683
691710
375462
103006
577504
82191
771872
988629
2892
172042
441896
567226
984361
420894
566556
95093
485673
479627
127980
335730
73073
514095
104399
704626
759761
239582
154293
651651
779217
734402
659217
7179
20211
192174
485000
916881
719660
557504
301841
614236
521743
674029
718298
2687
430071
184674
538446
547698
778366
373631
74875
965658
227584
442920
155806
708505
660963
88628
864449
468218
641109
400676
496737
303776
524189
639918
984494
885775
981079
470446
723598
850495
893590
811230
208453
745045
40837
662956
724597
234650
255016
672622
235662
890051
891534
972143
564102
695866
437705
443431
997927
79497
73355
362611
117673
961573
300484
533556
556162
54640
288362
382798
922397
293501
900968
658530
429446
730136
226201
166743
605339
148356
227599
926508
752903
419661
619000
5459
893684
463854
599323
115784
755124
326818
60055
182824
221772
489893
963460
575760
173494
578911
892802
292238
50895
142088
977420
384394
754456
852326
44216
377004
88199
789296
331932
764747
2301
990598
69197
71808
916187
772607
591001
187146
417138
246674
918044
388164
370409
885739
771990
986646
809549
426426
980779
515361
422144
239447
279541
669229
278187
115729
158770
743888
692775
924541
82229
881193
719817
789029
316773
805019
162024
756631
645196
177251
176920
966521
346619
10182
361190
24818
306628
590554
504078
41806
843952
139678
355943
174092
167834
610263
837806
434979
126740
791211
496981
695054
447470
728979
443563
741610
767215
881474
731600
158245
735783
144885
935408
244846
295788
467823
892634
308425
953470
97699
106735
491988
207546
491174
132616
658163
256546
23836
171767
768713
986348
972651
46750
435864
232572
166317
609142
625943
339209
205697
528950
354477
876479
473096
286597
86703
993820
804130
763494
816298
222947
302353
775793
211037
213028
243316
661230
652578
191287
714839
959146
214838
479446
656858
195994
933177
378796
510555
963446
405979
179814
453903
293047
283800
735651
448907
582776
454064
781137
527500
580983
51613
391327
150711
148116
349020
90643
274820
576681
620311
234122
337257
798043
699586
711002
743257
362953
902531
998360
109584
332698
552626
987017
481602
592850
827231
872029
214527
50664
622059
646570
81982
262808
179457
899764
710074
328813
600591
335897
804866
233164
309070
627344
100313
574666
737058
74640
91999
614669
382054
991374
876084
772608
836376
716875
867644
232185
706927
704258
571061
51957
218851
674961
478374
514695
56803
800648
953645
417416
298354
350207
394611
831461
412823
459660
975915
87136
336221
59121
835558
980557
757103
559863
433957
862588
4796
508144
636919
491719
527463
168066
956717
466916
37989
179559
166516
515379
924762
694426
366508
435796
998606
875979
60706
996228
598870
543331
996613
356355
89871
55017
603940
247073
144070
801111
495755
974717
641401
455577
625485
27159
419932
363878
601062
551940
385101
400454
982620
505806
635272
351499
700811
260570
547505
710041
996538
82788
516305
451833
141984
798773
698426
637749
607891
279139
605793
476496
396099
697315
92432
962216
383813
929154
186223
42514
287045
124730
935215
962033
943660
194918
117960
726442
724231
237738
485641
379908
718763
449427
199430
606575
138664
293313
770956
699297
172344
333845
176610
162436
301587
686105
479804
511345
3941
728232
823890
775928
713331
290298
639056
540579
247837
446197
431968
669165
451703
289043
531741
101348
220686
886802
655532
327161
890704
207067
73721
519139
553140
148396
642526
71268
661608
158964
630832
269879
181678
884509
828757
149634
610184
346569
123379
59931
538782
625998
726588
579507
25497
604969
616005
980183
927883
932280
310135
788658
915471
989859
787985
418803
374224
123649
797395
553828
862933
80526
127743
799058
254411
247049
815586
489698
256029
240983
80307
633252
508176
551082
937023
933520
333540
558024
674396
389376
403492
416102
911773
204788
656587
210556
885186
185061
446695
243805
660466
315814
687844
699474
476700
215034
193484
639911
772033
916569
607613
265398
767416
764897
960201
556897
989675
870601
635430
405236
989523
953496
389993
869038
987080
482334
812202
909427
895001
17300
877963
276824
939963
329645
121654
225135
240656
949125
635183
758439
409589
353477
631680
569605
841494
191068
265942
464008
376632
659205
452630
706990
336214
358138
191901
544007
319794
19313
284928
231801
810052
847277
123004
148138
818313
664347
286467
332764
38323
892790
938123
909967
482351
549777
262974
941319
595965
575371
467320
322272
215067
930950
676252
868326
537105
296875
362403
400996
202678
133018
760554
320247
439296
909737
239892
778835
922471
928132
529844
351395
562735
639349
324844
538633
841612
854783
774733
581367
675714
102681
38364
637891
306927
913131
810552
864872
701347
935488
614653
712665
612579
294221
672218
777483
147215
15352
238052
989509
837570
749273
752498
822561
103369
97459
557131
30682
123965
561596
481313
410842
439865
639225
542320
267734
222854
459829
177428
205913
280500
439250
170675
383585
328508
122879
29760
76230
856149
247808
29449
900292
671916
322421
32292
965160
519009
640987
998539
58065
327702
493083
418332
802271
280077
269882
242093
508363
77227
295532
861501
146765
412318
7437
578014
909811
747425
589196
454246
672950
951385
903905
840315
269858
876190
554330
350101
600343
597610
864632
362179
305444
312969
768004
135779
17186
320546
338634
41898
347199
232710
227919
79492
144737
946086
260468
317222
448362
115845
82833
877422
667839
881658
448178
22213
295954
606108
892435
412485
595979
895166
770199
582607
838923
755821
732323
245996
884904
991076
287314
1147
695326
994873
324582
666359
743757
910059
136777
557221
801154
468563
215577
322720
74729
460327
273954
593313
649429
2553
193334
659017
493603
194603
996147
454271
257612
185926
659781
368041
706618
990252
72368
752094
183640
617526
274604
975053
947764
536046
869581
173474
118581
415049
471182
599371
575287
45523
630335
894540
699009
585737
101326
741324
255203
348917
64498
800898
4386
981622
735675
37665
415497
715936
133829
884839
524887
729927
28927
508852
187348
429233
254347
861141
930138
306716
500258
308336
141723
174290
65275
973374
814448
317818
764446
127116
990382
566916
489413
749886
79297
346431
165459
633982
117985
677051
408824
20577
184918
599316
644886
261445
634159
886927
739564
631770
250436
533682
221600
319468
160069
272802
172545
61000
550267
337753
415141
474252
589960
97020
486894
457382
313626
579411
18853
600366
542492
632735
260677
180805
452299
778069
690073
634043
38305
967459
67230
409018
601503
968689
433397
546784
429201
527965
946278
906800
518761
574835
432624
416958
441921
89463
832644
768557
155636
206627
211765
587842
46585
828101
231193
85545
303065
220720
289481
549244
284822
416511
809087
180407
513439
597589
586511
288237
653732
840728
192760
312094
439919
999130
790034
651105
349437
487699
575272
602496
670775
909017
195248
916901
813917
526115
610297
312794
177718
772876
789986
952232
424109
289004
413194
362928
911474
631032
457705
545184
668146
855902
971891
967737
737655
176917
139736
244676
478916
466119
838440
896744
855491
791110
683218
859056
954305
141583
19701
598451
77401
859122
998971
464823
554623
164177
55950
509766
877425
623729
75956
756844
942968
928089
309480
587895
752780
306653
591367
422910
34652
943060
856686
285784
625450
102540
305509
631253
233376
951093
805805
233556
101489
262884
333119
906334
496874
519497
75784
569808
704323
147316
471433
996789
791992
252303
57875
503763
535479
786877
178371
522656
338838
948038
585096
521452
870236
977758
926139
284515
647852
2003
234884
849427
702904
739653
345189
867900
127119
726285
176091
816496
756495
579380
830400
478366
744707
20619
61893
53305
401743
754275
681154
677633
353059
866636
568153
447285
910067
479079
341685
418765
466273
924733
903379
235895
271334
14759
472561
878663
364526
84505
628418
162425
281333
974533
240893
694386
116444
972748
160294
900935
183408
416443
210810
466787
594674
146761
555823
304076
944327
604880
345483
613695
725308
819112
148794
366143
23700
281417
126700
38632
628319
246355
772905
410019
122739
959759
265671
931380
766537
314758
465864
397177
854164
998821
531224
208181
527580
95639
686359
199336
923549
560630
699696
466247
322311
706420
67621
142156
270331
873395
446101
464633
713923
526248
699634
682287
368897
331724
491157
605385
232169
270468
647102
753298
353943
54966
649574
105188
426509
635045
955643
260537
497536
849099
743360
787732
412939
327741
723237
960448
338377
309597
194134
285431
236859
196919
637013
55177
894389
655194
313326
849677
727419
890020
41781
743881
306549
110500
181715
411578
538114
798047
91255
487650
459146
287130
889572
653707
750565
320040
663779
335018
457634
869326
807126
481738
445779
504610
461405
400074
201367
627951
776268
90342
136541
375322
992021
454949
641026
845226
6874
98525
24694
576709
21455
894769
894712
491183
224718
844935
808697
489881
57551
417178
685890
119200
263848
484762
182953
779810
496743
511686
642319
504256
731493
642294
381399
913274
514145
583940
624556
581155
739912
327990
830972
801561
717449
354174
637603
940508
983173
685616
301810
553381
198198
724921
924536
194489
814365
369443
932292
769404
530872
895868
589327
257040
817454
725890
215377
118018
884505
96910
494562
535390
534754
760088
8138
58295
605185
665081
268205
448421
650261
33524
320418
962205
777604
270913
441539
877752
605892
393136
821995
828664
882362
494048
574478
435002
225652
838439
451455
316534
330895
449983
554406
571992
459940
485813
977255
41954
85837
911446
841694
491827
887763
121040
692341
498220
580533
397919
57422
132233
602369
299458
532709
538127
230582
158984
405653
539452
315135
939054
389822
81600
610659
224243
792464
307104
641801
190083
289119
624214
479802
633659
818902
491297
983009
701121
709286
83402
219535
755201
324357
153973
68603
467984
654412
723684
563709
846538
755017
60013
63336
110427
230207
581078
112753
763631
139571
414158
404732
666532
383148
111921
935573
549194
67105
605799
152134
850428
734827
308646
998417
912866
578459
975718
830166
82808
833322
443110
810490
90591
533483
716674
738928
389471
655833
792055
754496
3538
681938
706365
340508
516170
286508
191548
373824
542055
251162
161660
511887
826865
667975
419204
65186
29804
150089
118353
187237
120224
555361
70243
321620
591751
684687
279038
46062
800785
109353
680835
78439
480799
619622
117572
287330
853982
323355
68260
628596
784272
536176
212467
35592
631953
185112
341037
429157
671751
430584
793529
776466
8255
205714
637145
870023
725357
320295
770077
231550
474848
624704
667490
10251
895886
677550
551945
709298
6182
545507
353227
244838
192272
841437
193775
602064
763231
441135
912685
420354
940251
127160
252690
139849
16115
496890
588328
11770
496970
273338
77454
666483
299713
995090
201946
421991
348711
220476
770121
147348
619756
665015
703595
175268
688029
923868
565220
864331
611837
704411
800992
943038
369561
107009
861844
583039
989676
547744
874179
604159
735295
607410
405189
816857
867024
242014
931455
517823
755983
785867
862135
328099
542113
540443
621261
827582
41607
581617
267582
920869
108485
551059
256429
754170
368571
46479
684253
63907
475641
820884
670374
106481
422461
880434
5443
404600
398991
671552
513710
70971
358669
100724
928528
356011
165452
518724
765784
353948
953554
282087
734652
137626
63874
973303
962452
523928
334189
765350
64789
206078
486916
518507
175723
151434
647733
271784
19572
818204
841019
95419
975496
646914
183217
357040
183429
711177
292550
148763
167494
241122
136550
558117
751460
810568
784898
476684
850074
582480
77448
715323
496601
5381
113084
562826
711844
296046
563980
837619
630588
287917
528755
660584
662534
917478
279914
718627
261693
212856
120747
520248
980208
71536
861944
52934
148182
122652
197286
803289
894034
391509
644964
472554
701853
177861
794470
151376
693212
239523
507119
77224
164011
160119
296554
455199
113160
373550
228645
305387
411912
717421
837922
287198
431440
205060
47036
326965
90627
332404
597010
175578
36922
700559
689754
342098
156223
408576
945368
588141
851792
705717
626363
371647
513408
341174
772616
37077
493715
324156
486074
906457
330498
142490
322384
78698
921338
346734
363418
805007
449237
368399
347807
625030
763224
254981
425155
323972
493755
242934
730436
169895
447394
511877
761330
536958
265100
575707
252012
732257
293159
926004
656978
176073
545367
958287
231737
323774
216427
573058
162171
427910
892627
152744
20461
671420
594870
192223
670867
367749
16676
342951
827590
822239
825291
370612
810888
885777
296938
675307
752882
203729
393273
247358
53997
575425
38789
606115
368488
568338
413412
747503
702089
452974
95984
656875
74693
360477
868433
681124
157445
442522
939282
147561
254271
794307
6276
454630
924035
877532
680357
201986
693826
397490
677525
162434
382187
847829
18026
868072
743910
357845
156074
127962
117974
52148
644587
823772
951532
234869
600076
631658
830868
188911
971961
899320
320708
160716
897476
96743
630765
244529
10755
776909
281949
803802
693776
527898
808920
26401
538142
329655
270901
255501
878745
778320
982732
323156
292667
332886
249022
415069
626083
766251
761511
209082
20655
872075
605561
683828
255531
24724
554155
172205
156426
769930
260120
165782
947921
405576
291754
657160
489451
527395
103485
324727
672763
293669
975078
133969
722391
190663
61400
830319
832404
995902
997368
154219
187192
338971
261746
904457
551575
821912
790149
550815
429040
38451
183832
317533
233059
369539
653380
44387
408231
644663
989376
799218
665636
405454
891970
998761
379895
56182
907844
803707
264786
443844
731960
508538
202841
84809
364467
613232
878660
129719
238211
192123
359798
628926
30710
580054
851625
316750
77009
394735
364818
818162
329917
397737
383966
883203
534606
812918
105693
994313
178854
905764
722001
812135
213191
791051
338848
909888
681712
627285
151154
253367
187038
886472
232143
137443
793627
873426
291495
163538
227666
65500
826248
706765
478816
535992
997234
395658
40567
827537
145585
183946
441323
551229
23565
524389
353521
342279
322219
802149
537690
705442
818
983241
796030
348980
587333
371327
825774
701821
325434
695574
560069
596748
23956
556401
605039
871198
916606
362502
841035
564212
604265
852067
916117
217843
483200
185338
744195
334577
1085
424385
717131
417501
822059
749340
562155
37024
705104
34813
830086
253816
205432
263051
646809
689630
272174
270989
738056
234930
896440
738323
273001
862158
689128
889781
706677
687663
345016
344868
264295
482887
570289
740678
826743
443877
617790
59314
969992
956170
199194
322398
105996
517414
215300
585984
369833
587291
442449
55325
462009
269416
354456
458955
521007
482011
62592
308324
216297
197238
88895
329794
807775
896679
987109
375884
101948
715764
954513
658673
231984
203204
885758
309659
241725
980307
824636
893028
992788
23955
855652
513810
996040
870949
910577
328635
128859
112534
510660
806281
682608
62759
960611
516504
912360
609480
542633
451115
344990
867399
78460
201681
288057
498179
181456
433996
837841
9989
494023
58522
380975
615169
979101
175298
450557
399142
467144
340411
776193
567952
587434
72827
396335
77717
905458
933839
695580
597812
841201
710622
566011
342780
609901
781577
40208
615181
354270
696668
960136
871927
905442
10749
679621
386948
519028
211052
922763
241917
862053
198896
985435
236528
206257
235718
861573
978677
14605
1169
68850
979278
561110
708559
800065
267068
911422
535535
308044
198791
322302
360006
866427
35693
226819
57129
817419
493466
880744
58197
525437
607035
807901
128265
384368
33897
315017
611967
716692
747201
372780
465819
660703
177023
817741
309522
644129
57255
841444
730259
18132
6168
822236
900815
493888
559122
665193
164555
598649
369885
733857
569364
338280
964023
49001
871660
283225
178019
699690
87913
493836
280006
73094
556792
287569
280613
333726
890946
601762
416895
168663
227075
544241
588998
753683
821015
50000
430830
205263
231512
806930
49813
303563
268839
897127
329294
38695
957553
138805
205048
66555
581879
580190
907698
559183
465695
937993
459743
270258
646516
386136
910918
677769
686376
317408
63819
686135
484240
725806
868810
404623
581800
797969
515131
901007
98156
200504
20148
567080
696740
756310
878910
403447
182962
347551
356138
553148
955409
296097
82974
303710
558137
467770
71034
184272
58425
673442
502971
943290
363826
788039
905035
832900
223272
707400
616117
880635
393582
934385
788469
447540
103600
93298
512931
182334
844596
483870
470227
606970
517685
272207
432681
851540
630332
830113
832779
14044
449495
887747
712580
918288
273708
172307
144416
16223
960838
1777
844255
299637
554326
132039
306268
528528
859233
410535
547681
302494
227349
587076
643716
973482
47228
55026
378325
958367
515316
982281
397364
511134
938033
645470
237943
818331
642577
807361
358172
921037
20783
1347
567547
304470
77081
781561
393802
823302
383873
458482
916134
251149
386773
903171
190692
17649
563644
394430
691744
776135
846581
504520
492118
95251
578716
19732
938616
509254
495891
600995
747186
121517
81377
762589
83156
970970
869098
3918
180629
77310
728215
568777
458558
50188
488428
197178
505136
727696
111689
706963
788241
281857
364786
431159
689717
66638
426086
126868
388823
412657
232407
371547
818669
768730
986210
966468
564689
774706
852087
18157
604751
114158
296196
772185
8630
813818
974062
797766
413253
855238
825805
28649
758981
973469
116343
403541
534794
511787
422081
762134
397704
662602
76239
747824
13455
452945
806609
252983
142735
744243
652068
788518
388638
398265
16005
175847
276355
342926
752556
337317
859262
107077
940026
487447
862020
157214
433041
898354
569809
948528
520645
90409
534002
560331
670577
895600
261778
248602
911662
37122
669218
604158
832907
463838
416943
904035
666145
57010
25088
596116
587459
894016
737874
469236
455584
514152
592469
399942
863486
915439
560545
865316
607161
254528
327116
643352
140924
162298
518152
224680
554550
265749
7557
818349
298576
946056
346324
433149
123682
490777
576317
999871
371075
122314
500243
72711
287632
64077
451524
919990
909304
874359
445372
940160
83138
199643
309380
106379
316665
805721
381856
544353
331071
329894
18604
42167
158695
492225
612875
225097
823528
277096
505596
509751
113111
623000
234400
253903
262875
148923
497340
471679
397739
778745
928535
861912
878784
327216
587046
996075
724305
36840
243531
803598
906559
695394
137763
965170
540978
414428
143140
271920
651415
951621
208431
422303
130348
680840
477430
514865
464115
722499
458335
91211
666688
515913
209619
736855
121223
888153
680460
65038
161780
141827
220685
163924
142126
494957
92149
231436
725305
138982
641402
243994
923115
401711
875514
874476
77164
228801
72755
463813
327254
460294
957950
550779
935712
779125
473385
913808
614920
327156
398070
276797
749052
749743
227614
211429
500488
941749
153302
387092
920075
441562
797248
820537
144371
831146
609890
525569
522306
148615
31859
705415
91032
563142
166893
533684
289461
171282
381281
560042
637144
898038
109464
777952
927427
855968
928844
648909
791641
809382
809570
804412
725080
406931
776589
500796
834774
745181
886296
996544
713443
804394
917316
4330
187551
828666
986603
186461
984471
814925
372368
462289
653502
275662
36947
864908
907607
764724
524644
51795
93857
906309
350311
994370
197546
424382
422871
303479
393030
546986
60529
16010
943503
410849
54693
753928
438126
692844
73881
219187
602227
766615
710669
572492
790396
913917
807832
655188
37352
43180
111049
681270
403388
330103
583568
749998
630899
761871
149516
11147
437458
182097
730380
655718
666070
744079
331965
395268
786590
922061
41643
496497
567397
288401
975374
175422
595101
585783
945102
568042
706260
521535
467547
699990
625532
570749
568068
431544
803551
646726
709875
790514
592787
418089
339606
668093
207665
694765
987837
425320
880569
298002
393733
729516
984545
139735
952316
717238
267473
979831
180187
2107
914281
416398
981057
464566
504422
998033
578561
370873
132537
57258
196453
391399
521629
192438
588355
256127
366416
774400
31452
162028
512799
578028
836448
380029
55917
103137
368743
599936
40179
925840
671785
810435
955262
528820
823076
417065
364748
358440
437974
453176
800444
588300
506613
468413
238825
25853
411353
64665
649005
215225
216831
452830
140466
692009
812969
215531
982122
651608
667789
947621
930837
66556
624493
837075
914958
142364
500190
855661
32389
662072
486191
325640
846892
858294
878858
166507
402099
178288
790556
78990
149989
971889
314269
951500
211654
328306
270956
890007
129598
495435
130787
836236
752419
309540
501268
830037
217696
737779
969077
114706
503059
917524
340130
581904
68072
826634
196119
415437
586593
850300
248255
493480
954578
953168
976209
521025
793067
589585
166942
340298
994105
804762
262092
971368
975281
93290
471970
996476
437184
973986
163524
390761
878988
852956
708044
823704
958241
872539
509786
119827
313445
668282
120622
938590
196496
33324
202387
729347
282664
952561
860768
52733
559857
590518
624468
586948
793124
183878
619378
988187
860536
979173
249547
297849
389487
321104
600564
483559
51714
588047
731337
396743
842512
476844
132056
184617
158117
363172
610730
987522
6443
372269
624994
99822
629750
718851
319802
690494
351269
998702
658186
138463
545810
348805
694975
843498
374565
93874
447377
894813
358727
98511
253014
799387
691848
706144
727965
897649
924603
789717
327396
376251
801566
652967
337928
482957
764637
359306
553604
590072
145297
423942
824449
491692
248055
380212
424136
309197
736093
109847
312063
210544
333560
92689
447063
458982
942674
791022
307053
826644
509949
553470
570144
799730
646701
954863
548174
701496
416507
640191
680178
851079
291859
88999
45305
617744
593912
601395
399631
894212
199749
47352
916064
81751
157970
868568
275583
222363
37687
939799
730022
407477
483776
178145
563257
925173
963572
474238
533942
79824
392020
742251
913442
997987
815468
339358
50441
634574
271460
441997
39058
751158
628174
177437
744770
172292
630542
711636
666994
952746
568772
96079
521288
534535
387399
39413
752980
917550
412685
661602
847305
163186
893245
855790
448579
547564
789252
107327
711355
452168
316268
304283
114389
376764
290103
303190
898767
658723
692473
184431
157177
818081
409950
908837
314536
184310
642791
723360
72738
68196
139196
257224
145812
963818
202663
980765
904754
528953
586541
761748
390798
408225
641714
740542
70729
962976
996289
826095
708323
647961
224989
476443
326824
75367
119452
269161
679795
775827
103690
193245
277285
789964
887781
589893
524850
123311
737863
204402
517094
490879
341322
343828
581587
638034
215880
237469
530892
727205
71917
952982
526532
864326
676977
450283
969094
473088
636272
718057
207273
360987
447655
183824
687486
516074
23468
105433
383373
455700
365617
566678
931315
14215
926784
26872
765283
86823
38673
725233
681570
445506
882875
902975
600196
256512
407159
242450
61800
727847
702442
513869
24894
130127
934928
715176
761925
634982
194953
431521
300518
675895
386634
926809
936929
482800
410178
16680
992825
842760
177603
656503
134359
746042
191942
829601
271694
379209
813335
176115
948991
132912
422969
133717
163030
895400
661788
95268
858690
239235
769206
451058
737849
182690
816445
79101
88450
820742
135765
327530
169101
933240
247232
336261
771105
792819
678085
218146
8409
623351
490224
692898
127516
234864
953236
118456
721307
875708
804252
513987
44225
454523
464519
992439
254344
613450
328013
727904
719758
588941
116138
166682
106385
263074
575226
59504
982062
776081
858881
886757
164991
859339
255107
839697
915467
283167
518033
151522
992945
448401
162931
689905
116522
373898
438108
306824
816044
748714
837921
297953
306923
36528
935234
842577
280337
430861
307539
662632
33342
353508
717207
91780
318686
106885
428589
836356
310266
97039
94662
985283
10541
797831
42546
841636
325393
372805
338825
615378
476464
77721
669679
482687
373691
191045
926109
672438
818647
516566
482737
200931
661165
480624
678627
533167
385734
417394
628434
901985
577955
504064
637598
653615
327087
935568
918980
679312
383424
990696
752739
251727
966842
996123
510668
115262
1150
322390
133061
537730
597893
122965
705109
731173
238427
920498
199116
670956
63624
770398
912655
124796
159909
595141
520268
686633
342231
518931
385287
879031
263551
709582
112077
821795
738898
837083
501298
601670
384401
824690
735338
757542
297015
451056
672118
954335
828481
756872
897768
681350
490760
675500
901017
241710
23355
951591
193158
752938
199052
19809
236281
342248
720556
918495
179093
737206
840212
732907
923152
370421
870992
524401
537267
841582
853023
211142
908008
9213
244750
552043
620747
503530
59389
963576
698707
308850
388589
818302
578875
982349
901380
605551
585425
998665
308828
576448
381539
892155
508045
959347
369493
514423
942834
690452
679292
117751
952533
91216
970389
364638
53386
278765
246797
725944
631230
880536
408088
222775
402920
26249
635719
21382
253293
562475
358243
26730
937658
743508
883420
577077
367760
659240
25665
332859
814854
391985
836694
897879
560554
250337
707305
339381
593433
104778
632336
972054
173139
857484
862281
464543
508639
289389
135212
470856
190158
257239
265986
879887
152406
173743
319242
928418
195485
165324
922292
713217
908618
296420
389010
4915
63281
657643
944482
609363
587752
449550
938769
591224
498983
777777
518382
415403
930891
726749
196000
628415
737759
701196
724394
640394
209912
45829
957376
505062
578036
726682
928411
656879
571497
716938
307731
370944
215822
209703
658104
771129
96944
915027
913688
871044
876686
585210
115060
972330
465622
678425
696982
572848
224377
275933
347350
64757
288631
176528
161441
636194
589087
36419
745901
906096
359881
974968
709630
560469
207095
378191
116427
622943
657493
293621
801625
216912
176768
128795
298507
902147
683024
854465
190802
700973
830520
989861
190016
949531
239143
746444
988935
785876
406365
907796
835280
981344
805738
606245
94488
153839
930759
472752
913512
110068
420935
605744
158149
606605
100970
782469
26098
212329
818329
896639
160775
333054
779473
313924
982783
303421
846017
712311
310788
243705
987398
147448
310982
967045
532857
717314
262433
937215
411063
194520
562348
766063
587527
897900
153381
310298
706093
796940
431895
636368
768191
547432
460242
48597
603953
568618
189733
321538
376429
991728
172965
461903
774834
432707
815660
297198
712486
885277
475354
992100
392475
534550
740015
398645
359707
548479
777462
984320
679223
349269
497396
11656
631328
552241
769527
447347
414869
803421
305784
711526
767641
139372
251772
337021
542477
310839
543133
18687
575713
655000
847455
700106
435909
641004
370960
394371
805529
139667
902017
865383
763018
800257
183701
90610
179817
429000
27389
16737
284445
987614
489567
507513
482918
756194
997153
67153
158764
622362
994906
294489
425365
615711
927621
188962
890751
32413
774437
572675
602173
20561
457449
863494
705942
675197
11388
632952
516279
347476
875395
675404
426454
843673
793078
843432
783828
386344
207531
513049
350582
270114
372312
224048
279882
997246
149673
161514
726700
329477
631096
318391
714527
809071
146891
385098
339712
955056
269020
524623
120008
234011
71848
429800
396261
89410
744606
204348
595894
916932
27716
956427
959102
831788
242739
988409
350328
801717
229935
720249
718379
18500
890766
391818
670578
843749
25795
668255
182319
430684
788070
880117
87500
197828
124551
930877
603288
203027
449304
886278
93976
202917
321211
572201
875880
617295
423573
644640
480886
518899
646908
341073
511785
21310
59313
268331
84832
413514
245711
751338
27652
202723
304322
637444
428734
523961
607515
109563
853529
252046
730707
819827
256163
687731
118711
391753
779827
656557
574684
487055
479584
530190
135229
579526
427116
626179
208822
991421
548921
598512
185543
367696
216482
70466
858104
768236
447170
100677
21193
500059
248073
181699
221043
794873
114750
213818
552638
607398
936508
341306
185344
145776
958262
647880
529709
403313
626913
109352
292812
440172
362754
956817
819655
183968
888815
169159
22713
196787
998085
732354
76060
680903
417044
760448
36362
108094
139975
168717
239783
437909
135389
477163
313906
337653
693661
803915
317354
447141
263267
828362
620130
971073
114203
49201
936774
687823
834985
48459
804458
404014
624717
739854
845721
458225
485727
624451
967298
465339
353519
275785
167452
912743
429169
503719
258555
231860
873107
451534
548027
980045
325616
261042
156876
352975
327484
604602
303968
981539
151962
251946
306416
165660
424633
716526
277035
81937
952258
762879
986709
452262
208241
829026
40611
801061
416447
930501
29985
903462
779696
947984
469
574720
287187
889609
510691
771301
871108
315801
219131
786967
233537
743742
231077
301105
138545
149307
670644
102067
445707
581891
845355
429721
964273
766247
553546
636758
149296
55089
133430
452791
218988
267738
270073
800645
55750
489539
423968
543778
255388
545709
423143
67254
677354
774874
883169
64298
827733
467750
215689
124493
696615
523317
388562
891483
488073
603709
402515
80692
391980
856982
376124
965073
106691
364278
967853
446000
479475
161837
720162
266822
650242
231940
901657
65950
204162
799675
899176
296909
628188
933292
326278
58602
740444
120138
14978
715699
250782
646753
965786
333296
612792
848012
764452
62350
451181
636789
245238
825828
290680
451785
544034
469834
248345
789636
809839
39083
854122
983723
835044
324453
369372
985335
743355
273985
727837
92243
8730
545391
659454
541071
172125
516580
92929
448961
439072
494764
348094
135472
818147
238892
300900
928316
685214
439805
500615
50278
609678
161786
421505
418459
28973
244526
455609
311661
356196
688606
105700
281033
983644
334597
492405
75933
8455
45621
62482
480108
704579
294650
130176
260897
671058
892828
731909
676299
4545
230691
451988
500511
177100
587184
880690
469676
346332
325877
224422
679131
322200
330830
541700
920734
852353
788616
301503
383269
137210
547936
507593
988562
895837
855594
115067
904772
236123
710155
694135
750508
135527
980093
338505
797635
374814
55669
525286
537042
223595
587396
416936
699597
67680
802783
966690
699274
311339
470436
649857
31542
377773
66332
227267
735648
429735
804824
180208
46524
386590
465453
254380
921738
90806
534944
410414
747452
887310
52868
519652
579915
652157
827837
9660
455400
695991
182128
601688
511715
303554
98847
398783
379914
601070
59636
87025
282437
71122
137853
580841
147921
713091
704171
839901
524193
415703
416763
622770
264687
967242
139256
284892
605941
65342
453547
269444
742756
396149
256191
934424
159304
521364
92261
360736
767609
11135
520720
924985
367295
546981
158045
506288
853569
533222
69209
854646
471980
643654
703329
697737
819990
533562
627259
650806
894896
49845
18178
629263
267703
991083
561053
593552
750737
379966
226443
578545
472197
571812
786515
564247
689287
397023
158595
98742
733484
101991
460140
322409
725976
494054
652256
415540
163057
601869
418510
405063
756825
173694
318083
841064
976768
179808
889252
531805
688215
87372
727712
631776
639215
47030
613255
311695
576396
25240
509880
478152
507790
532944
895098
667855
362006
408401
548612
202550
268195
41075
608213
887706
153524
562034
828349
504993
32318
13085
580659
983164
287779
506138
456817
28504
698857
350664
284331
981961
428268
480763
622991
951726
78334
215657
795297
80421
434590
794343
400900
986801
47203
980504
285703
776858
831767
191627
300919
509373
259945
939778
586626
435028
561980
189367
430869
642106
520311
149934
592197
668952
961661
461817
860872
176494
247868
917696
830105
639975
114348
177065
438605
649531
737906
727650
188436
172133
487854
977971
838783
612357
787897
581168
788392
986279
451610
650374
525335
84263
803517
987137
425956
676533
764866
563741
418923
958303
291504
259764
873598
717180
703723
946348
72242
219995
469374
298982
644012
24486
463172
743554
52947
374778
665915
752901
610726
848716
572925
645377
427273
509756
696600
189311
707679
87363
474537
911848
598197
870751
317855
311362
64320
441422
444485
126639
480046
707432
943715
435030
418467
646059
307255
528067
297324
537547
989210
744519
508544
836480
235823
138130
824212
716210
139014
568114
724864
758757
271737
522321
20414
377310
850002
924187
842332
744764
788977
430194
2767
276637
770327
846188
553531
996475
213782
847195
374650
381284
20839
871118
912287
878584
653010
736097
212156
885893
67743
484822
127530
96677
83152
851097
396969
68799
445883
918777
253849
602195
581375
297275
999297
992668
198450
646692
79172
292365
358259
358472
165196
88416
448327
523288
596172
258052
865786
355215
527133
772377
800883
220467
444750
937805
481641
545573
71005
578655
300928
535604
789957
995004
718881
672747
876725
157572
81141
832945
619142
285852
582151
895268
4132
387190
958817
73288
560155
979228
640508
375033
149521
857835
676960
2715
62945
359384
60612
787249
300836
604207
125879
837031
282388
348184
955011
277154
137408
327008
448830
260768
413400
149133
15060
57190
131730
64819
786542
237965
703228
66316
57902
164426
453716
601198
721717
828447
533121
912768
140430
929126
2657
18754
154431
137362
541316
963287
712289
264996
650600
934650
398882
557996
745090
846766
533758
54566
919686
384314
695028
665949
70044
61945
416779
430081
169306
837973
877580
358743
930220
729351
971068
126065
264225
941059
940347
22760
650096
11645
725925
769875
91218
680383
232121
997410
84118
14706
724121
449623
365037
51371
231250
21981
245934
419108
577860
687542
415827
877351
133475
618037
770372
850810
230660
462300
353635
965978
755307
105075
683142
234474
735080
277521
287599
399723
39748
150868
534572
913417
363175
292334
710478
705271
661056
910882
131794
640659
372035
753421
428798
383369
274322
316306
143310
397561
596401
839509
908856
357192
576840
235040
437961
684128
113503
778240
80787
10748
599870
746940
356135
264030
648178
461967
583696
615688
818104
657799
924499
627851
996187
12950
154615
447183
201453
112791
633960
963253
195538
419835
465876
869125
28330
28617
508288
657727
444117
82605
551573
104567
377332
342745
506245
754350
267634
939533
278389
111126
50353
890582
113499
235117
116974
545025
749748
182692
754763
926056
171937
138485
925698
939499
149485
486330
66221
499299
758004
327934
205388
483198
813279
209318
524204
982142
654590
459196
210716
437418
833308
846223
170857
388864
422565
525656
685161
480322
334872
422523
608669
788238
972999
194415
492976
593788
332205
638130
490167
197362
774660
725583
491691
220150
327631
496219
833732
632085
407963
57335
795974
700077
838601
347429
160014
804873
391762
61640
590738
12022
572622
424400
404982
404570
339869
408340
116972
782133
818255
419179
68579
984178
441766
61851
505052
552768
834136
115354
939593
320058
439292
384502
362196
184877
235684
757320
318029
984574
686019
678096
24640
494509
993024
636575
808588
682456
191917
273731
727383
491973
837850
369205
339662
417540
285449
484357
815634
651300
198059
782436
228636
494546
55460
325402
510586
561712
105133
340040
410873
381152
510786
442244
427820
337180
435170
559922
241929
111554
712500
175036
458977
58846
194002
799942
138727
893665
811201
830915
945400
866143
789645
481971
79067
198493
408248
519957
673028
402605
293453
531571
308906
868703
49806
837094
989716
73407
226942
593315
119654
399128
402411
754629
985705
345269
652119
125025
909246
156067
674273
280181
164955
378018
424058
702539
821299
418544
909238
597344
678537
53308
903526
782622
495307
217370
861788
888051
985550
508803
496254
105952
5050
587138
192421
480172
518183
363090
818809
611700
63231
331802
714026
719676
693541
31922
165689
785378
768755
869285
406628
48573
810529
696414
875511
342310
354860
414366
969340
931018
261668
880574
969234
901321
286395
343766
486748
950999
654074
164520
465920
867336
265445
762253
798101
249371
870813
188908
133657
404227
518560
966326
344001
674298
916009
667240
400990
161174
113659
330628
861350
148150
547446
470029
805744
631847
814181
306399
804441
180557
185148
800978
268561
503014
169469
734819
869334
620136
653949
422391
158543
378956
995526
207898
774568
1057
877846
194412
487317
570207
252612
301764
374056
73775
303506
355449
339844
719191
278391
82279
746871
64029
915923
417852
287642
42415
334090
388310
988007
501573
631908
426349
443438
202475
789631
881310
54614
142859
895346
179700
326985
724751
115627
474312
584013
716335
170764
37952
843386
591626
358331
943769
771834
252212
970242
190972
541494
574954
261436
760886
492968
658663
690527
450406
951939
311491
714867
438209
502324
317191
846033
20142
366946
603730
873103
237286
221066
916404
204156
415671
301233
407247
297137
323969
948029
573892
737677
28172
114002
23972
534622
333303
143504
329454
571128
682864
13649
238875
642141
703439
994700
31187
730611
849744
632575
585676
734883
899888
62728
69486
141400
546368
688088
515998
816422
806213
518138
255458
195640
786600
492197
940599
192258
646333
337602
211742
519879
185731
172460
41808
250325
805606
761603
107185
166557
87977
471397
499655
205466
170667
421723
827649
46489
447991
16663
406007
896125
635352
410865
70895
268333
138630
283212
207314
439589
90152
544092
160647
607264
514744
736874
945824
223982
804664
779516
666561
642115
478844
324267
909632
18996
191455
264817
233132
901525
770284
82166
59372
544238
27038
550446
300232
832162
830494
856464
924769
833846
396379
902571
370117
171279
564590
566149
898202
143738
883056
534357
147340
688491
297581
75078
67167
146275
180193
288010
671461
685395
757847
222506
467391
751134
148733
412128
961469
908154
582033
33855
809222
35073
22276
330327
879454
295664
829866
412673
931450
75699
148529
209005
430773
385073
246427
673437
702381
486693
603602
474199
271700
199809
357854
693542
261082
868313
633546
409330
843273
72047
341659
522774
795215
953642
158825
643911
3261
123187
721030
676521
724449
759206
60350
495934
812958
308905
525587
500183
373457
51780
130666
903900
548634
705429
302634
325551
951248
487738
668708
529396
595429
809536
237700
995250
989185
3264
87564
607378
661580
410136
329355
765055
889919
38523
964476
31469
474216
592699
206012
228484
184243
2395
171022
737229
130969
378497
784178
436533
281730
329053
555129
838703
102538
600707
290442
829409
398167
39575
910265
885982
420498
902025
579683
897991
710100
622565
158207
185546
234693
216179
898169
177300
847622
718253
623411
351110
102202
416819
30972
944372
84180
285389
633610
11204
217391
850995
249856
572881
576162
966618
216781
298601
165793
932888
176368
496010
744361
290045
583339
179383
276414
233162
577594
356090
195855
687081
590852
882507
873719
684402
294596
511823
858414
629032
8596
537370
72191
981300
715186
246613
606056
948988
301072
561329
441309
261035
206651
150649
347012
364121
574749
431771
829970
769105
468589
176481
212018
444949
158643
663060
261982
295486
944270
924147
30631
899011
837610
101513
145511
603352
27830
309687
639839
590431
247802
102290
699763
592192
854790
233097
236977
44967
497252
6534
44964
687468
97381
692405
113110
744698
603912
876998
652739
317276
56649
617445
206080
873023
492492
970503
86328
801089
440276
434699
828657
528505
930233
92859
578575
662150
233674
315562
371315
146750
507577
511166
479559
679019
64485
141014
583476
835849
980595
790528
913468
870476
331635
211100
970895
217676
417870
171006
147355
519188
250727
526369
11854
368474
521151
149717
585495
337434
534223
776278
243453
211088
749906
622451
390121
849532
754927
201036
951690
7546
923986
905681
428535
426279
770704
941033
472110
320929
904427
425773
831096
826702
170066
284161
64197
879596
802059
169968
578476
535816
679473
419129
803970
362269
811308
925621
886677
109124
546893
527603
399394
269230
244691
433738
220210
239862
555964
666354
159386
614364
284800
14576
780466
775668
857541
378586
115331
49724
876293
690199
385358
452483
331897
837933
94080
60352
686513
618993
147169
431566
945094
50953
149245
314417
349079
307172
359807
75877
969146
133956
788269
690277
526810
93674
61042
432789
451195
212395
119500
688860
405728
883534
586082
966583
557104
714193
538740
477590
714408
582075
129907
256131
832418
16998
117026
262227
242153
313650
601238
374100
184605
193413
75094
337048
717658
320510
618076
932457
706145
177083
861827
194168
892768
396133
777516
917283
500210
480337
52215
373348
60185
923185
806779
83468
524444
714515
409429
167580
562805
899318
92275
237714
487325
342539
207999
928517
405770
762707
69555
987444
302156
355233
839839
345165
444830
88371
527548
841415
141452
75841
439856
772455
287703
788158
569649
186286
681282
514203
817791
388903
72123
549028
38211
411995
476182
297956
379370
297500
640406
853199
744854
112326
804600
518251
526051
431017
7864
669482
893478
436587
679527
516647
984667
297936
559230
617686
61809
695766
105280
196493
427524
725028
840904
877832
870884
50148
132927
48362
555591
965523
27015
863248
599498
874338
227580
70142
666344
274094
248865
676597
929024
268678
693034
415472
272328
723801
994818
165918
919447
934206
128542
380402
956610
568774
854956
672851
937232
294793
377534
75619
177903
921597
729031
884349
804715
907074
491565
405803
708742
360843
93208
845442
662551
400298
718850
224350
649311
66161
608005
902156
364287
685991
320515
654193
923325
507485
518570
727793
444684
697874
491982
239704
408960
306024
12716
652688
505548
724937
25002
469878
719162
406564
25197
111024
498958
85351
299431
821465
889390
110817
905426
562285
184513
823243
345655
145020
430588
673365
548940
20268
54832
420876
407292
89949
561009
458742
621807
796970
353352
383416
296119
477025
855396
404283
588587
170678
281078
996303
793943
110727
195743
752806
484885
839111
999361
317802
170096
962165
465308
988386
121729
496212
237260
645719
473376
799285
462732
375378
886441
852672
33263
626756
439206
974402
43953
182938
210395
428634
105340
584910
946736
318890
159842
166250
42868
262892
172454
784043
487135
170735
642554
340880
233070
619956
322262
750144
704850
193960
955438
813093
636473
513875
163277
375885
647672
556571
246843
92844
544555
977498
897752
503450
327290
507085
761514
625184
355356
103643
789109
160128
15431
792542
976713
906038
823971
664759
173803
473045
573349
869897
103467
8208
521632
166889
886874
987877
946495
792491
253864
294661
403407
598152
536374
702026
435080
95169
152336
157077
294649
846406
437280
589202
254857
480713
460672
296447
178781
561676
469441
101654
994425
555248
129050
649324
80894
858920
467437
806961
185911
559521
339434
543953
514433
441234
238416
949995
453310
517464
634152
348672
841068
810894
396952
195919
541623
795835
888819
993055
134371
186733
258370
217112
255367
797470
751569
177160
638166
407274
787168
520953
483926
791640
859447
210514
599493
578351
39454
36343
677445
813000
627024
533832
413632
748994
136682
624090
516992
926543
707096
240110
917914
646087
670175
42931
712205
228908
117978
502458
476333
772557
514356
644860
475753
538566
942567
555509
861009
492117
913238
214954
686892
440831
428706
994889
311547
730302
65380
245812
383786
769300
555348
354235
993587
490097
823498
298737
273265
556702
921041
504175
817798
699084
643993
255593
720823
643951
695919
521259
201871
368669
666945
400404
958715
803601
555139
673242
330873
299618
876440
404296
880231
481072
492970
259166
336587
367203
928952
796798
316108
46685
866601
704451
705982
995221
883682
570215
969358
44246
71354
353447
314083
644056
653153
148367
689090
273969
925803
803586
326439
938250
966022
577956
779885
768209
18842
653939
176254
62221
583306
646836
324610
28605
382557
117810
667548
385637
46240
8971
993466
100529
345645
737078
742527
505071
487820
37241
44536
667869
450349
504450
326318
138044
641542
821221
939543
821461
176915
67746
951312
609392
783354
978912
733342
656656
492794
593306
220169
809891
150879
322282
576059
394452
439576
15304
652784
339081
161047
858050
515882
76281
961534
715138
607616
780680
695655
301367
318815
246742
572109
491497
573878
452159
393647
383362
816158
431990
572213
795884
345401
269470
71458
842013
425698
3885
194835
794466
979256
570602
612247
502534
482812
648306
338652
90099
483988
245762
993525
122094
831688
536937
389441
282187
95491
396632
532888
744014
293848
326205
115562
581284
971209
181070
934464
87532
329678
436407
341371
56419
717602
508978
978998
121186
39511
189940
208098
30790
635733
933588
202481
300201
262184
22707
322651
295515
743406
322446
759629
972134
530891
828044
974956
140545
311668
668285
391270
214515
348812
204998
83124
11028
139984
717214
291317
56462
754529
459106
665209
306959
325785
66130
60342
314058
477339
827600
828334
180097
892712
256940
910666
520408
451456
81121
7859
444083
828681
32182
879934
856375
954376
343538
255873
828292
691919
217652
417850
650810
672638
360351
74337
464837
919819
772990
946761
887575
19229
704169
9997
485633
176286
306009
355816
996753
140856
638236
29962
945322
627706
163096
63260
616254
247434
166449
395853
538996
292137
756092
911585
758830
902111
260836
473276
643289
277749
316768
283771
228975
127274
916328
471709
287305
656794
271006
580177
190442
616537
578045
203260
614162
977336
504185
239296
769366
44590
573293
220321
11838
346904
923506
342888
357940
143225
273217
257039
343934
316590
25354
655982
346790
645852
747166
861451
60952
465468
344019
57922
211602
902435
329303
85291
664646
997764
228168
434605
95054
795757
40376
857495
542698
406105
543827
478019
565951
685900
429404
203648
423706
262580
605172
386600
302118
197521
293216
321386
990292
956740
487400
254946
2664
323572
16230
384563
456516
544028
207344
992064
753603
148141
497515
556195
667311
448035
34591
279448
761226
706941
334110
793768
634306
997257
169232
280301
505460
619635
151007
36715
454221
723139
909034
34965
769342
607585
265920
669604
53472
771667
126721
164265
231057
534632
635641
110505
934805
345333
116278
286999
180658
784628
134865
503693
67575
983592
899967
560837
311155
432296
255120
706582
457027
394709
912078
903162
474771
290511
618728
894601
574045
154241
536299
810615
547651
45459
24980
212552
361678
640956
806385
318834
494432
875957
714506
714879
397416
204048
754282
794675
800321
131307
368807
929896
83906
697162
96199
730509
658058
516272
477745
801861
532955
656020
919771
188049
26360
289782
698596
974564
856826
794340
534933
548212
577562
613036
994759
94805
128013
137161
222540
699743
924632
848980
371122
198362
803239
373954
50659
851741
581705
664829
77611
212129
75603
827121
805759
905907
275592
512148
409120
194176
