986371
850544
291986
221155
494005
611419
20282
425139
740010
268291
920708
451370
786430
767991
64075
710722
690559
356075
218660
136947
483989
13321
847926
966042
545555
544128
761349
516912
990391
436701
945087
113069
48396
247680
222626
506610
400408
495986
561586
988449
985085
632220
627593
576322
193491
808075
65707
6689
177802
754439
116001
186838
632161
166339
879753
343510
789105
491560
361891
401400
637880
387637
214766
544495
577742
240440
775195
248157
439308
663909
157363
409257
321054
565207
670489
3725
20875
472109
914957
431730
29134
36973
281646
646829
967697
890916
802855
670323
594070
975560
863903
788557
121359
270215
778270
546323
176607
343452
295693
402105
988986
176469
365773
893295
580030
161347
681969
960981
458652
670693
846442
96906
600120
956679
376669
142126
859894
722969
277715
192912
43789
865211
921925
584837
255306
654635
67289
888041
712182
717677
28016
429466
745388
171578
868466
162484
222579
863747
627106
555855
218333
69174
154432
133569
122849
257062
519952
525061
952585
280713
477769
12813
481651
761000
361088
759200
620493
931053
650909
891878
256135
759668
196474
462760
41280
241483
742545
701421
613222
225038
105007
276698
916315
895211
737319
3285
21428
514602
704451
35952
37378
833162
494598
842206
960807
623812
661820
304024
165923
310504
116178
966847
983883
387675
355
556139
271610
287766
160087
922682
301741
648274
373701
587035
861303
63655
393822
839515
505045
39091
833273
196939
509402
903864
143734
511198
906123
650152
753926
924767
122498
991502
552495
58713
10025
81335
761586
839496
453766
915037
337124
470694
353020
908544
118824
887863
435528
573634
315429
945487
366442
37444
503939
709646
22555
318554
636328
61720
428515
848976
190309
695739
574195
597507
265848
543209
451974
133277
43049
540894
422048
361649
71287
68002
470344
93670
581634
544989
472426
599631
725286
931734
913498
385481
853446
899082
658364
918108
798134
382354
413223
141403
511184
855373
395576
155915
725829
655188
127545
193983
673558
580295
530941
242281
415765
739794
414663
92888
464662
892823
751840
282944
853332
919665
80442
142726
452406
810694
616268
714031
769509
919860
981577
528597
752186
797843
38320
2432
221312
242494
936056
304672
474825
693011
762745
110352
217461
450086
386154
230708
600327
346443
819053
607177
920541
5696
692218
567918
534634
536700
829179
981307
594756
843232
920041
289081
984861
983691
660280
923033
399329
326921
298608
988126
298496
96401
617525
38172
76620
356259
339026
822325
806413
983324
222152
650009
24749
643429
125509
150984
767437
163886
85087
969096
995274
535265
126484
759023
463061
518166
71819
252929
280909
822853
116198
554875
397128
834387
970392
502381
643855
701444
258782
149384
304875
372272
550076
748435
647114
907453
272683
404299
94537
507480
142293
179413
407639
999824
466917
324468
244533
618420
814016
527392
291910
110421
858680
318490
445084
216408
218684
890784
6150
87937
425054
547628
326461
919726
765144
546481
746700
993671
513948
788055
556413
291108
994300
351948
60194
572147
35576
164811
810734
906868
264012
125045
690804
394872
864477
330582
29033
642544
940462
518238
817917
504245
678695
852955
972180
233148
124596
340915
687518
639579
21623
942626
329663
670695
786705
862690
63145
896097
680761
846249
528789
701000
469533
838299
184757
234147
988718
303489
313202
578239
710299
426375
221290
865569
327746
460852
905098
540549
144976
791288
570106
36402
201854
288745
476795
461212
520234
297146
538649
388152
208074
339762
225655
165308
566393
954751
967417
581258
928876
825536
436542
439657
692056
857783
36018
947300
416030
873988
68592
365211
986850
288001
550092
414334
179669
259838
422902
202396
608061
109106
498478
547760
202056
327458
371709
465947
260030
166202
116802
771427
564120
844249
662485
841900
122710
555019
400688
416731
69337
44318
235521
762534
270382
69140
416942
7927
611923
663859
380219
848331
983886
409986
347601
35860
708399
120480
656180
57590
760408
645226
953206
281526
879897
111824
847120
582471
492457
138785
965906
267482
438135
567746
545246
50140
655980
951456
821015
321037
936187
836419
787944
459372
853637
594187
586830
590236
86620
917746
154403
482414
692751
462429
758566
993157
898961
42626
802742
607429
487975
578480
28119
833542
614585
841977
87544
490146
413364
802984
802118
239172
501527
828471
901645
621777
190829
661321
222779
294934
296024
868873
107872
712590
202329
243850
841630
228354
526199
632993
136668
83403
461906
755725
513544
856569
72529
715527
115645
457723
687187
790657
830570
96907
567515
280718
56781
10493
24756
598351
336682
27481
365697
326814
708397
669641
774613
304025
391388
484713
528021
121192
977030
359342
677976
534698
618982
345643
268889
844258
826512
119925
932671
543625
947702
748752
816914
118224
98268
290171
903792
37727
116370
146514
320080
359578
696971
680099
504905
78680
575453
680835
484854
26895
889798
789455
34175
533336
688975
863932
913807
539350
177728
933835
554957
494851
154015
198195
318659
255973
889070
979623
760699
745542
174285
721471
604877
28128
685248
376872
589980
713893
90521
715689
650543
799760
166169
20437
928399
137144
678246
639010
669137
246697
30246
595179
825280
855232
940418
9885
128444
117224
510743
357388
179401
187299
94308
829133
194084
14939
847420
198255
193949
837325
493738
10993
526340
211858
977808
409604
903151
320518
993025
684763
267297
639731
253820
291498
889519
692964
785773
521773
780793
59232
581212
826798
595537
109957
846287
575468
441087
316593
506366
488088
211003
146063
592362
910316
240453
240090
933579
652175
100305
844442
474185
823735
388636
838141
312806
728490
978546
915524
700229
757104
911338
311023
669547
339051
418568
724790
220145
601376
326954
348531
663697
977769
519544
307424
701574
135083
51604
196371
102706
479188
567595
640019
186768
137093
485114
552019
123814
972913
37318
847655
873490
41201
96479
963671
598703
174707
465822
3899
914738
732033
544155
417431
667244
811412
543506
188384
642973
366919
838259
835559
35751
114410
699814
86067
627100
783703
18386
518655
825878
715442
186279
767781
823108
293193
20844
806998
899040
538861
770894
707974
558985
379181
715462
899185
736283
996478
538091
732582
483149
512898
209724
530728
753059
292808
916808
89550
944954
338277
41914
407546
290617
727716
827793
464795
671646
271961
395525
603391
679553
633011
611184
180943
214474
270188
167999
880590
144407
416905
399828
903333
393697
722343
271091
318373
460121
239031
920031
852375
579708
338
663810
175489
946311
822991
938154
560115
398529
325319
21184
319562
448887
497542
393940
237665
255071
666888
859528
924975
101190
970319
292188
833799
67694
697256
540870
561056
765972
129672
592231
51557
813253
596034
700901
804376
419516
826777
671199
730882
886864
113121
404571
429450
620423
918697
85128
311892
394664
970949
795088
260108
406933
369710
390972
344299
478953
540839
308900
550443
772962
949972
735880
551650
887833
698446
306620
136936
566136
297178
923336
871264
149738
671109
229720
401717
505956
836079
229732
26472
153878
154556
594215
569283
397835
219273
416715
946580
776048
516998
939405
722003
921835
69336
840321
190971
961924
537674
913818
526981
421004
35118
300240
728431
311776
502252
678260
928001
352665
470173
209733
149574
735871
843101
382096
763023
9357
727772
438698
443406
270459
903436
376837
561965
232163
748773
27150
99790
753567
752426
842645
767178
417074
185236
312894
405715
280819
650018
334328
363524
918897
378961
817931
458159
123158
839241
403699
170869
149734
629680
202475
98689
471484
115813
228066
206986
684136
792249
540728
771258
812847
189111
651625
256588
512863
835741
763568
420489
772843
490803
813354
619379
929392
665589
5109
381125
972182
481643
155742
241395
429470
840939
71998
831780
825380
577762
447886
288575
353118
824062
928538
195769
679519
405045
240929
781851
932053
716151
33768
364217
160308
707468
450885
61165
170535
921980
28181
87091
924757
647333
273534
394427
178383
973837
948221
999312
893913
163292
876762
695631
721679
868023
98303
746565
74772
620935
961487
409951
815881
993021
139198
341827
834671
383156
307095
70771
589604
924446
491399
114161
637707
183430
643244
901016
132422
336990
915191
621924
740368
747948
170688
884690
562349
777671
228506
340252
504676
174983
766131
383869
9336
451006
844797
149718
304526
47975
890462
614268
532230
63684
452728
586958
544556
78177
640655
681819
593693
759976
345064
179812
990117
841643
174972
578814
808201
265876
703683
177058
938905
846421
887873
616947
254247
97491
621084
851254
569337
145546
771713
534324
870126
128209
881966
279285
911579
459808
242016
435952
359775
75323
135211
385475
786802
204965
70354
844824
720622
41142
347425
870596
404089
525948
285021
215071
141259
944047
955885
962083
991789
115344
88214
912967
470909
660269
766186
666481
845888
894762
760588
592848
270806
673689
580232
554023
937736
579342
997503
181450
459480
511931
733447
196034
993558
259731
125548
972434
52835
685399
352051
702552
404163
670026
514925
969267
383635
119403
113429
659315
245878
831806
45907
690009
767651
597260
917570
145612
542015
32695
964442
628571
117698
297552
215820
343759
39385
345506
955198
811198
448320
568816
336033
813565
133087
751720
3254
18659
903498
558961
43020
274829
663095
705379
877033
577707
52600
93644
409520
847678
664136
824063
360215
768273
780771
647087
520475
606324
744229
377164
859207
185028
574855
689101
977524
797835
20208
601394
496171
550138
167843
344052
808042
970017
337608
147591
796422
873206
931967
909177
232742
832426
407114
367211
816676
881518
687604
16749
53347
458162
761230
958248
8786
123167
929437
620156
222283
510
59299
758465
942212
948441
584950
784812
890060
838984
612729
691435
717478
16645
397467
106208
901365
700798
821881
376911
772851
253210
346806
60998
301269
833420
798877
597533
376733
927392
784246
167504
142121
230195
86966
191288
671069
272578
664175
431800
595634
515466
467655
757325
860427
703558
523202
5142
618646
691675
453859
883021
289024
269342
78440
87883
125384
654596
367995
181771
656071
149894
223644
173991
682671
179461
247596
672860
82937
350587
801659
402613
928366
73008
852636
109996
315312
653813
421149
974507
884259
648269
770105
637094
210394
295642
701061
780600
590498
75531
110597
210854
318671
477946
270255
412365
849842
281253
567128
595725
42301
50336
667883
251034
168132
823795
539732
395076
325748
519665
406876
39044
330780
961485
38974
879588
302109
374066
468336
616635
157491
539589
923823
718691
191080
324104
502019
609126
713486
614788
597034
338691
149729
701144
835578
141165
688653
634805
818424
727442
446918
922600
460656
240892
88748
692952
815898
536982
663078
189451
931328
13277
433038
518272
954558
168033
640675
890188
875799
758964
742661
605124
397232
985593
761815
319124
606201
538943
876053
768770
142353
426213
941686
614482
404020
349137
830597
26892
156001
913990
299971
696678
460385
328928
924185
819499
124854
643447
894413
730554
655093
685072
250854
799966
298342
359934
223271
282827
379865
782999
955444
724568
205951
178180
371431
570351
565093
518672
146593
547303
545430
522185
876589
200524
240485
477900
966794
376118
171303
728992
240992
428033
424909
224041
728229
632652
242686
468530
204881
719336
315720
807378
614555
48942
853300
152415
98999
333966
281426
227128
959569
958868
261550
142299
125347
369495
63479
663696
301900
772035
359060
288465
384383
318108
442773
417400
448964
647541
629820
134939
548724
266903
191549
74592
424683
458810
454808
792682
840791
674671
688710
204850
586306
991455
233820
605384
855000
774978
48536
757821
316202
994418
479994
468093
478595
16804
623816
145604
324242
301281
413666
709517
442688
678198
270330
703022
52337
505042
3115
155364
379386
759160
310005
644999
11992
273490
274965
405870
663729
904176
924637
213559
533869
970071
224738
682679
936306
177777
597075
902763
423927
166056
245520
483096
739534
109332
533981
467884
801499
830519
306033
296691
635362
565152
235582
227363
606327
243399
167108
691151
616918
148686
898809
734903
792503
700646
479172
589029
492274
173780
78149
537447
407105
830611
899501
836586
510946
409077
122900
102
506563
784119
476339
860721
179818
242362
547968
896940
130744
215792
537554
17888
97521
121088
535374
665946
60288
963621
69127
477365
344303
373060
475109
194522
406395
991616
25716
157450
807715
844766
214656
849542
767696
80995
350131
292320
3800
730649
522617
412629
880930
817586
58762
913734
478562
680844
439708
913736
740078
182726
208572
235993
29766
243128
524070
37288
642392
59551
782508
364578
905618
467679
267021
784759
998635
150083
432165
418197
702518
40794
239848
6677
823825
718172
257268
560139
607144
273468
732745
921424
569514
364867
235291
793618
747846
875093
632645
972283
543547
427312
3370
318317
438361
209255
556095
673456
413949
985135
589941
32358
738908
886868
469078
884379
157409
819794
730053
7134
902426
936443
827420
465170
231049
138986
699942
381659
684463
934457
11438
258715
657797
621898
980864
403128
419199
434441
776369
682060
31297
635332
552842
655535
965473
782044
288108
513549
806236
120830
972266
566233
543143
311358
591983
509251
539393
807110
689377
254339
742103
759971
973266
966356
585439
147006
173043
490734
935204
388011
362020
627217
448619
913748
835492
990299
502856
253803
389431
426322
36862
647762
783858
263289
541889
885946
811276
876897
505223
923485
897182
985140
634856
624630
358746
504937
835463
333755
590330
811307
114243
999889
576673
442550
406731
637453
352972
78673
902121
594348
120095
842021
571850
1110
403533
995261
559190
408587
832187
774854
44448
787781
335391
851509
679028
696047
536933
512869
44974
851300
664696
413083
363485
998308
826039
352965
665517
11737
229457
121396
411957
839988
412259
559465
515138
598848
825392
325627
842178
50797
897173
413385
564183
484335
846002
575165
685300
493730
858142
681863
215653
894809
334058
865668
526378
629147
885178
960115
569274
837526
624311
491774
959615
224488
272846
451127
269843
227369
490092
371190
387848
752684
336264
540076
323353
351395
712496
924995
628234
514139
534089
597068
719544
870429
340735
255186
27174
848336
44668
689778
58187
369886
116159
270265
294464
831206
349654
480336
875333
935491
975586
946118
578760
415046
594581
213689
962297
407434
844597
124571
854370
664859
110162
245527
131983
985367
548519
275271
580118
256200
917719
213467
440689
263061
587933
433990
353137
405268
611444
369293
30587
911446
846871
429571
343989
130
709085
306557
395321
410570
486841
702119
487790
266272
689433
864376
823693
964909
23185
273771
302731
630975
400413
459698
147796
611655
641653
455134
418043
637470
901119
706105
160188
235646
510024
840530
272971
690735
951079
879358
730933
898804
232699
975038
687358
546087
810565
690815
208110
730182
628011
553392
56585
333200
590679
709878
604952
174233
480624
29830
854771
391469
993809
736279
730731
928010
175021
854249
410381
4011
488780
704399
384384
637317
805820
641111
377372
251632
949286
537302
939844
696966
216918
700983
716133
707209
393730
860071
793313
976748
585086
455368
110843
170615
725259
238503
243723
813512
984053
769407
160961
355626
361640
783270
768045
784131
972645
70411
818302
538279
194265
869231
806176
199241
97482
696532
93305
484441
939701
725515
548933
614414
310538
251330
767228
235906
803185
585346
671138
53323
244992
955123
239640
610604
527832
71395
693476
113026
900034
730192
554450
929520
96353
935523
847794
661882
773322
910638
829676
918061
407455
147741
747694
356220
964062
294914
313765
229526
796979
984940
641917
549489
541624
731494
661182
515181
800991
976787
700899
152496
620562
356780
452070
144894
309860
530905
766416
392525
632223
468469
13084
282992
110610
214083
353569
860017
537973
30855
660374
249287
700932
60939
489123
296372
375970
815772
900719
776721
67064
739255
355607
293030
459281
151799
402871
278302
126646
709137
790468
63353
117251
864109
766606
434553
440457
284414
541281
65959
917661
802502
36678
663869
539608
988238
511109
911918
207752
145432
580170
21344
758592
285153
459746
492522
243949
920723
9483
17941
954884
604115
857527
600425
261936
334115
473852
697619
197346
429202
321224
340465
588448
450101
807551
150879
348207
789119
462811
105482
425839
785334
331772
357089
832764
530969
411414
94053
654141
875378
190237
698419
464963
696249
422368
431014
906632
416995
873330
419845
548018
754489
882437
260241
852485
406923
181853
442483
909962
495699
515613
848051
197574
440822
410355
466534
812196
559204
703853
926364
881233
602598
815666
146629
301987
11449
88120
358878
369017
592851
988203
931351
421858
50129
932270
214311
119546
116361
761054
909789
13444
508273
282183
515168
921278
232869
649865
131917
575439
807955
174324
162821
285635
630550
667566
253078
564946
568647
145876
65126
845885
40886
163605
595089
332814
369889
727926
221742
79673
78097
318697
90083
47397
637789
695328
642592
910691
515069
856726
365792
691357
108207
141444
60974
10806
22037
464099
560161
643064
934942
850204
351073
415320
715405
322838
479324
980654
824377
250466
997514
159510
752764
541503
221496
905395
864218
757713
750851
448360
62670
457808
26317
735410
207357
838743
312807
968099
578157
957205
647785
299627
789386
587757
633207
881539
620560
482898
791601
272191
532203
273037
771565
861697
576470
87818
696732
382896
527159
213778
866485
979809
822776
373446
263730
689812
57390
159607
671952
499281
843662
13180
197635
43329
756122
900604
691942
644635
757327
356062
703515
291475
883441
190875
145027
820
154976
176474
402973
906742
23713
15909
892677
213614
516616
828329
586024
363742
571703
824138
254677
290217
906037
458192
368289
481280
765280
98047
337294
509715
417264
140289
416585
238564
893037
772707
16038
368795
97251
113800
454399
165982
753671
425510
673027
489474
53888
420664
670544
537944
296004
4591
126387
761936
953050
229998
994745
430263
395432
80159
909672
983701
997541
126410
347696
692638
41745
568880
736291
816407
580006
947053
491856
765693
652720
278400
163044
695659
351048
183499
61835
991751
847026
835644
540165
433815
415299
44321
334596
896682
925829
725493
822230
728062
454594
971701
595375
731938
941723
285413
366481
620086
968853
882931
91499
515521
891296
559374
360168
359194
274540
235395
954530
357557
704260
261727
370307
794841
375092
333340
986238
919555
904225
219471
547893
331886
758410
839500
897893
69887
29309
14618
135388
994099
617716
489596
27315
719726
882462
496235
272937
64746
459235
997991
594184
73100
721922
757502
747520
808457
584990
227045
829812
467680
702907
313694
424109
699626
33599
945700
806536
900971
426753
320830
550245
92774
948499
692939
577287
369592
569422
990537
165891
829007
627631
902507
177575
515837
599951
95121
197935
480195
391177
996980
204020
815390
321239
522787
793329
786111
158504
948258
433120
182737
711028
646279
158895
772632
236304
993511
731105
590486
772274
945790
525446
903115
831278
177384
698641
64936
204570
934430
433761
506576
616430
147880
767969
453603
194882
612459
897201
795278
565652
701871
593740
961950
629181
88682
614724
363239
389207
881811
526022
389074
426931
98469
859417
936336
55115
614682
314724
861119
271349
700140
755406
828955
176295
788362
939320
349882
819839
716198
451039
704109
116564
280648
707286
954600
989811
163751
290275
742413
191319
737428
274501
93821
504572
934945
674934
657046
479233
598246
434269
799186
860907
809686
743537
205470
77847
405150
918786
21570
602810
525378
319801
626468
543602
444906
516610
438911
615829
176152
108313
296634
303485
192681
926762
630451
405859
894283
346185
833529
843927
766310
686877
196312
535698
486653
74719
690926
319569
148488
785370
222357
189968
430676
738929
118349
371671
4523
810701
921979
569193
214135
5851
719800
920206
334734
647316
763960
359425
658921
862732
109671
171954
595254
985537
452229
400933
722817
416975
235451
67738
776135
647421
776058
89559
375088
138559
464037
178999
968703
997200
596470
891723
418937
191041
509763
593162
518375
144554
489264
247305
155750
732305
765671
263472
34932
798086
268178
535136
670218
609638
702645
334613
190373
752097
820786
164668
895055
971633
702755
107453
143353
850273
551618
19304
17496
722896
652035
555467
774899
531491
981659
807893
449204
395434
285078
929445
457061
786543
802211
252306
570071
303359
699529
310789
486872
431820
950745
927076
808735
598517
398337
221945
245513
969249
278218
623305
974296
635829
431798
287216
88347
836834
767798
408584
329117
31105
691192
139233
909347
394535
587779
646553
780113
471710
365941
455265
847352
447926
887197
110692
308295
443112
740800
22288
452056
189141
578400
687268
213471
855584
93064
136627
999684
228110
142064
285228
891845
237613
55328
104332
584980
836559
475725
227688
662746
245485
286259
406435
797314
901179
462452
651022
279010
931387
7367
730324
681348
150779
931397
34259
314661
105693
902691
408506
818715
21218
774286
872061
910222
790264
289136
21703
423910
186632
736158
114675
440720
764589
785050
142764
536168
751949
438799
862768
251711
921096
862159
829666
597365
626974
195016
671052
644048
685509
768817
584855
217906
223737
848191
462142
901959
920432
298018
485117
93955
559354
489102
401288
939506
174916
271010
802595
655554
537466
527527
522314
296997
104636
588293
827512
752568
269427
137394
361589
563600
516986
991166
634277
646843
804817
978445
974052
170519
388605
397226
308983
820989
158928
274901
226965
438975
785151
680409
318517
866521
880181
797010
392546
401598
201343
896121
221270
490565
505870
236479
284448
207615
434504
800990
928442
479184
954537
494811
131053
524994
652446
829730
276650
47518
272668
840108
398811
939012
577379
970312
670687
959757
647833
276193
529198
633666
919247
6948
720859
293458
700767
842019
854080
185944
189582
450709
243409
427543
57100
797346
241372
637079
578068
456090
554716
18968
205409
31204
936315
608343
398561
228319
276384
19933
136509
436196
585028
239429
29988
263714
964460
183817
163669
485086
512947
222130
653602
343986
606764
695049
957561
173137
312025
177181
500803
28892
912872
79819
221359
415635
674650
485191
215118
358917
559728
345992
875958
695103
403247
845070
528086
780383
540166
360809
775667
73604
407310
785794
582388
546620
49385
883403
736999
533241
41423
441507
47342
11214
455067
830563
688090
291718
306069
617902
15615
805527
241723
258426
371386
895443
192953
86784
691771
994412
427711
499214
144694
321915
615499
325878
759717
493471
966276
43626
399446
657739
648053
635721
347700
84722
288
586901
950877
480426
666196
267409
321438
111418
735958
364430
192606
193350
710144
621958
883626
239317
398465
498132
842010
540907
5423
279579
23761
242322
946659
74337
528740
430904
134682
201352
523019
48865
458224
22456
722493
582152
110583
825145
177527
332539
58293
204968
544234
594739
442411
247545
628538
344176
924101
728147
30076
418866
344217
367813
74555
281461
178496
279060
601061
616907
38486
665646
416555
770515
524147
738697
263864
840392
993550
329909
748499
531784
667809
941435
834910
764216
515301
791677
52670
754436
386894
429880
532445
921361
106597
140720
986550
802933
687934
821774
538164
828885
917971
281345
327888
274852
982577
199766
888761
902974
278114
928284
536625
138660
808743
763578
783425
320712
236162
989458
904019
585174
745809
199172
951593
467994
322911
694715
472464
201914
980946
851153
956795
302046
265013
610649
87295
24961
547123
804804
420233
593608
227079
516825
769459
687444
660354
470636
683436
155805
805330
260466
765014
122089
267041
893318
18354
648367
71602
708591
167080
552172
264149
844892
688655
473769
626151
423649
740987
16688
831105
202928
695692
256627
942736
971519
195265
942980
387108
157558
300440
393638
434889
170933
236837
406536
1362
670357
710
872972
448911
564758
223884
26603
192575
90939
883719
329582
139737
689964
188464
321592
897107
860777
647926
640409
196552
120302
116699
856549
18623
107203
150293
134297
879991
855439
412301
405702
206612
992599
403327
379156
861570
812355
60432
172560
294302
440027
683441
573789
710645
465270
130452
548898
452026
49987
588879
976008
890824
637447
746507
219201
768534
356933
486080
759965
838703
411154
730245
670860
478126
863403
331322
477075
53924
424143
637967
875025
96591
885805
156105
649599
188892
826599
106180
631262
195192
703887
922368
192012
996125
767182
846874
612725
868512
539759
765957
132651
493965
181736
213352
405844
840018
548776
805874
733019
560035
147804
86121
390612
567054
736799
114786
840574
558478
859973
841703
83635
659725
302099
344590
652682
16416
408019
603030
648513
326622
450225
264596
446199
689294
393231
885078
775064
173424
130874
149920
623176
611608
7563
270432
62264
372191
617073
828938
78146
973620
964785
350647
880293
901910
348826
848589
295673
843281
823323
145712
241653
618928
603683
223774
823474
223895
596994
985610
330268
944879
173032
832810
764097
627782
633286
156661
421927
299361
964581
29794
30013
264512
288035
674352
952310
998805
256999
668127
162506
848958
839172
287883
994982
87196
320206
205778
104732
831856
837365
88967
506931
916715
817673
205445
945601
511804
371290
517403
496761
371026
271713
675762
508691
350584
844683
870200
63970
318999
32325
113646
663147
726178
10805
559685
394133
956037
930129
737618
892925
654270
681726
968417
670861
368297
848682
335269
58675
869509
107938
13807
147747
290520
383128
37142
276559
669035
857776
617729
153614
930841
160092
461316
825035
64915
866359
932634
90607
957873
890681
844510
37183
545072
97926
618734
113145
963582
197233
509601
246760
619849
712825
167339
995960
931869
430117
369054
566782
42758
496940
671479
191479
624015
623205
596414
391413
270577
223432
415525
646124
379868
377538
775908
917816
160024
357941
325164
695
128967
967155
427684
24315
101302
693148
113636
119044
190440
183056
356272
928293
979457
128772
48131
189081
758362
934926
807670
380828
288163
655084
339536
778495
649438
637212
388974
673753
317656
651991
953863
402623
885425
150528
358303
988950
535044
660200
939026
244554
82405
556072
788108
569466
769684
581377
603075
627079
946655
729093
693858
596037
404375
344570
119847
197442
732311
451299
638420
542087
124005
873944
716015
508666
703401
280282
822667
998751
23056
696617
569833
653857
851361
668153
544318
615618
180808
780664
997862
451073
760470
498079
399491
245027
982252
544682
345920
449537
606620
400628
208714
839469
186048
177398
93061
989588
684230
183784
216136
118770
825325
631071
897948
848604
565893
869430
440549
349841
110819
486568
153360
995508
43873
346871
421282
293634
229443
699368
506698
772554
878368
929194
415778
27847
404358
182867
571576
635480
636477
264577
206993
727125
546676
560592
77777
690206
84147
440559
6451
7133
624505
661120
583606
588658
150968
767197
628193
195496
37893
138134
577966
441801
331396
404890
12386
757283
636610
795011
428694
913965
766872
215859
801861
860455
730261
665955
310022
747800
607933
629627
781068
176437
698086
203120
800480
128005
580088
429957
4627
268460
642155
298391
851636
843094
766269
494082
372580
246056
734993
310054
536272
785878
446587
986821
643395
367359
987683
302116
305892
797966
40611
844521
338979
64768
659385
995041
56507
39373
655422
632807
745894
422570
718937
615908
965150
506200
388935
757515
95403
246495
741511
946406
911543
150351
853159
935182
273146
685921
416407
282074
812275
225360
784176
535468
301375
61321
107753
334600
145220
17391
27857
333490
636941
31445
114634
193879
610918
969611
212439
624513
753996
355395
841963
320673
635115
216323
878396
602100
863676
343546
944481
761979
636386
339403
700979
188300
594658
939457
57269
766951
66875
963189
154277
33214
875257
308375
284011
219919
489134
55984
983681
615794
400731
551534
832145
370153
620071
450133
496980
909012
387141
375252
539901
630265
430166
923833
714589
315430
329261
283798
109062
897696
908243
41613
851785
149804
906957
848283
645558
675175
673677
448931
983955
437890
219823
705117
825475
905793
675953
356275
498485
1883
653041
109710
806423
559484
151830
847511
265782
779572
301802
324238
887242
435440
603500
554091
541174
241355
814868
669111
132132
18987
509319
956370
465366
432306
723179
43338
109725
548609
992574
419608
917508
679072
186551
343990
856001
382100
511143
801554
611741
377971
399088
183155
5244
101776
622908
17358
273836
578874
614196
494581
257060
900063
792788
74874
434803
746916
287563
620826
397146
821833
80802
436865
351257
849678
145841
859191
680074
167087
187100
759308
966419
460313
581494
658036
664031
508151
881378
932252
231389
202552
182713
559481
492453
124259
681373
589431
708483
522826
400558
864148
21937
767408
587681
746940
914854
874052
790832
96108
471311
577991
585397
517770
733733
384574
987117
504672
831935
551907
869890
210436
905041
445579
498127
645701
576351
4319
777906
2878
169797
719657
608968
187202
246782
79207
504153
31109
898564
687885
87103
157324
856650
927893
908193
867879
249855
22104
823269
583070
364412
205860
839849
5582
865672
558896
224796
201183
363689
783200
444120
905807
463015
838553
549645
956610
763729
317715
514846
521483
123739
608938
331319
706346
718073
516045
390272
559505
969339
787914
408275
599970
457039
748500
733768
65499
476674
535362
377104
878191
284501
970076
893470
806231
857377
208475
472818
155671
66313
37605
766187
157160
201581
478652
185707
188709
192844
270867
926449
670874
507372
32646
444304
341084
808706
213580
599455
791728
446151
249577
968600
927241
825331
608227
421724
977913
477755
101016
678467
336463
126346
528577
214864
484364
981748
41511
979413
349288
252708
220278
19502
460412
139626
764310
477847
655973
876823
464499
683722
281621
977365
163354
151705
689375
979882
603326
745842
322372
769465
368464
678417
181577
974270
305757
681461
890340
616499
328186
434711
764049
706114
575623
945802
622334
392522
86216
74967
972362
106762
224079
711341
168471
190780
847067
909402
441893
473198
616712
222785
691093
298965
714507
111708
411869
88172
701219
586501
398475
988323
813710
526513
789626
999079
33360
667133
123444
470218
251900
367555
188985
515561
40703
47927
16597
551504
63146
823094
84924
897499
882017
623797
511215
418202
855255
540247
339928
824942
281500
645909
555010
472669
838518
58219
173152
508428
575052
657410
714572
706409
307488
604607
930133
10537
731729
399449
326114
630744
93227
229120
485615
430608
840434
43110
557011
646801
1794
32377
59987
975351
589425
402722
973088
138984
192581
154672
871483
996348
467055
603219
118395
377858
93212
523993
832522
715644
891094
583666
359216
934865
414014
351148
416918
714600
601913
547597
122942
288088
368198
992472
771742
419848
626454
798403
344344
719883
47517
420632
402023
564920
568649
132266
15121
386137
494200
976881
335222
572003
864366
911228
499217
47569
357335
621132
757137
274938
220608
908690
905407
9020
92778
362611
286795
656266
732247
829209
484876
123054
953403
521205
216378
529122
603344
161462
780424
720125
898534
756175
263336
229884
438958
557286
904616
897854
685760
818658
499010
944733
506881
135709
239743
224147
100018
249333
239938
740000
794176
674201
585302
251549
142046
686015
887043
525666
228805
527266
114567
958021
813809
818461
902855
838300
823577
246072
931471
887196
225293
274079
312713
628840
350117
104362
440012
757575
422023
157234
810938
644574
507781
321082
674783
85656
432466
61662
780769
203306
49780
120718
426222
153315
761728
765938
191121
429244
410720
650817
369769
830268
100480
194518
281702
577457
575989
228783
448678
313619
863303
6811
528149
90843
475646
407435
324552
948744
978695
139219
587126
73261
532655
390014
849248
522934
600093
252756
582052
132350
400812
538101
564257
838849
81044
74368
439587
156260
715307
46753
417925
818160
666485
913102
208171
285015
809533
397563
623815
950256
350434
612045
280372
726886
675363
204214
836796
908800
377280
855891
234755
100128
520483
283849
153924
697378
537029
607094
700086
171209
658793
599043
349952
670209
722083
219686
472591
46230
551769
275560
259967
205094
35834
402240
675195
931947
357457
485322
109743
599646
610214
741646
180290
149592
694035
190140
389842
26062
406859
605073
187104
637239
636399
271654
465548
341272
710317
929188
425185
763644
712466
87820
20682
485181
123320
877414
975929
625527
877575
587471
470312
663189
694803
3145
815917
156830
476903
349793
328131
396200
780102
316683
636980
363851
104133
852673
820922
457003
913055
144032
512499
544651
703332
528270
520947
159341
968930
600061
752553
259958
335443
393744
667165
439954
220883
296329
568350
501802
646025
847693
685285
694064
104303
5911
324784
775871
225822
555509
654239
524094
689105
739606
915531
77786
78020
177531
965001
792270
830771
289287
797326
249251
977710
954400
547606
718355
526355
724035
667197
382594
339947
546600
633226
287284
147124
384764
244769
496838
975821
175528
39902
510158
692249
791390
128173
298601
201800
437906
766700
894599
921759
751585
170178
210636
565606
190125
605733
340182
940904
172997
561567
154610
591314
906880
761161
457012
886508
474786
329203
601678
600684
44230
126864
951269
323318
486293
460074
810186
62868
686429
135730
724559
917603
373764
623724
207746
962905
664034
986890
389508
938172
922604
390055
917231
612085
543847
78968
741256
321350
669576
3760
435859
895820
205765
616196
645922
985476
83516
342844
528763
320668
115289
479916
688472
643300
431694
998850
660215
919214
897025
804058
711243
248221
56962
539779
87353
344325
13697
437247
738609
785677
383481
449640
176134
710650
925245
186725
434750
86385
142981
736151
229955
656330
588047
54125
846694
7966
736758
652695
124096
659861
837907
646751
417359
248545
743044
376172
696511
646056
585343
387744
91127
465572
434337
179578
493394
916029
705044
960321
126151
82519
371027
731869
933270
353531
262643
548062
122426
532460
539545
271463
244300
932535
478651
983133
669635
807803
2902
40614
762697
751042
880979
473924
160433
494102
378168
602392
403899
805814
984538
900940
278696
521581
510009
480770
812305
310918
215499
907328
872622
10272
322828
935495
923846
411157
669857
462298
358673
86207
210153
866685
707
573649
683814
438486
232286
459580
714844
61792
567007
609149
110853
237819
19838
85362
698325
866353
945982
403479
394415
13712
154359
988639
881540
831065
884037
723771
421257
565541
351018
250804
27020
748957
911524
473291
504714
427582
59129
48981
464221
68651
395994
638618
32619
695003
842786
241086
775448
836514
403115
748882
96394
653157
675632
213249
891872
782013
928938
349061
719123
808200
909109
838449
973016
142791
191275
549672
190507
658696
822470
189152
706238
289097
393517
371681
334406
556963
366995
213667
37580
581718
50777
969925
264939
514851
669790
179406
2327
893449
521498
502479
277514
24293
434745
202827
149650
709430
582438
43946
259487
140637
684557
772232
11271
828430
882021
783258
118477
96089
760231
358352
317390
432800
123969
684633
432564
907720
62943
621368
736155
86103
308540
438046
58995
74725
575148
670999
490993
43108
515430
634846
531342
921932
192687
955498
356522
681356
653130
382009
519632
989426
254513
618051
274275
905714
95516
735738
686285
360369
629232
447624
720962
407370
72913
462603
729644
572037
958373
867763
529270
83675
957788
132596
832273
480141
374771
535993
978575
927462
212761
202421
872202
989390
890961
137260
566481
762682
746575
953493
449942
515258
388909
525566
217439
827095
370872
633539
244187
296219
815352
602779
336908
711569
218557
325560
183874
204558
835487
278949
94623
969254
909100
452408
461470
341685
88763
508575
526804
430065
659451
267932
269727
771478
844890
827018
116553
330197
639586
581083
254703
138135
171999
364631
245134
938385
238725
374538
63614
973292
482394
384631
349546
442701
135738
689999
814131
381497
310191
553187
50529
929280
609739
627709
173581
97931
275369
550029
935532
401287
812801
941785
373753
266376
282335
977350
647084
767719
386044
726229
166220
270755
799332
217285
807940
100596
428473
813861
517200
472264
43216
877059
254508
554984
145427
650540
44746
860251
359579
685011
669980
503064
646621
947336
192723
620476
509963
356232
449217
77004
401045
717291
275381
564111
613423
431438
323573
528857
73848
940745
112866
168574
10797
310621
489546
153700
786911
981460
521052
994205
779980
542845
664214
921180
614069
513882
879863
165836
661246
906515
76023
466982
473229
560792
970167
503183
20864
963759
349299
802530
707106
909218
826844
933507
61567
80352
834938
873787
77323
971193
683864
