307026
647493
449954
593758
609551
45321
759482
555869
569364
649758
782608
544849
927972
922182
194349
771029
829272
395438
462967
237858
534875
134269
89065
849558
55432
723293
192688
638915
603294
463189
942023
525379
878113
232809
748970
556174
551172
152412
514620
651272
432040
660777
501903
702853
71820
258410
640986
96472
868731
349156
395846
721029
203933
534683
448169
783925
632198
451992
881049
417790
139922
951660
843853
175120
381104
217434
75298
617413
248771
662068
309198
453861
133894
585169
644863
461985
701160
804488
931993
280135
865133
331363
670286
778412
492971
669736
993577
562486
468854
915336
656117
910667
536275
716593
217424
409712
256227
779107
214916
629452
615482
959440
569298
653349
170296
559594
877745
387612
553277
50694
417791
125067
983256
496963
989931
917466
180372
322265
75937
816496
899742
548506
925611
956443
403146
761532
267096
435552
717734
930614
985777
180419
223441
330084
469585
200673
694871
164424
231539
540678
435008
143903
149871
629238
503009
557594
241081
10656
84567
253363
408058
288859
157495
121375
124631
813875
157920
4539
437989
286795
333291
279744
763678
466877
434504
778832
255052
450910
197168
719308
311550
873870
779419
712758
211318
23485
487859
196622
845865
820009
870045
831975
484810
599424
883671
217117
673572
776047
237868
271615
97390
986995
178304
937687
828518
749368
408581
702177
878164
801459
970428
964002
714353
491988
146141
7984
267102
289759
426221
229546
193771
680588
447641
736015
989262
966405
247735
739403
166517
76657
669082
128394
497866
118004
877423
164737
287349
723361
816294
171285
762837
196232
908987
826400
63332
728866
197649
701694
995913
964658
148991
142535
473140
744301
630974
422505
505514
776748
921979
78055
798318
357892
569823
140888
491205
958928
826481
475625
714652
260771
831820
144977
749212
9477
273470
610997
294650
944008
583366
158238
969242
507878
999718
205804
70044
94248
794870
585285
791331
212334
466813
32460
269687
531272
504168
583395
607478
627331
170015
494054
266232
286173
104075
946679
727600
920616
786513
735318
193065
272370
580332
949123
83308
829328
727737
729420
109975
127859
787347
853795
680141
689502
216945
964155
159821
814654
70761
736198
185453
909425
416416
239023
669369
926961
441900
140988
833499
355070
787078
495197
287965
375760
273526
468251
251813
218158
507093
704131
215109
412350
114412
42258
724002
695039
355593
364264
510697
562842
726426
757093
93159
625055
57137
807391
720923
477636
222178
19372
993948
474195
26966
118435
873499
315175
554895
761883
22968
58673
969565
494892
889024
741919
409607
62992
462047
206587
470874
766453
398201
852440
996144
668995
241954
266466
338136
191530
842880
289865
780068
853863
721319
714963
960475
959386
207004
885947
116953
664460
212929
297421
676738
89262
119494
901791
579662
899740
856878
934816
877675
277790
303704
774338
538953
975699
202057
216799
84297
24715
762958
182474
570608
229479
249047
713033
624666
861225
284980
858546
948719
722570
2539
215286
867574
460732
624948
966259
421347
753947
641121
256953
630732
613742
732578
178812
762173
419245
514075
852489
536697
10382
848099
562573
24542
456849
940080
296742
528225
67811
990674
548789
249222
349764
440192
102109
820429
420940
965724
712338
83470
444251
823353
776591
87316
524278
493440
244778
384403
898999
15696
936230
720984
773040
106125
308516
11918
340275
897219
864888
517388
534647
656347
666070
41157
759041
191478
201044
215805
403451
251624
401669
348262
559502
889632
954971
162255
527130
14800
86390
526851
554806
296890
859003
624742
742971
807316
971592
40760
976062
523579
399669
391803
442970
949942
34963
885282
927579
30340
777549
500302
363739
800288
649402
570563
971018
385880
284278
304059
695032
680314
103843
939822
953796
253637
282872
373147
197665
165936
814833
382876
148178
407349
984442
98161
400479
676498
677071
360524
189888
845916
932253
254556
441845
769666
378885
946526
177350
302024
388280
560625
873906
423013
484820
344607
886382
160932
535162
869533
8475
341716
822467
922118
963856
585116
391431
188575
37277
126246
944264
970755
785106
630581
907303
790418
822764
993759
206798
843547
253006
967048
799397
7986
437874
781138
480138
874440
156626
546826
930736
167379
113590
641676
572629
630760
152942
608454
510865
816691
389354
500653
18446
936031
890600
624180
790370
168335
217237
860747
703831
176986
859102
949567
435861
971968
722118
204888
757448
211013
730543
736441
191732
478965
354846
392904
93503
787617
548614
351730
502826
136881
184694
577870
77823
919916
783116
713186
111237
57335
782235
999562
339553
712999
593133
409121
317818
107570
630327
346859
867271
540442
642883
184297
253629
807288
674040
345392
668262
778192
314076
243699
490815
515030
333406
691642
144524
216648
693381
303331
647962
880438
97056
413392
419845
365505
358848
647708
673966
724875
303619
906212
897166
592409
294082
895558
758541
936292
524091
971875
261502
964076
545061
728099
456662
729767
33613
407887
805316
111615
27949
967309
708328
434443
354388
512579
575652
872794
792617
923292
870177
26185
119722
645098
821917
226152
986731
833074
232743
987824
573352
599682
181813
932329
471890
619488
612674
889924
895589
169687
393200
803806
129646
743462
786623
501954
983544
608533
948371
952917
484980
833869
470838
818313
130768
46211
893055
971120
284999
437335
127864
219940
106624
475140
976088
959776
435892
472126
831506
402681
73652
297215
504791
346153
782081
76487
809163
226683
199402
558573
504309
160256
852290
416526
957972
676988
98657
840438
616065
887362
932930
505777
650093
949271
823414
256553
311855
597332
516347
630987
14636
739071
837210
527151
590478
420079
189747
247715
986926
254137
221637
289731
35289
795036
759787
517322
83756
868113
690654
719311
143156
843198
23775
244252
772423
643133
199596
691648
612542
743224
752028
345799
184693
552214
444891
423724
620975
658877
908295
288506
677028
511414
758597
859432
295645
885385
88494
261946
800912
192344
243608
5922
527687
914238
418936
222044
542263
606521
911055
551260
29489
689907
114627
983897
421698
688850
517145
180497
89846
451625
704402
194270
252938
400941
876795
776341
683637
242574
658860
831537
905120
57292
769437
263997
117663
735782
330439
677249
159562
28359
930989
223280
418406
777195
705749
178215
240591
854607
444006
897627
123502
783435
846806
43918
256086
76136
665573
761924
769640
604274
270443
338490
140781
986593
197594
732786
470537
820813
746249
850692
982430
900238
914742
271944
381763
360573
811997
277355
231366
335377
404780
203976
652420
770782
871190
420227
351970
570113
733235
458188
818875
741504
30919
547779
404316
474988
606890
439689
891798
922456
211169
849985
129995
254293
322775
417121
114279
944138
513240
765200
451704
630326
716474
659905
233418
211298
735561
595318
326686
782586
475887
462459
561443
429154
223245
452160
223353
628383
464921
230006
388577
861432
540542
68099
356202
810957
567287
550135
262860
705985
263386
17093
282642
396924
169897
133118
565504
292141
789875
88325
690080
334006
314429
301797
242536
957331
613035
374690
341864
587789
481949
482287
600386
668277
395385
41032
380389
7965
742307
122326
598306
947817
919254
778770
455462
234444
666665
933167
534693
953701
632970
956455
513022
310665
170314
129789
968636
416323
400782
98612
534060
998933
523547
401466
469933
769589
813424
101196
371403
412546
408997
577276
351980
246823
599725
397317
502622
932913
632320
269979
981392
359236
915262
655065
201593
515600
778204
198066
884411
49598
851848
895964
205952
381540
664153
860365
362061
318813
372609
486384
134134
754461
819347
575398
967608
708824
903992
607175
456937
997031
963180
146486
843045
682914
645680
233114
841825
407873
814829
186046
12076
771603
650701
274517
681312
90005
376470
364149
847935
864729
773937
51102
95576
361590
406239
15041
9357
590063
392761
608899
116366
774518
1913
892742
312681
827099
751515
304117
183577
119868
390630
195414
543094
869575
845710
283284
238026
918334
578880
531547
881713
251926
466869
627421
293409
729621
928701
822020
21325
466377
134287
10329
146395
899305
587102
361872
796243
48873
257623
313547
609380
28932
893650
728804
5211
166744
800407
480491
144212
724430
28192
913540
517155
166658
405877
952386
414043
667500
674460
15607
108788
633732
591642
153068
856280
989469
524376
496253
904888
223794
711054
549839
592288
432575
832023
74826
376233
798337
607955
451200
221334
883761
990257
795272
10943
866261
701613
998602
323798
309905
318044
592469
188301
598777
779563
647927
143277
781873
269474
800712
682404
974844
632667
164191
568918
207064
148594
686827
285024
592937
125405
411196
626124
386267
635009
770096
235144
297313
396437
99513
908233
163505
586632
562850
939903
537251
493869
456450
298828
348477
998710
812453
588388
923418
526751
688223
80872
555928
39921
652869
492360
59235
277332
638472
717429
828784
743416
760905
63437
980200
397094
642713
326178
336130
680779
320087
594173
695488
902964
43672
41366
77496
502028
732009
762828
959795
173314
723024
42265
409696
467701
869853
245696
28688
47154
88551
890476
310294
777292
689319
702932
66338
914670
139306
770686
67516
462982
926437
801629
60163
975353
63251
991044
293686
916692
464971
828771
707219
393291
989761
416176
660846
424638
440385
64512
725823
298471
573518
98670
467176
454650
944016
145087
616917
110666
933407
599527
66788
195991
239098
108309
468701
608559
616823
581446
42651
519665
26373
466953
140712
503780
565395
456540
66626
24936
114735
526386
358527
498615
991476
897798
802299
930585
552315
819955
999664
108084
675392
757752
863024
702897
395349
968201
397103
63083
822349
181517
354391
135041
926208
444206
601545
356068
310943
285921
565386
812473
728130
982467
217334
983536
576495
80818
429768
174422
162250
469133
640772
808363
792076
799063
665152
879494
612817
130790
543204
585371
258857
54800
708678
721458
138175
869895
178908
330500
997019
398755
577458
76704
590217
920048
233791
357138
800941
293153
947364
400530
315383
165403
803856
745076
981800
434594
570239
418159
576146
510126
532904
981543
283050
35790
230697
555851
707932
506152
328068
866891
521669
864730
101010
510460
450004
314548
977219
350246
730662
634978
624221
173550
892177
610389
184255
806610
741612
552125
335400
390391
316119
16219
990086
636474
816450
959383
516668
117327
689748
287924
444140
738911
793284
554439
274868
542096
576697
814322
381813
894850
375089
286376
514814
550751
820130
374825
796615
507374
461053
671709
396736
121928
643434
442507
193896
510094
708811
362652
20825
19025
326535
713316
53789
92453
676444
310807
22011
630667
779972
908049
5412
672484
147357
213527
22868
749406
842303
765411
775282
804461
741333
48109
788203
71721
515927
87365
854040
999777
169554
931536
850138
120216
322070
484531
11657
917026
458099
621060
201637
31994
956947
227495
623582
875061
163229
724098
297806
40650
861866
779963
192354
503530
614432
610422
179045
172053
177165
21892
576791
709735
819517
286079
408352
256948
173226
741923
357188
322840
15045
894538
704433
547972
189062
350870
631005
695852
644458
848648
78862
454892
503294
394943
52792
996308
179006
104828
528714
414198
896601
933670
43460
879046
473954
521999
401395
470211
703705
728841
913059
374574
311034
23747
618072
783652
810540
993086
412040
930800
723018
671237
730261
838607
129517
208287
249298
246980
910621
877570
540351
659304
238577
724726
681646
563596
757558
200543
927413
129870
751440
315958
895396
537295
82087
881625
112147
249498
107683
73474
345507
637312
435860
516121
975440
817177
687305
735562
322445
563345
607022
193465
203091
941357
904119
440104
706345
590433
99986
836698
276132
537926
336354
70500
219532
366706
286435
11037
20349
449474
991917
42514
801970
286428
471559
152622
177164
716537
286536
820322
12200
465734
202552
858830
275708
104256
849975
947036
558442
833741
212977
637238
75665
842244
911012
111963
611518
490286
196613
577518
286555
242012
683109
281703
344995
696665
494742
357936
958040
814000
591230
607035
479720
913761
19812
838565
64534
402844
911253
636752
444787
449407
701287
45976
484764
120431
899947
278072
7968
30265
741261
911949
82171
529120
834342
260510
309045
94967
453293
712015
414855
443054
843187
904300
956782
655239
715920
102426
292500
917106
926008
547086
377804
981173
834722
921515
664082
905598
106815
480253
249514
106112
335460
635874
591850
548624
527757
10241
593813
734266
31439
382172
466633
138409
401838
733385
138625
104288
738196
12547
87785
424814
724660
399136
952165
87964
86455
901771
107912
840279
343529
865791
541896
676684
414654
534542
205362
591100
277483
188814
941798
24493
123210
711529
940872
444910
291954
626800
552921
413507
122667
684773
864079
785452
945709
218410
442068
97420
427698
36304
108290
460421
792091
297287
519501
189426
479414
623914
946849
845551
480162
832879
460430
861637
832890
700448
268134
532863
831941
564123
230536
800172
10749
785385
972837
698693
112481
912238
77768
286547
890798
351043
173129
419409
810207
275435
180885
746474
187479
15350
97386
989227
734610
164812
381998
685081
613602
780143
543732
289660
821247
35732
979897
16845
957983
252243
524253
129282
247419
801537
513163
478723
641674
826337
127676
244483
644499
763243
731826
398063
227101
89836
368425
379559
402393
869599
297357
886945
458075
11868
134515
782753
348310
701592
911669
328128
703626
80582
474141
555779
135720
378785
357033
234728
750587
673437
499445
542812
798018
802060
725645
317718
523091
947805
727683
710723
526983
24297
358809
922731
31611
770090
949452
400333
383275
9285
80970
487652
588199
350363
237893
918243
988540
55698
748387
454151
32045
438045
713625
419558
207408
512416
588553
414600
861852
723630
66138
278071
440310
874806
28340
442327
287520
555914
474686
362058
633106
877123
48053
440458
489000
863048
823048
108913
563606
146123
450810
970158
927751
181767
932350
772260
11890
766810
587919
68303
701509
884819
818702
587269
997767
525793
420444
748423
217586
425244
248426
910475
182567
598543
812429
846867
448451
873388
439049
407886
355789
110963
196169
591053
909602
884687
617858
640211
973033
71947
667815
171955
799670
66542
601020
434503
524135
710801
895591
804950
130454
566340
649763
132255
9632
266210
133249
444233
56667
24121
838778
847202
247809
70461
732130
703459
537952
159403
646407
754418
146030
644674
8347
530182
251566
79190
859344
66740
397237
843351
287109
179624
594418
718748
496010
151529
644098
674660
792587
58773
931864
724539
716113
304383
237839
780345
694743
166868
501360
265483
615849
695843
152472
118162
723931
802144
279217
982866
842003
954675
877429
975807
766749
117187
26599
509425
878096
724197
578569
37263
924294
19255
675698
814332
49971
736719
993913
203597
79026
774939
876875
847265
894487
300838
346457
579943
492760
802212
145222
62263
612987
750091
921711
491151
261338
375471
850762
744314
983500
134656
403769
387326
308775
690194
819133
479788
244623
316228
270812
377093
640774
820886
420311
347563
972064
627629
146245
517793
367227
364960
929462
785
317373
45185
758453
382449
542397
775252
993220
963360
155270
891039
532662
337696
352694
748154
425020
989261
420170
721171
837520
688636
885470
156393
485282
266736
794980
54140
82091
394994
810068
353496
778186
629600
317099
464287
550277
593909
206414
683575
878622
237928
379643
381187
706255
326841
702404
26797
677129
635940
103486
415298
104244
993129
771305
891821
493231
865145
682888
41924
942589
864187
344741
800564
401321
901214
762859
840442
189365
877529
538028
304161
92854
774461
795208
53398
285495
180392
226527
770196
502999
524794
816811
240672
666409
659757
432930
323122
110703
166196
455834
722660
9187
231129
496049
459096
107825
343147
707706
100639
913876
730416
377686
331088
627362
842553
469014
296720
578187
131573
838353
779251
952276
374720
973304
847736
206401
582819
942182
918749
951298
204590
380209
636685
688765
232877
468501
642494
366029
9141
474343
762074
925295
368747
888379
45419
905557
852100
944941
241174
122510
17629
213511
223270
779472
214231
486303
600302
834658
104738
180938
934820
329974
746788
583445
180987
954284
100847
918466
957377
991625
597778
344943
614838
893929
943228
422866
22858
976247
911923
39101
145969
663451
824527
511555
901249
200479
221106
305725
886033
353149
269319
542710
542616
148738
413589
60406
895467
87068
690613
189159
686662
183559
692727
264521
601014
501739
771539
268490
782421
901885
747323
369784
29510
357035
695099
96868
695712
740719
229145
595996
481533
125250
338964
527690
745243
459930
746075
181836
74844
317226
298209
300417
602312
26716
357427
506077
419809
838518
981931
648071
594772
978682
633511
958864
630213
668229
190881
353697
33888
844517
617817
237628
84438
68964
695668
795904
895989
884716
364378
519144
271741
848658
215587
379201
644796
455516
747386
363917
987986
596559
527706
711104
921235
448502
152267
632512
619490
133409
311966
177679
471665
354901
297988
634041
290673
509925
403318
320541
855999
363778
44221
617420
727265
152058
901205
758011
787639
702904
276883
344718
336339
848676
467547
747298
161481
951041
64282
910353
856363
274791
540228
970419
890419
757224
778778
467460
419563
99566
179037
907613
271975
244753
525134
869118
688266
713866
323344
146316
373768
490289
260595
646202
356189
368592
538025
513974
586066
44356
204587
821496
370922
817742
135862
628878
298532
800698
264866
601851
850818
521786
942407
939635
534202
977695
778840
968446
321866
39361
342402
877519
371968
522664
807254
699547
377435
729732
461074
262285
410970
222680
838942
962207
267209
299392
15551
955231
383867
622526
966510
959195
273269
297399
22644
544582
51582
731591
505808
732182
344921
162743
86650
977541
893037
454621
243008
840611
