237581
824322
689177
600317
808830
867130
647568
260971
90252
387054
212409
608525
229159
991841
727015
648376
534672
497761
865780
263148
746562
294999
950799
226268
794578
553906
929652
842343
938016
481951
554244
202490
742794
548899
310891
43439
504963
873251
152611
137535
440548
537726
264978
964203
104833
504600
964106
364977
101379
881306
852420
689830
733561
860812
94428
320634
508719
700199
130269
957385
590663
803355
809300
99922
743099
401942
305946
20977
576650
500521
625936
650962
413198
399940
858782
764651
465791
274529
785896
932254
67828
185128
466496
816581
46595
340512
678256
310187
915048
10552
569859
251292
592856
249319
652728
229482
240177
979762
405019
161536
606620
88511
677675
702552
398524
29542
500566
476366
346857
93327
581223
152455
708808
36963
343688
288180
718271
679818
890213
243259
562496
99425
478165
324534
415887
964231
189873
190736
280579
381089
555311
856532
625915
34165
733220
644340
669246
913641
693503
989850
691018
715320
510639
362345
140173
348434
678737
661800
784715
69963
885881
29500
651871
924487
402684
657353
769622
170772
430334
449566
864735
303117
808866
911513
851352
300145
626134
759614
962350
779915
566353
334242
434301
264347
279886
546426
35491
419139
848025
622834
473242
344097
837506
833097
833929
440718
148160
142756
480765
812154
465419
938506
714251
593032
573066
692388
914136
796104
979154
619885
9712
124974
511385
964675
19904
871316
349725
158885
253581
629102
483794
741991
710199
394930
902666
123041
273498
710173
12305
680033
625171
820112
720802
577075
569160
117851
644702
54921
143980
979505
152143
555069
367923
901823
840009
821739
50487
787591
924129
844366
589362
265687
726735
258074
265569
454779
804919
94834
832821
308106
794242
398370
607686
814876
499902
311821
203686
431241
699027
973559
685375
606038
539458
489928
762081
619090
242689
989421
348122
112348
372995
301422
704439
642757
723229
538987
298316
89001
975984
492975
483252
419533
802391
744404
54857
691617
292660
509911
23568
140940
829475
186325
547252
809490
999094
106458
636251
251479
340802
304881
373915
694836
393218
344763
207651
130984
113141
70397
681258
329083
800668
475660
866901
743626
970173
287437
154234
461107
920642
339300
922459
339857
750491
698675
288154
103299
588425
419005
911650
115132
314795
702481
312374
164751
768644
506171
351133
694028
780128
549232
335952
859558
466937
734764
577840
672240
284142
33602
735763
148835
514387
787396
168450
431965
15438
281189
666595
935321
863295
820541
781399
963115
670505
689748
368506
983232
446373
107223
280391
370511
115555
755326
264810
724008
937687
577267
690087
45496
706079
29201
878977
482915
570908
202085
378439
297625
20706
349126
274402
111674
919470
386483
760571
7646
858186
646727
282662
367303
700201
163183
206888
478445
316389
430258
222640
223755
737991
306727
611638
228262
795374
910452
720684
769208
619592
850863
892331
844072
486102
342003
960430
88144
814790
177396
313962
457141
247469
354059
563357
194109
467773
703572
828190
812120
683950
917784
778652
324646
632479
829274
276719
789334
780091
732527
668158
178740
745481
291124
244811
633246
123701
656248
469788
646165
622439
820705
762534
819222
497076
599870
570129
334977
92791
229225
50287
738565
127546
23202
334214
561484
255046
418382
149819
751956
354894
187082
353217
864207
904140
980600
970644
957412
773133
470297
11782
139005
249572
84646
762889
729681
761680
899527
407382
209410
900207
252042
108997
102912
741326
550347
443967
383543
650958
493651
630149
145042
651312
26947
897365
404954
53866
971546
395674
684303
671288
599398
611084
66142
474981
454496
685197
387057
132094
661242
511805
422413
191484
840622
462934
288189
246943
763934
736516
4962
315854
153517
725984
835675
118056
894835
594775
318317
846256
208067
725903
620863
18461
93803
831288
718855
593489
522965
313978
24458
530477
559436
387452
50052
605597
771005
433930
621964
394104
819237
767397
702748
320247
22022
870625
351439
782924
543437
989304
280542
161590
888776
902900
398374
747972
513590
191326
955641
550016
526826
624707
186544
96433
219907
785705
424526
841235
138742
244959
363481
935754
485349
39823
479917
730191
58925
663676
302957
911480
356547
952242
130581
767221
690484
884460
161218
486251
729156
978846
728594
450678
912034
763189
810457
787411
720934
423835
713862
859678
753227
453758
167021
48928
615898
917451
509309
702520
624747
332194
30534
610765
735192
952618
416295
944185
772991
252921
349704
21545
636672
488181
637436
670052
961415
816378
401142
567108
922095
923190
870560
171709
754224
129548
107483
423007
725494
689350
953356
802744
392337
68358
921200
627389
733440
366650
860835
553841
648183
103156
394465
169027
988628
667980
965043
357335
854108
657266
531337
738462
366428
889207
196341
986387
551882
185789
535903
49927
268610
624457
403892
533323
889066
810213
484665
717613
925784
872708
46518
108183
274440
188888
626975
172716
65745
623548
29441
60003
563668
443329
608122
102446
389511
50848
666383
472160
154715
879779
978047
795638
265351
980918
126812
816793
391141
647738
331505
630955
329524
49675
135829
561270
545311
571337
14916
220123
917525
712785
991445
356225
471552
833435
159374
499872
693950
761784
727045
576094
126705
901893
569450
529409
857105
94405
288736
800066
521956
241808
458471
599922
896643
978462
367815
758862
481900
72617
828698
879514
454162
209545
487175
875157
267020
806374
486017
773285
557545
438837
48648
426450
888222
489007
673945
524305
419695
993175
854244
758296
181658
160188
932992
160278
900740
389666
497913
836639
118208
934578
470144
410939
110894
919224
574916
223535
149220
566262
545320
379865
429118
660418
338775
443826
611035
78692
560250
148232
925009
916384
468404
379129
602449
73317
762787
892344
171899
540314
563421
933043
188962
937832
519520
520334
533537
665956
950213
232596
126064
319732
867640
895227
785254
390513
698597
262174
673812
625366
425893
317132
552206
991976
604395
945130
32503
33458
801662
344285
931643
795025
144409
720388
692195
540062
585190
503467
166384
137057
739422
528167
10621
181092
361819
843612
531730
164744
841261
285770
426713
700045
301557
542988
492276
287180
565572
846862
419506
229252
101289
681457
880258
760449
216048
151657
195805
921190
228261
109222
303181
81069
444821
653344
829607
599802
238639
478787
821670
142657
187284
601966
119484
322708
28316
422980
693332
461594
55065
804720
645162
246419
688409
279065
107641
759451
617806
143182
554006
342815
892415
839311
685326
280207
528806
816616
938656
730307
258637
795281
111950
393838
531326
288332
275131
492863
168055
653887
49665
24133
631144
96450
617104
285662
49173
53843
320336
791010
691460
385324
540307
106377
348530
226055
446516
904089
918072
654851
758462
973617
585651
567362
667826
580910
958258
477915
649384
775972
221166
932245
344044
46165
719971
146330
850562
203332
596526
401288
761415
603649
602855
866504
568234
266808
918354
858562
766870
915793
715760
852097
390767
594381
481056
474653
865667
164809
292031
402586
625739
235096
419545
378400
277963
73287
30942
706748
439393
357202
96819
132619
479758
469260
971248
81611
471437
704584
181923
321779
128846
671548
197959
356685
585376
407213
597022
924828
845069
479722
138785
957173
63805
708852
27057
784378
781784
768747
911861
588150
832788
329066
719194
714067
8366
38062
245527
259395
180885
843886
593712
885506
929203
22561
732768
820468
961090
471567
205389
222415
740051
962814
604292
856855
260057
710444
962295
770794
68594
743543
740695
923402
762032
773632
122175
495894
637373
314718
269140
230476
11700
796627
884173
524821
616489
28370
569136
728047
443606
764280
16674
829167
79930
498888
747625
715004
46924
635711
615010
830295
282027
85725
228990
1757
881231
106758
273560
509630
20795
40450
713311
822545
685180
906962
358395
414198
78724
477526
990481
71033
297607
899622
141936
302204
296662
44497
95173
337265
5979
977199
155129
83239
584217
957243
66454
759786
796903
2472
230193
185181
174863
995389
122300
125961
189
443868
533922
520719
71970
845470
122941
22583
1288
747517
873402
714071
166912
693684
430822
725913
811700
594037
152098
874193
379534
654737
874134
624514
664246
273444
142092
472109
545770
737128
876262
908802
565428
782713
285864
679647
222168
213578
948980
421152
411223
949192
205774
288502
850495
625704
807137
897641
432607
692187
559679
637689
728582
368044
929028
246341
568950
707781
427024
375155
524575
312872
295483
778872
291232
963530
569571
888223
346981
127009
958317
798982
519346
565437
97674
70059
967980
847557
218876
570381
582406
506077
827648
70918
994923
583146
125072
503726
648877
866578
702070
952280
676481
138596
958135
952691
235763
414747
361024
17416
720440
788786
599299
850734
14175
832141
161029
38923
774050
974906
903287
999767
81727
379373
427238
883504
121237
116106
60248
929857
38576
614713
136057
693151
559767
800128
345723
271568
286893
239012
952560
67047
201763
747195
824198
34852
982055
22466
252901
684222
182562
521688
642343
34085
143395
552726
558046
27360
203222
470506
842073
772695
758617
951516
120583
752893
766881
269076
576077
390665
105437
913256
459153
847968
761071
659308
755060
339878
478815
937475
88797
256341
400927
156169
336115
726373
366963
236051
997208
193824
646510
332292
661296
729460
2444
162235
358930
724966
809596
684418
161130
19813
739357
303495
566321
146107
954158
604023
620955
340717
414682
862268
521700
819174
504621
395045
5187
959879
419650
913994
467489
984245
64934
469710
938005
427629
985387
376172
483170
759791
856475
283796
294054
692448
66960
18401
846462
246565
713636
289928
52898
145652
375538
666334
895602
419657
887648
518950
596306
593441
962009
132840
701608
253289
79304
184527
681763
34784
597011
148949
737438
614487
716972
680881
60324
809818
97463
873406
849889
734951
585580
975043
737090
22570
931328
783582
463494
568051
796822
527454
627010
424015
804981
382612
700331
473391
163375
615489
560961
573602
49794
801482
917698
88875
777405
674310
317094
4294
342209
506892
344831
881076
124751
691338
565555
84947
736790
867469
361580
965736
451988
334467
906976
177738
732373
87156
151717
241165
236253
898335
946857
369057
667726
956186
156297
839858
492453
640053
390171
914623
637456
865032
897620
118184
835374
601745
315821
478365
257018
791008
103530
613006
283759
455418
683620
517969
694312
479186
541971
536035
782992
370028
105779
560991
175901
109241
175293
545776
744646
316626
684167
801162
392451
904671
25925
293384
721268
968420
204383
944832
599923
184925
963708
710420
982778
665777
266134
609995
269858
162302
128779
103734
417415
930913
807024
374972
359954
917937
826092
852950
384149
52759
715170
576752
352562
5952
638637
824292
677364
278876
516019
823816
295868
63315
90469
697914
173626
140881
611993
541394
397512
66446
591921
736091
286625
85975
349809
152523
214649
924853
357705
439274
990808
430582
472218
676337
465565
512464
338744
18312
508416
684452
564010
523355
868069
457750
766636
609984
662256
859361
885003
409759
842549
240839
621677
108222
499375
940842
415907
113529
843016
439890
622047
401287
684547
316274
678706
324639
62449
763791
327573
378181
393080
910259
203518
669253
555492
548943
971563
419188
808853
440441
362398
672022
467158
576880
945878
602004
593096
786628
303890
322281
650927
568978
170753
214428
844535
597927
402689
769484
390917
244939
844078
860069
165566
31189
504669
308574
134841
588067
385379
100416
365718
480528
496824
791087
293852
219598
692262
147013
754636
175455
366416
464146
281259
690782
837282
952308
789162
511833
516111
160120
550788
83850
569370
614180
885583
732782
867618
285752
150845
671287
87829
184199
111850
669236
525933
539341
833642
29206
363279
873518
249993
742791
139887
225045
514885
286548
65367
682779
200589
487852
482035
672930
390244
162289
222647
591197
824870
540279
837880
709126
601560
285251
397255
158173
898314
207236
410298
667025
205264
922505
434730
571424
666818
565487
844333
530497
490847
980857
344878
746132
28130
850125
371103
891736
305601
923806
212133
158093
369757
605119
736416
811714
610641
2369
99681
156241
446346
244131
116423
785294
823520
309992
374319
325391
573800
583233
222381
189411
391325
531818
956540
26618
885329
291005
896400
385830
537474
796047
666102
902243
293379
437575
160984
426749
866380
661141
511746
907763
345081
199033
613566
531395
818328
243484
763775
306741
252088
752306
949301
164389
422526
185359
349574
792753
113965
593829
997077
661217
577912
799799
577392
627305
965926
937622
79787
49879
301202
770176
74496
556595
506231
35568
24095
230184
968025
86842
534242
70518
861347
901312
34718
963998
317133
969635
667027
809125
684139
862946
980748
299177
921275
686850
714085
829701
396785
569022
154963
73110
288113
839537
487917
40815
82366
443984
20792
307343
724830
457585
475333
931477
73396
966253
936316
691551
880041
422162
30224
611380
614963
270074
569888
586211
694690
415328
453011
310676
827342
667265
54730
538303
856350
617569
927678
691825
498999
549180
573766
367132
62283
925254
863706
819551
861881
885417
108454
749704
521180
276770
154806
763573
279655
774969
780059
900122
673910
560337
907958
835081
158011
234839
658665
501940
767865
630941
245829
901167
372008
362298
333828
15025
742742
496160
916482
237584
853898
207211
891866
219894
497362
909282
740127
444868
700699
348671
337669
327192
258349
615435
167166
523624
583566
688606
474929
814082
556483
877422
336217
378361
896078
532639
902621
863755
475180
780411
847113
148716
152221
539159
742387
407432
454466
647860
338066
271273
65419
657528
306834
577762
985537
652641
711437
639778
363971
864022
272975
410571
87977
265442
684898
861563
916299
59439
224489
743056
387376
76895
154304
16823
910324
967184
713057
52017
993119
525188
509616
279084
71920
534980
250727
343554
388782
688869
789463
64286
560791
256140
200614
405738
346727
307278
851100
134961
637252
417554
899370
128778
826812
238149
46258
126874
326733
548372
731096
298718
392877
49425
477603
637115
760879
130131
270999
227490
61243
210030
24179
411447
267806
602523
674043
40460
558701
128918
351408
719618
989635
783696
704107
636645
491215
714034
419553
49136
944581
767973
142560
104992
836497
257048
748722
686518
796674
158325
932368
293374
657202
363726
95655
497174
754272
214961
871464
464823
521271
228417
367039
944853
863258
499564
232670
60472
746837
248728
738616
673955
401145
946872
23992
908610
368446
91869
509241
302148
765792
586212
232094
875568
833958
774807
181112
705958
246532
750757
961441
535017
692296
947513
126768
81610
291065
685509
887582
565093
551435
538684
3211
27383
930949
88042
635315
736453
630549
477149
546201
874767
566090
8062
517522
573630
617344
376676
646256
572986
964225
637189
4851
908446
958751
298178
519074
280394
592328
905032
876525
885146
275128
668459
682583
657788
817397
240660
995611
580101
863896
326771
897193
225395
702502
20276
533202
227227
87163
13618
580695
968841
174986
789198
948360
686313
246835
230885
70755
869110
481354
897368
877765
123984
431562
713950
306158
356718
864338
107165
528769
225208
202525
410972
22309
112250
821085
913996
512241
861985
416955
596431
868212
191829
260420
739614
597948
869143
794625
755016
980641
370562
822778
95267
847303
310287
813693
300084
857313
338938
191169
530114
621837
549477
441742
699726
170262
135358
656557
773105
859011
495844
740601
323278
111222
915229
267866
330609
964431
321854
109804
457274
651050
250539
978257
177096
394303
836339
139954
112844
309281
867320
848618
393455
283613
656573
614881
285286
820253
772858
885994
502547
489709
816207
795731
852358
927441
535379
444326
352038
218235
291323
45741
991170
613842
861969
696786
42196
624838
425498
3827
603495
745045
566816
966421
54405
483018
357080
405627
442171
48454
314345
143557
369149
793247
11967
229454
250033
297291
147972
700759
996663
516698
874853
220734
943057
341496
239013
970053
66994
334255
257484
756723
709941
793741
248869
261634
378370
214560
666278
490037
483136
705260
123007
655675
307241
95133
258979
469424
548971
8682
74211
86073
203024
754459
178542
961158
263176
356852
378449
144630
151869
436414
266087
722952
531738
734934
543389
193226
899725
968036
683768
322735
252456
307992
836738
606688
224107
247170
232518
100717
167223
932724
84729
9741
902640
140837
917422
706614
740060
414790
742951
576033
508967
207734
596304
776539
740460
524186
406808
865118
281626
284652
503368
918347
865215
537237
110979
398989
747719
610934
639417
772889
957817
456729
558473
552340
86012
381678
821827
843386
315668
347265
820008
860585
293970
380537
717855
508991
847706
890541
162063
635018
315207
614252
455971
198178
489994
353638
562938
889332
589391
828281
244469
451936
794193
124882
394098
762152
508185
13546
839094
391250
236709
9351
387312
327221
652305
374449
284226
499748
471114
133524
755825
68378
507306
133308
255158
66830
291404
379191
851935
481413
629476
723194
566857
448386
55779
976144
35705
229236
135895
213820
36439
602159
985214
654778
520525
357239
642370
199311
417168
898377
710062
211680
66325
309640
283025
780123
245449
294239
570680
124334
688604
531159
387587
248797
166622
21057
982822
308438
764961
243649
534770
100753
660151
566531
427086
736950
235489
879636
183560
491715
810135
961293
981369
351287
142676
440164
140242
296537
850184
60080
112474
288498
634266
406947
319491
88460
944886
105745
748993
834333
809539
215925
177408
429863
223016
885401
477462
498301
379968
49406
921399
906477
621761
942976
5890
212126
535978
261052
163020
411815
528298
954867
538048
841089
666048
169162
670458
653314
522984
149062
940462
655435
435659
548043
432845
528243
686974
869824
800941
943591
320150
110970
352220
700861
574148
346240
154781
246337
690180
455220
630575
257363
974370
971179
129290
803719
89650
942452
863663
262903
658743
490645
471526
360399
402672
774650
286847
296022
207175
778346
10208
650615
397523
434648
46209
952142
172378
793422
666173
220517
751366
70043
923155
630974
224031
968066
355215
357382
345815
857335
623643
301644
980035
634697
621123
380635
75022
908013
71440
555460
179635
879612
512396
992331
325137
993947
339739
259892
486490
192573
925728
859976
141789
547295
142137
643951
433454
847270
30351
278669
783425
463691
566410
264918
521773
7785
85370
491340
670214
61228
990462
337856
466958
723901
58196
333996
472159
867892
983121
845280
518880
376127
211672
460760
495544
955817
887075
886265
490795
666911
456635
338109
545767
261313
998724
888873
272269
496504
964129
167959
56279
914474
73837
73734
43334
761657
86503
75336
290072
262374
928972
74163
125304
192620
590098
239666
265623
940205
661152
523858
75057
759432
396632
301547
781198
795750
565750
825158
714324
345071
957140
634777
575794
927684
338199
538561
887599
710011
257716
87253
962865
679270
809650
846943
59890
253274
629186
943790
541247
209290
304438
8883
608491
172342
38258
43889
535965
844864
519596
567256
675579
628098
407932
892404
209270
40046
837170
442214
236911
298647
848873
479085
141230
367852
545237
33721
674730
157127
700030
169641
215227
866961
276113
131715
137257
515494
485763
519910
359041
547041
494425
90442
621370
345056
776224
982720
907622
430950
579107
543551
368366
557610
817414
392254
254536
82972
131064
590177
497395
989991
304219
917538
108613
342882
952620
515056
805239
236265
264509
577295
16777
803749
197104
593471
23762
165900
720067
344365
28986
898194
399748
757760
310645
303431
43683
778472
702545
381841
578446
646225
370133
341682
368133
106709
787914
589046
103407
596160
806028
422114
311501
263101
662527
593256
229001
425077
603815
767650
985363
39425
543152
970422
943087
482219
585164
71108
105650
560228
102747
366050
179645
378088
374610
649217
502959
916134
488517
605193
692909
825882
128208
919750
118898
353824
861417
30974
368442
360322
278196
549834
597887
99697
271212
681115
22792
549607
332184
533160
424864
102366
691181
188584
26365
165324
65442
908224
903169
969596
592544
861999
149475
915359
214160
46009
627687
927032
946750
656835
986770
818365
769219
262849
978953
614746
588443
454130
974573
619810
257295
440746
155571
987893
191693
425890
72836
357762
390660
587665
801445
809941
611280
145179
980459
533411
269248
21232
249151
525910
698886
182928
833032
352842
599248
759987
594335
131432
99611
296315
20760
270489
853784
460867
370029
271579
823526
371505
173991
940446
805301
469906
335106
768226
664107
43098
722894
840386
705433
424223
674129
675844
335177
767264
263738
120297
33164
688877
207662
435189
15884
432240
307794
364029
165757
907220
648948
6282
397842
439836
929578
87825
879195
546587
640232
183427
794656
537395
990119
390938
901531
762712
151204
794370
440719
13229
94533
344340
216942
99475
800187
932727
571193
300120
219556
978776
552268
3457
920282
994196
230782
903850
536810
429553
515774
179686
15290
970412
990015
727164
148077
573018
210895
55066
162675
627130
749757
707771
670455
914976
173017
226868
69918
973661
540218
85873
199431
689781
732115
481721
27399
155253
164863
442750
324488
29828
606565
448493
924372
225345
918070
573324
562524
445811
379166
737596
549271
216811
89793
10645
690795
107906
501772
242170
429794
977072
642646
759029
861060
557031
92650
388286
721339
398049
602819
519879
866254
236418
233991
904542
508995
465439
868321
977213
435815
446877
535026
679047
387522
753472
480868
71250
69025
953677
209252
564651
881950
819055
355419
149123
103622
750701
667330
904727
441049
810212
904225
127117
184964
428941
555302
576211
770732
555622
619086
869586
489531
490305
579153
390989
347200
337813
850019
257608
329960
612525
873652
920357
481434
246394
805448
237816
422811
388619
261309
193688
96788
222984
750714
648740
153632
641912
562005
451584
989589
303248
725526
315590
953902
384512
792018
791655
141111
638868
420710
596374
943077
191165
98652
265839
347954
639532
532452
707973
529897
90786
744020
807504
621258
14299
856236
978713
809664
532569
235906
165233
287116
266408
170101
393770
685115
300606
881520
933623
851833
852280
843963
208798
135140
68937
620474
281261
95620
952816
701100
380423
217958
969896
784165
637038
418308
866889
626666
7230
668944
163391
644415
543475
446539
368363
983989
639881
111434
439020
937875
300789
358046
486763
504153
756566
760950
299548
892905
456765
565602
163603
179861
120068
942427
91735
139043
28980
822213
430249
997186
275970
125552
666039
428771
403144
191541
79725
28274
249727
620715
916706
812324
671569
452625
793256
476113
745646
14784
247087
361101
620130
972492
734948
504692
275708
893537
911001
64365
266585
45817
853993
680031
571197
40916
337245
912669
828532
662426
229565
986992
589348
669059
162974
728835
940338
326297
181339
656564
70636
54307
837787
890115
361207
195637
257852
868873
460413
385896
171193
653654
730384
393385
187125
359578
535646
579353
918960
298201
278109
707842
190877
958240
835433
380422
776648
734320
160996
294505
451546
241692
288744
81084
764919
305288
669257
461942
670011
580722
626096
794163
188572
355427
822768
540324
961623
908457
744272
443327
44175
705223
440376
836678
828261
597530
582803
996250
237803
121959
240414
452656
314219
650851
591231
746169
268620
253744
688061
978499
905056
353647
224445
777991
324966
401878
749734
987047
213520
437947
782838
976979
828807
95827
450889
891996
359721
399059
796190
875351
813280
711275
110022
993113
429870
943699
986237
147099
927616
749047
67508
791513
851221
948599
242802
165012
522942
220382
169069
889961
657488
405430
708678
444705
200664
369930
952179
951046
61456
948161
928073
745968
561078
104313
150518
144709
433070
766470
778019
854975
804253
116234
281669
250350
693930
621339
717921
855125
681356
607773
214851
784637
165405
901543
782642
9905
897035
999817
86295
53713
805706
555153
192525
458706
469958
431510
520492
768337
989697
518603
943400
498020
36472
909051
128933
532729
518522
593230
962280
431842
632170
312925
801488
747101
518159
824541
940565
800247
316473
796441
199533
401468
903022
336916
564825
331407
72638
793486
231412
285885
844502
192874
327609
613774
669995
92730
876264
259673
81154
306433
111116
350526
467025
160067
919105
1917
360129
125074
178109
595191
103385
795116
670572
101810
307117
404043
884381
353358
241288
436681
340438
847153
517872
725644
644321
860774
3066
171350
233362
588874
285244
261758
15144
52661
452256
594871
4326
577558
358287
55903
218736
328341
12297
199569
316166
340996
766683
768501
556837
968262
686766
843001
457658
286614
852222
184584
708386
105323
877667
940512
55771
788747
412241
611419
672151
668983
579681
147712
80291
532395
218782
778303
274105
122199
363894
563780
331039
444472
919501
988728
910323
850551
114952
615073
999487
517805
668443
17265
431242
94961
503732
298572
626304
99947
778693
468677
261834
281829
245272
371450
734579
899605
441225
289038
627478
298141
319492
357664
607885
838173
613718
866770
546151
281652
126162
733
204551
879401
754188
708640
350825
398910
710815
557141
218495
757579
61029
758359
173051
229337
385979
435442
210815
331645
487574
451082
360173
373899
211429
712676
608178
164192
459416
592382
740452
250322
55929
145585
766650
886103
2214
448924
571158
758702
121790
968625
354167
111367
695871
747264
233274
386068
892929
824545
768276
528855
324143
809374
969822
910344
111153
58307
932349
517246
83175
333745
769813
146752
686890
242968
811666
117509
787204
352461
351963
849840
654808
10391
799340
556904
748458
229168
434636
163594
934611
938179
797104
910864
98629
500666
950481
520564
947942
642468
17843
304693
210418
743979
936605
129176
994992
730883
672333
975986
7670
371215
260003
899141
775365
884659
652975
146569
904556
530988
615872
204104
215110
580600
503796
9617
970460
635283
999557
851656
979951
525010
69314
654021
353377
703034
325127
281115
225134
258031
905738
120937
512545
82836
843212
450729
407976
831294
953196
158141
220135
188605
368645
409949
667799
721462
620530
835451
463291
333968
687199
697254
760435
817228
846769
641916
493438
952780
305447
806043
873301
120973
330186
908444
88411
944450
61635
210943
373935
99419
844382
889887
28721
123177
683884
904132
828758
258450
641107
645717
492595
871624
320459
150304
564610
601942
955542
529228
28784
621937
809774
798302
36663
626449
433720
237258
339053
969904
865
749255
268209
29881
432492
636292
194035
583552
787797
508804
218243
752174
630540
272007
209584
1496
143652
225272
434351
350130
32171
363429
373056
900163
59435
810385
818762
64623
442157
198684
812189
145915
716126
646799
636244
812854
563648
87240
498557
145922
940140
893449
405657
868525
227646
820675
147680
419457
573652
605015
575171
403106
296874
154947
43322
840639
838192
325810
527381
545695
590438
692414
232192
191442
636510
712812
261571
284965
300326
130850
991673
921965
392333
340358
739678
444230
431843
944227
447352
241965
443190
300694
437302
350794
675594
56163
999438
77394
598325
814587
465657
466243
60588
36606
932077
590590
475659
887504
447732
701208
848762
304214
972880
373065
159393
798508
35958
934723
320776
108478
3085
152193
659104
689757
668713
98206
103830
41229
300363
661917
67611
582106
751646
7905
91353
433598
944703
298706
124394
843514
991439
431425
422245
430830
781339
701897
25436
605824
201541
548699
703626
717076
138433
64205
748537
384303
1032
912043
545326
919414
472238
522525
103813
557585
570140
685712
943149
885826
35759
745023
119412
388105
779514
618414
988164
423414
692360
420021
399802
200829
710822
200598
881092
313563
447263
619685
555700
406626
34785
677459
922436
961950
22804
997471
24375
473647
306300
529765
370151
184840
477963
362301
964410
251428
776765
666950
928829
903829
193492
196050
514256
784297
774155
482460
805522
42507
940186
345205
394374
993872
459582
846909
41463
438648
925366
210953
310526
812365
231503
151158
946009
237968
563909
92930
267645
113019
908214
26549
175752
959214
599408
577847
162395
385831
302348
107320
842299
912818
955995
452805
320331
972487
957081
407550
288590
149885
922821
418314
990765
406618
951531
594165
161941
153598
501808
662948
328061
535218
864032
603160
912307
265469
814231
936911
10430
873492
445326
702792
864519
380724
650318
691145
965847
262594
415248
580351
626725
532873
939811
850463
169172
883959
210811
894728
640308
455000
565448
36390
41905
468803
129441
260372
769287
390356
157870
911817
564161
159010
270527
451161
410474
216983
116489
812038
868719
497032
138154
404542
535270
898930
100906
675863
985865
843252
905840
733695
468185
624763
670772
381073
329802
189021
751428
852980
513247
2150
991358
320956
881868
86856
60449
392549
478548
568150
156658
631079
714152
918622
937553
86855
799875
420172
188415
211348
131536
426866
424418
49080
170833
847335
258298
509477
261607
519885
329332
112457
5994
771927
782795
39584
216740
966340
686623
73129
431532
275682
477965
575247
818418
727959
23595
707566
821862
855456
558725
203426
286708
314524
584146
573726
182420
275006
528053
716193
13071
785392
833674
235337
889833
587760
626240
289591
499394
255995
276897
287092
387332
896811
714242
831073
140804
729222
470258
108814
325986
368486
680810
594698
48557
710628
715051
993514
92601
540226
309107
258539
974763
74751
539830
469791
513863
317041
612336
88487
202726
735127
709334
672590
107802
551774
635688
244138
970167
420980
232631
962105
984822
216598
266546
287698
153115
914171
836976
201297
482050
932758
940220
346468
396266
726043
280862
109063
506918
540319
921185
615841
698482
758273
49512
857753
231180
1568
374889
496725
200635
173194
866714
87590
15259
645815
679688
93603
855628
917913
780939
692847
911351
528384
218713
511596
450035
796068
831891
963293
913506
763451
777270
48954
201276
841867
510360
252168
578598
584239
738169
12344
272973
933199
262855
854103
741808
748285
389786
469838
19590
391812
316329
551480
659256
469406
714766
836744
655342
360084
502958
749722
58347
578660
600940
497585
877565
736343
748999
284072
284389
830186
615329
578936
534720
963735
52628
802304
932293
795737
645483
823168
776151
354784
567801
844511
82902
98851
587130
825845
91195
267398
348276
496103
297921
864247
168396
735853
1960
970338
103376
227792
540525
271910
836030
147572
489799
949196
860737
901296
130121
6643
559033
869793
748326
192672
597815
23326
509926
266211
209639
273161
778804
56470
895565
190613
626896
977456
605104
518014
665933
973929
324512
508263
220168
597800
539852
398787
310813
811310
976068
34833
90276
308631
615601
313293
223004
871870
920465
49256
580445
287636
503863
162733
279949
105907
891261
302862
856505
608073
769560
441913
647447
930647
170025
536129
238615
901050
375749
438426
43336
713230
356957
852327
113348
625788
458517
126711
764440
70584
487284
236501
142254
801802
474971
27977
4206
565518
219035
196528
702920
849944
131793
583330
105232
947833
61097
198225
606652
457949
941590
312474
828401
148410
861595
768334
427714
672220
185703
806234
512670
565486
528077
169630
795457
547624
644639
930076
27529
124995
375480
707930
27620
20854
44757
935567
542309
217690
149015
442086
344266
373785
395151
696729
894467
182886
916799
103003
571814
398022
887419
235083
808789
460337
326523
411378
783546
433762
952894
277849
799041
569316
751221
792802
859987
605134
62576
99363
770652
367470
369990
957587
911079
817744
982529
174051
388018
347
446221
932883
843360
264483
112305
927884
764206
219918
628439
791459
825223
440751
307397
193802
293284
550172
445158
537101
776325
154779
195380
341746
889165
246725
617368
979407
384663
771258
580485
488928
701555
792620
965943
273145
404576
67678
918736
96048
82431
738368
178896
847759
337186
618828
192137
269818
955925
952269
246817
773709
536175
549438
533768
219160
512198
528329
900993
516911
807090
553788
893255
682956
223991
921274
849184
938943
216220
415957
201999
192430
856711
498315
280529
501770
68291
83912
301169
307001
469201
861313
793453
747416
442164
638483
392907
490685
516234
580096
998193
603047
389793
316651
146692
81030
982019
968136
853788
159025
43258
411605
586555
760070
80236
746784
70695
473423
373466
101118
541751
927258
855645
872805
435710
855376
82593
238151
423376
265550
130510
71449
99463
295964
837319
957448
944182
453214
847251
231260
474393
757895
48231
775491
13199
765456
919630
180629
924109
335724
310364
258582
786250
443001
952745
332623
281917
155227
543907
613104
809975
812704
874376
699389
802703
961938
112345
476054
533354
165620
206602
873193
694323
496058
236708
993361
980587
816928
381801
946975
749091
934833
270182
660429
39527
116543
341350
972515
883923
702510
91174
386519
388628
807254
815678
365428
300890
421612
708085
842931
85356
888941
903266
927968
522176
655343
180738
958569
976852
838545
341532
635268
538180
469529
620290
458785
549274
74718
18585
123609
495785
113802
204315
729065
516266
729770
403779
349486
301221
636052
562862
280385
623201
318206
244040
56619
238796
759877
765692
649991
999780
216917
9083
325208
472572
282034
7643
61436
228012
768180
318905
848940
910333
78857
527030
336640
567116
338223
884720
265847
359190
17179
29795
991352
88135
800412
750394
359047
147216
814680
963576
925934
464551
934688
754417
699501
943281
676168
903261
716114
309945
503986
860167
692123
355628
157872
997556
342690
332125
833053
621782
84919
881425
810694
365507
361946
14339
106080
567344
623924
773045
896531
181548
424056
990156
918489
986894
731021
770411
490515
202941
351038
657707
501507
472814
701582
428091
675262
827099
428962
909695
537100
990348
394174
201233
398089
712533
234490
287856
694034
574162
49626
6579
772644
633171
223527
570943
692726
298502
703508
597684
766019
884366
511439
177697
66834
452021
410567
202430
299877
448007
343390
607135
851908
757379
285230
430705
888548
84928
690964
854838
871087
752585
53786
813357
185695
709259
983221
437353
397883
424398
230113
984465
961998
192880
388736
725762
253659
80529
811154
347878
451549
326073
668509
133114
646695
665297
420981
175093
268603
328043
188552
879389
244115
756558
484773
433181
234885
584621
814260
587694
982040
625961
95736
420808
560389
181497
195085
117035
220766
9538
34366
577149
310665
952517
78217
219406
224478
448672
240097
460019
403758
685043
99344
541522
314397
782103
128046
994238
730056
150341
666038
385940
270083
735555
6355
536110
493737
344137
691308
278198
75662
842897
421138
33545
330528
486010
494677
284436
770662
769330
45169
132652
592304
988045
782866
541578
690839
410687
335394
227115
404380
65428
462581
953971
741677
264576
803225
952990
45954
644052
678494
628364
577794
725546
182868
506586
87865
839204
480251
32962
556453
344508
77560
196713
936295
345555
526392
183920
612719
262908
324070
521468
389108
242408
364105
747153
762048
876091
5942
388356
835625
445574
139306
553997
712737
232969
540454
34851
799573
294429
849152
812216
888575
776299
61278
677852
482168
208768
488837
901769
735663
103310
847525
355245
922694
551558
830047
78497
754079
201379
676110
998920
922855
589601
640715
464369
302615
744423
665786
646605
614221
627899
602189
29322
778552
261318
998652
854643
124411
963681
517550
600647
695764
121207
767991
831947
307559
531354
396462
517506
590657
440949
481305
312473
311462
100629
176853
166419
439312
537050
227644
935653
83264
71931
134364
254877
29186
272764
49001
519893
198331
253503
700152
414415
117273
177768
451420
945322
306788
761082
512470
374431
29389
466980
29721
968150
112308
216674
693739
427016
90481
513328
938435
467894
429488
474888
205958
416493
799647
153392
114200
722439
247655
853565
989449
400740
736297
937031
611002
883828
612041
922918
283857
212112
298830
307334
228370
447349
530295
652477
874147
637837
423930
847312
513915
944502
348604
982191
606659
995361
136938
981090
919730
310729
590107
60039
582935
4850
338755
33861
351949
60862
202942
979897
679848
77889
988028
666630
293406
733258
192594
333409
89520
432669
85230
388050
357958
367835
45394
891528
400738
470018
880935
934658
913849
522923
644873
311228
373994
713605
572569
744901
63632
662039
815794
275638
297592
253052
945401
385382
972533
918549
952975
578166
411879
313724
391950
239490
962841
567093
11292
453498
581279
132452
873097
385566
93177
944087
727410
719321
688176
56727
729784
658972
73846
689659
25916
653115
373210
780265
987054
564684
541980
362972
493874
638215
446320
51131
544514
613177
531508
770199
549236
272344
999881
161706
606311
479845
231081
890212
562378
593171
748610
374258
907018
16066
383500
228052
670938
7402
699300
340614
126348
698012
261629
295067
477224
443903
72480
851080
400542
848505
780400
76138
699613
764785
974042
24366
918052
313589
854983
885188
299314
5123
23889
62669
361930
864527
506228
967569
370827
654356
596692
1518
541239
266870
45907
613185
646010
947029
143841
821681
702819
310996
102283
345831
958956
177576
776455
704578
387282
550278
37151
110942
552651
733207
520337
740599
89615
77872
276580
206527
853544
798921
462331
891901
213939
344178
341827
136024
775998
500652
287895
372326
331605
574169
604187
567498
294810
913081
280002
780585
506052
176333
413045
126503
905369
955178
368819
922638
366310
659141
557164
318460
427563
304169
542849
985649
286016
648515
225783
306190
247720
755031
152949
657819
378076
620205
766520
338636
508988
333942
590855
640686
534072
302319
116416
845242
393155
205078
163324
802145
728887
19496
820242
210176
994533
324715
739244
446355
950573
137351
901461
258251
999990
851874
47559
193799
712820
854913
947450
598753
604854
140239
864748
78587
165432
672386
792125
836936
927833
51071
286813
299139
258922
978153
440507
498431
9606
302500
678547
759841
999003
781410
948341
405675
745246
298074
938772
840997
760981
623410
182755
303855
601867
940688
820451
924764
910913
906674
815630
449195
392011
410862
594588
514403
945159
327463
42127
795800
426545
660453
393092
374128
358873
43998
84902
776748
313853
668941
773288
546912
247692
33646
530160
190785
58094
378375
400429
488345
600932
957007
440653
719262
257880
569066
669007
314997
196353
686678
139753
627566
385521
859863
632135
729040
402067
118857
189687
585202
58136
940398
442622
772853
260176
668026
448330
918539
974954
654673
541605
614261
666555
342475
734487
66609
540169
321374
559078
780843
126122
467101
920053
113764
968940
930652
606708
320553
601002
677648
901125
680549
235158
283527
423850
671019
971064
799918
504555
723948
455193
656021
222133
514051
620430
573119
374605
902209
458906
1965
962391
450644
399832
847696
626309
19332
794123
425211
46898
345464
921341
571930
409987
541141
737384
454014
890082
521654
428167
156316
458488
747672
614708
31023
492814
980829
159609
982600
171627
693304
710623
21326
845235
177761
353071
982316
48638
343647
159838
713829
905053
235177
841373
847522
869273
442248
717316
358973
326222
789711
412287
472773
996908
605366
425690
761089
496940
303677
660975
97632
103301
194353
398734
794018
967702
774715
812806
669967
178504
638969
319425
516709
944206
233066
133394
679162
768681
448041
265012
266282
797180
493750
92440
766183
491054
43337
484729
264626
644543
35490
728952
996964
137952
712022
656677
676502
851591
868521
48561
912713
550711
100382
314413
805527
309361
111696
442009
639159
837337
509037
109790
396783
55781
687242
437423
703852
827940
198805
942528
505217
674081
343083
583128
454958
927635
225885
492740
811042
184665
353964
521355
691456
485761
720410
292650
351403
986905
262656
98611
400649
738413
551584
963600
693110
194750
13024
826185
72264
775734
1268
206881
387216
78314
611523
485758
26168
58177
624145
542591
743589
943059
774045
405947
604428
209616
569968
87513
721740
713061
935634
836938
60247
448862
219635
695452
206428
898346
740453
932922
499957
446442
927177
838209
157218
295182
960189
269825
99501
219457
733591
747432
246843
77143
920015
550244
652939
721459
3353
305641
467808
341766
87588
199392
524640
560031
885182
222467
290668
922432
525567
709857
541224
68217
709675
215316
484099
197033
214077
686481
100216
913208
281112
39031
799296
510327
87481
801191
177709
553890
198428
646907
912970
534099
868416
9319
162863
134893
587676
237326
87915
490619
123841
139219
834301
674774
471234
408598
382774
106130
757834
460300
890147
839413
136104
954526
446362
263387
905202
23875
226274
909452
296997
61053
251021
174413
752741
734281
146113
710646
882965
180844
241504
552580
517412
654357
662413
134742
598382
419575
737127
610787
928455
718081
655067
505087
507796
335987
968741
330196
238288
140965
359569
564045
709402
276847
529847
997601
234168
831327
612291
20885
246754
196066
563682
1517
987169
603173
987334
71375
221460
880257
511441
949332
575022
7680
433929
332072
652189
134059
691499
954289
869229
489582
331449
612658
656812
621424
856769
792766
252651
459111
447888
937333
25249
851293
560034
442048
101024
966928
298060
443713
494612
973907
761804
780720
411103
615749
193277
927096
325944
152628
931092
440019
801801
314340
252280
914396
42772
827882
954126
127535
231791
15389
892993
240150
774312
978558
588939
808714
775651
488591
559995
650885
508823
704560
655715
662783
402683
540327
608396
713060
47379
65096
193261
514042
476813
629198
343171
241710
53060
641041
90938
245414
529890
209241
128332
409674
900931
745411
454301
635654
536806
129253
950564
459650
874497
537086
188719
62723
180130
504198
787217
896374
713169
587090
540659
16428
618930
342695
70290
177871
532700
255552
784032
398559
755627
723398
731237
917774
136692
309576
393668
292794
976329
795521
233501
518952
866688
575440
730656
42505
527560
223225
500457
311212
529095
598829
251342
185640
634799
763526
203283
802274
139965
934915
796910
470462
430239
90892
888115
716202
211953
512301
388809
826661
66390
278835
854532
478965
612484
571840
216747
917512
334495
111195
369130
171400
258406
295305
629616
531160
594431
106056
293470
498261
265567
161716
319264
620585
901935
102848
824746
145055
924743
739532
777788
725242
194713
442377
476233
430380
200729
193578
659964
134146
601675
291908
335704
59308
814265
206471
999248
459454
363508
474360
166816
996382
837255
996140
785006
368024
768462
499248
261636
511111
624974
503711
241300
784714
135180
965381
48212
922929
564604
654769
958542
38618
398497
290328
588288
414529
929082
752364
601599
739086
51435
101668
524422
853462
469796
296477
504745
206493
412137
553018
379942
882222
153757
889617
887096
554332
422165
128024
248154
901367
876099
517637
230510
240924
24602
906001
372788
594024
743253
380095
804664
362381
799320
529091
558563
780365
403030
992460
930572
9032
333137
723502
299802
133290
992275
724135
634751
933028
930542
480095
477990
755990
657571
676463
928800
36513
174301
562269
110643
999566
321321
477537
554476
196003
513561
659313
14511
314735
252167
571103
863620
31043
971895
438185
145378
351175
154153
888812
287207
62027
117569
7067
920475
588371
661488
272687
161433
950495
704743
455684
600125
957663
780114
706680
680026
337357
812258
130863
337148
260163
76634
650549
974878
21398
590312
117670
388954
472206
619696
293366
62798
553214
274246
495485
175011
485254
65975
251805
335974
89550
124834
301499
364065
608723
829496
279221
501786
998074
229839
615254
657697
725353
446167
850974
601562
344333
722240
936183
786498
670370
689544
423547
381543
358448
5255
828895
519556
252811
497813
271960
285565
289831
452605
821682
107400
630517
546261
167745
185675
721911
656519
515905
846855
53521
174054
284642
216901
203698
926384
34434
475281
727816
46580
230838
920257
693891
858849
768039
876461
562233
866499
232993
712329
868720
847248
713553
237418
468465
203009
574476
705134
506073
477471
687749
640402
742406
260044
515264
595164
762875
492650
166710
365325
428529
662273
637192
323105
460081
198858
854661
853723
963258
398855
912405
529936
559563
516888
479480
757315
215126
848601
598852
126448
217520
739739
661599
315260
209324
673039
86641
982858
12024
426927
952079
674342
257807
453402
249484
652514
972554
78855
893618
3377
376361
480165
318700
601464
777366
651611
457763
379042
572017
521012
153986
73164
830434
229316
884085
980678
140146
857441
156537
49447
675824
436355
698513
786991
146638
572051
967558
806460
594550
902223
973505
839508
850233
134109
528821
424365
829055
570351
309672
68435
179483
649413
187738
426984
679923
189001
219237
736738
605391
491924
132909
890217
338634
376914
600872
336844
970932
450718
410106
265275
763956
81900
849732
21714
552690
813687
570755
657271
85584
450818
906111
576593
416878
528765
442209
791147
351848
438387
661479
94665
783397
326261
685411
861502
748396
754122
471539
75444
91797
500880
410924
437954
178068
396916
998883
716315
748555
311302
309684
651154
203266
938118
781371
540760
664615
1744
117553
169130
530528
201152
915956
85424
774432
826920
81959
65953
473593
742270
670745
157894
512056
196697
514433
941845
871811
793267
829901
581972
640205
202816
910639
47928
871448
170955
653439
529096
360407
900551
890510
597160
48476
616873
849602
5783
227497
630646
674853
181004
542770
200127
80082
945059
876539
661243
91146
652019
900553
413394
186085
901966
163280
111143
214952
273934
7139
717102
923563
47774
782131
985866
61625
477312
795028
173532
428818
25414
71660
875859
653145
348136
41791
866597
27864
772835
868817
300695
417334
321546
667879
384373
193242
713894
390307
409046
100003
347183
148134
327096
625313
993271
861332
451070
12356
328557
352235
555233
283323
409398
132344
590113
970004
934716
304930
570576
832515
872814
193046
160358
801505
232036
935004
595019
637896
556281
574926
311144
886434
856861
228776
432135
399500
32807
926549
586895
269543
916225
426769
339421
330275
685089
583589
938128
729777
767309
395887
268614
608775
440755
778764
600653
708402
740237
431052
316395
514000
742974
957408
500550
608751
874732
97546
689287
611153
478635
718753
797876
551410
327898
258356
585930
730146
507549
940610
362559
561839
689960
873984
13203
742260
441084
883420
728335
161420
843437
822728
504330
466041
970407
89982
19624
373408
44697
821932
128062
887711
792151
836546
895866
118613
933891
728105
830327
749918
734883
696196
244908
951081
461475
779298
522517
795076
337069
606594
266470
551277
827868
563094
475982
152179
992136
403239
263960
604724
527860
657798
680142
325883
711793
290801
833552
362785
54129
787687
92898
368365
980054
785181
675102
277102
680169
98815
787325
257340
287046
562858
518620
224380
590432
738873
719817
118169
8208
155402
366450
968278
289079
774705
684795
112399
768436
711979
84913
793252
761287
184382
128480
85990
464613
838551
515412
288895
197567
256023
516139
437987
492777
403355
134237
105550
121961
520828
894503
367573
7971
822511
934175
430839
627788
911926
353529
584327
892504
927881
189888
34790
753537
549691
199304
289924
982159
150378
135852
122793
961419
338750
566629
246889
296676
262426
88879
817473
575503
859798
463059
485028
522773
819691
675388
832836
569489
351368
265001
894463
479603
973080
8119
620339
881357
287585
372840
609919
559114
305104
250505
29823
577611
815521
494824
950838
324043
582094
993542
476448
996040
987271
585286
922
763353
81456
673426
733616
264031
753715
886689
51404
836504
277206
617015
782422
708999
409062
602028
940275
406841
809534
589245
810141
789280
416788
780204
415888
864216
695820
678334
596044
934334
821353
956269
791229
985624
778584
227434
306313
713595
902589
654804
741916
507366
70664
683039
221366
113461
414817
828744
666902
715509
757193
714283
312140
919295
672861
504262
317042
782774
404208
344772
814166
128045
659056
673617
415428
551342
704511
332826
857037
432624
360805
292714
868575
449600
301666
95344
815212
165115
729089
541462
139725
100974
435657
130283
429666
661809
970432
896483
794838
505739
672021
147960
860114
398672
433822
605541
964585
47351
31402
80899
210808
96494
532082
22952
516834
668269
474259
157192
412952
806311
665574
170217
15002
379349
522194
733148
658614
981166
775692
96031
385468
739027
708245
894786
928363
412980
704103
962914
38113
341570
296778
631030
437247
521258
856944
274054
177250
85207
192080
476944
588471
745426
664884
485658
588955
606566
720529
844585
913265
217177
6480
99154
862058
4690
917030
102440
64966
315266
655764
77500
242875
198730
103984
434272
998087
64851
738261
581898
905106
242584
559422
454961
147100
889756
833069
998575
866746
631658
557473
728457
915292
663665
987754
33019
293999
885592
948270
30730
942805
876254
929269
321317
483396
16750
557536
153323
670117
539595
485205
372965
183288
361712
754410
957128
684116
705728
948138
743771
683741
621335
338585
125559
134698
961602
70869
210291
577313
850564
704106
588075
814227
434761
650937
356367
79747
474179
612216
692079
744551
122121
438676
927364
711341
661691
795171
965518
112666
968011
70731
383600
746659
230122
586640
759159
531305
29942
322356
564285
67087
687406
936938
386454
269515
781958
357379
215984
525288
13208
486048
905345
587713
666353
945291
456903
500592
156896
233124
110626
334885
315203
691999
797459
762294
580424
94234
370393
1361
674272
666324
50209
937425
338926
949209
443461
933812
60624
501443
225095
575509
807431
315698
737145
372278
588969
997549
645795
564462
168379
505129
309335
652732
219264
426569
282172
949510
616552
107278
51698
868350
133093
605321
842458
908801
557720
961205
145599
715968
56684
773330
453153
640026
915930
884990
157397
744408
663819
248546
725673
354453
131475
665191
402735
369950
981341
403621
551942
595920
562062
129938
150286
466420
366193
259873
621833
625773
387205
874233
672455
161960
263488
327519
434742
560647
225026
819085
187133
101293
742956
362466
456117
880881
431043
216881
965553
28250
885507
41451
746830
594118
406989
904884
440604
892800
666492
41504
916993
505488
191500
889244
666005
892682
916593
862320
829258
943610
204032
983208
16499
706178
646557
221951
837823
986432
377902
217638
720285
583453
414374
506766
863522
679024
186463
9038
352984
624860
240962
179358
522037
755152
343393
342730
947989
101547
323414
162071
895627
60800
89349
555383
885277
738366
150712
165847
129280
586944
923000
675479
114430
860502
536149
512815
339859
77495
925279
96266
445072
311050
960006
136173
251135
450347
417458
125454
719305
876867
461930
820325
792600
713756
456827
883878
196777
104544
681922
68846
456746
177149
830292
405462
879020
262896
659845
232982
519084
342133
830572
47403
677280
703737
980240
915515
236860
460811
20782
692729
402
102671
555090
778900
195346
999111
946887
321011
40862
61351
242078
394782
664609
810940
535956
885448
647181
114531
79487
141451
717385
225330
691385
650398
187900
327848
87568
889098
898821
528428
878318
240015
429285
896903
916033
430147
61653
742244
24317
297278
507274
953743
107732
396328
614321
255793
337092
408633
421484
806309
729313
997006
867202
176571
731576
465907
831392
898689
175521
351758
642630
649516
521460
116927
77763
655379
175251
331304
696911
501812
464953
249441
308260
193183
619901
191615
297525
640561
383871
755130
642688
761360
277805
600402
677051
777410
264557
240679
847902
157352
788454
241070
696001
592016
276823
685080
115180
731159
879147
283935
678695
109821
193001
370263
678517
679839
546567
556878
560127
358373
296071
957103
532697
834640
172015
979467
134335
424007
605264
325505
573718
953890
579729
33218
553670
921285
634258
426867
384304
921879
497052
637056
367748
265128
363105
753992
848258
436488
83151
87242
691713
993590
23199
330217
449137
256657
44874
399496
464882
703893
82780
431388
729897
861698
547726
583882
985312
351431
44285
967560
29104
319001
266451
780229
656599
779412
581787
277692
720248
987264
699870
170121
674904
351967
110031
381429
111396
918151
860276
861180
576564
865600
939358
94920
384825
89940
490302
50265
601433
532480
830961
767502
130941
603115
345729
933024
338268
903578
721036
341255
775631
256654
857271
33686
907338
508652
269617
903379
589813
791102
626599
33459
645030
19372
837469
988793
349595
138134
195580
342501
576115
888440
719771
133842
451527
836598
397485
824915
393021
578542
410822
796787
92943
390457
569278
99420
20031
449725
464566
790950
43255
370105
444280
825112
508568
75869
167391
623375
513812
924032
497695
86027
909864
239840
46614
126662
417255
608001
182266
602455
488723
675044
160613
545454
745693
113765
328691
140583
169974
403346
509272
116933
163394
169951
409799
964386
166220
195021
893620
529310
810032
310257
648143
304958
459400
671713
710909
210988
158286
738143
597719
391561
118607
438227
331140
244863
396037
612887
868806
358299
840938
182665
359007
147194
148736
273186
376834
493440
728939
654537
23255
785919
862957
152399
894681
788853
891099
514444
389083
890104
959014
123271
719876
406882
220858
803159
686205
217471
351531
880819
607641
970112
346368
346665
586371
399066
297595
197790
570967
509701
184884
732157
977301
611078
155710
315729
870816
426562
95832
527147
4869
157241
307435
613668
955836
54006
680713
984750
556722
122358
535163
766390
571717
792208
255607
659838
893910
989071
164496
240259
783323
105692
882188
684477
826373
763803
231186
328896
78184
75882
475700
827439
445793
132552
800959
209100
478412
325688
20968
319543
995518
896233
679394
514734
476561
880854
146453
873440
432526
54542
844149
361043
865919
915213
578875
235921
230317
727442
648868
361326
3208
58247
552595
129886
197850
404498
382859
13286
39773
469066
38752
471596
415577
811506
815712
68541
664311
818164
350520
330419
720026
273524
670056
313789
306533
592067
700766
330171
479290
392482
936570
393262
87308
485395
5202
793467
942952
306019
123327
583382
162823
662478
893720
864478
242830
442455
224244
668987
944157
998031
24012
224105
554439
128471
918114
34360
18110
791536
71289
581924
573292
587249
925802
723279
214938
48184
700001
635853
186186
299716
589579
463554
450765
517409
459788
905049
763599
984550
139449
890176
292591
842411
111903
355188
291500
540280
125740
545938
445876
76218
491167
267736
26530
278102
154861
16643
807049
87357
903933
580826
444314
833329
158554
315788
849677
601505
500662
303245
502951
133829
473043
936905
200613
803632
863865
166960
953501
485954
425295
811265
749524
134423
597514
274531
593352
402607
739223
869883
701315
267696
317481
432831
873888
248674
879623
112847
150880
560910
218643
245187
603497
560836
348268
837102
217947
412542
703264
843087
598963
111738
922434
487243
308319
39539
846353
177167
567537
882597
55051
648978
91259
769677
529555
435578
854027
417644
818287
508194
135962
336697
539395
59370
346232
902056
822123
814992
756359
480880
896028
86760
623299
339190
199759
54049
254038
84725
263036
832386
492141
666428
129806
52452
422420
687810
744364
92333
795827
492385
830096
768376
393904
853363
665382
952347
747393
387679
376877
668138
557284
998857
87263
564734
366962
182638
964195
12322
684240
77965
943822
932998
647911
446336
331749
997929
823362
449436
720521
839203
160108
947020
986601
776493
735138
465603
329770
903063
952004
654535
973025
184508
680337
769412
534830
702078
795127
857481
785417
865281
818350
492079
676522
120026
639169
952117
644656
118938
816505
294484
857878
194724
463005
495980
972337
583710
581108
59115
942379
83529
719010
884168
157701
836261
570896
278077
117250
462721
930713
771204
669922
653298
472299
399994
794368
365497
958066
164330
613301
367790
614531
256322
768013
762120
998507
853522
64258
906310
184467
849028
701657
875891
346029
859449
430692
230040
648383
89614
93395
825846
349947
563446
965691
84758
285837
599375
407334
872384
153328
897775
961591
676771
390081
227673
414485
241864
822302
574297
994188
884634
85211
416591
553828
509675
902656
460415
7324
207646
720007
115309
776672
703554
649721
511420
320090
147538
789492
214837
134750
60822
627752
762802
177416
241391
792926
242377
11696
175180
152958
303443
331406
848436
783709
77065
43905
54159
692391
581494
512544
461962
383823
834712
309633
597352
781269
582923
522921
828127
896563
643895
56896
670877
434951
348854
942231
21520
676294
627195
779300
595350
563184
13889
725777
281928
847971
698973
175119
449069
31260
786618
572860
638588
766637
907665
533168
607860
55386
910317
384073
764432
77706
488491
748206
631535
761558
486464
892937
864608
33388
896212
12290
990634
357882
988008
981309
552653
949511
59972
613472
876774
772519
11611
585192
915837
713654
220363
212449
181282
193592
200393
116377
615970
609111
788933
445689
377193
478666
563291
797963
465154
402807
792658
107869
1868
146613
69753
635117
554176
198576
689474
424745
713690
375119
816249
931066
765978
614803
719404
318319
683766
870909
557788
814146
841582
75813
508137
284477
762912
131516
358557
534486
930640
235416
229385
675364
528752
834468
557308
326861
993206
696071
213381
900135
47963
45711
72336
85016
607475
493352
176421
988140
6335
631335
645349
446057
873700
36634
764386
887144
241957
399471
909338
898607
481253
355699
686250
329361
115119
747720
731114
267692
680279
385045
80358
877472
494366
802253
407452
838231
158879
798997
377541
663331
42995
633433
528567
894772
967900
453914
229264
172525
36965
907705
410950
779141
441561
700839
728144
891750
322756
671706
68666
536468
505228
995331
949507
351409
648092
295262
221255
351768
802315
526101
971036
455532
174740
707079
55236
352587
702166
70861
879215
388995
725375
418287
178430
769495
510599
431897
494898
152428
670732
273881
895441
161747
264805
904593
428078
115598
974568
634849
872719
943322
562920
993314
785407
467398
987584
837075
176027
130506
766263
442742
927155
878002
86824
813442
922063
74919
268157
908631
951970
50342
690885
404592
722644
427985
182025
820956
611562
485742
816096
35445
219263
481510
333865
54492
242326
928497
762536
233483
603893
187581
100793
996000
997048
875360
593426
808302
556019
191452
53187
173672
404528
369045
810303
32379
750549
428856
42358
544730
386679
580211
869009
866428
753037
156042
239288
440560
63636
387560
21054
734055
503828
190608
35321
234301
284632
615927
148484
281076
6483
542935
707772
660669
290611
212823
170718
717128
702143
310740
928296
173988
214246
79301
190400
263782
550315
366986
304502
846413
451747
36101
393625
636813
199752
697821
973686
519161
630724
840993
518013
162851
597828
287611
805251
137294
202984
38624
564362
983570
71883
734514
564817
830592
356150
151862
799298
120354
266348
286972
50865
932045
659027
774580
381585
92258
890845
529405
517523
164872
480503
13677
118198
490735
616727
809573
584456
655060
876665
74721
346091
729057
484293
932508
762242
227090
224475
109625
949586
380874
138822
704615
857865
147163
323015
598437
600563
810473
850117
725245
153247
21591
431289
576622
87401
22951
797302
950122
757375
497541
825414
757706
390225
187434
548298
236370
4010
164917
532333
147419
449614
65656
287399
178168
502579
843979
739089
407868
845247
668203
773060
799008
650659
214030
900179
753607
386264
889680
165624
400781
213977
137045
949881
589022
723845
86372
755729
836443
317720
967819
627640
695514
195233
141796
15901
51184
577234
891536
514873
979027
263891
208277
523146
220161
359899
225442
339401
832115
267228
372306
414464
64665
847834
618539
294828
90118
964062
437419
42279
135020
609407
347997
883799
915848
51003
121362
558800
68983
575095
907203
954346
792417
202988
216125
881352
563257
367814
29246
615713
117920
905807
346664
713529
116203
288781
610428
961827
923357
144364
732101
645682
287818
604985
409189
10924
165297
321282
907736
267206
827935
941643
674603
356402
430665
393313
601845
118367
372047
756921
784380
423220
491150
470380
675432
880016
824127
667274
734162
819653
132031
512657
567859
208030
255240
435067
959562
136013
191776
113658
910084
425417
174524
385727
133370
374667
305478
50366
586337
944178
407740
580725
500896
266114
445197
724068
182781
155721
135930
849420
939691
369075
152187
629997
273221
623458
258325
79213
954859
737660
772674
902953
896213
780421
750718
68870
740119
346276
387720
960634
414577
51877
903320
595730
956982
69881
221663
769934
351675
593760
903134
290694
603928
719080
490390
574890
227987
98340
617573
705663
826890
377616
741755
809902
265482
209131
655477
394988
395340
1168
682190
494057
716284
785344
583586
470071
145146
72769
515110
961501
6759
931911
802097
911417
338706
754555
582523
562710
927989
368484
303845
557997
731008
393869
484252
418197
76277
617615
919520
34794
681161
726850
965296
875752
904136
722991
435823
953128
931700
486311
455887
139240
33922
804893
533152
836849
605161
604190
436505
321761
487728
199167
625210
413042
195458
567279
398197
539375
885756
841041
356048
715100
287554
256886
213802
619064
447918
62957
701257
13855
11462
14429
863821
2395
882896
10226
11044
796008
96241
83027
269585
152685
648150
422636
193605
631684
813836
308867
528007
772890
141395
775087
44336
883855
811841
195971
605329
355750
987802
35708
857694
566693
222604
570474
931424
232206
26045
186711
772545
315986
471142
77321
703286
980171
661549
18552
190842
183217
990129
20755
694247
427699
325202
130576
405226
421893
99735
809523
759857
94678
18002
405123
618826
853005
64450
239268
581286
291609
89225
30108
77549
981238
510673
766464
733390
424361
373907
283156
225717
333584
455209
426838
841602
539991
58327
378808
719508
101550
978202
523716
459139
332029
351801
378347
327278
866168
549633
2755
848744
92106
198698
537468
814933
563234
661742
277548
567500
408755
455935
77554
758805
585129
60936
829416
718930
825847
510977
813303
106325
340575
40484
687038
658123
746775
881709
691708
310583
478574
623670
736491
717675
266939
589057
550660
837712
75430
540631
970829
871616
247948
387356
682740
288701
451419
354536
675900
812554
834114
789165
41846
888782
151252
323585
128683
725126
891048
631823
422580
336942
251988
606091
746908
481128
945457
203552
785831
281024
638958
326324
929015
521120
325216
47139
454858
88175
304296
945404
27423
485545
791528
816160
821057
241383
241598
198194
935513
284614
631780
315755
14152
803406
862212
545171
915412
737981
540084
554877
624493
120027
270913
414204
176190
716593
954139
181744
175616
798083
692657
635434
601063
604953
688052
754460
35430
220000
516285
1086
835223
280259
728179
115916
619345
797555
293134
241154
811526
786737
359114
647279
864289
625243
56192
813826
993861
100186
195800
623776
948455
315953
237542
296629
605194
221779
661306
590724
401556
523468
604885
150147
677886
587020
398318
347789
119468
904014
809112
343734
436852
978527
540551
752918
145431
296332
979792
383284
330807
312833
448518
516809
287640
353007
23033
153452
463922
956597
899884
171696
270632
590743
333214
175971
97073
444284
169344
806020
614007
317142
712038
778102
432034
637530
256365
792690
11837
498712
470452
610085
514663
697292
319547
441237
401577
25000
285273
824453
412310
328499
835219
800455
371692
85532
898637
502477
929143
983022
273763
521496
805758
800722
774703
148384
984763
102807
272869
783600
755126
507071
68328
61219
520285
657258
508479
611173
801538
162903
949753
707745
591177
567568
216717
195908
678029
705361
258984
431487
521093
365414
176532
56043
372742
282001
28445
398224
335423
460018
325343
812586
283656
255044
40810
538488
783862
236581
203583
598306
185372
569351
454929
980130
251701
925665
106997
938895
353130
838891
374286
532937
901705
978332
947252
798498
647668
217373
125338
72549
252409
950139
43250
747330
226203
822888
643691
56491
995970
831954
915608
711456
380237
842726
132731
794930
396887
661177
111638
36856
121267
56524
169606
522355
157755
108246
554194
177806
482576
908073
223986
561143
373484
12468
73012
76009
549300
386558
791477
114135
914611
781388
249521
605128
313949
759293
129860
114543
712576
872065
492395
290536
740968
993183
813013
187831
195720
767124
65162
574646
372402
305181
148932
412121
605380
261397
500687
771199
884457
458674
501970
548613
247329
851244
110033
120638
414642
37411
669228
308939
757527
889497
862650
212080
612490
87667
476290
28105
541911
976221
228520
555835
401755
289512
662925
581633
935603
797525
336327
536370
589490
776851
987137
751733
702801
824309
602520
925444
908022
759997
835554
611916
581228
87072
122538
582848
102551
569627
557267
812387
952127
954390
830869
750211
286804
412018
343641
205569
957150
833412
100900
867274
695211
234091
207654
559538
354939
410682
541291
11248
338436
592197
167407
232386
313357
235913
283509
511879
833277
790965
123014
932626
401161
253466
822560
68499
759502
864464
608911
865829
667353
193608
109186
272727
101518
766230
324160
516273
944354
877915
739753
979331
345059
306985
386329
907506
614264
62696
831766
817041
145793
843611
144713
429774
383376
946918
3471
667394
569934
16933
650633
802644
294039
142307
709105
390194
450764
217566
944697
511795
645698
714076
416341
162787
641793
500143
349582
752401
122373
16581
153951
700390
799429
485965
391319
408802
419688
712133
220757
525218
583970
425151
767688
327055
972974
424419
664880
409338
925861
573431
275129
702299
386582
654463
672589
733548
461934
773038
941178
468826
597941
945101
66088
442213
702124
916836
840614
483792
76122
911274
772857
56824
813674
803074
571227
993625
687226
549954
791568
148597
376246
806954
585339
187240
978137
997615
277287
179726
703358
192503
557257
328461
737933
73005
620548
430970
429207
526203
242537
784830
228180
552366
657438
272919
217777
219537
275441
509432
240696
782067
557782
143125
242103
943759
660225
980613
675081
69220
338720
143849
667052
255510
444985
734724
881921
494039
502398
279564
797921
602205
764520
905684
673526
405870
310042
758208
877069
780058
484133
129585
740307
154333
361020
120536
755980
9805
972490
649034
872495
584664
20237
371133
308537
230828
580026
915892
749039
267192
738663
667695
528154
824383
650762
712359
568660
702601
996041
545907
184104
805124
731370
962518
639995
104381
507127
666762
271159
868331
14327
207666
627079
926146
935126
621008
183000
621744
886242
289125
242052
924549
698671
270980
531954
305731
554521
558036
124695
332374
510403
451445
323177
32352
256994
952557
674669
740308
291681
796108
342068
328481
923860
559315
662829
35091
876122
905174
806910
260587
243791
76148
649723
681751
483713
312076
476822
871964
401810
873727
153583
596325
768532
953563
401761
217517
437274
366911
197957
801468
727575
32318
809533
754439
382042
442739
383065
890102
195923
58764
555363
337727
482873
903800
41316
120738
112188
979553
669786
163341
179551
120702
103066
105645
63974
188900
397175
822372
109643
396456
910575
426229
386900
774898
381669
102931
637285
679719
47013
924570
559526
768806
937153
47780
290550
733225
909235
711905
345401
439494
620136
592608
432963
234155
128274
162295
969349
993151
992127
658218
311617
897290
652593
703036
305853
735126
103817
795370
330301
778480
917392
288185
507207
962381
26769
151567
934886
111358
934211
391548
707430
175024
64227
568688
57716
406834
889518
914362
78888
310925
692655
601761
442612
876470
538128
165251
262685
645531
685333
230540
449391
664885
414777
214842
451101
723222
268993
753314
537460
864366
938758
512514
796139
578481
496284
250606
447055
59658
855284
703098
389401
190814
970575
125580
900538
418386
647077
623435
413922
685841
897547
467128
608814
289973
764374
348594
84778
145683
601972
185707
43080
175942
162201
203759
389005
734404
605456
384987
369543
975402
672218
974493
533904
190082
746227
120477
34413
486820
451515
707724
636187
120257
722771
91135
985861
591825
185
293234
439833
894900
269713
760097
882867
818768
408699
173639
161495
148000
150429
71570
675648
695486
12247
67017
450427
260601
140240
228424
560904
953977
323312
40218
960661
473068
533813
108219
672994
485900
244365
983814
676730
319033
222649
384132
943082
559217
614725
107821
386933
115037
645223
409627
375182
146323
410236
92801
579434
151300
203236
147386
498345
558995
315419
926392
121990
923971
462417
549307
532663
586361
532435
504512
745505
530869
735554
472825
119550
194988
70625
21983
351207
197462
327589
177522
163938
404061
520893
695638
367140
379114
783372
620626
586215
864900
339935
555673
196268
892342
636845
820581
600044
905218
940045
899702
222768
785544
675256
707743
659772
959784
982387
735284
341020
623483
624670
558564
884880
240721
858168
441629
731627
278221
894288
625907
616985
453861
972073
908130
292336
481944
190989
966116
223012
608440
391467
118315
964881
502791
645080
498103
848709
928036
467533
930947
630112
711018
148707
277326
761848
774925
238487
387030
587430
394056
60795
863557
547902
513899
851729
78566
251272
688259
91010
746755
536363
320413
610681
602750
427051
502811
465069
143480
327781
801424
616148
88931
817113
106699
386255
188254
394877
39708
656965
727795
865064
723405
918654
161003
342940
510332
658428
972240
859247
546029
357489
623304
138326
937949
98197
601762
131920
972506
81352
168623
161814
517174
792733
914596
733400
593666
245442
628825
523299
199337
744908
223952
347927
174161
801094
634670
473678
231156
279951
161890
235461
797822
234646
709731
25718
1681
303646
971289
724091
241269
694376
307584
708579
16656
869308
427844
551845
988252
591822
509838
7380
706565
525158
31807
963067
773843
640016
995342
818275
137849
153369
91476
518001
745855
414738
719116
778135
589402
544653
318982
819532
39976
405165
216341
301353
595722
511
790615
293933
216760
606736
873319
597308
411289
551058
951430
601501
181792
332642
290736
439502
922584
710857
19933
450167
704886
245727
869071
462834
905680
407701
258106
1579
957483
568006
934187
89953
456012
929130
983512
221219
334390
844525
113791
469122
353414
938136
618420
930091
140269
496137
112753
853869
460817
878164
757084
286156
269247
912893
892417
311371
738949
677850
380559
503610
508279
858266
391694
903727
555123
875774
577626
327114
766770
258230
800549
125628
507632
985341
674658
984437
680529
584207
451417
536879
877928
942108
380033
502361
310368
451490
646551
754804
821415
195579
415868
838785
354565
823077
245332
139702
998467
358872
987149
417243
608154
210673
464304
718143
89137
126954
502295
23296
402460
375355
329585
872347
387227
676615
620594
230365
77720
316035
807486
901108
245256
808172
498869
310001
746700
66284
71912
950819
485170
410813
798395
741232
532888
177896
226652
918895
374146
641477
926027
54748
736497
506425
18955
595306
31080
811168
194425
32453
504183
907276
726157
80920
675641
381773
360448
605723
503403
682649
400691
680181
33397
370693
611632
927507
682158
423296
301589
281306
559963
652755
491386
51979
316479
335262
73571
877710
263107
56648
453504
383587
105695
370987
199147
143372
656275
812588
617689
66675
270877
748350
830085
848924
33824
11874
42243
255871
91945
454833
359764
171673
991834
127339
801176
433791
778569
969226
92154
601078
226043
776514
529515
133415
883118
3180
622920
736505
443764
337364
165792
224992
438310
154227
903
862237
3098
234849
733662
707204
610600
754270
689375
534260
20634
237726
557272
16972
250574
938454
131437
346690
287121
72197
998198
256504
394746
516150
169805
394837
836620
649001
951337
301985
888268
753829
735806
625807
13213
781713
45543
225200
253568
623789
297236
577724
973272
34602
630469
701423
661656
602817
848968
618963
337212
316956
840448
754835
424417
166814
550249
640633
590476
443025
535708
513883
846369
24847
493423
126829
16766
551171
811413
936340
533289
425705
241561
912780
995854
529206
789909
384010
167537
805701
78747
78243
361938
725910
466768
418571
225326
215899
133690
995151
591878
489084
458470
838373
836551
77509
813394
180511
595032
435885
281319
196901
109953
989185
291308
547546
932152
739274
141982
85420
548429
203493
306111
755283
508205
79039
914414
465778
178054
277001
847152
955804
810666
318516
865004
658540
349843
13581
111072
391091
887780
33004
769091
105338
926321
278627
937152
641414
116409
393651
519512
1470
662995
308124
833289
522693
278320
56541
139030
830919
344675
25545
600102
787686
651551
762725
203086
334966
678295
78933
852043
412808
319301
374227
529675
285719
624139
616166
750409
6446
823335
116982
670881
715237
789823
817075
515185
66204
297355
387313
651810
925655
928439
656403
772379
142646
382
505296
999506
402035
85225
485616
10579
48402
429670
471905
370496
85521
840775
200394
148635
890563
367441
916744
291858
851796
446982
627038
41813
632264
319944
427239
964319
180492
565733
902610
135735
423327
428734
878271
787228
461437
911353
765183
924169
699910
974312
131666
36756
93933
390584
785877
664859
777735
870063
84384
680235
991740
110373
976324
663828
788383
81260
203981
307634
771052
367600
849039
633925
195383
812718
595673
701225
320999
607321
864925
741219
868146
507852
470465
449406
218901
561579
291684
840368
774753
174345
547921
525488
182654
593328
631854
555799
218795
49778
622622
863034
742091
142571
175678
192082
617509
619759
197682
674987
825986
203693
953840
466660
547562
922944
463957
500742
133476
510237
839946
184406
184309
16350
547530
30886
88477
565252
150455
186921
393995
251305
560577
818171
505114
665998
891911
80085
577053
422196
953094
653902
170441
151469
607695
571151
477792
257787
212800
120914
765512
774256
793250
233656
175803
478794
747477
228743
392711
269565
205349
26022
727369
917112
496624
108676
428994
162294
935279
760043
226016
116370
427385
197558
450092
253078
492227
925753
6926
685443
7151
384470
884640
759675
371720
471016
341063
800039
613814
712971
562238
207672
506295
353965
26772
118134
855841
653724
118768
43540
161607
554304
588490
960301
331796
479118
30795
975616
454786
810300
382834
434299
123079
982064
340006
135667
39501
570836
591238
541906
243544
526694
561140
431174
920914
971704
764602
357637
552550
451499
139888
278928
618891
761060
921722
239931
777143
562183
651029
782332
739734
741841
822174
51523
154524
582670
727382
561894
435329
363130
229396
55712
197264
440776
14748
831481
70107
619023
500809
561216
500181
100848
285397
169944
111550
162140
295993
609194
945765
3769
194579
200699
47839
729243
271990
142931
611852
778676
39253
434438
277664
232592
265621
931864
658228
317999
171425
694313
978933
367259
203570
180542
746060
385053
839120
824895
940465
20150
672246
233808
750190
931590
127572
789327
748092
704435
580328
492607
125707
271545
388107
899305
243868
244311
135558
728397
27873
261586
95443
902284
884111
612809
821683
43978
749859
462805
54532
619872
305215
163197
417004
496205
584432
238038
123983
866722
527257
600449
726851
351834
160281
91022
893163
449623
619687
25540
389713
568561
241358
685372
634043
947754
352659
753023
505060
16897
915806
219048
748892
756613
546332
16867
688260
628591
790174
629469
806414
926622
783418
16825
108075
78287
584721
867526
521560
684843
103004
117390
552797
186933
449718
131384
689001
859047
751559
973747
625557
209864
90027
83047
563378
755601
146801
584299
394361
587551
844957
668715
200626
474527
391956
886479
433166
964509
638468
132264
185715
788924
616563
333963
26245
893137
939397
536413
20187
54413
188174
411396
412058
735511
149452
666797
202457
824297
284619
848393
993878
655402
82537
660610
445707
261292
876043
865836
895333
163561
662884
324420
890637
622747
390784
275690
388178
653501
326623
168557
381153
639711
86525
258950
892651
473682
821008
895857
862967
769972
330846
102050
169004
645614
333572
301965
443356
325619
28460
136403
70273
206842
657681
140273
484933
419684
794450
976249
906990
557743
371792
766491
294271
567268
937447
136857
345600
785413
528687
999643
442489
944973
319900
525362
954574
677314
186532
392603
2971
394805
498657
664779
403780
765326
986441
124789
499997
195693
541292
933935
583163
906544
126621
506082
901355
230208
517014
733017
541784
346829
495733
892981
349240
311595
737745
338691
257741
468280
511860
720636
91814
828658
266172
350063
59423
48420
815727
65148
389779
432800
462611
716505
331375
739993
563753
825408
955453
766948
457002
478841
375002
770848
161623
903483
915811
566930
541108
435498
943332
252546
725931
867494
942007
236010
662547
229597
999989
349888
801880
203862
761766
93444
492874
424678
404389
38861
808185
90529
249690
987654
274198
363917
500177
13858
999663
404816
492095
363845
460797
221292
460761
480892
935602
797775
33401
506767
634223
111473
93175
922887
526691
924043
15844
841701
922086
313381
390459
661027
821715
891352
22845
461913
361898
970428
29894
942444
822156
948916
408578
342226
223222
791973
575937
816849
707518
434244
990134
638309
32523
555458
588722
782737
397052
434468
319195
994557
127664
757210
524317
646459
343613
691171
356460
30100
601797
832561
704677
503236
844882
272940
351598
292266
469968
247331
298396
734594
414574
746281
235272
976302
931812
163418
568741
193415
128548
249468
329880
563636
271695
978645
798536
328283
478777
238434
734148
626558
832423
879579
994036
753790
434531
449529
59607
231250
238805
326909
843227
839025
85081
63842
796983
726029
261751
108465
282857
903448
259433
422642
218359
872403
604755
328019
523966
773152
277550
579425
979990
154695
40605
862130
6253
503227
877989
856056
422213
241527
777298
318032
671878
730784
577303
724908
649542
533076
295661
787476
554587
599266
105183
636918
532814
828684
758972
413306
814299
276053
636799
727263
69607
511867
195880
336937
488299
154979
64903
637546
103502
516940
87372
942092
707467
807480
264574
275982
778960
308913
192279
298368
560413
672393
269839
635373
700730
876286
315716
278639
858933
768536
864206
177321
932548
204344
223085
840806
545746
529202
12970
173836
499428
616418
181691
885933
644795
394257
579104
862117
455410
671697
777913
729634
636328
632086
663783
998448
693053
426036
305035
52125
936871
822729
912397
832895
351122
88778
272738
260430
625260
663598
881477
688686
175262
789286
368189
487599
80483
240295
280480
68318
943438
20756
5926
375385
313624
606816
843268
862154
837726
855668
669542
624163
96570
42636
895570
904860
522963
945491
185831
184221
407632
811313
181329
53296
459474
82726
484296
40256
833935
342657
977703
402549
747226
835292
476790
819279
2453
224728
542644
252336
161555
897970
727963
84698
103217
254752
546638
76649
104393
581890
811793
925702
175993
45456
59256
681595
426874
68724
934050
873190
574892
689933
965529
21038
422238
956549
206075
206089
681560
888240
248617
649855
400440
342108
84207
536829
760286
2137
336669
75145
177107
439771
830965
3543
585574
295538
985125
375960
777631
932958
485274
289333
35880
551789
346593
464168
204626
381779
985113
123768
337178
338726
868526
312860
360772
244282
646383
719646
95682
866134
348660
484791
180507
121227
137756
39979
655577
752403
307999
475337
742266
650774
462829
119906
534981
77692
796655
887989
45828
25585
45605
318276
338455
785490
93529
209092
235513
232894
220062
409919
25471
360837
443003
159623
263159
299649
671322
315152
594894
523261
779968
349971
245833
182896
302687
490764
46741
735248
124972
440505
470740
136098
261927
961562
459908
249483
465971
625324
259926
473554
484741
541675
180273
435367
116835
792842
354734
592101
641852
234734
757997
98540
273473
477415
969343
761229
537155
388254
453849
326443
822885
23978
768524
827350
842479
553229
794985
106211
539705
34513
489067
569043
43519
589580
812113
562152
951257
601022
812247
92463
541124
52072
553459
841793
173537
550401
838316
208059
34566
358254
163535
379674
116202
142178
926432
388164
429289
534042
792906
135817
505974
313903
726747
566630
652555
570699
173898
983714
664569
861659
676133
452747
292638
39196
196784
829406
894743
226942
167340
758069
582448
837388
970963
498593
494528
740032
219609
60709
860601
241709
231385
729589
986262
134876
646640
308172
852551
793097
766848
429719
689598
30393
929049
23337
336536
408544
733696
975577
325248
105940
536737
275172
475261
955763
315841
138418
646733
541162
431316
298215
494318
643986
288381
497907
36501
496125
150180
733742
247385
607736
989129
193830
112055
885232
544234
871544
823859
235486
816362
48890
904469
903781
390884
198833
544571
500627
692785
847882
638363
961498
721158
271209
977888
678132
548198
639002
893768
87978
907793
314283
722215
903616
746219
885582
980889
441211
641974
432122
924985
280654
373272
855035
636535
920697
983593
583722
718926
972777
645455
315255
820730
305926
847318
780004
42763
8686
108840
796195
842433
751713
520485
38027
838841
562352
879058
515735
102534
524798
993648
196937
585008
530956
327074
472884
297063
463024
118116
826274
980700
193675
697170
53346
123814
524050
942340
930818
833425
512407
371070
958243
128997
590548
297148
666951
230530
553359
43271
335992
487520
133271
342036
4080
593108
954265
321999
63686
809734
440685
364333
70362
913923
291590
850971
157767
217237
92564
980719
455374
537517
85487
402210
358390
1605
927569
695607
97669
64130
206782
989238
661687
580231
573237
869952
915123
601930
779262
210948
790913
550965
922423
177104
369565
360417
65901
940546
824925
721245
361246
340263
964550
81396
534417
522300
6185
803056
654498
925882
195547
124029
650981
195025
607315
706288
877586
606156
194393
8935
18796
103342
911063
517391
27696
809895
572522
687989
241370
302841
841697
458179
735140
607694
435420
933249
226770
179533
307245
593994
688721
416026
474784
374042
622769
107774
592883
110868
284125
712217
115489
360607
243410
388479
981723
475876
495701
780537
995530
655721
422438
511799
321663
890440
207482
335348
119794
696858
229433
892221
972128
525864
655763
693227
115684
269945
840454
483912
861772
338576
711680
775072
220067
103346
557498
254612
985742
440494
227302
905798
510133
625875
562267
90837
723607
105120
197708
197603
286950
743641
902023
591785
608531
525415
991641
608090
492771
940980
87406
549122
993136
568350
458411
628397
721664
800618
768440
799845
205644
728569
141669
646728
241473
459195
583915
399810
421447
269204
784484
727483
838332
483102
745594
572478
919546
934137
719850
890487
256644
573670
995627
801877
947623
271339
25447
738469
995528
205809
454178
368266
383113
802777
264831
147933
942079
967322
828200
174533
434899
115101
727491
397047
817131
220296
843264
754840
289784
109276
821422
154602
440106
737742
98253
609565
508307
588059
764830
907968
989634
798003
897123
983797
587593
87690
165743
295436
802743
522578
988784
187885
329949
322402
961120
8679
571507
380470
638799
285156
788675
35364
337900
857599
348908
581268
753194
799917
872438
931727
945675
850694
397333
297648
918371
259239
330179
241406
830503
208295
702611
118098
415226
231188
599093
153429
689345
819591
657097
854073
113727
550582
123513
298412
947873
484561
15519
960311
631259
237700
312120
182127
102210
973029
854929
959930
202376
3780
19604
122866
695125
558542
854690
649719
566310
433613
605463
170229
710513
98472
886931
106445
209913
282913
640367
620472
880985
745081
511219
842283
986274
102203
416002
708743
71795
450191
599350
937020
667872
591710
597149
425454
739368
339023
303823
305794
975444
853379
805362
66568
107170
951606
121705
364900
884858
706533
469929
426286
454938
376578
37936
723746
434805
640425
429182
169706
629478
529550
697777
825392
173182
239634
156568
676792
411350
303656
718703
778139
572121
219339
187274
278363
455575
656011
746742
17127
564286
474847
896981
28680
322219
418598
985289
376368
405935
414347
203869
64020
740741
601879
963916
525875
393827
169882
284421
262516
131404
473876
667218
540138
912140
251636
239302
794139
366017
569468
987963
358792
357197
606921
160575
924832
816876
824009
430500
439540
131528
930762
985273
676046
881025
921864
688391
608417
745856
838987
918538
998280
745138
46764
546725
747586
342784
222372
738207
39713
654490
879614
315005
815270
96654
194991
922455
765599
511467
261074
848187
317954
676778
555530
123832
781842
729377
516260
575734
724655
305021
692694
6156
28706
620468
218483
996043
873113
298008
464531
878890
947839
763124
582806
138894
371597
477686
373923
923097
589482
209483
883833
363014
318559
348109
430879
845732
893675
493174
307591
406927
131571
557127
356283
673075
781697
182577
316364
447873
542695
86035
160519
435624
333790
836993
171291
294407
113391
745714
483772
869289
863726
674344
985928
537099
961107
612154
61320
929093
212908
463897
244775
521136
57211
699622
851750
457932
1592
669223
241038
215025
694599
615097
224373
414805
8075
964926
789529
912890
432145
145622
165435
965142
953949
28705
851341
909760
431309
742132
583702
568075
29787
426623
4594
269812
13054
222088
867664
67549
451762
883991
740272
903268
778992
452787
144184
890262
390914
397408
876794
