767458
808166
238679
410023
346703
7070
748484
131190
845896
857427
17535
956801
174791
110028
938900
154224
123854
80053
687162
790098
345720
386660
676858
63816
904160
212931
609768
269394
410142
337981
993228
651612
179892
658834
313642
429475
42699
489002
467038
562382
255699
270893
188440
903615
596199
40963
105149
40187
626811
823761
840744
129963
868291
171197
264526
588822
434942
358476
968253
75620
366889
653389
567837
209676
852950
881582
99249
42955
757161
700005
483344
844677
827634
574190
500512
663441
138549
958167
230115
155799
188034
902317
548071
191483
41802
564190
396920
33129
152140
484616
168037
222379
655188
463807
88589
65178
161488
75279
10271
135674
853057
733069
255535
129336
75799
494610
651188
588620
752427
438213
661169
870565
574008
501653
560552
197174
754533
452428
325334
27137
883557
800264
727571
26164
899874
924251
933826
758010
880426
509797
544384
662164
547715
748627
769326
19665
607199
823035
29275
266228
961460
23903
208758
817592
507949
923438
474355
130958
97821
202090
606348
255809
618995
91933
852597
932986
641903
684066
321464
107276
592358
837924
175501
667583
77250
884789
686763
11865
437863
723088
861700
221482
170712
408792
347288
567704
186487
250854
89873
195105
221299
896491
241603
900684
261554
619914
837676
721267
87232
769914
209892
655820
57296
405046
530826
739859
240237
533373
556570
958457
249299
502960
206071
743602
511655
8310
75120
909172
927580
304546
589897
91328
414502
236544
576529
74825
993341
34030
518358
58679
413310
818231
227369
971676
398868
642932
811363
959178
642791
463358
289121
75505
942166
537813
139825
528052
373110
41948
813819
606558
959608
164392
481495
11661
184022
588068
283286
447812
929431
30863
274730
365740
553578
924921
475601
39240
729279
186645
172111
175226
511155
836510
129721
322429
764881
717820
63829
707953
323749
12648
66813
459231
350148
124862
256262
838297
568252
513082
113729
386372
252538
851886
727563
862248
901289
71530
286743
99445
791265
338714
843166
328091
494703
462262
922403
448225
749835
524539
703899
860948
217388
648323
769028
245031
158415
595188
390049
167710
111014
612535
337918
149681
692493
976027
442964
318045
611103
937784
933836
230893
852709
217955
999910
258179
912177
863612
104490
868165
546888
781339
380086
602788
862352
152886
149471
250117
771059
34129
845039
975593
347086
134191
226914
750476
754449
798
907792
298528
710864
632509
485651
191601
220437
73087
582229
939383
949768
301020
180252
6914
975083
738628
309364
801041
571664
646268
36866
153099
129795
638893
569829
256595
94092
437309
389058
777532
256712
689556
681135
871710
859754
996477
169846
544067
210717
850876
123208
542703
950665
708348
338828
973678
893328
493117
275087
457793
717980
934953
337735
493168
736481
60584
670432
473407
808768
283120
647506
687762
620727
855965
815154
49348
417682
332003
704250
943344
527081
848542
706308
821440
173061
407960
111591
346084
889537
270024
858659
714907
570025
672275
748013
138310
650700
37097
319886
15551
514175
56728
580595
534577
203838
990802
288230
603462
123471
826251
917971
791132
921323
990286
39140
289977
120705
521277
85297
969621
82114
346149
715045
731830
627573
432594
614593
160592
804118
213006
342405
377331
601387
30199
921089
924705
377330
372534
126563
252516
272012
839113
847996
5902
87640
798987
126410
471909
241530
94312
788941
417033
530735
555140
41494
102738
297909
989045
186793
653907
620419
79586
208604
525074
889639
865263
382123
730805
996407
947979
127357
228628
240988
636683
28048
226733
46688
192375
414486
616133
683750
577294
329244
761541
683649
245249
833944
628016
722497
124198
336891
246617
109612
194702
616177
667495
188015
518049
922139
519707
83458
43082
236295
953948
733709
573799
263924
538710
821999
948139
592331
192027
862832
495204
580272
799529
142936
