191998
641747
325930
959218
856434
551304
961870
263021
64130
974557
343215
864340
655172
987941
122109
375689
863158
760840
802454
705193
922534
194607
880490
864949
771942
977738
411514
558053
921891
529232
595505
797347
661237
656701
514113
866230
649939
540544
396447
618715
302633
927009
830302
852867
976389
548567
732703
947307
130266
594986
439297
375258
304797
740440
275378
592857
133217
965940
115785
578976
504460
893689
820900
409745
909491
373893
891390
610243
804270
15110
574475
200579
213436
60002
639289
910284
194674
335402
795753
758741
446115
473129
816212
612182
529747
893022
175053
689042
34046
78453
730128
665813
80213
372907
599107
321635
280706
688490
253689
682607
967262
382086
434105
317298
86866
905372
834866
117548
963733
113909
516036
835400
175305
457692
908183
653100
356449
91315
257622
798315
45738
300171
923924
229164
246735
787443
126151
904078
381555
195078
734206
543573
221408
973436
647515
869794
283157
291162
903694
123756
510997
874582
716868
987119
878587
553710
560849
932153
493874
798749
9903
629933
173791
725986
150246
797777
220293
605781
725827
51559
679803
783052
462330
890315
911385
897666
337097
786966
246765
695137
813050
366533
365252
379691
15602
199465
343504
674676
406738
355538
677121
848771
111902
243322
256367
276245
957009
89830
847488
293629
68970
815569
692266
865094
225060
961519
36873
718474
34067
589816
92236
366569
777140
985845
95987
715368
876127
328486
797628
871076
709001
464043
466526
493360
686783
500054
180957
498173
2319
27054
661148
859917
140576
316820
973751
471882
763464
184852
194867
595908
259639
74055
736866
31279
379797
220649
396602
921498
628837
715771
35369
757069
436739
96445
572391
473173
771804
797773
780858
878013
471574
533412
80586
823105
397876
58261
994200
933557
771554
643771
836228
369735
644485
630934
752024
603283
710624
484431
817297
894064
557756
590911
672613
101248
948643
767808
194356
732413
13079
106554
982121
549981
568453
598720
678748
69053
706640
25116
501260
515806
445428
532328
265879
294570
582383
486519
333136
99295
518697
538798
184432
694832
696560
724709
982512
558317
275391
734706
218336
394613
375847
308587
351206
26075
957305
352987
218613
494836
268301
616734
428303
417100
480857
877277
439069
549826
338551
914499
336274
78900
877536
640472
15436
261678
69600
316788
846012
815951
759087
445116
398886
503412
915953
495866
838315
268950
731493
454729
777437
373670
657654
620109
800531
352995
917677
617391
921747
43018
79354
501706
13706
804668
494870
975873
394477
499232
135906
843649
921142
470760
971129
194733
288205
343860
447149
198497
107531
571882
263315
191727
291889
241191
420417
744370
634865
590815
55920
801397
595488
164174
546446
47502
422127
127157
35410
951200
488642
56323
926332
43904
330098
485083
493427
63684
318209
182717
352103
187139
189283
755120
798837
3059
884846
577789
477762
747417
464396
303561
221917
676644
343254
559946
960444
598346
889550
559138
265309
380473
786310
929299
480937
175261
398564
456164
499247
364211
883348
329465
633476
592971
778747
224194
866118
794691
372667
307601
757076
719003
100732
507522
353392
484101
658570
408978
620407
174406
193883
841359
136108
359212
136101
412720
328669
123351
105309
907504
751744
908643
402570
190822
577573
407563
423840
298267
442184
198094
851256
870835
735848
645036
60069
953450
681436
722289
132472
348810
539902
820438
216113
111639
789179
617326
743248
540022
840148
82164
710270
301427
389029
545773
919064
129560
88271
85413
337337
645272
631528
47435
615514
201549
218436
509285
200463
107994
658178
172869
530413
477553
668597
916228
3239
852144
700488
870313
618319
405334
791670
576783
169391
173250
525738
567038
664240
291704
851893
85102
858380
585799
232371
201682
138633
208310
303735
880912
21129
992284
202312
462971
485954
968083
214398
455065
879222
926734
249381
200103
349837
645303
598267
415936
642396
658701
291929
947006
6618
74228
567554
447685
659410
538852
737792
547105
813872
886124
970090
813623
26736
519205
713796
51867
93418
557174
888325
120433
556566
367071
8232
121791
417700
708235
881935
357405
927386
158734
966980
162003
538832
314578
719648
722435
714992
599862
517050
542017
806466
152712
171564
320131
241921
775205
646918
227911
780963
763616
990207
69041
688777
527805
321455
135364
384655
500919
735088
179277
777158
215340
932585
412155
804867
944194
397589
888191
160871
435073
451743
280197
249779
841528
596887
210029
62390
386213
526337
13908
560075
229516
461961
470609
693057
528312
724564
806307
562112
647271
144764
239483
24283
415600
870509
255261
123192
141481
357529
169636
944466
714538
836763
280794
889324
327510
754284
96816
278145
564535
779823
203266
565350
744747
826850
947336
607999
182831
671553
234621
132536
815667
905258
614330
739607
826452
594744
680294
271004
232669
695717
53869
433601
682468
232344
223309
804388
818191
733498
465007
844159
560632
297241
418768
300821
627439
538098
82385
454923
692117
681438
861800
82450
439696
275619
21618
747466
654747
410063
232414
197047
633113
787724
355916
428429
290163
530891
507683
629251
857447
474839
632174
710606
902585
303541
968052
240165
566282
487947
359266
847014
447793
342571
557064
198087
295452
273750
579672
368403
149457
211154
492011
858122
606191
938012
398802
94449
298476
277757
165977
294401
394319
406114
898284
159372
170218
959457
537727
968032
446805
309778
882771
60113
583624
249026
368582
901149
851111
962305
348160
818833
93320
115482
313002
114408
752185
406546
195322
710010
68682
643568
483960
619607
177819
155169
450816
728339
429766
972018
482023
928458
377064
992836
138536
848571
684641
241491
349223
855807
902034
458371
142329
37369
73586
807596
985192
775081
340082
309834
322749
605554
281523
307529
903358
819684
353005
776852
675892
183037
269113
722678
903024
336338
232327
376999
995168
140744
173993
467258
429323
436637
732631
156604
417144
185717
823632
843703
182886
335106
297650
540995
933424
998430
180877
429212
487402
526518
381685
989797
292366
3456
416933
201659
414997
19705
364579
906944
80717
573005
145311
838447
798688
758438
113080
942684
866204
902971
444773
550038
198629
199122
325046
918037
132056
665749
35708
273736
308693
640312
806341
473459
653321
303311
93668
820305
771970
469356
204129
462279
444238
127456
994876
705864
645373
570793
18669
486377
713662
552421
630105
682996
556064
628346
301626
118302
6646
155151
588286
945408
358028
613649
524628
339786
515121
783230
129999
811451
364451
198100
931459
531198
591168
35963
726007
211074
627939
162322
295787
331239
125378
678111
583629
733347
177470
290691
605852
233911
954968
131962
39484
781354
890001
835523
625000
498731
509702
387097
313592
390215
685205
204014
462729
797204
91486
74359
142336
169638
782861
287190
26169
95832
975935
452600
659381
201542
664470
738120
321119
640754
709820
980364
257127
376893
680468
147870
432586
225926
406172
433924
307452
349498
350267
333344
623892
569059
821760
972303
417947
670324
902124
349580
399050
506673
980770
164943
154511
941327
43874
35069
673704
588606
613827
808702
918819
705819
414604
21135
808462
842590
457575
304643
833157
809258
89746
68835
515672
220297
991121
645863
136871
585420
926802
38708
535166
674489
452395
61285
174170
209702
521657
946363
108934
872569
121455
949854
52937
552908
149748
835465
621928
389637
351106
899669
759888
213767
9843
264887
928304
779277
542893
574086
65598
87998
231133
561187
261878
263965
255723
980691
177062
703611
513610
687192
885005
296407
398464
856077
318003
816877
407972
671133
436960
431818
493027
816489
233669
387859
149428
119415
521944
386862
435876
348108
3384
649015
878073
149067
511744
809168
418332
147388
124045
555122
922571
365247
2246
900294
589545
759602
261837
384013
266120
90320
322640
504661
657899
840541
334301
497466
493605
808725
786863
191750
14223
483320
69912
544281
461820
316526
267518
699151
416863
948216
419401
903211
959008
968125
205020
238842
272399
870105
119175
971558
160125
486318
358999
482947
980765
521430
569873
883137
518395
504539
930645
59819
28945
245441
987327
366880
1420
372731
637143
663792
892325
185225
404335
950183
493443
314974
525714
533681
65638
422535
451627
975875
940363
101813
431732
790417
222916
129042
906476
427795
850058
577554
633520
893783
684798
234809
279019
588612
624609
308957
770641
661309
92295
991731
395765
304512
308832
245404
961504
617262
172364
70546
364570
138047
68377
515031
209668
406841
133560
577933
760040
213836
598843
355667
175473
906746
774715
461504
912705
80198
213112
747502
915833
707115
32594
766558
473842
758181
761668
688959
946453
91466
666103
20861
406048
39730
723890
908679
978561
74735
414063
252865
852978
924804
573254
250611
227201
666549
502391
114306
396890
41975
118367
511336
706197
727385
399790
82658
779422
874993
354091
612841
604785
109454
336047
577678
87590
705788
514173
449020
805671
518019
401550
12695
370901
627134
640930
12734
70318
785459
61128
470838
777990
624394
293024
571780
670458
89633
374850
496059
562529
943258
436471
123330
495236
978426
56351
595707
260222
10581
172771
363588
429981
535043
241890
586148
537677
314623
849189
416880
317669
824523
609479
450840
958847
45344
670597
854977
482798
543257
203779
447920
963429
592834
252874
574373
302325
600110
959599
211147
356887
206809
324991
386705
623214
9329
881875
506154
105077
228947
600569
811291
100347
994555
793699
990167
165537
760333
632222
802885
433265
728709
544843
298978
908848
564895
714
210898
853132
472753
305582
608250
663236
973217
282086
666127
289048
595449
232706
25956
530670
351274
94104
205312
731179
461050
761834
481423
763501
36131
156821
896179
710350
915172
745381
801274
34193
158895
578794
589074
414454
342085
469588
977795
979344
940158
198786
240915
988946
263905
628055
305923
652422
840154
902326
704627
830058
86995
177027
151712
880570
211464
760327
545566
147038
522286
116510
549592
182967
913062
771436
545104
551812
326487
333878
284266
470238
209493
276751
285779
242431
112751
334842
247847
580076
478428
196636
111315
443164
444113
133555
853220
709681
653718
360663
18046
3772
123805
504692
17066
139146
807163
946362
344133
425409
950150
415029
233318
24686
285922
618636
908380
304865
500484
60452
393215
95544
278159
258424
120806
304935
233615
899472
728880
958894
976424
29191
882991
468576
896449
787963
808154
2441
238844
857258
660125
958004
539430
276307
700674
417636
488525
122247
320238
331281
715022
90813
835709
553112
755515
508346
777442
445371
65602
918496
583056
519559
998517
592076
933058
238928
479475
339440
321612
131870
442332
284435
181237
640834
950177
477180
992470
873837
814640
75872
578909
685221
426973
215082
380849
191913
703293
412531
770886
526964
828664
149176
817966
680836
657349
45363
679898
139382
413324
184113
864266
628992
555842
584145
866199
683624
30393
274163
194419
992980
532280
435109
932714
125420
979236
710629
680100
684076
362091
505776
778211
192222
502713
189016
706547
613415
824704
413292
494739
263747
400698
385606
39376
614045
98087
731145
827394
494250
869268
848980
531131
595901
507661
305518
661969
642010
228308
815195
359787
711552
248208
588902
284818
607379
939351
423817
410426
906234
122632
531444
724219
519122
735843
226740
647522
912167
131655
468148
954571
881160
267885
979228
906915
310358
990569
927485
238251
761350
211319
395822
197685
643751
20599
104945
924754
910720
184120
154208
11496
292921
536203
797200
865894
692332
321185
655935
128168
547006
650273
991624
753147
998769
103423
967960
638130
608981
526993
597231
678701
95996
725109
464321
308660
473791
866268
51081
735108
786280
879700
268828
714111
745870
327452
902082
994934
101766
200663
211830
758385
584911
825840
620271
765952
606076
205938
969488
33580
183635
520246
186955
362700
129208
302448
26332
586146
655890
742877
58639
686789
55557
742050
83513
921228
976027
800432
112920
777013
167275
908677
430228
285612
49878
436764
984059
347436
847703
822666
251865
683573
444806
736384
926327
711569
860047
974098
808335
752135
465828
527746
742207
192780
759837
789579
597799
160763
637903
311298
859731
669502
938634
296135
962445
630622
401135
745369
163596
231869
450081
278818
739359
642487
611462
339327
609773
498413
534658
862539
25669
965965
307263
218966
641855
972470
678415
28870
83413
112028
978456
73221
639357
402805
485981
386164
46492
65372
731932
743364
820201
287074
26743
547745
201488
491973
376395
927577
18920
669500
262921
838330
277223
34414
117516
60068
852012
78059
758842
190515
205525
135022
210171
909912
890024
370683
250202
73112
769963
592175
73685
49907
231283
740737
305455
397584
628357
382751
576572
976092
369522
732979
684420
279501
987536
598491
114671
356825
549469
490281
497175
40423
246581
349710
833647
544798
204824
408950
186098
673580
81539
196886
734408
215021
618671
239289
661949
262424
689157
901508
107214
854245
31140
226151
197433
532415
686112
116695
390274
395194
399527
700854
533088
581072
590632
844052
467363
403874
882209
82716
372017
59564
195661
917474
869786
110091
144185
830119
161535
432927
779521
214317
987106
365044
436809
104079
471118
163758
706554
16435
880784
801661
52346
813978
768839
848197
188402
313420
968694
591624
662354
326377
177264
91954
307209
7209
252659
893926
369080
999246
529340
72923
838403
568005
37580
574597
58556
276129
783466
111799
934832
254900
376213
733837
903094
767985
515731
840467
540668
74790
944477
28785
739935
150465
557666
789238
486889
571455
672425
455093
33497
556601
772340
709817
887619
113281
798251
260790
878159
575099
359927
842201
172881
27154
622826
816558
405611
253387
447778
987742
607125
473409
477516
370020
197936
625704
695712
433609
60317
355138
168637
444822
517574
185304
61647
942020
990597
783664
410225
208208
280679
970001
920266
599173
754287
380403
174880
965643
424350
646416
195500
669067
397449
172242
850579
836676
242727
23060
868593
245712
480183
763790
135446
641276
559582
958298
392787
126708
443501
224480
813105
475568
803044
559869
825970
896879
587322
768282
174735
330742
519578
514560
877935
828360
470815
698641
644981
784695
51467
193943
809215
730781
8346
909151
11333
992521
417392
93156
975529
805009
245934
657437
790267
203079
903083
342348
127954
153342
339285
446764
175111
503030
709377
901194
626729
258241
141867
31696
41973
657522
324115
989800
490861
245015
457787
212362
113058
636285
882081
275400
729789
489153
795577
285359
690868
998572
765690
959232
532339
98802
258165
697499
316231
816963
294019
119361
376038
714896
546370
918660
589207
475016
404125
271434
70615
389093
680316
301447
188140
84858
870067
631570
436569
69024
678896
68283
503122
976613
85818
653040
237552
838384
512988
65914
11953
796580
960271
431303
846979
718293
791214
603777
169800
916378
655933
156408
733593
48302
50977
221644
365661
285703
710213
974795
513719
970878
515500
16496
712794
631688
58099
579035
461147
260736
792232
133422
375180
843578
278266
433398
268023
966423
312709
99154
953062
353042
806220
850936
27364
881958
166973
298323
637036
708171
717388
132896
498420
50169
856698
770060
584544
75922
838555
970808
758050
974070
308563
681486
472684
80169
426354
343493
52331
413247
381522
925672
513096
514040
647649
45254
313091
938365
44641
915759
333455
869308
149609
80886
299269
14030
827746
437687
595823
201447
512742
84952
373694
922114
570920
257703
334531
809732
100008
360211
398388
975430
856843
272027
8370
742278
594645
91568
443542
479567
364245
875519
684979
930374
321733
586311
73551
586659
363348
706136
819314
575677
263212
728276
369604
421543
822510
311317
116171
653365
48126
473537
503105
48003
624566
231655
686140
889140
478523
134027
310463
947914
271694
600010
251151
193946
343660
320144
506808
549756
745662
291335
800102
538158
496618
666387
154948
3081
786494
629494
733800
726021
124177
472389
945849
201734
945788
79963
654273
61766
571870
754517
169263
456624
229131
386023
665009
573169
320933
732623
793584
453900
699613
935764
39362
137901
184572
869286
237791
54903
381893
840379
189027
497872
850580
653539
969993
69520
563384
644183
188315
774289
56900
868189
285547
39693
518166
139333
795017
754962
568732
530372
219316
115892
852914
147780
726644
306523
228513
472349
650528
821997
826242
293933
439795
428516
112618
527696
723347
562580
803066
405708
524093
137124
67156
555756
230279
922248
622650
951202
552148
277664
330971
149722
922642
951979
418244
28034
992460
149581
268744
288940
33787
604677
854782
203159
470876
232844
177738
791119
83908
749474
488738
160174
497021
633951
371827
200222
109344
893891
268065
37437
52879
700829
926247
947134
625414
882149
537974
210562
24652
425890
393643
254079
575290
289337
507201
485652
170770
639214
578066
394818
503241
674622
227565
497729
10826
483859
827680
487021
24356
358407
811532
838851
416384
674487
555804
131506
100065
426648
514652
222768
540835
802165
256080
151166
417950
483948
621883
875686
253874
957897
859398
437764
38492
514600
917219
274792
45915
579342
226257
382531
522044
397759
431243
916009
965174
451239
48323
442836
615695
104377
433904
397683
190337
919264
401107
164523
895911
490485
622173
178399
714109
870411
46367
64230
243503
529949
183059
357673
581594
356543
561635
579786
441071
354959
573979
73804
445590
517611
499449
177590
622162
685375
873215
321000
455372
843045
935386
21929
737367
738082
950644
683653
304912
98887
541329
70690
740911
828027
152013
136553
647858
380481
471986
876710
125799
61450
299186
162786
903901
73805
905675
738114
373878
875327
889634
218929
707565
554950
102444
902345
182813
78864
879046
912627
568321
592334
936129
528138
623880
177548
996435
389886
886603
735233
120621
629699
13734
13967
888334
50245
868392
880688
385521
313527
320810
751629
130367
41293
90765
266273
285290
735162
616559
357422
368806
97792
82878
41275
832945
358521
639317
989211
923071
313556
812065
102247
151430
867486
218087
63742
342842
893450
634060
754715
664063
164811
136047
567067
343631
763424
978303
682748
256741
863366
615591
678739
523574
884394
90242
601411
505916
363396
682890
121160
55021
515846
67021
69105
544479
807689
160783
778673
391026
173500
759886
407977
618751
838091
29683
255297
423015
784118
68016
877945
163709
268230
735674
403691
882913
319002
72952
942129
875690
935163
744211
59682
178837
193134
699741
192651
48486
897564
541549
514786
466867
824343
184705
334376
676876
557434
714858
314216
826808
684859
366690
759792
634589
241844
363146
698728
338679
948528
596917
915090
543421
2097
122321
669339
792054
648312
774271
89077
306491
307570
102856
450611
104253
732485
665936
488810
239653
910762
628253
604134
199050
479907
618291
112137
403576
580464
639023
526124
29700
944131
309056
938547
343574
143841
815911
178025
142941
838621
974052
34064
980452
95257
283597
719245
110007
872227
417727
235605
87106
826778
398067
577564
244794
179982
498916
541522
424381
685300
122732
94678
599786
658458
346886
424559
113988
658771
55016
697704
979678
843757
511082
611745
715669
761699
813885
548124
831872
879799
781130
272775
89574
407652
888562
252585
786322
393249
267058
208160
753813
674296
289487
863483
350707
699157
501427
564481
756060
234050
171783
137510
125524
820324
563187
899949
411011
784018
591036
491262
630436
833311
525012
631130
580367
842627
882134
15305
374603
199365
738688
543886
998721
786502
541518
873016
297768
838726
588284
469868
711242
731791
685082
514327
146225
388650
86682
599665
632983
490087
941166
168026
368787
369606
966118
492215
42132
546697
993199
708339
574935
945180
925653
101632
189395
53566
485285
387052
816329
209097
321374
976868
845783
567843
644948
655733
754790
448639
981992
48146
607768
260831
487759
791527
15174
298418
848094
18174
76319
367770
540727
316547
334083
685084
98000
744796
661318
41634
770042
360618
766030
557921
485655
643264
737713
545295
398990
537991
273350
759571
397541
908331
51453
933895
160756
50568
440910
844207
196585
63749
111143
851654
992069
682408
928147
899059
487335
384646
162633
452396
103456
405516
926634
435472
453580
933975
204949
617562
605355
271192
491414
740992
526318
623429
433569
2365
640824
426704
464626
528892
590620
516878
152135
526413
320617
208773
884915
771773
277465
844843
124450
38347
989512
794532
741279
399181
564923
456145
258404
520051
133821
664699
838000
945266
692397
193385
723289
136116
807043
188178
457405
956945
628393
645426
391471
436038
161167
587212
15133
409188
998547
569695
693558
495451
873038
627616
201363
30536
347883
764705
79828
741213
238261
396856
344725
539189
119447
323191
719826
306888
813864
268711
594943
283312
15880
990582
719863
465839
271716
71042
881291
514988
78796
82654
704540
797979
367380
39382
607908
107798
719348
401607
804563
250070
852951
684148
969528
456769
546820
521076
966267
768847
883068
217659
885253
824734
250608
826801
276140
698000
438243
656194
315460
995749
60462
959537
968752
547417
308379
490237
860755
869551
896985
333868
5017
338894
565398
372994
722594
754925
317142
356158
817752
588698
507769
325512
435902
553158
20162
962815
712551
262303
105464
641968
41241
219804
999507
15083
834109
738938
14538
845242
528791
849253
787411
944700
75627
874981
80966
599337
247390
213267
169445
429683
664399
109111
390223
36532
79439
264446
641149
413027
350363
32055
857873
657904
700562
73917
814894
814178
782498
270930
214890
125300
203307
435900
956004
850162
230661
656182
505807
66619
153936
105280
481014
109082
348946
890224
440187
531343
549256
590373
323792
234645
815783
102010
376440
448288
521499
774089
700114
403345
499931
833867
831283
833048
507802
46813
981084
670300
627391
401943
592764
352130
250555
340807
450628
614798
528153
239073
382348
925157
238300
593864
187851
822587
598622
108240
878847
288602
478216
543134
624027
425561
296760
750145
977755
497516
520873
962230
999811
543393
701155
703136
151177
219881
578927
8291
134451
856827
8530
473746
990576
691186
832109
398577
136317
292129
82733
793975
926164
224224
597742
897680
277635
825234
813543
747801
779738
912536
589009
30346
765291
52093
473617
617780
455619
758140
131958
883584
879755
148465
385588
891861
324548
958605
43879
892442
48085
306017
957861
216075
178772
300621
762874
969088
562646
322006
27224
361629
362431
730855
428248
379990
444928
895545
601861
993586
569664
368687
180074
56171
504273
550070
635943
623644
903886
798703
870047
391520
433814
267916
974240
228883
916323
21923
614364
817093
389153
808383
330345
89799
319977
401460
242876
711395
117808
732406
773551
173961
362437
662913
893801
303636
24410
386166
900379
546755
559807
37336
286257
368966
358504
46160
679876
964000
860050
395136
298845
951992
630901
104863
381997
300270
368443
534101
753621
350809
836368
947591
829776
946091
771563
579271
852615
750912
818232
128748
616103
78777
2597
929839
929960
970522
537723
606617
402957
93787
71625
201099
934391
846598
226384
929683
331034
28039
853333
646070
958104
691924
71685
933372
561315
149257
512095
110405
4400
459633
550961
807502
785192
548230
150281
730280
966212
679729
131254
803390
41805
154246
219699
216186
254769
416881
826166
937085
930826
313714
107237
221537
427700
795961
702122
262832
710428
885678
821192
259377
108954
863807
616175
756818
915874
456532
931115
25952
742622
409600
889973
230330
982312
782288
77565
470297
134332
512352
773997
146516
29943
221696
588298
146291
407105
273935
392019
414112
465823
369745
820465
168196
598965
592193
835932
56950
558898
62961
441866
809944
258159
684022
566835
206696
851721
822479
682690
277381
938215
929882
577514
637180
770216
138866
966048
659796
297719
840759
687380
728751
526769
337602
233196
777501
794096
10411
341952
412447
691298
245665
311941
539786
368920
791796
930015
806980
866323
6093
890428
126893
395539
130940
816488
474802
888535
926603
7296
993457
936411
670001
655908
512992
359730
830755
438760
55309
592531
493227
305216
688342
379491
560208
572470
860301
717699
382207
277171
897170
467877
205505
71950
368908
533261
433063
463521
899541
55530
378091
694213
759179
271975
605766
56770
554583
185643
127387
813997
301041
132875
494353
671923
852170
664274
135613
541261
999248
461091
392704
786878
524448
963164
373258
10772
426971
544271
533020
989217
157623
517818
629545
444237
890746
253524
698332
975801
164919
12982
392984
289686
402528
694028
593302
149828
261358
902057
721013
311209
351860
562293
7310
2185
918203
407541
689330
341007
630424
78041
714863
408271
799512
821519
35165
336346
777129
128007
133082
530542
495154
643030
125395
363140
236320
866568
851192
648437
536627
640762
965321
572288
906646
726725
437144
177472
997056
623907
73133
34978
973376
739771
992402
299413
46476
387816
806279
937306
943996
476520
45433
687376
572860
909593
993740
844131
903229
546928
803342
728176
806680
128959
692561
786207
837433
565112
799006
143071
49987
372551
47904
56118
496260
262446
460099
277020
666965
623616
772173
648842
129587
62413
412484
8588
627693
605260
621123
793957
915975
278769
733304
6757
600562
585677
27048
936680
763316
515414
819420
690174
273977
953510
626797
508392
998807
407482
169485
611488
57301
789564
618839
135342
302059
269496
260091
742671
119778
348457
185731
605830
487528
163331
74585
36048
261330
684793
931398
612176
655838
871641
276215
841580
878560
324901
72490
107272
396062
699204
774833
960004
749725
563782
119740
199864
691482
441544
704023
627624
934829
30582
126153
543417
790245
728817
818309
211373
467728
931867
993140
633077
253559
428747
432183
491074
417426
897674
195331
473310
846074
830845
429138
416432
272696
666136
247855
384345
797961
30994
975953
18116
421982
211368
285329
405575
507104
110647
862448
30190
682597
899320
977247
239382
249646
123891
153942
880228
778385
501780
155912
89775
189782
496696
641175
402256
583967
439984
452415
431409
666180
17979
60623
334232
220328
294032
207274
719470
644725
325746
792209
911871
632604
451661
709014
213208
49898
593036
68492
8640
486183
314254
470824
413326
319375
181363
567366
74003
66802
739704
526686
682761
462426
701866
352866
440355
260038
263245
667966
247778
649965
550539
644740
978177
74388
759140
211479
502719
350426
911291
136704
896315
400641
279590
645290
528717
787659
558881
368682
389115
698162
540764
145940
274731
397182
290919
743332
824292
160075
372108
5566
814241
254243
354967
469822
337380
807733
965482
380693
89965
988346
781531
820129
559105
536245
561028
125403
518760
539168
899377
284776
222547
96464
78160
554686
47286
353036
610562
954560
990715
438209
249533
438587
827892
771699
524024
786537
360370
904735
493915
311938
453019
565812
32522
65200
856726
947367
69401
75700
296198
272958
691784
783959
208191
877019
617288
93701
231835
141765
890376
47624
167347
679764
899989
714018
840085
312837
185977
688036
525444
177910
653267
414229
230811
652289
26714
72785
120129
925115
615125
122916
356120
8593
820456
575359
563268
446518
430260
661367
751165
423455
820099
455265
887174
48730
828144
611502
650996
331608
322064
562889
951810
461135
592721
940083
172088
250120
143773
513571
384265
218530
192822
223312
466326
706396
267779
673418
705571
412618
650584
411044
692176
772621
523210
223983
719868
841162
917404
691265
13216
22609
528025
140836
18028
96749
934058
999928
224257
454485
558030
863879
991697
446269
852190
854900
418888
605583
314150
10837
524204
511796
194435
925359
298065
481965
68355
633000
50996
745247
344958
174589
771883
280230
21745
779099
371036
842725
119092
309497
419111
414187
550407
254393
462209
232018
824728
595930
249907
154110
921829
167959
165799
110790
377942
221192
750293
861343
52756
823804
177630
793648
966914
171484
957383
855621
349590
740722
445177
439867
183867
792692
822013
211205
305572
315028
694329
706620
441629
560569
647408
934103
902915
582943
879000
279287
319075
307238
722413
966802
242375
7760
113839
342114
49806
724343
825005
249282
395206
615078
187887
229095
150566
462881
199848
912757
866710
707861
519592
658137
224164
30999
766264
357488
751122
792354
565024
835086
806198
188613
706185
341206
941086
371127
412523
649955
263855
234508
3517
178491
343839
602511
480373
743532
885570
612410
639143
333939
137998
974385
905217
957139
116258
169625
20116
869535
808600
437516
955880
343195
269022
640023
862532
954547
582913
611606
737819
989474
268933
758557
617322
147262
536354
324508
878664
681489
175997
401308
580779
658981
736852
240056
931035
468299
475117
516725
727581
754796
380325
884258
484589
387784
599849
806159
409877
830544
243344
286250
853403
359582
725644
544231
996518
315185
694321
798285
315987
874108
454296
652824
153861
124349
831859
49405
940794
879921
659253
142835
20382
931527
972085
260209
260816
799433
861688
231909
240470
234697
171752
725251
107329
941311
657558
764171
689887
584077
93672
451487
483366
17660
9834
870068
364898
109850
688445
296226
679353
880064
858433
55412
261355
321081
807278
363715
686132
282618
210765
125309
54050
850605
654452
764285
306365
423305
201822
971248
275168
346606
583278
457046
657386
467030
583774
945091
84022
46704
2362
55991
995662
804100
412715
230351
480791
726220
981672
806688
699528
575772
749402
95863
702006
219377
456148
599876
195390
180890
595064
610314
603566
508232
801280
173959
215137
102871
867418
197488
410660
944594
4902
572543
282877
710794
88617
129476
266560
1234
351904
70110
76941
15977
130725
416672
90237
630218
471285
700499
285287
844499
488710
856429
63822
50971
214441
418838
622167
863934
896984
38135
481167
728997
642970
463040
989943
890505
745557
343830
328853
302754
969551
561320
870633
114756
233138
153257
740912
478386
28622
919148
514310
875182
222630
443191
472824
890981
464682
583360
812396
391118
641024
83468
150914
738836
873457
544171
101038
296476
440035
886066
298031
753546
733048
836083
658915
576968
396405
440007
324136
669292
294431
140530
435758
973452
7065
264384
101673
911072
792428
492021
856004
578040
571891
734145
633943
660699
792188
553471
882607
232691
781899
129708
93069
714789
178351
68437
299406
281840
477027
583135
890901
383653
741645
332706
912004
977033
156521
838960
41448
458688
475943
752453
802208
738288
254415
405299
735471
367273
148711
78559
688127
328540
962641
712963
879069
689638
101994
575418
685448
547939
305422
540836
923285
281281
105204
153733
446060
492204
910878
992178
384835
642529
954525
390933
384229
895835
529466
556641
735864
912359
373328
990132
206294
969540
571800
820450
337819
305667
495551
420534
826885
104942
29663
49627
771030
314382
295134
474129
603076
935
712236
405980
125910
422957
393708
522202
882706
214431
501649
985207
268825
6713
488741
574991
173124
347065
141962
171591
997668
898570
482155
254025
364296
727840
496854
23257
186618
99112
904481
211326
890974
976986
652150
221816
706590
865852
829049
300440
620813
877894
933189
514186
309452
2740
314611
380921
368307
450401
163435
894792
685269
423450
974095
556336
6207
524260
968600
711525
440340
417898
66172
730532
180499
421865
890022
10806
275099
871924
49219
810438
570352
691490
808856
912936
718937
237164
586520
847832
175472
991932
829597
680168
663877
15044
182212
803648
626001
123981
430297
299047
303788
36657
393353
763536
674196
70142
632708
478875
605678
455239
872515
895127
443602
628141
741401
173643
81616
346559
17580
635312
985316
994901
633981
441176
615924
742757
270024
397692
747896
195769
962564
493165
687563
489213
417089
207648
985798
414828
206451
529010
173239
974035
625804
629812
234569
681397
859575
143642
283760
110912
74141
771238
396085
673584
950926
141598
206739
592021
125940
165793
937343
899499
187668
801882
635882
752094
365987
449793
106622
221270
896552
497650
333551
700342
423433
495583
145645
105725
593124
432776
462787
769173
618029
174640
915200
54315
89039
940002
721134
782436
312391
27173
197181
173842
31006
145390
955258
28393
232596
661501
735613
409551
599321
466778
447898
342034
830025
686482
444347
743491
805646
109670
865239
401362
282038
143954
76162
55657
370775
84436
94013
10642
558526
154986
638362
499438
712317
13823
261883
954196
241519
916548
678132
215182
34723
59075
576928
252279
719768
206973
435908
585735
922898
193077
327384
295325
494823
742921
13820
811412
103275
238788
536630
385599
341991
894452
616510
787044
337682
447385
247165
45110
633447
810554
725905
29811
633975
185753
264535
898301
975114
83465
94241
398047
118956
648573
332924
337935
113768
674893
789842
566219
516955
341491
936704
693888
552203
796797
351593
916141
324380
11656
421841
314004
426949
765420
614732
863585
979155
690412
156232
425291
709634
415845
253129
294504
743031
620730
418584
130905
860457
693520
559191
874739
161552
659299
216948
944058
389008
120651
430488
76233
430173
678475
425229
636649
521918
340921
33493
142019
82372
790405
983434
496899
563077
285156
604655
694417
119147
460847
320322
438081
704796
561605
921485
211722
265451
296628
93018
405197
829021
915710
698368
984696
434784
22745
363880
947114
82338
160045
775031
250842
398396
186878
31153
330000
348464
321357
170425
427127
630847
440190
414442
526586
929944
403352
155083
433389
255558
741161
680960
180557
523757
903619
384164
145049
712663
474933
423271
698482
603481
296565
97014
164082
428714
992554
693447
48683
670668
828036
783830
546763
52460
176301
780496
627829
687818
265153
277725
509997
182931
274279
182581
40294
477407
47321
534684
325117
707133
636657
789306
455353
899555
558102
536916
809350
697958
932453
879252
159112
12920
109649
167018
767621
291820
123338
605229
790558
360013
885023
417616
624348
219212
785184
3581
893487
465042
777371
711891
255928
574717
272810
150438
177142
389311
112331
499830
211677
980557
735428
571430
492333
900318
617018
896224
544992
882123
180120
100774
382284
886549
162254
127299
663131
462794
928730
546244
266518
564579
937020
445648
493371
135240
381444
863645
390045
835572
565210
196661
867125
190862
145839
907873
758684
46372
668074
109819
141550
639638
641760
927936
963889
663974
514404
24314
316876
901684
682083
482170
254777
406697
389681
521085
926928
886281
582939
9341
307939
836537
327048
762462
328590
483892
356365
734675
498153
508740
34634
300914
201350
594132
458686
648954
29687
878765
311281
485796
348895
546206
601962
976598
697344
213010
972442
706727
675431
818460
773908
213362
179918
729047
201030
791628
721894
220907
414089
850940
584326
543772
701758
714089
186218
546608
573399
946029
150936
497001
567524
155339
250549
388639
890009
438353
422637
56187
690884
92242
422803
742046
22673
555572
512784
393727
198149
34952
50820
464591
6127
677202
437189
20115
205532
591885
571548
123394
881595
851957
876774
833629
241128
622197
3864
707936
568258
359214
42300
317501
24917
799268
149502
257722
358833
735985
103740
734673
59317
347238
602172
414662
223166
752720
825512
410642
326555
705638
90213
155224
413154
640222
499743
720433
208955
961047
716189
214263
319736
217394
726901
250455
671579
904222
5122
259939
173937
100261
91822
714685
265255
233353
739603
535169
748083
185971
986722
493752
318703
381831
469486
295255
241656
795204
859730
193250
706860
203225
428379
918241
62306
435820
393407
91406
824939
680471
734750
346765
300911
332178
958068
930125
178757
791858
881857
342802
821470
176370
129093
671003
222555
977178
307591
402772
85937
339962
734049
315828
150325
78040
629296
34889
703097
543294
525962
736652
353107
17861
907136
665894
899241
864324
284051
682824
63635
552367
388037
86165
944005
514917
901454
881718
313906
950786
842902
3057
249617
132438
550035
602389
160166
268965
471752
322240
947313
83712
541668
863794
810708
73993
108567
885402
845387
147123
909242
782423
954228
263002
867099
638927
49141
632898
499884
975688
482577
477610
627030
780669
717391
605537
867002
439500
549542
955168
819643
129111
550520
586974
511873
37239
981030
835680
502545
689054
312733
986454
793892
486062
309825
838117
391087
922531
183507
301056
837851
930465
470818
470568
101415
191275
221227
144453
96831
826893
153532
824828
640013
820230
540126
883962
739319
429078
825836
992840
892819
651907
418476
959852
588004
908932
36841
511239
780438
746754
364800
332967
3995
438376
357441
323050
806016
72856
168525
353982
129291
797499
562091
504764
847615
508192
835081
321363
649663
944423
395558
581159
715577
109321
9485
956656
307804
680941
565435
668266
25095
272544
733580
571413
492682
94440
714979
727330
273169
538488
680066
137058
399925
619511
203212
826640
739721
538736
798744
657091
949074
997161
990437
186754
559303
64744
231932
708718
453097
129221
277507
242566
687373
36392
251540
913828
671936
492020
550518
875574
59882
727280
776114
543148
534038
881094
947767
355258
711976
294267
215196
60327
650967
838341
38170
900542
790810
717096
295715
89853
948800
911166
321229
801829
237307
94497
462537
973842
583204
152965
567229
893402
601391
534882
972257
545533
347060
513526
814296
959285
105848
907999
594651
916745
475970
569037
126404
854679
499871
820675
228989
576602
560936
155075
820668
422073
992820
364919
77466
207820
629586
704947
997184
147137
54046
466609
199907
674073
878919
890389
869926
390310
890905
326466
655182
337272
32998
592946
696575
23765
413957
730538
555113
522859
942461
829463
22763
127273
673267
638687
147565
42365
978776
783769
679672
549481
525583
77110
4991
382995
990713
367724
63700
415581
263303
284050
520591
627270
263224
899322
871566
511405
326113
337598
676883
566414
163079
999354
278095
155048
783930
226262
964808
252242
694253
477982
982709
511870
821968
679705
78134
899201
488099
790993
191881
508565
160821
718065
687706
91884
274450
118661
120889
254140
216421
672189
822116
513648
65136
345102
412442
442709
218155
616019
700208
776758
245930
804617
152612
575966
980280
744766
295757
313182
526220
427527
25487
213477
501139
798157
757934
976305
954895
831830
857483
562594
673260
51431
738629
285407
367212
199765
329638
523684
5787
956456
549254
12004
567289
116501
162486
273966
148368
721073
858167
285314
860374
110608
330341
825579
47541
314049
404678
204794
686301
732225
738790
492180
914993
555184
892127
276364
390363
880706
224317
553395
434296
445120
815499
964493
848295
27930
238595
146581
435546
578085
580109
437792
629469
101809
887382
235720
217376
852532
527636
271943
744364
795895
388682
411628
148644
988707
200337
619942
503168
998826
665533
837942
521067
136216
938381
504128
209137
179088
18514
870420
809712
425564
878089
800375
60204
128051
542838
575575
979824
402430
136583
155255
847300
507425
130052
229528
112026
764139
44978
420617
170962
498426
407421
772563
200838
147915
365396
421778
937645
164232
759067
56883
587219
402336
744802
192139
577137
102518
243151
343914
855859
107314
423958
798867
692846
808564
437425
15791
964884
916765
550913
236513
938159
243219
979578
320105
417786
204814
467302
227065
989144
278856
962981
173897
897154
376659
950571
373753
640185
395993
235196
895431
751782
4669
160602
135546
773082
895851
640136
85303
977523
90800
957405
675553
721877
180311
238009
58438
925801
346688
785754
462089
189754
876025
762976
570935
857246
364857
386480
268941
674785
891707
924440
492662
339340
499132
974941
56931
572669
554219
676828
873822
355827
742316
595715
913622
716403
411657
778480
205033
30146
722475
266181
4846
43739
43447
80572
628854
317419
781837
275156
492799
195398
588450
190118
860221
588237
260691
825397
673209
80865
709195
641596
318010
926566
895907
268997
329629
212030
295814
410400
142085
228088
588609
627437
843341
562685
21763
880860
847728
217809
453007
241017
100594
519413
457429
741610
648476
720976
722969
162790
586394
97506
280691
76509
612180
809823
730009
999404
321620
198457
772236
939399
356956
816994
478633
227097
715081
706455
496065
659393
298790
807025
713025
66638
54915
399197
789400
816344
63134
392296
822841
460252
436507
450165
360143
471520
393908
250264
981494
534909
300047
681037
224223
50998
554560
6962
56887
468916
723979
344978
916303
902698
984852
600494
28545
858413
714893
645166
602124
459842
121405
227996
825081
725106
858220
985383
705005
832322
615509
811275
692792
981064
475987
969340
383669
726311
22973
430693
542888
12892
489764
596632
987515
74524
811432
500907
834704
253005
259801
762974
375769
862804
899319
22310
65957
867442
240561
431159
547561
819829
140487
311484
670135
474757
126021
202243
522720
226155
240098
655204
916211
196068
698277
963596
574024
633285
701440
554568
651351
75785
965346
302074
367135
742961
323063
500709
767182
140611
247030
800834
182107
713794
379223
436822
939767
28750
938809
624869
722463
145930
16623
455361
86713
450325
749679
792589
266716
439222
318685
34279
197566
3941
621254
882136
853853
203554
696463
355489
673156
676086
704518
803270
642309
103227
698655
736196
907006
498111
75860
808014
715150
924652
529053
9851
530088
997586
21297
758763
931619
40772
365194
217389
605356
972983
710303
939452
605221
45999
918056
43394
230861
555391
252777
752755
614830
777215
271083
164940
731908
75124
431939
841489
153860
423769
93044
617173
913830
665908
763180
94612
213799
262178
940086
522714
832227
639469
998244
687239
999077
548393
591273
311308
163444
43714
538375
686478
189449
886067
753616
43220
614653
18371
151773
963036
122194
1973
32175
66774
446086
43882
177032
431364
998060
108719
943857
544481
255595
108344
574362
436411
409022
772818
164193
231960
281598
184043
980990
628632
828130
616853
295673
816461
296484
263326
885841
251680
92954
343116
176509
680245
568726
149167
224165
421976
903646
350554
805687
951687
412906
842676
203835
426777
695699
807159
579075
14177
814768
416771
631344
598568
213384
37778
517419
195222
498889
305609
458210
716308
605062
408210
70438
551755
296149
636611
259698
441908
958048
802446
424650
188778
544514
725853
576068
912137
343565
355376
836782
878882
819317
587361
626388
613959
36012
501175
420466
770829
880722
446878
620433
968250
347979
433334
418422
82202
975377
210470
984614
887551
466408
28869
889559
968757
769169
155054
438682
311114
588308
479667
708561
420371
511194
846581
756560
2877
573646
177814
211786
536177
17297
690736
599908
858386
851008
926402
610554
325828
874630
209491
390741
332555
272456
956517
364963
684363
335395
246767
880561
274018
568253
221525
541633
689493
885153
822638
291792
319834
342712
729009
130736
31295
669726
23965
439596
543419
425731
237507
848251
334980
553175
718185
906803
799583
663714
335176
544564
731814
924969
123000
371429
955926
908849
61951
979080
903351
81704
177238
808899
339732
917570
387436
340742
400850
246310
41752
216251
192267
595819
237937
365180
606321
660634
162864
598387
468301
621731
484482
587400
546790
692085
962395
881897
454684
699370
786278
834213
309687
908393
109036
217549
200091
100015
95283
633341
303583
802809
368899
177051
252397
813254
975582
666891
560566
560538
439457
549982
258771
460337
782088
419282
72664
408110
813299
777863
60093
584250
655603
475528
774256
628767
657164
936634
355002
954496
917781
732143
401163
214236
406768
155865
421205
677163
631275
616639
991103
731760
703637
331876
248717
972445
442820
393424
993366
128382
447690
286702
253513
592288
80208
607347
553098
567156
373233
917850
701171
796858
440741
192304
456541
692572
614736
349786
142665
243096
826141
772108
273655
990498
905468
697379
449119
288705
993198
501505
862828
643198
622390
663156
891011
467351
199296
709216
65876
557330
944964
628819
96318
19892
190937
439934
366083
336700
441480
966714
261339
234958
163377
264226
368362
543359
65844
638711
737684
46601
705890
174214
129760
572872
417416
582131
696718
245860
665165
631232
968619
763250
82039
194816
355556
678800
745952
103369
198636
460843
64517
777397
794385
795236
503340
303806
97542
513628
776218
990840
888491
682675
829043
26359
122214
143506
795005
232420
906512
381529
117301
43726
211639
542147
641741
895572
924722
229705
146897
618558
209842
87821
239314
969789
639316
353496
135526
699134
945670
645022
237777
870767
37702
392415
192491
867158
82790
485587
636556
882867
449214
653264
364657
638328
815703
350048
624259
889483
798432
583270
32215
430104
208442
241658
859271
690742
956918
164759
865369
368520
585988
42986
987699
80593
949102
832927
909713
735678
42449
123578
234861
583048
812518
387603
900191
390401
264334
667732
240500
462183
49081
859162
417699
370747
473008
667822
299299
34130
603378
965901
732028
247680
761354
632835
950187
381864
186877
274538
49369
792596
47730
836846
348421
925571
931897
92068
670820
90615
156756
224984
355618
647105
938384
633749
964357
246878
734065
707235
511664
726302
122889
649711
650093
455613
231236
624475
755968
625626
533368
398747
924176
199460
61842
264514
518848
815690
538253
157958
4007
305682
209353
481025
750659
190696
308846
573863
146712
879815
628494
936378
496463
755840
195736
97247
60098
15519
176425
277060
113979
630178
580785
41859
408775
581355
806390
990228
627497
473389
383244
585510
64039
391280
791206
349205
294150
797468
837890
862440
250517
594531
872497
975569
950802
551126
820895
259571
542979
39444
956294
770139
368531
684455
622030
605167
282703
975603
700820
272347
802524
497363
308295
975584
224746
524518
551142
228721
113314
586501
727251
257836
463523
393840
660397
548604
502107
507827
181220
987613
954027
516635
823053
62683
701612
657910
493851
706899
204629
798350
903269
583547
111056
282739
724047
228497
676429
995565
946662
324809
954716
482225
419087
81608
484780
213254
429723
909292
393233
262053
323711
683756
508284
365398
834076
995377
775990
48889
450211
230245
470070
700177
617250
914138
733207
197998
373253
538226
60334
964936
882268
456356
647144
742768
732107
483408
560371
481831
872390
234828
571641
689778
511932
408025
776693
881129
259237
749615
713582
915329
18531
644112
618313
206648
208747
768203
382887
411352
170389
52907
797100
372487
309498
970113
757036
855022
908651
13811
894430
517078
605146
241204
873023
613114
281967
695053
153314
943471
107068
930702
832691
476839
360637
307300
897365
575063
153844
983997
749424
491416
430976
533883
235595
132651
300376
154265
79430
288929
592020
264507
344233
610099
234427
271588
732294
929347
267797
151729
610748
245945
954886
974971
74849
894401
293287
662668
561323
556684
404614
314479
599840
106258
300937
243474
936602
487212
982889
507715
298473
727912
32937
839803
293193
786615
766471
240381
495447
246748
653744
800276
907474
478259
264193
734194
433518
164054
715459
714670
428210
267436
68171
579649
241731
961683
689712
837574
582019
213617
574014
892686
551399
610149
522330
403121
4702
344849
314076
618931
726387
126610
201717
356317
918688
732782
466101
674203
92265
327266
427479
214408
8570
731789
993223
672815
578911
65251
896789
562863
249146
684306
924583
870718
842762
375643
299153
485231
388183
594158
275750
131746
53515
634229
440141
895404
918607
509830
230256
677942
339972
226927
33574
372750
12700
982424
47142
475493
939551
41449
787759
557534
168747
917651
705526
260446
953258
804347
715007
462161
531653
792681
807763
152789
494879
714689
123908
74863
996651
529907
710076
372975
706923
577977
727510
808763
768453
89467
224000
821295
352018
885312
780625
410350
683940
749791
525610
883504
360269
734125
785250
314592
235128
897536
522692
308181
713558
702137
469074
617596
384936
889399
52392
286066
710182
586818
212621
862369
135396
359489
931058
206630
249205
623112
138546
36541
610115
820710
464220
716342
197005
534489
609796
998040
822218
204100
478062
419454
968435
904531
846011
461048
579900
343523
640081
896119
198983
312874
205256
446537
62254
173027
635966
984393
711018
697545
687009
611051
692822
815702
62546
319367
409479
143609
155126
94165
289509
708133
749677
745542
708622
331716
684549
74434
256362
507800
59193
974998
746630
260649
605901
977122
490752
200406
380585
724997
148468
750777
539986
251965
971383
238948
412604
183780
548344
446156
363537
828417
513747
117472
815583
601120
643438
278870
780937
231600
265752
434729
267084
815495
934676
742617
489268
118603
262041
457555
11526
584409
878268
47430
810575
286638
728275
722146
666948
184611
373875
2456
510306
175805
122080
814044
572768
472146
754388
700263
369980
703160
48144
731505
504017
349277
837925
450955
536779
239732
895726
967060
333740
222360
389204
757570
77338
792820
762646
222203
736366
89140
776986
39121
955471
986356
203319
5934
341483
376743
749045
751057
640793
734724
623228
700350
805532
194175
430523
797162
437738
143467
518005
108604
891500
305925
556531
980601
132767
139051
935120
537838
780764
257829
941974
108207
183826
145903
662285
331937
721470
109305
917512
86706
703386
365553
787844
244244
384001
119349
356009
375115
596155
725639
252619
992518
726809
928078
139732
794925
108837
472820
532282
508798
836342
308454
207583
48206
441363
205996
894063
88687
88464
647493
79436
645086
91483
813728
933257
152240
77572
505525
965889
313884
732471
631420
358155
42487
224900
51718
69019
967649
623663
238297
851703
241940
79700
818674
395583
396823
608322
192791
361440
503850
777192
811684
704829
942493
545550
475882
985704
343869
300148
183172
8764
447803
79519
126927
810220
886356
63283
37337
707695
291267
945864
581742
909320
264911
231207
885376
183988
695676
751392
504385
207352
276666
635560
778068
482625
678600
617680
769916
146659
784437
672727
21970
974536
418951
556022
983968
175366
322169
766035
333647
643130
982518
739202
360841
628683
421005
785297
986953
374878
877311
434824
778376
885956
911009
589475
670395
46065
719990
631264
91398
172034
579430
775606
263043
962953
210406
31956
986414
612348
568793
82081
865162
556479
29908
237773
781970
105986
137517
297853
977271
960036
49064
340690
497199
203430
69160
725237
935808
699882
792474
696792
60927
379194
844070
251427
983993
217388
406899
840122
706574
564863
21767
484764
998458
754465
57751
162958
48441
501695
595662
75373
889540
866828
388643
228083
827136
221426
453748
863110
514144
456390
63970
583333
691936
499040
535121
136068
427632
388676
153825
535839
170714
627485
803586
282216
372674
688190
464870
134889
196575
885764
157740
82107
15296
125418
65826
277028
325158
580358
889191
217360
86277
28886
892222
640296
66073
583916
272115
833404
43174
537686
462588
62017
739303
300179
559367
41465
429
365373
82814
828125
780990
535284
665358
664592
328070
575307
181492
129341
488342
507062
565743
825458
972316
386400
984882
932038
38743
172201
665096
943478
727728
365385
429706
232336
159256
966330
647584
247486
679167
583998
817997
706735
348715
851516
375037
38563
872635
331356
524387
513436
337985
76856
658749
443636
913600
460851
384191
222571
319247
988366
115441
804547
644222
866771
552339
24797
166801
742130
716798
926321
332145
296473
334125
926466
537207
715104
516498
973530
466400
113306
578219
140978
456117
688698
306133
793442
306724
397230
261438
999002
628487
304112
245670
428112
635973
982028
683237
225651
335773
581216
752239
359956
104193
833559
659486
875494
117906
495373
503207
590742
742957
810218
355889
333028
948399
682258
296694
423291
587218
923634
804141
211956
673
520042
445288
916657
103480
844261
473958
564691
638778
279554
797828
928318
889797
11897
919166
139591
453505
417386
546744
743207
967973
853910
647955
455465
464768
821133
889445
306756
981262
264417
785912
749495
831897
153969
883217
38025
601047
414436
388369
621426
106560
958943
606817
798208
846564
890380
903428
511625
802770
688179
868082
251895
824257
303687
126838
299822
859544
912487
392009
615313
865114
136786
571203
594991
473506
874043
471460
292668
355781
37884
521879
323042
951250
92869
63191
913391
219826
815348
788236
181098
443575
455544
382692
913292
948323
912110
502285
572066
454658
359566
560361
673341
542755
825054
113735
548046
592192
446075
861880
564344
633970
428629
975295
809253
130099
899115
653553
13802
307640
170566
449359
717775
335059
475324
849939
533065
306337
798934
137161
937045
581424
771448
733292
781378
281782
801543
801106
588104
61624
61252
577011
500772
40906
720263
125885
296205
789471
788868
296213
45113
397409
421864
939883
602345
457565
758892
646846
94336
648817
482881
22695
984774
680686
469763
216797
508011
376886
262135
189342
437196
781836
902842
561522
707752
974912
466683
543124
779578
663936
652008
837299
228338
191985
638956
898603
548704
235015
824036
514606
866750
438369
538311
542168
364250
631223
750986
32272
562477
135852
1210
592692
288329
190796
178847
675048
153816
779769
926755
309256
591251
381097
153831
281556
495184
264573
594575
27609
534567
148966
458470
656979
830311
955153
424417
109960
961395
784020
240108
799039
377661
334619
686555
196008
883920
580642
759314
410110
271884
313166
782299
723919
128532
805314
518763
89475
366327
194581
915136
64820
181547
451134
662801
789332
497343
726854
361266
965722
271601
276423
655039
805024
30304
557144
155978
180978
588516
246653
221046
759861
836309
816225
227850
102538
944409
503224
62655
797562
518764
57838
450720
745614
506661
102445
60535
110700
617340
948665
756835
657304
768572
501601
296824
632753
674853
347200
687779
656975
239700
956913
368867
505642
619961
769928
826465
934879
460242
734373
87304
707948
36117
960997
862398
68131
717133
645109
586928
804140
181360
584717
622131
675867
308405
175496
530694
53943
910528
33003
662927
839949
720182
731022
206198
811830
757552
555673
302822
985095
651199
930863
472601
71328
980316
254679
828965
270473
127300
707764
580909
172561
712646
169401
643778
12767
556551
497781
82832
916076
381356
449288
28127
116167
961761
665906
537994
283615
825646
668880
774576
482001
689199
516464
400155
619952
117217
119309
885880
884610
164704
18405
462973
631953
761058
962113
65953
137892
540021
796180
945390
756160
620277
357128
550724
461474
939933
43947
154244
286393
2498
82030
562376
826298
222890
60260
878914
464148
684882
229939
760014
669171
494039
191497
593329
897762
423865
568393
792289
189517
785508
643086
852621
821736
977302
193254
823172
252475
937113
414068
355814
470558
236959
758478
624818
126726
232829
184916
626510
687256
226550
377848
271195
208055
55346
578713
345593
327279
43614
761766
490162
28798
217146
316765
222515
769766
523038
40351
382041
888679
467653
36636
162414
438235
582377
816083
930464
424467
632600
167786
697291
145815
195286
699261
721371
787577
679474
487499
709879
810247
313401
299746
676076
563249
379725
108192
825719
150464
736456
816498
567995
889313
401950
366112
653989
11523
465866
360571
624923
997389
14243
961864
957224
247138
991275
935071
935486
114887
773447
721852
362392
859425
20100
313570
9113
124260
642184
893158
761603
746095
355328
666450
182642
498205
662864
193166
58640
291519
57400
383731
702587
36242
906605
265450
511208
522515
714216
508056
619543
837006
833215
446094
260701
195181
890116
791273
490805
638536
482010
728101
492560
167405
587232
991017
532243
999726
435330
926384
598964
478128
282560
575551
167463
693611
413614
448893
452289
614372
819275
586897
951796
665324
617896
847115
704547
254870
884294
804914
143715
553747
248784
946523
369698
782766
901833
170974
594815
424676
527751
36667
223360
208611
287794
17062
323106
890980
38101
333691
900589
154179
496074
617496
953975
779538
743710
608044
728057
365569
651521
332448
222356
576122
957809
368412
134334
922363
581502
516686
751806
278231
82414
329082
667510
864085
88300
617491
677690
824100
414340
672705
598909
752452
877321
507760
286451
720872
506936
559259
117682
270572
211731
456407
492900
36175
733529
647113
264155
397855
395381
523832
323929
143392
403315
499800
987922
592588
236476
847879
582338
456860
811569
481228
353598
434092
497912
174708
337029
552336
114192
997633
704747
83754
979214
529277
714948
33391
935951
828395
407069
380246
488905
451954
58873
450236
670934
435574
47290
456389
92751
964990
989057
262549
115018
630575
783708
219545
670396
739631
778280
425717
336592
702761
981564
806329
992657
699291
733893
872969
230646
987152
578531
400015
988549
751407
469094
952898
339150
650310
745546
604695
10095
125746
743584
76186
315206
340246
293826
641754
746000
585290
771374
209253
424323
51831
638524
159747
664998
881220
530765
10844
807165
780950
171246
940563
750795
878183
66297
575429
640223
11323
413608
789155
379525
203863
881010
369921
224237
123285
47898
690927
576419
556180
55808
992698
753100
517878
670701
682157
29141
11433
285410
589035
719049
287758
339924
843892
2316
716911
589800
660539
69711
628738
500768
599330
801125
254703
223723
789861
184274
396674
916448
968388
418922
78970
225000
985040
314709
658456
554179
354016
647207
927268
382526
413340
609030
215320
632054
687358
601318
445790
501983
579630
934869
568925
18333
728596
792102
807305
338367
54221
336171
924909
838939
229746
595371
878810
363397
937736
515246
730709
151415
420023
374702
971809
773367
699670
42954
139151
62911
810756
227947
756834
955776
474684
812508
342353
302739
35025
35073
263740
217792
14397
441900
68969
964327
152840
916793
476654
876995
529850
118372
445551
283624
226044
99212
486982
54216
247091
551358
525946
124341
940593
385727
678338
793684
27030
568662
58315
470844
903174
714214
215938
992267
246868
418036
923053
289234
885413
337133
347509
473163
156374
87668
776974
693241
659841
510239
320169
108111
357707
343196
608539
325326
383589
480218
54589
553863
849695
927208
648003
236433
977583
53246
893638
183990
390773
582413
745871
996050
376692
369976
509002
397534
887671
874649
629407
117357
666698
433387
380531
563054
874989
702976
118638
702542
827045
698541
78894
395881
133130
757643
969149
87263
164474
491130
318505
892646
835877
103094
484801
653255
219812
206642
800814
593016
619531
712064
413171
30727
969560
709126
970220
399609
279204
336449
901064
983490
49983
176705
987372
163526
685593
602402
684722
317723
19766
109450
693700
167765
735871
73696
66776
799270
524812
478262
72356
353135
26551
942856
462502
764536
629951
981319
328769
273806
399969
612603
717591
675185
556879
256994
641626
284104
42125
69532
245391
107143
704470
506242
186240
456394
760387
226059
874888
875785
337637
691166
358624
425007
666437
173275
157771
728175
612083
816849
141174
405895
275490
154469
443925
592428
690557
562967
782345
978063
369137
182028
87096
694449
800431
310506
923022
246708
148820
10487
427917
896184
177249
236898
749863
886999
991407
523173
650984
499246
356790
449537
925143
977699
555247
898330
536445
754904
441763
338071
347482
634996
495726
564080
677005
10574
101636
515442
469786
463583
887348
784588
634712
925338
644537
160955
913331
429533
232459
563119
714880
634581
909116
154237
529515
791951
462557
100580
977089
719259
566735
33559
531721
832438
426097
4284
429973
72011
488378
929708
666197
467105
907390
240106
434358
208629
2632
706621
820573
43902
729111
807890
568078
424946
477922
990539
409727
977234
175226
652228
920351
776838
709478
991670
973197
941764
752884
959365
202949
706802
546468
967495
48041
871728
192595
283164
138062
520695
63862
833652
690260
66592
650094
483588
203703
114367
485495
478375
51532
855455
452016
178714
241244
52315
915967
773110
775456
53659
23787
297532
816312
60758
219103
916802
593711
784439
426575
899625
685999
172849
79334
171869
1865
616504
894445
136026
406832
502363
633998
487762
819713
551199
492095
966343
579802
690803
681639
296028
134260
127678
384544
991593
790077
376624
230372
342715
395264
192071
139869
308628
662008
993819
37911
992795
773069
957369
602767
763913
914113
505628
24208
96921
163441
784349
291070
621599
854082
525369
982680
876780
487436
249665
679984
868576
310633
750996
325357
547889
426904
215325
15451
563677
208693
274694
573181
874985
211056
717631
313189
473245
129628
130409
479820
807138
683161
376100
692720
931608
509244
41423
701317
103890
122118
300240
703799
838839
44386
699090
443409
377618
816602
948275
878018
331036
629057
639080
181548
631445
38179
650508
909522
318086
791027
852460
967944
911751
546805
388835
669462
789145
735908
270393
834435
728106
998478
128925
981749
889491
734082
247343
877851
585936
334526
100584
634266
999753
657307
822229
669159
324666
344383
974532
58926
836775
747746
195119
302616
779287
68268
998199
98490
549022
307256
702725
242529
839754
80930
679743
480152
61287
828609
119580
490213
402736
68953
182527
97866
605209
546584
14065
60584
312024
252595
612925
832158
533742
720177
406067
607910
514719
529173
424874
306861
547964
535409
838859
64429
630648
694934
866237
917417
234740
897112
914031
184243
321125
984619
190720
625225
647549
82158
976981
56690
759192
250431
250655
577783
480941
56989
953733
930437
596287
536260
533710
96637
515835
973366
636069
191270
556734
373039
942381
250764
373731
368185
470639
887797
530515
388756
237642
807151
264558
954488
493819
567115
28223
39503
929893
403725
563514
337038
882337
702928
195790
459912
757120
982120
945613
966726
127224
796923
375484
616208
959123
63091
242984
976396
211805
881154
35633
391021
321458
25011
80364
53178
487438
572903
762940
279633
519361
560158
454964
423344
182521
3528
311823
213924
999560
129619
330032
298821
145877
498603
823249
596153
104421
407851
273537
779743
133277
581451
182894
701555
283728
814116
92540
951286
432442
371890
136912
946634
537309
946211
699394
937184
873460
770879
484085
379845
748860
570888
63308
312340
554563
476401
232949
460395
79089
713523
602372
429026
792106
419137
440639
453727
860432
585488
945287
254967
142520
489270
463147
523592
891585
333833
872809
374514
886021
823719
176235
686144
858600
381036
146353
193903
836769
129048
914955
474189
665136
197943
751237
604778
39554
899729
803199
600529
242935
776977
669287
270803
349509
158552
431571
459125
248931
207644
684936
900732
303773
642006
875882
242215
189515
886527
282786
86842
986970
71663
302959
568355
211814
254225
554464
618465
550441
475475
352346
211634
232582
106227
340665
632590
309223
219984
50678
55455
281988
97661
27118
18012
198205
862295
115695
71240
455381
203787
264686
830439
156488
868630
519264
439364
101852
232220
768351
145290
149405
396996
174426
685790
707625
261280
444970
290209
273994
419785
385777
928994
579556
14449
455401
870332
724448
550846
787173
66173
744042
104654
702712
627605
374291
200934
350728
314695
38264
587303
590296
859390
462901
431659
954835
186825
702613
693397
735519
150988
649557
344956
498267
859442
253171
178746
400962
1462
673495
715479
752804
662884
74096
886186
385363
66127
401916
875323
412787
639600
683700
491250
459815
558080
272173
407880
802937
495731
862495
283901
266672
670657
396718
740789
433941
600190
883480
293934
399456
123478
978823
790193
257527
382866
323526
526959
56586
307717
578624
830661
484904
350915
41839
150170
770462
118351
313254
758172
790969
992633
844012
385252
896958
506558
438085
41754
661129
151146
851236
289968
502146
321551
232429
147073
844427
194835
785530
870700
663042
793213
353028
780589
319544
328784
17360
906538
297885
815796
305565
226609
393123
18638
300815
596162
195442
766293
555651
572011
661347
841346
541750
324898
182965
599096
452162
830747
640948
855860
257675
559332
46381
486453
469642
647346
363293
247137
76488
327009
420976
361856
112156
161093
46453
888972
653881
692878
937906
329765
567673
685199
174944
313395
631830
269265
931641
541605
710425
174370
488931
116511
332987
238448
993481
624286
872327
611215
713960
870553
763919
648492
687635
414190
199156
133198
561413
400119
644458
157043
44549
563357
865754
349808
516831
106562
354474
295920
229647
973242
861028
429645
726257
984167
485091
107048
748340
908728
421226
663754
971173
37273
504107
424084
835082
731600
248331
471724
241129
902381
914457
103689
810212
736272
7616
261156
930747
757440
419705
712187
165773
487567
131744
343691
18242
754844
522907
864045
197782
891110
817263
669288
771318
909734
821909
595636
372391
304317
529315
777367
467637
834338
318019
699477
174083
763980
450589
35669
184379
13822
454509
680901
241114
911709
780658
635545
73118
775610
779888
864339
425200
651343
470956
833480
830240
879246
797560
303258
662259
125101
363949
480077
485199
245920
976206
295791
881973
470567
681780
864800
481761
164430
246145
9934
920911
108694
273393
489833
310367
798412
157584
910320
676585
595243
604148
816392
946709
193463
312916
16196
230244
209299
165250
923740
548957
515444
146501
385751
847898
391829
529896
606549
865255
403792
792797
234307
202337
215877
555305
719775
604781
438275
953409
215213
445366
287680
901066
654894
362212
256538
789090
734976
844320
804148
42227
803883
737220
41048
508671
596944
444686
349534
535023
988792
212975
566296
536523
389524
968697
710193
13104
385415
791435
108690
312724
590145
177397
988393
989024
350799
633794
141687
239671
275579
541435
624329
921737
831406
867787
271848
597635
336246
488720
345114
138081
923227
53727
803171
509023
38104
994551
423106
504672
375266
969870
746873
554554
239226
690492
746484
63300
262067
318005
226671
715271
573292
899272
375236
643218
489874
960263
163559
404554
601183
213932
412701
101732
253149
980448
497308
637913
228864
100279
777930
366463
679044
355949
564711
508375
188888
604031
789799
825238
454998
352437
444633
243973
35994
579196
902757
534605
251820
478365
605640
684967
230850
854451
948744
381216
366608
612187
873985
520425
6176
601392
507826
707094
239524
848118
341683
892614
58425
852196
861145
249710
510146
457524
762292
230352
986044
291850
813506
665394
6332
134853
634848
247254
651699
277018
904470
249409
204270
900271
241376
850008
370577
420657
49875
547447
946425
426004
307275
506409
469934
82517
439775
525678
174554
500834
226179
531773
468770
614549
100817
856352
138187
245280
323818
756550
801807
516032
772227
755107
333454
853663
886906
297017
194766
607207
101465
999658
449391
640843
681522
182792
403016
216540
869127
437347
875307
806386
842940
451203
684301
790780
301244
796981
845572
657510
360238
679117
248519
44495
496144
939357
16425
289810
267670
34859
826038
354283
119675
860193
83103
559042
845070
43408
853580
974496
419151
3667
180603
631617
342660
227501
793810
918717
370302
85612
632527
256093
446884
697276
294259
941403
897960
312829
449545
373339
428850
966331
373744
32179
666638
542861
22223
308731
869653
961350
77826
560459
47519
603808
465553
817070
979183
746683
351950
933981
66404
938413
824119
777091
713623
173168
564738
654329
882942
272984
202672
163375
421983
343785
5834
831287
844749
626264
890157
924358
886749
141270
833844
148375
410297
45989
193176
446217
668288
829199
490658
966749
178237
275607
98578
287950
978923
203403
342981
999344
564682
701179
238189
831057
395836
426935
244568
237616
497579
38322
934536
79408
406761
613028
222425
956439
42262
407023
585709
12965
472520
738802
924329
520122
697637
179981
160378
160381
11302
620100
554180
343985
183014
59030
861011
720794
38591
447813
242299
930588
865601
690921
117589
118278
838953
294060
372403
949794
926514
441891
365264
112218
517584
803816
94896
550097
937742
90634
936754
936775
842053
546432
31734
116466
630238
158012
11794
892426
955380
49910
495505
269401
789757
117919
214570
38720
945021
297471
412518
475695
783696
13269
976996
922777
746282
10792
34328
448851
472084
51741
389988
916700
258135
398099
754444
72590
677410
497664
274900
887436
823929
996404
397744
402653
711485
605553
538571
863284
581563
288627
588059
579526
167823
936558
748948
646188
720925
990991
596404
297870
311440
576479
309275
614197
200569
860989
244187
731370
76617
875008
23717
638820
750856
400908
761325
74805
625316
632192
637012
896225
176260
564820
486594
68787
867117
898908
864353
587417
543934
547121
627833
164883
461360
575687
754943
901487
620022
576920
825134
93079
293991
260638
9159
927014
41418
339666
297397
979606
219811
634519
589478
346336
198802
391995
167148
954787
693109
477641
53709
569336
999300
890821
363510
125902
745486
160967
210849
814545
53274
659850
568677
500986
870133
151730
129716
309352
435124
992837
601309
436318
260126
899021
322300
681294
853252
853376
593796
182981
282064
692680
854371
152458
793766
992509
752714
611697
963917
718349
224890
124982
172363
138
255697
78715
762388
122282
617716
50551
34319
863230
432176
910988
393804
892257
881073
24575
920516
9247
892005
879801
285055
280034
412144
406885
978798
198137
382683
527475
38003
908144
828018
264059
914960
901271
742956
972808
324891
916565
538897
198750
622464
906286
37338
352074
787598
200407
321836
959163
309109
178828
179361
510455
551228
877369
349414
538042
56157
931065
729991
690344
851158
259341
55100
941540
680812
957035
433793
7964
75951
760844
907819
257142
624023
958703
400492
647141
415922
114533
353507
453286
552453
587993
3803
736008
918142
323672
15686
313812
526438
187000
239704
637856
1975
148999
765435
592206
643455
649664
789673
487823
14857
640746
766096
334033
239117
909206
870545
172490
326729
36899
98132
71763
361922
800301
379219
913768
594027
648186
836535
792343
613323
954701
804549
571818
461186
382926
375697
932499
96783
388321
588146
53579
595267
78830
68837
659950
421485
732722
772513
734580
870821
51648
833337
968289
415406
198549
213399
179774
528209
925
864572
694019
165458
401547
377143
992994
654492
298905
955676
674779
607412
189057
27316
300394
96042
88555
149107
257248
347878
253013
423779
343640
922527
161538
906997
748691
131462
76026
457320
144116
209401
396715
823679
505096
225679
633127
653581
846438
315933
241010
469025
28400
251972
645037
416871
24938
224626
769661
386534
88454
15571
885251
484991
606887
148304
855016
367644
248081
961924
163898
964291
947569
542887
761223
532083
497715
176156
70075
434168
172431
420752
708962
106124
534200
568526
367866
411012
66435
942599
507243
215635
247081
784463
450100
475300
971751
682952
507246
474506
418616
497244
285834
924043
673428
493616
951148
558227
325694
239960
357448
847741
733689
420169
983752
535207
458376
530591
913198
199921
688938
292728
258508
788844
562061
637484
942948
218814
542040
812690
993655
799291
328471
958309
593643
693313
447926
425520
490366
817009
933987
167195
984897
494617
204038
971867
441002
765250
309832
583140
650960
184841
364053
746502
33760
96074
677068
229735
284406
619774
26986
241688
865125
151720
996024
461987
970266
209017
512094
742487
913299
61626
442472
373688
455915
809975
450348
64823
93575
564869
914668
966096
885789
604357
577078
662461
549765
743915
328962
209247
183841
271493
97532
172935
346170
511801
928513
482643
587098
799570
732209
957273
967739
986674
547949
469495
640310
34421
921575
916626
128455
317112
265789
622688
604000
374697
493970
927625
195353
559749
583664
661165
518606
769856
955379
677356
842609
625694
965356
975405
903408
668948
583546
293523
259806
386835
750456
518883
515080
213041
690182
46695
143505
890522
683127
577725
502991
671001
495562
278077
916818
1624
394223
463666
646708
87715
907620
808573
885787
724585
583888
190712
250892
797020
687178
389144
155350
591328
596602
354220
538163
626383
19712
365623
112520
463575
656047
564258
335085
946839
631835
351621
703088
374463
272057
197992
542346
907286
960266
591958
828280
796354
627361
80681
429356
876458
889930
116589
383290
955798
54309
861866
136145
219625
491480
721882
448754
259967
299191
459402
806857
421846
355330
316371
489192
293926
59203
106651
822331
107893
269758
746229
933898
333619
650548
262046
222977
622583
922407
466075
787284
225510
435988
89428
639476
417223
754143
235343
607511
916763
283489
705072
649961
53521
725989
744249
649187
822374
862944
4025
306391
652001
767734
497040
948594
771959
8011
955369
584121
5323
191280
465836
