454496
89503
39234
97529
773333
336463
105040
760516
190607
827913
781531
391601
463753
721247
579978
325630
638793
263831
520781
468800
445312
251460
160908
934661
149092
514889
213735
163219
256573
198384
336980
592452
935134
580738
223895
137486
331718
281898
987984
138297
619519
869372
973737
999635
858080
802955
657790
999828
374692
576524
474957
562041
403352
223741
684278
441670
251060
659889
548974
385598
408472
788904
700847
405330
913804
690124
748401
145850
169703
622302
35988
766835
363475
563860
552343
69139
745509
98680
805170
565040
747122
752332
502008
518919
542059
764010
230967
576210
954428
863396
12936
226375
930162
871921
98961
784773
438432
119787
390345
236612
850723
307829
222873
824210
132675
669333
22963
71234
570364
771038
932783
322069
704295
905535
940364
291206
954492
106825
347423
852762
484026
2616
450116
540520
563173
211914
112993
316783
286684
878926
43643
304780
1864
510979
224361
300466
701067
176036
35294
633969
341679
5169
555115
165601
691312
700466
841160
553458
352413
741992
917856
889090
941896
340128
127674
800167
844330
35368
867029
280364
561374
800596
973469
35718
123827
200620
856990
604691
979391
581866
391458
640459
551715
435133
807140
52181
362436
335721
209469
823469
698719
484292
247599
628400
796795
331140
562137
374582
408480
939860
643952
8021
932272
435653
348308
419234
59715
954304
902170
534337
303794
156055
935214
552682
499652
972673
427193
267760
883262
718942
119583
820738
906964
290966
800410
813497
695926
971505
878264
210595
353603
764705
278127
553502
41245
312037
168628
383045
161468
89044
557149
661018
480118
466219
464698
589866
199699
928334
153277
471709
127319
29055
661306
628493
742530
91217
614515
626691
569013
628431
469646
490498
692544
93347
92628
622056
376219
419304
216626
849914
225764
942671
125042
938614
231894
22967
896105
676092
267887
645925
621042
813579
437551
15379
56341
355584
293621
755952
519844
951715
38119
55937
762935
71846
910170
93989
422969
280378
957484
561141
360874
479761
172870
478241
611369
804460
654783
308335
808551
960292
232663
819940
528369
843586
203682
532506
983501
680857
952320
592504
998505
6732
142786
669740
187230
590686
855510
372999
493627
561784
890427
883088
676090
55598
36034
239587
120470
606983
762321
346786
286839
324240
421124
966780
648681
23891
56161
20827
104320
901007
512872
638374
19774
348745
361626
906310
407169
613019
103429
645909
87996
800059
637885
718621
766584
514758
457277
474568
702819
959178
167413
491510
148776
185355
444610
531151
793468
513627
376005
580339
861073
364460
820868
527406
515505
42410
859295
704883
125952
931308
106913
770659
688976
880694
255708
555812
516866
180935
443505
846022
778718
902694
231462
943620
320140
152879
625617
988950
36376
902430
713122
976432
89942
536920
632956
651276
432086
361477
720927
481421
207734
99675
939051
366783
553638
199184
253235
423245
11531
691008
478357
900649
155993
84853
470431
140973
842229
651707
252255
983185
961309
587679
508330
544531
847072
903709
322269
215597
944495
2226
649641
529453
47810
616776
731341
128473
720749
754246
644075
158120
873009
465966
348180
707094
70262
36145
237549
995545
245352
181632
345213
319508
680518
548646
284818
605535
883857
176094
841040
916678
101910
254275
479688
968957
70372
238626
533052
579674
374867
258191
212933
752338
798779
642209
736974
765944
162950
423300
472578
169572
700317
336502
309358
896834
278964
525995
183612
371027
82046
400757
546539
588192
872541
744260
709964
911483
821095
526602
66484
465877
462340
825348
314754
36316
243519
992523
989005
928212
896430
713604
368169
66831
781653
219275
393571
871938
280155
481989
626235
452318
839248
285231
831889
660336
729170
790603
690506
242115
676735
571718
860725
515565
732795
815612
368951
950907
625530
463763
441990
294520
212931
872187
91147
839114
957042
235899
438253
72422
541785
166595
409111
570956
757427
938117
231261
735146
725389
689775
13921
596040
252292
12246
932512
7594
391836
108424
512456
636124
200369
878910
597487
997402
429643
766945
769608
761562
539549
198042
507663
69299
787276
806505
57336
273841
377870
679087
231867
939996
169442
67599
836204
823624
246203
342161
288654
582422
342793
438140
523764
855992
414839
721023
637022
952373
67059
744971
987332
846956
64766
830429
521191
551764
556861
340080
570452
260967
114962
790499
35635
605874
319480
259540
431143
195526
66497
710481
735479
769083
312094
208544
513006
607004
955422
235048
889668
792685
464935
90604
503065
318903
38620
395075
35984
345058
573213
273431
50076
760896
724447
173567
135486
415532
234864
579808
787283
135562
153883
172155
784374
960865
15268
85715
510000
782784
456533
784400
260606
537189
342385
435865
882783
587784
227897
952571
216542
842334
458817
436332
421341
449376
877750
551657
150415
603142
754671
256957
492294
541605
847650
583150
475971
856375
108609
276171
897178
141316
830998
350845
291533
840549
936880
472757
687858
372534
575606
531270
81174
737326
288417
140681
977936
266308
511011
659282
692448
555552
116386
437179
91153
408447
318800
83546
715394
789059
664626
126041
241167
625628
17095
495622
87163
216103
163628
436870
6581
441581
621259
396720
752402
220649
2408
620483
971551
944426
499811
998961
609452
749406
440978
450067
220870
72936
260428
673185
799311
942973
490877
792365
268877
615128
591986
479078
300470
629615
571344
427606
82921
91204
39256
390176
71717
964454
566196
942922
775933
552924
940723
532695
609569
612185
150700
65328
169858
710605
804056
888258
758513
26527
149933
958777
414872
612545
590233
530217
52832
529223
652390
114149
720356
377687
924115
706331
225266
330266
281445
977120
999078
337605
362029
464226
316329
702362
412446
207442
599900
822874
589045
579195
203191
691042
364116
225098
982068
247260
205578
814574
830101
617480
611007
116696
812878
719079
468310
1656
336016
853432
938151
679808
568619
256281
46248
969713
614138
865758
552460
743325
76412
462006
398200
990746
653891
849393
921529
213768
991796
696251
541364
957414
443662
498488
701283
662515
898637
96350
691641
758412
672768
14593
409460
512988
837893
373464
309413
98963
307068
144609
137022
716961
665569
126314
37900
386584
909018
756919
347915
622315
849273
582486
237513
73360
228273
973200
650699
631105
445617
642402
613210
914333
333505
963931
789720
470961
252986
518834
510069
667255
883120
164016
735069
112877
293688
359184
840538
942861
498283
951344
743317
955193
485058
742527
703717
826320
159062
193400
501051
793077
654458
203752
461546
962072
508399
722401
560069
747814
652172
968336
103452
988052
396099
925778
40410
120027
829733
55626
376482
591791
812480
248477
176709
936583
410952
896363
24247
810528
595602
401418
72105
235651
753428
74588
646513
515062
229992
578785
295852
105169
993358
780828
162896
586470
962918
106344
627948
642482
924155
963175
884083
848046
874156
320249
130419
942865
917804
181269
806353
892415
872514
901257
392964
630257
891491
319315
660678
807752
65626
351062
299918
465314
970668
757115
141979
703460
105768
506458
652949
947231
891229
137119
680557
796263
663158
636506
616378
442226
90443
93096
638047
201430
476006
312710
54395
12600
235265
959878
342809
747714
349155
650524
151483
380716
316091
459100
754206
187606
856662
697012
244789
475452
821332
651208
230886
293564
666065
191710
711960
245162
940247
676823
500446
84755
286565
162392
803810
377848
961073
553318
877047
379672
712897
779134
646089
552182
715654
105994
542204
187072
200529
635297
924915
284305
920243
669341
157197
416096
314105
642989
732834
53185
522411
593312
379787
552807
861755
780039
383938
136330
839714
186307
236435
104863
277280
625939
109767
154725
392272
777529
162104
596840
736856
618532
370768
548884
117599
839390
977827
84504
708933
159066
151866
410593
650530
873774
676253
442459
754996
832974
105489
335387
123492
794046
550951
966931
920234
671071
846312
127826
136631
826058
879603
49226
65886
265952
689194
961761
19433
564392
817651
522476
386849
793930
992988
640764
509643
963895
371369
522061
109006
305715
115966
75641
663375
93034
222749
792952
315899
313682
333725
537042
918930
317132
126202
367021
987968
215456
959434
411673
765140
247776
143583
64933
540886
364892
558108
617122
459992
416885
506603
997300
456774
335218
826916
78434
697633
939806
647856
339347
374839
298617
295153
436261
565030
176497
288171
477526
239825
360680
795787
270818
212418
592751
444058
403096
953886
520446
594991
378959
229848
805238
447205
876522
409488
387561
695082
675473
654866
795480
454106
970396
552135
907393
637893
128183
686961
826497
72703
167657
654618
4568
630696
542954
692658
234402
121186
47670
650680
642850
480448
922334
127546
317359
727740
721114
407668
457018
323676
966838
810498
891243
312746
379059
75506
132285
940170
707060
172338
892516
26112
507404
383241
940167
667988
817077
200962
478789
377416
965904
715599
369320
160902
67747
446951
952745
994848
730583
174147
116430
74727
194359
920723
882929
147036
330263
105888
183093
23981
323756
177655
460640
994220
598346
321723
56599
481092
343203
694208
37393
548137
584693
744811
339138
242463
552921
478605
400493
224323
285316
912416
876601
762
482570
943971
359616
515843
124533
460268
685498
244684
776916
803879
940765
932768
351606
360414
433637
832350
164206
222448
894481
777348
891095
368807
91018
407777
252633
390884
276193
400668
240193
537943
367210
379428
784931
899150
6062
230805
375950
320631
113790
664679
662414
849265
863611
733913
361368
563895
26802
960358
18537
385814
835585
21831
365528
647339
211765
349149
233585
62504
599090
416710
350182
8594
592484
718914
602773
560749
180318
173162
628989
979894
412579
522528
745976
794662
236125
587983
863543
173939
875852
222125
59412
342420
80209
108594
695527
901694
810020
323730
19837
450140
190358
125400
93445
974664
574845
953722
397892
983478
386328
149179
91414
12139
638190
466141
435428
568751
858291
621661
86234
160877
987733
462036
818100
334833
161112
643451
270246
186564
868645
686428
438207
662972
773255
689055
477809
477484
277997
345730
963700
825102
116500
189169
197412
967540
785299
139395
694605
300530
454101
434000
298784
411449
544118
962754
616563
710504
191827
736966
3546
949856
678265
897783
193422
730254
628750
258099
349100
286239
718015
448871
826986
593465
697347
363162
258185
151060
860745
245244
688158
100660
750741
938874
757901
217642
181950
465029
168331
529610
241317
80480
761131
379742
488466
44144
59474
144217
301732
684599
938344
291337
176252
741177
571756
14404
749156
279383
68419
452839
919776
690216
568137
745924
701901
411459
191454
41900
458209
695613
39970
283734
870655
805392
144562
272659
147604
537999
341842
366809
661234
923929
331209
5875
531349
359858
522026
550512
1982
835787
364305
745179
642930
74884
292627
570301
625578
860842
503675
172166
873237
939761
432158
368383
387610
650301
802351
893523
942980
84110
656999
565032
431218
873429
113930
471455
779500
835591
179562
148721
972449
46535
138253
717019
605227
64714
111373
221776
950766
56480
760191
51513
472338
671403
282598
485816
342658
222138
325619
98290
888524
962772
16056
275215
80774
219145
382417
382430
160234
183072
99537
248938
914184
640441
367697
810600
513278
472927
723675
999531
164546
153437
77060
924048
512839
395081
607935
826064
767630
736601
952513
951925
162866
169232
978639
552719
894591
641749
195706
110149
514471
152631
202838
829277
180923
18418
822377
881103
492056
231521
867040
875649
750897
320033
145021
605312
383867
858540
685284
536309
410794
191480
973869
690316
281399
822292
765189
926241
717467
582600
900059
124723
509333
570069
744794
831413
869518
719651
797038
619207
999263
162076
516857
732124
68233
863525
489119
565800
668331
597608
315182
443429
363937
687649
744391
132989
33558
491155
209436
518233
410094
113376
125840
861127
898903
987072
710085
509542
299925
592348
331292
353694
308137
106927
953154
113806
577678
593072
310322
647101
875154
541489
257135
439500
21251
148025
275884
443174
955320
691923
50284
543864
16273
334391
356781
883949
235352
624269
516947
126203
592938
174591
469432
75671
301701
181140
353142
41514
3438
568847
225726
975533
643550
929462
950817
984930
437505
436830
239383
14761
301927
126467
510500
943829
556270
189343
449017
994103
955819
239768
432373
479050
949447
738879
477747
786081
627332
742588
259407
378805
874526
578216
816514
606125
29833
412963
98587
285190
930798
505537
658948
827333
610876
294199
729176
1111
183806
286639
630346
309860
259717
286298
572914
651652
190889
188543
751949
674875
512153
500227
703514
391306
315815
257941
699333
612748
103103
275307
749854
548783
868501
581374
940957
123065
501089
384331
744305
964160
247188
11562
977349
48427
3432
308357
139836
778476
853330
83359
425443
186356
771505
327596
17907
789516
389977
226297
255006
861333
213967
833690
229835
770125
580149
108261
606540
662511
990891
820672
358779
222025
35566
286348
160175
874833
109589
304090
357296
858637
391460
878234
46585
946204
451483
730060
424737
395284
326876
727678
696130
249621
275238
816175
663027
37714
801281
361598
456995
885185
658865
875402
746502
103967
3449
718487
653441
862798
595487
626596
783533
577043
443093
351348
10879
539325
761375
401863
407056
92102
875471
461374
863296
572053
282254
583743
192511
456190
464461
535135
720516
891621
56600
290413
597309
775919
833870
969806
234247
94489
270072
844523
633932
215043
429933
573761
360098
723212
61587
364355
650601
116971
83554
750551
685105
477287
620572
721959
304896
7634
43160
782051
506336
537859
517003
617128
717564
682686
503326
123599
278032
85568
459390
566216
470091
2524
158113
519897
995466
112987
684463
647179
675399
499676
407120
232646
958588
829010
906675
734096
467489
460216
603624
532120
374789
802424
981598
765290
634747
379874
267217
331624
169427
911480
891363
832891
924467
567805
221351
270292
702002
364303
537617
330770
335502
732499
746835
223946
229871
343660
234143
682555
438781
534020
122388
70139
531946
762277
283597
892390
219152
872249
600120
548197
722026
435434
660989
744110
84777
2736
943011
939752
877780
391092
15722
854576
582759
786865
356244
437163
944760
220906
967753
370058
824654
407753
565057
141832
301378
972118
455306
846659
140194
126766
342250
731066
845331
14120
812148
520971
65746
982127
20717
355251
257947
286704
508851
924683
418152
626607
31434
832853
729069
44313
948260
832288
644716
464323
84508
460634
530778
359275
648045
106992
400087
298172
560285
227155
160194
929350
929870
11514
402374
304288
595981
694801
17697
276188
777683
440033
413680
314535
534346
2039
549978
463108
77446
773552
591230
693398
890360
715997
258553
374737
968968
607817
445668
902091
884221
648905
548214
245864
161450
820442
929916
411662
768746
932772
62456
86189
481064
517520
303597
197565
468292
516109
322972
191601
734695
331485
828139
49081
984171
431225
783589
34435
609238
850163
315503
156718
288266
716577
979277
953134
197696
574647
112940
149540
919850
964965
895157
65040
35865
922578
261779
251149
552593
446663
818622
708952
21461
711944
410725
22764
169012
867658
311817
773110
988213
85986
453663
809386
767939
71237
744304
195585
714963
769239
745674
569079
443691
275018
247533
243230
44075
53070
422130
542834
79547
269779
201837
387405
169046
871366
123504
454690
414277
760323
186847
991980
45225
290172
956792
584188
358505
22073
151989
606926
114337
152593
628463
301276
355321
339907
904388
199998
9941
710445
404288
871631
916994
400989
594842
831454
492675
691050
604030
737947
576275
588031
471919
773379
778514
161011
989965
615897
821150
292434
299249
465296
279520
834851
903258
262371
562895
539485
316539
261426
897342
196714
344499
383907
873460
792458
232390
517012
494269
872111
906049
306500
822988
67074
741421
189373
181821
185883
933104
637169
931685
108621
1883
80129
647365
671147
238821
30458
270623
505833
520203
155549
882665
308263
720759
283364
170577
681256
645682
560853
745018
302460
367383
458241
339254
995022
565624
68729
984871
701805
621334
761701
721811
996107
597677
757449
938574
207258
583768
98763
136983
123828
542419
466866
874767
251606
67486
866228
145954
326701
409258
942852
558284
804641
722119
84686
704714
841159
524639
838665
464177
350728
845098
193388
295658
953164
272532
272985
817475
608535
116889
396402
800223
547968
775544
254203
525846
457766
197846
927794
460185
293238
142153
445286
312383
414079
993122
289823
319335
536073
640832
901156
292175
91819
192350
308487
804092
961935
601764
944079
931955
91492
991040
660412
723867
173910
511563
615941
353290
114838
180765
793858
582178
205263
292215
483410
575807
303710
59483
948299
885609
82890
49732
884764
209297
154306
122463
97626
930974
786718
708096
907767
689580
477466
203745
903276
110994
298810
499565
712531
82525
618145
414514
540208
416769
492012
889071
420496
103095
354823
301269
308039
372335
468321
351465
17096
621014
892601
255776
458030
709833
101390
330333
649536
311888
196815
660157
128774
109141
745629
274118
448900
437809
289898
967311
364756
42495
62788
661113
541577
335221
680783
971572
72523
498727
967700
916923
608241
76975
240565
888309
199337
446028
720779
206067
189154
718255
197663
258632
356050
725944
161326
345737
26437
175194
555566
299584
501920
727381
920259
694445
377332
961119
192260
256331
866940
391368
734505
130907
729380
232234
196724
610178
898314
179126
74279
834338
450896
793798
312927
466444
106109
743111
674464
590140
29807
259572
241128
241649
53150
456480
211780
107066
701464
858594
12112
100459
323864
467572
831156
929642
236574
917427
778913
74323
771296
949400
593223
21332
737749
451375
239400
951740
94322
491578
308068
262928
648323
545840
751592
959839
966329
280851
324879
426672
113527
39541
268657
230148
869658
828314
992070
39766
555044
654696
860856
861771
583414
696935
733185
8538
430905
244974
888386
856251
908982
742210
746172
435698
879144
281692
26541
413002
977699
159964
538449
272156
174563
643188
966334
985431
312325
292002
927908
200613
606951
547010
382620
629078
114853
50939
143171
5260
700603
830920
769943
482460
17463
853640
953258
24716
279584
53149
43027
204565
313700
426348
142231
314412
615868
813708
721053
547946
560410
942624
776823
522632
458414
241303
253302
169681
184294
470184
296417
615570
685694
154812
220440
120081
669201
718188
872314
723453
267903
708047
271160
106608
953360
770178
148118
619583
494011
216771
636953
443738
73140
494200
35015
698608
881825
264873
660009
888209
161785
343481
168659
353367
293060
631350
166290
46041
50575
553245
326900
602503
466780
304059
354468
332473
680435
93567
536474
916130
230735
960875
573846
950471
273835
728591
314625
925367
75856
32735
814473
865929
13455
498033
833538
790717
117136
361131
750369
282494
400534
248178
82869
184640
207761
202093
314842
940148
268746
27840
142169
387096
797964
447367
843764
317599
756612
139035
136901
907122
782394
197477
227192
669961
148181
611493
697549
207272
141509
397712
20583
462903
126764
982208
395021
933143
902069
953420
658971
760140
275489
893075
978822
262631
517202
973859
134057
963320
542630
784978
147536
989763
733981
837981
331365
216927
694782
111539
840870
360611
43659
266049
357788
764772
118906
366002
264358
481011
909126
620107
364725
664896
625166
933402
451989
268882
427301
317282
419888
431191
484751
704457
907585
926785
692162
612883
525270
479645
518556
694568
794942
414578
491497
900055
469514
771794
174724
168451
465916
492174
34162
882452
251640
146095
212773
964693
789760
251820
411529
800979
439617
455225
614734
450744
759932
682307
953465
669308
543790
13823
853756
194711
21956
846711
377146
890577
96308
315438
190491
554104
890815
579730
610723
5201
712512
228472
953449
199129
258126
512395
575505
603012
393526
21463
915336
270974
733337
363362
486982
396282
376189
295987
303309
997669
509400
784845
116676
605317
266166
294151
944545
50903
77167
720326
743439
377851
28004
222801
103385
976405
967094
346465
136915
154495
197362
805743
792958
37844
577368
33038
152372
408337
328018
74734
600044
442999
183386
739240
604323
610598
838303
496491
498983
212252
376979
47023
327111
103081
731695
298011
516764
558081
576792
532021
659732
14026
219419
348624
256917
242573
641114
706449
141424
264053
833456
322192
224667
215545
294338
472106
508824
251295
787269
495328
150160
135553
180249
671593
876324
888295
549199
31659
376894
754208
420224
453995
928581
273628
100796
828050
475884
920371
711058
27563
452239
703164
119901
644851
400737
800420
12536
489895
203
483491
327567
34072
808152
700427
795523
668586
565521
579401
807038
468387
310301
876098
477268
657265
208408
195057
830502
197327
757606
284016
440453
703203
642283
620151
517112
761080
914883
815155
284277
775796
117872
890125
177645
294375
157447
861226
999411
401044
869982
815154
249204
51925
314631
348949
357867
329489
871714
822483
446672
871638
870311
447273
605009
201490
561642
20005
66165
924752
25136
102205
167239
152166
460852
19922
145908
969962
663884
656889
215460
239200
873842
602045
271362
985104
931100
500561
405837
436242
538619
933856
843522
54695
84526
881025
550939
698367
421375
999558
589730
768232
274753
831522
312787
315893
299109
234774
685486
320714
120381
443250
986459
521060
294800
732669
304062
180560
563551
714514
955757
505513
233805
242845
20492
483943
542137
54824
858077
235569
790800
673717
306836
340290
474548
566310
587426
756082
463779
846265
869695
704303
294522
694599
957241
445075
466177
453632
661139
209510
153624
232003
573880
376204
536046
343755
284174
490554
679535
787883
562956
9683
718825
530856
554188
916344
653601
306884
537973
962315
563458
290964
147115
500879
993386
461023
240091
554075
905688
165658
25962
431884
472436
814922
976809
458206
735896
610309
186043
283080
927903
99312
647561
38599
668041
389364
381874
478084
269781
83291
496743
536614
811991
193796
513329
895241
922053
703226
382308
458539
376976
740740
977515
406407
47496
334787
773169
55854
490743
39906
505863
112764
604463
530331
914878
230378
751856
131270
974160
583482
791592
191434
998837
116561
328967
794745
308273
271284
622952
449245
654212
54964
681272
91549
77166
655851
642125
17770
762984
872909
892612
569959
184271
977977
227404
240974
324404
898432
804991
655401
762817
630717
970998
802047
327715
932680
937190
973184
315870
293513
251285
351247
437776
834376
156150
551966
918961
158337
26335
94755
146433
35038
811189
927566
15947
711370
596482
556718
298528
693000
445580
577227
318368
490323
719017
830684
808602
455278
72394
788287
617526
999992
80457
30079
747327
949760
364561
838651
629703
671973
94021
574380
232894
88986
342309
351630
673758
663570
987682
705470
668349
424819
167167
199968
677281
987412
847574
31289
686548
489008
923713
460190
285549
71347
311822
202151
641944
547471
107367
984043
164013
877460
913238
734608
329238
181731
624849
864929
30836
917922
667820
553282
263398
138547
711433
336471
332639
7043
352065
915665
246163
27476
591376
632762
337299
945368
971934
590051
722847
545387
21545
720159
365217
992824
110555
186369
196285
258788
407911
253375
425676
263930
788374
754247
593901
513413
437377
260230
160237
733756
940034
16096
295046
888098
523818
933899
79619
620872
419669
59691
394078
237895
592607
787277
203622
547835
669425
160397
698760
581844
997453
454615
478248
299737
156704
782438
146505
357965
263351
720836
257628
171998
758674
683571
358975
224775
255319
500647
921681
799384
658901
716768
859308
75738
725353
716064
150235
109583
591282
389805
436083
819995
631203
169986
606746
540581
321667
991673
307859
67058
788453
929640
490374
244376
246224
94470
807262
770768
381688
715192
697885
736031
277175
378506
219828
830443
224089
573268
642087
329251
275881
252323
625757
422743
971133
873617
875248
894007
221094
799675
24708
760407
777123
498306
987811
323196
295534
120783
895004
689256
666502
301747
647874
140909
696415
816942
30274
866078
825772
880978
133892
443468
832913
936900
640825
183596
400920
184224
708788
322089
228028
638168
354768
624853
424031
679220
252113
865877
302072
579654
269935
655135
698355
326281
101094
298410
978383
379671
600999
53882
216857
33646
821349
640391
811005
561112
437927
994486
570010
456742
193754
462552
43290
604729
750009
294790
400687
662040
488450
891273
898272
152586
92625
425073
965194
46171
836273
487868
268711
78334
103319
69466
509885
738699
940759
935756
756375
475303
247541
778511
25496
277501
664650
991704
356627
251830
854174
740835
751487
449825
236218
826696
322292
659256
76964
443659
820727
300586
4036
357172
795393
824285
827786
552703
474394
911205
775319
637090
864870
898552
799869
9075
518219
832754
333576
536091
634495
764004
279478
179857
609894
113339
364490
538360
996877
712677
234461
288052
282353
508184
81842
156210
614912
917001
796281
615996
46588
97199
772253
809333
433072
136115
333286
12918
69695
19400
600928
667667
169517
287203
410659
150558
673576
605891
169205
131965
197743
364670
710647
356185
838054
778096
316382
756293
20164
101393
878026
948339
531425
615384
287415
786223
33199
234302
456271
596681
655012
706632
391496
599969
175255
231688
738152
40358
622844
323900
2177
715996
939620
888876
501666
878267
326128
632207
887447
58066
518734
904030
336951
140922
317555
402366
585149
198456
646868
773032
742891
668476
723247
479921
801187
334475
963449
860412
334585
329988
184772
198102
599327
249130
286230
152
258537
292999
43457
972102
686473
324608
334703
87472
772983
423301
975296
784450
988728
364402
211447
169922
750854
454261
339742
34312
972484
225851
567804
972128
532382
311697
775085
23783
803590
394693
597076
894091
772904
122197
527606
308267
919810
579099
458397
789159
114746
988152
871395
225870
830658
924108
768589
392646
53380
70981
799032
609913
918766
185613
298298
857708
686991
307697
70884
201435
300010
893989
426517
41433
483665
123243
579924
463423
816077
366713
452294
64739
401356
713455
941880
755372
880901
859865
609030
824959
756151
526773
241285
147462
720481
753708
308586
775506
186449
670139
511673
239131
87575
565838
586410
771105
538101
214187
780490
454312
153339
22201
421171
81710
921987
245523
421726
372503
136529
140987
51789
549174
406533
128356
657506
685744
799477
587195
818135
193808
449501
349537
809521
615906
503536
203335
66
439797
278538
751760
710565
968141
592089
953797
261535
439708
402825
706140
904012
613520
368860
511502
345767
570350
2302
739442
868914
273923
692032
718544
305126
680818
179794
402783
254476
766439
5277
982314
912435
95317
383630
706972
500634
888189
85366
89484
606606
67119
556889
245954
444083
882854
973287
591603
149451
922900
872379
790636
588067
418810
205298
276684
951936
441723
455202
61508
75335
218127
910061
488757
631926
132958
667325
410267
806235
627458
914309
376472
365864
622931
986485
857858
735914
666646
631553
363581
123354
848051
728386
456125
202348
803233
517740
880826
995766
744292
874130
276083
624480
557361
22156
718311
938736
323629
756059
345706
575054
221877
448406
951745
596368
850096
544462
415689
709403
584307
654584
100826
158752
41004
288353
555705
240917
800514
200266
512512
514348
917391
146010
166559
225140
609135
617491
293813
844160
89800
985171
964344
969026
518730
659655
676805
624590
275302
834640
200511
772841
424086
730863
141434
333170
252589
63023
500851
974355
423518
497219
679175
190182
87134
46136
423502
121606
896571
866826
742027
782243
708303
626652
533591
177357
770813
937997
630819
472236
935685
436237
443271
504663
278105
581845
821210
290175
472384
726391
982870
659884
704421
465065
737339
240285
865117
188615
636658
420635
829303
566224
325533
861770
250724
255347
51830
220772
13876
824496
177833
551601
535250
172738
92303
769719
569780
901808
531875
266169
443762
960775
494067
368733
181310
810044
747861
566200
161974
917367
462983
639621
990481
70040
192973
575992
104502
222734
970507
363676
113588
355662
172176
107033
653683
134637
221204
945374
717256
783388
219814
786369
934225
983118
166606
238749
364851
46556
522394
654515
970695
220087
483514
715119
830061
857333
172978
66782
318752
347528
88383
353042
943166
193033
704938
338244
155191
305761
279209
956090
450086
680467
176009
284991
324271
702584
976822
560645
599968
311221
507861
341465
990093
932993
931871
961549
543707
350930
636142
72784
518352
547262
552667
734950
395490
942575
637172
190987
539589
131388
983461
623783
671987
880071
617984
553463
95333
983805
499499
479322
457415
346283
920869
52552
540131
408722
583846
968748
852769
750587
71758
324927
995707
914218
977489
23067
743603
18919
937312
623368
179527
121835
242911
316648
943332
608276
220270
543315
64049
50816
844290
412340
260764
145893
445858
267020
744371
981830
135154
127983
58739
590306
483337
386060
803527
27527
409237
901358
797634
219070
203510
241999
477051
879650
595550
263322
224119
990211
454270
794137
861953
775246
669276
172720
570532
908524
546631
311226
343239
902120
115084
219498
614743
813741
369276
778890
765332
655954
387984
648744
606894
328572
957819
237648
150393
554998
365348
987129
234973
582021
198060
682029
47704
93635
784222
681865
332315
179216
226146
26427
975990
944763
206415
316488
315966
557614
975518
163186
167965
408306
731675
654317
551884
199180
895521
815047
54941
749102
570684
275085
689096
839331
897767
440496
388646
945400
427119
630260
198015
310844
425467
297080
139020
150010
772008
155030
938628
823283
794113
848396
808135
344402
935259
520828
722435
922402
848337
440990
658684
794792
979169
500375
922675
465880
559716
240074
97230
165212
884481
105271
994618
390824
450893
363626
123098
623513
84572
456617
218619
539021
653301
706429
928671
671941
168022
803177
183916
276315
384611
212373
476070
548996
920205
871102
83101
849343
299820
745765
469225
989324
530649
11707
407366
135209
847554
959926
262786
377674
203665
445486
990609
345702
647850
573725
109980
97715
130676
11575
84695
901152
702283
551695
212250
437349
564085
225054
333110
860542
381943
418151
73808
303666
442895
836519
792854
163493
249393
504596
923092
337530
381792
968516
681934
965070
982911
320109
825377
159903
569762
430904
946392
466726
866738
538667
919939
970772
696118
688969
504956
660460
47650
352239
302377
965431
718749
47191
544832
571665
296627
120706
576050
747104
9782
48855
43173
597268
428648
260403
427086
34247
166177
694291
524894
451026
128218
73802
670206
133735
508169
273481
203639
787954
842140
942763
267306
172777
249305
930636
678790
211302
11105
897006
739450
161771
77127
418329
525886
179003
107113
559483
408893
583350
388309
549122
965140
197781
873052
152925
769238
495049
871190
250939
305594
15571
549639
939218
517627
615653
17745
773490
591084
88077
879266
327585
16054
69820
721383
594787
918823
646520
553709
926269
665772
713697
43461
267004
482102
570549
38069
861833
298309
8093
909976
743087
672011
226601
825095
236106
23796
204709
745391
445933
740943
747457
1378
835405
94447
980670
484807
963711
197255
983894
723562
359568
908578
331573
342001
803440
143056
543399
853427
161278
142115
547098
654183
73392
372216
362053
680380
940377
250894
851884
190813
335317
908417
671230
140601
162352
154103
840551
900562
80126
673442
659455
758009
497943
97579
882879
19386
215994
578417
755375
401354
599823
48517
997707
622025
272615
306237
611205
748684
627083
947949
460739
223997
30814
114011
92727
689436
728710
563769
113558
359988
428694
532618
97371
839384
183315
950364
538286
476536
433011
536271
880277
466567
960383
640249
119951
341923
687822
15026
623222
236561
405377
490296
517586
937822
561218
406722
624966
561740
317782
767553
407314
409886
737764
120287
434785
690251
400640
256963
483372
246314
76558
747679
319537
623952
334091
802043
899858
766605
477423
163388
490933
953128
817108
940021
771466
3514
434396
829302
34361
114533
608503
111253
273202
622989
804261
942875
674011
675846
526561
587859
77320
660481
495722
370697
412985
885437
27611
816465
936280
562189
973213
353359
373204
103276
861031
257041
147746
807266
598669
121949
452173
915778
912817
254918
393268
691776
755115
587772
772229
798035
778063
433750
496325
436636
745591
28404
870309
368741
866290
557108
742658
345692
73689
865471
21891
575735
28224
167261
541950
946732
225784
834848
692104
827967
874013
316804
319486
979325
790990
502402
26502
395195
841478
675800
536033
626650
315820
479794
602118
595666
829432
812445
159029
602444
585085
735846
471431
894711
156472
147561
291716
515867
700853
794509
802790
7812
332299
539123
915526
654296
87727
803191
876487
268341
491733
652153
515683
791263
118848
551409
190376
560330
470174
996668
943787
204414
495675
347381
254789
957142
401182
523037
672642
377227
297665
918244
871187
799952
590625
62281
564193
348768
814400
617381
985534
286618
520500
202363
596932
914558
463325
779418
778531
247807
461322
95025
238190
707782
112725
3281
902363
503276
133677
885429
430644
988506
888083
186751
201547
175295
678378
351646
933071
215557
927506
58332
913528
696699
14875
717231
739950
529954
357542
384852
954769
680470
953389
695477
129682
841654
203908
895772
396843
585511
231798
468493
965844
466471
400264
855224
266719
468861
864429
346886
115098
13485
428715
54019
96085
59725
809184
991757
275450
898614
571581
543170
902645
994335
276441
152403
361998
241815
591436
609145
533322
746743
703423
686607
286390
922796
890297
52018
935327
56803
462003
334938
690057
120543
30938
266043
776625
355663
174888
284347
915663
803612
76126
545713
737782
869329
64955
965640
364360
316015
452417
928389
769963
32378
583585
388931
524805
195050
131097
625660
846948
514891
49197
709436
812472
729251
686592
250784
267001
986982
407537
450960
395255
189090
856158
740940
761165
463321
647519
887206
815123
700155
458562
890456
751368
292282
288743
836577
476734
451339
57136
379567
552385
456543
136889
653116
222559
143072
858470
651644
352417
23805
322384
701980
510220
218255
69102
640765
711271
370143
727584
852284
255482
378472
878915
989886
982712
899510
575142
416182
356392
531720
45731
87022
299040
449893
343364
969995
609689
902931
164340
538391
399884
585340
454701
588280
372255
938004
819818
679525
162634
972554
800104
917731
799238
233432
448645
12540
636864
226939
889301
963214
81419
140821
198664
945464
72260
829871
151155
896557
722673
733092
397361
147771
243066
45846
648921
109176
783863
748020
304461
633416
905711
356621
574291
19555
64676
539211
75991
619649
160979
209986
978853
280156
630251
763033
60268
55527
226947
665396
421655
623141
940425
1346
66920
765444
262581
590439
891663
798357
429851
135943
504362
351714
989187
369917
593697
581382
824891
73674
623119
122048
517736
38139
58003
731521
408316
355206
355494
797631
438912
250083
425179
206243
902919
260692
730530
277229
262989
116613
900595
828226
187867
156027
186638
63646
426358
884341
751103
401389
750757
978424
687235
798480
462185
780276
231563
22241
43261
279026
619464
18392
637926
699901
297262
247547
110183
707327
537540
706137
398856
545105
731232
658461
765082
296677
294603
805264
880005
78952
428139
442839
560347
428641
682880
503659
255997
416598
255381
292957
849396
944543
848244
491557
976660
448209
710694
27092
906526
722899
496626
898513
381710
915563
230229
166215
16129
837757
603138
60758
879925
601939
736195
64177
302908
403602
629885
650916
35963
578121
779931
486914
192181
440518
567131
881801
555302
862027
632753
91657
818729
911888
520791
907208
816018
751611
369544
9469
549500
934865
569326
427748
752114
508561
331363
369615
109207
89698
422098
890497
765576
707232
166173
933202
126317
354917
462609
432790
709874
153080
847288
390783
678958
389704
358036
403906
600917
316639
351475
214791
228540
534890
424076
775316
700088
580974
39989
973488
418270
404820
20051
955311
538150
245564
375315
468797
425615
771716
58784
24032
199046
792252
433970
563445
849638
901094
385473
863379
918058
13825
862669
400358
900481
332544
324480
677852
34857
523663
182352
245470
528065
570818
483871
430506
653955
639977
132376
512954
722736
371469
480408
502110
674159
537179
31978
926958
996346
537402
578541
688501
355027
680110
84468
391681
543952
234490
608992
498844
702361
50778
702635
401012
76704
876204
957493
606905
640290
944779
829205
427896
857050
860133
329218
652330
73590
353822
592820
236722
369147
775607
61995
277896
681975
636204
968225
252637
176948
850157
787313
495597
634722
779459
960651
82554
210584
961234
487679
26581
984127
521622
267494
175137
24764
807005
869495
619934
591075
339906
192475
557547
539504
544109
936286
905712
689404
868835
321798
710938
133394
482069
426698
938304
226509
962762
602187
765347
992345
985832
134574
883220
754918
239805
914330
77835
639927
983275
525224
157220
472264
331221
66057
683085
394821
200534
108426
631907
331748
163403
574814
227111
687362
792987
349489
782622
799965
402014
792831
550490
37684
134150
477534
888043
683541
334022
190098
878576
326906
807251
784015
412786
487642
305794
495516
421552
551703
104792
855055
862825
537279
162407
782207
201134
741028
375436
853400
421338
55407
491056
60863
107448
199193
776981
388636
216003
658388
87168
817347
883506
731385
45283
863358
166943
887971
916032
77299
138065
893819
590468
307514
662087
444149
566937
288458
119867
490992
531094
924906
198952
889259
766156
420006
954392
694390
242856
502026
414814
909680
341074
74655
120501
983412
594548
918559
369688
494794
363197
418057
486796
126710
468340
239954
104816
701285
146751
909434
949799
602923
54808
559877
578072
493604
551934
849340
28670
123456
166135
488
904955
614543
144677
448706
134267
187181
698423
152705
235022
306912
757917
868326
531749
980743
609759
171939
210091
991325
362422
360651
268875
818268
393594
790527
686633
411842
621637
694364
620667
84461
780535
980259
421396
728439
801403
706047
402074
407754
905991
594517
730405
55045
268980
362155
177248
620313
753197
764542
987068
695138
95573
402447
608226
787207
529203
992892
296639
726139
785013
722198
724174
396231
986232
630554
711537
235827
655824
299819
776476
946011
583011
232584
52937
435137
628532
828045
308609
554928
948367
170425
400666
768195
311854
185597
149054
951004
309416
983623
279201
445027
249814
942065
810640
455864
454334
441606
746818
388882
914035
628748
490610
90906
903346
198857
97172
610802
789522
509845
348113
258278
681505
341179
467155
730738
165579
67268
637722
141939
672510
330353
751398
437470
582322
398806
930290
374433
736609
27261
545224
885067
805956
326306
900403
112356
417113
512801
213183
814589
222618
963984
930453
587763
519999
902125
419749
11801
279125
537915
281215
837382
891918
585228
179539
13634
903822
378084
264629
544582
885033
234960
813899
567242
794082
643948
184197
449633
841150
251184
185005
786347
986238
325956
264878
940835
548402
897681
798334
257599
484585
412181
248518
468221
837820
260776
303338
99144
213649
88731
830066
82405
312448
875163
517285
809413
375265
18685
293099
322757
14884
942367
353792
822304
802069
646153
225994
677453
945399
611805
48026
125568
466307
599307
564054
139507
753821
388919
739140
950989
738907
180342
104699
864146
435343
441388
893773
669638
862968
236198
973466
950512
348307
619555
870057
817823
104426
639089
338680
17448
434713
882316
785540
881289
731779
105884
559447
146111
29189
980361
945265
828259
293672
366058
902288
537103
480522
933881
95956
314102
70295
997380
969384
361910
944396
613626
112907
567297
211575
524835
766319
533795
39647
351107
576613
803567
496235
820753
602980
472627
508367
924516
884243
622983
556696
37706
887508
809698
780675
587259
300544
824797
588861
999539
700516
103800
540315
628158
479788
517641
947484
938595
782330
133363
91758
597103
313383
124329
885127
472647
952162
934533
982138
730151
909407
483441
446842
758558
156256
686189
615463
894686
620408
730616
342730
693922
86097
681157
752356
590158
417051
214287
46229
178860
460727
152928
55489
509887
274360
691391
386858
725030
930154
920507
181349
675601
716885
117326
430083
126208
164500
700062
272729
616983
667116
801066
703413
287165
347044
935125
123612
315693
100484
894921
664392
843930
445138
319550
944111
896926
34509
803837
781352
830984
248912
909673
894162
781672
206094
621212
944812
703479
42033
820691
409833
577834
311734
128077
84318
951892
429920
92646
828488
387008
834113
737770
283964
605141
347468
830113
474512
632895
560587
472574
584730
398639
572960
551948
799234
393986
990194
560805
906177
548277
792711
463045
11919
721586
849079
218155
16625
194658
901819
113228
754545
873354
109510
553603
94467
808960
916035
192585
652525
846499
123340
413888
627389
278623
34348
600673
762742
193645
362925
648504
154630
752009
750495
615091
622555
585360
97038
142232
763503
963540
867164
154486
921057
773601
84250
85574
458940
687197
786050
399490
631496
681541
86107
281633
678776
965003
882345
481538
71533
210512
879158
614075
12962
919891
183648
883745
634639
476597
822417
24555
846702
896940
638239
749797
540230
626105
756449
650589
700520
520787
395597
985603
185334
685182
723053
937155
984971
75701
44344
512126
240034
561160
709542
802072
197701
589084
27234
527665
768975
45914
549365
469111
826191
412473
969249
76413
939065
843055
85606
828993
136216
685446
633025
182554
28518
637522
671521
641763
922407
249251
884016
722181
838283
257701
534981
865675
121327
643621
153303
543862
383192
308995
13968
132112
699262
155869
608718
734611
865901
924541
400798
710913
302664
558030
504790
853444
770840
861103
801615
91410
175454
342787
241428
943950
917379
952938
940430
75655
865255
572222
648331
960063
218754
879139
313374
787469
465505
857722
831399
650256
242942
398256
368201
594084
162588
928882
180222
560524
57370
156751
429290
372370
235953
460242
932660
948701
908583
671233
732592
60301
375352
551274
688497
936353
901750
998522
431722
433664
381947
885965
993190
677410
131120
618245
832625
865930
756627
695967
680495
139607
277069
835309
377209
701183
937559
724887
685543
482216
411975
55268
7513
329122
700020
399380
68321
731063
556983
124826
494788
924603
438941
146884
829552
90971
225143
402042
630858
561933
52492
600783
876193
123172
263913
779702
857392
55875
419575
842647
221398
607350
552139
240018
317574
797057
368135
880475
212951
643577
416009
506089
582780
137419
742787
327503
670397
85626
716589
796313
598449
926279
690496
616946
935738
557184
325927
641826
281241
24243
215246
964954
685662
31417
170913
429367
362235
194580
824534
96057
538581
467933
942517
29002
703838
204762
423183
500801
798313
488525
272740
827160
364609
907974
764677
712405
350642
209415
858396
802672
542298
947068
597063
738392
512668
32249
371126
316762
122460
865340
547642
498903
950531
204383
37798
360019
708623
180494
834166
440750
148641
337202
666138
982590
610194
389016
669475
442727
139734
263757
625518
72056
817663
630273
717268
715523
844502
799684
17237
678904
717632
685365
309215
603073
918782
815018
53804
902692
837692
545461
114035
145190
829184
126717
32298
669011
532819
981726
683032
158846
697707
578579
862949
231949
558923
885771
688355
206159
167750
459896
139705
903980
924641
398579
37415
559264
421354
774812
850860
787011
16570
173301
130668
717678
951780
197896
205348
540110
767375
531931
357717
889337
280612
249519
816512
450318
508405
845844
198729
162041
922287
759006
6944
572559
702494
487586
571941
251749
628846
474713
978717
149134
701544
14362
390464
568136
139050
287201
439303
874878
556947
873353
169033
390204
835466
365398
100588
112891
132559
509986
392263
337968
484478
99250
33454
174663
928985
456437
902427
121933
93020
52168
2563
882726
974367
677075
627116
398599
925135
964523
107530
95933
692207
90244
455276
958269
640195
618943
425325
30552
315689
273936
911529
342265
864630
979666
38427
947784
901856
613470
694361
590741
623094
871532
926887
20711
702891
776739
62323
525983
108067
319093
461326
646978
385616
142123
69902
952089
124650
591810
605359
944349
98663
251465
836877
84595
596648
59788
353146
352788
510532
832996
486313
100520
591731
943634
911826
33108
650584
810474
719093
780958
939388
555777
503831
166114
98400
48705
584053
785660
178256
874603
929880
467027
644498
496877
907005
883795
354133
690490
975693
848695
640699
297138
593783
365748
169882
101654
220810
703285
406182
940489
231264
26334
729252
235754
794085
19237
334944
857948
929179
862165
760801
278852
639096
481795
556633
408330
615088
787725
151129
242506
909212
125823
861360
234126
838127
312170
829867
271014
963496
743500
672720
200328
612285
398619
872605
100193
678132
298708
471969
729992
739448
392027
614867
566003
760671
577950
226572
955989
287789
915175
483438
192506
31701
93804
743999
718266
594692
241710
866685
908459
175475
393093
959113
417536
102735
90096
342637
283188
548659
202006
981516
957911
330653
242243
963814
635521
945771
848495
411444
354878
363392
526596
416460
202310
409177
564933
350095
27281
539018
45218
425123
315052
69996
474250
197415
532169
461427
633302
690576
637713
586166
421620
479480
393456
649938
300311
327140
915865
834241
289555
448362
303534
501481
624688
102659
148521
228456
56819
727034
842057
551794
142296
541753
292149
54633
188099
466925
596151
482513
940862
655177
492197
989447
825764
872198
599216
987340
642022
754037
377065
451284
530530
761558
666778
269910
703018
513412
905960
424812
433089
272492
417833
286269
927636
27236
855844
922473
799478
417182
376989
573635
190906
865763
75309
28188
274199
937787
912161
273184
532834
573488
139730
905459
993242
69722
739520
230064
622089
998572
481723
881298
509155
579664
130926
262323
362253
157530
431827
795052
601278
376318
687118
646587
384784
563549
532171
528778
940834
496009
310655
177817
267689
500078
328663
683357
740203
435232
305037
827864
870646
140482
601074
861335
175471
532794
151212
513062
781516
270835
961626
609009
246701
526733
454616
430640
415464
579416
426532
604397
3894
507920
998495
980453
364083
759687
56030
941806
37792
396480
136119
472896
67134
44034
315094
600221
373196
509237
666692
903957
306542
100009
145126
886472
943255
285867
446402
73320
300250
491580
418438
338664
20996
501019
121463
631613
687328
348544
127841
190617
828021
806061
130032
109652
377180
165564
325742
716824
844204
434427
633779
552132
19675
987301
569091
337440
130152
593239
827555
189048
599749
22574
86852
215315
917476
841015
129349
648329
993615
139625
174194
821477
711868
320081
558032
463375
541624
721209
295190
856369
927930
871429
138306
917135
12952
243706
760250
255626
475305
888220
114661
977350
18928
221166
871109
265570
301692
847444
388862
999483
998060
86369
830402
664297
658723
512652
726439
767080
597810
685074
123826
744723
556740
114066
780203
247159
553323
499012
851003
247689
895369
982405
127190
327835
82824
827432
177474
462298
724285
22159
137396
24723
616707
909462
481235
480837
864968
920271
104084
782366
780391
181705
253312
764822
618284
399657
85594
556612
34424
154984
582542
747197
310677
951607
371541
441336
628497
91167
694688
889595
8182
264082
498114
633177
45858
310761
742009
893167
328423
738746
167488
779173
675055
854237
736277
323344
217518
575985
888175
920027
238920
206070
674396
39907
231615
653132
806559
355753
756044
260027
487607
3801
778021
999696
133488
128220
501232
968418
430328
106621
519806
423442
297286
767548
841262
313281
462148
780502
710439
11076
996601
555795
406063
539160
280200
854661
760731
2313
944602
674071
348389
86014
91505
961052
625095
202809
344699
729022
391633
273130
507525
935437
683611
269561
128237
267397
313108
892731
284640
379868
168803
907374
679158
962079
521579
644736
877766
426096
927161
685019
832010
390283
485073
919455
562813
604552
763754
169524
587273
834924
297193
705845
489241
646171
409412
960798
508473
462674
429893
701528
706843
381408
189852
53100
4966
673331
692792
382570
370078
979750
428950
746008
350431
10910
84312
404487
220025
598389
160152
77453
171842
489094
785467
976792
816094
7158
896269
518436
826309
745089
501184
31212
638674
969530
262620
729531
438640
111427
164336
575563
623868
786368
859125
276533
489106
78635
201380
308678
712563
321516
378624
493859
58708
198258
11031
206524
481369
150501
275993
836604
459864
736408
511594
103543
959996
621398
7962
270289
605116
522255
762643
650126
127944
415711
986794
528290
188389
731419
902549
294105
550230
603466
15071
367111
926070
834656
342324
574258
163167
222113
368863
608340
563164
840670
455203
618876
366826
167144
540166
900454
320683
891160
295655
608844
45641
165901
67117
671080
109685
198554
920065
315730
63449
34057
609617
610918
183864
358481
153729
108325
361046
770013
194962
312917
530021
379151
278933
337147
175539
324521
391112
458329
519014
747913
95083
698310
319313
780779
565143
699059
519201
634352
237953
995909
913214
868034
790816
748707
257638
673336
331170
52889
38318
232110
460497
508927
599518
711980
471330
86580
254044
505969
389244
428713
538188
752284
325882
552805
639802
959735
558631
966051
414821
106857
183447
652625
733087
54786
80203
460312
717419
522457
201228
268565
949692
355393
250623
80546
803600
781264
380008
853153
623142
551951
347671
75314
242021
807323
529899
626106
642061
4645
766705
828530
418176
871128
254586
571510
615468
639373
284073
441520
943291
787902
340942
869826
733518
885601
204338
9453
477770
657565
917679
32275
180071
150069
277892
371191
487396
239852
133139
821959
893528
340513
949078
258124
70019
710013
23504
956392
487878
658070
739656
469034
267767
915473
449166
418951
999672
151628
595156
781935
319150
338816
296602
63002
922027
116042
2744
212398
58672
555838
717867
102198
886660
296869
597023
814542
504999
772972
17574
33523
408166
19826
50875
382931
807790
468014
224174
911985
810421
388523
859908
728074
431135
821447
193272
738164
450891
877481
351851
334856
739705
929609
324755
743995
342546
38105
971063
338225
526674
920672
845320
829769
942006
828002
141347
456225
727272
456565
584482
332377
949175
373085
178834
104222
569952
817837
105193
218016
22953
631081
627436
215168
699567
805262
778610
991709
990177
993343
956930
478303
374358
71107
976113
52431
982254
741641
439063
42945
993759
705752
562713
11951
856030
110933
958194
483880
422998
699663
272235
951426
784170
321776
151815
147171
341174
923196
785168
529926
99556
36597
478189
707260
593538
838558
552648
373815
249767
734994
953091
36444
83038
750813
891381
617956
352868
798205
481534
721949
498162
186079
772506
229612
881273
892345
705267
612716
211628
343871
893498
746994
187170
508831
177481
156201
331444
778948
925113
669606
730949
671082
331382
957253
274015
307964
195266
813310
135772
938761
513047
278988
66629
55530
173191
270093
440683
429501
153474
651380
905050
965377
849958
964765
904500
775096
682849
566520
281873
264299
553159
715531
361650
791292
300816
260221
903727
81335
652751
688533
933462
271730
76721
589293
552724
949700
529572
749629
624011
996699
635141
490253
358711
714396
605688
886043
422120
759783
866565
447970
249430
123743
761584
973511
53742
763956
987286
819435
379050
143894
972311
78422
997649
607142
951710
332613
911335
970254
587032
697212
782173
990345
222964
330026
322646
381406
39759
45364
858657
755076
188997
456118
510963
96292
607100
172639
315985
50572
187765
71043
243503
820194
770371
654489
609438
269973
692564
170155
163583
568805
134449
909240
81749
351463
368013
72716
35319
635524
150639
465553
452291
606339
386269
828307
804465
399905
925475
937267
898976
855158
322515
622613
82879
107971
936966
730841
47216
920444
975498
492811
770038
91783
790490
415952
650937
689388
904927
349486
768596
550542
911866
382714
851197
439481
117171
930684
504555
792715
937564
815395
517238
246151
85904
847354
701331
521155
734333
83530
866364
260120
777711
107267
131842
700173
847061
277801
848230
897889
631422
959022
699000
749472
955624
895938
588668
883877
632840
912495
411691
467564
412931
608321
804792
24601
234079
712158
190315
382781
392709
86228
97104
111834
759000
251654
333962
138138
4765
87906
102760
434392
488930
662232
627559
252527
292024
661094
546097
291429
131202
608452
735268
170043
999306
625133
584140
101367
305711
305003
149865
326000
134752
545329
595522
559769
586250
981422
463765
718889
669877
610862
577869
969225
735740
907032
489445
721581
279913
79022
226206
903501
244795
72397
499666
204852
21682
477677
608533
412417
665876
658110
397592
491843
512177
936674
631447
537357
306006
872993
503727
776689
203965
474610
889647
18489
861143
595587
682957
869480
675851
57517
102440
955890
486964
355043
436153
714719
69372
534806
99288
998339
374305
751210
596802
640890
951479
459556
718185
90247
371501
987063
444662
712538
337625
950746
744539
837868
683144
400736
605106
213593
767212
235043
962995
170313
17530
994563
435360
585938
133364
120971
273047
793992
272550
26321
3737
697293
354526
419752
26602
700941
25702
544052
473493
140518
310199
337499
547448
270771
948060
757872
499524
198183
195859
958007
828532
819278
856286
56004
363184
452330
871267
832515
889564
561303
60295
349400
275522
501203
846153
635182
308026
805446
762209
627799
199058
295514
882764
687157
43741
824231
857356
343331
921563
69709
196035
609193
299530
601696
662104
791343
49165
680715
271674
318490
255208
507058
304915
397537
304709
527344
466928
78186
361402
926671
393815
360082
59602
299704
688758
394764
613971
353978
891560
97124
305807
609362
103298
166484
433842
305769
362178
207852
559617
199529
864035
66942
257411
813381
842529
518312
569734
337916
513877
780009
106923
70710
82368
317726
62123
970746
43572
675188
542345
326440
65616
477369
807225
638815
348042
246592
648655
743921
44279
127869
985115
528390
415554
299497
9652
805036
125415
600378
811818
460300
126436
802628
298683
133558
851040
364256
731031
292722
403298
721203
668974
573480
112481
902627
229791
632295
312707
373702
21431
254753
873321
249171
50760
310129
156896
764355
410546
507164
28098
414432
235685
433466
562650
755738
648856
910881
826698
459862
335753
861519
638925
743897
334368
666006
446715
680351
905777
614164
218901
60108
881945
439089
425548
731788
985097
252747
956236
986377
116194
960111
944729
970118
415146
255190
301966
389278
232518
242270
102842
114376
487523
726117
836064
951588
385455
952181
319145
410311
717246
118108
504797
427370
648753
624880
712525
267659
762334
324075
835376
245113
573915
434069
433354
445807
235788
279926
26346
118420
883204
901690
92556
662071
964068
316596
546309
36375
255766
809351
970221
469199
114010
60429
550712
777457
471444
606941
419171
13829
566166
693172
99945
201786
197311
835721
436246
492479
417697
66179
421846
566399
373846
383020
969180
957248
568535
222621
716046
210793
318176
101701
925357
804657
406032
430916
321229
568387
186019
458964
590705
824687
396889
800488
244321
105438
558602
713610
767641
331768
333994
810285
840027
342116
280967
403745
208623
257839
258118
529803
715129
165749
585416
461939
983624
298508
231539
481932
325017
19490
31287
867297
152738
439834
809307
498795
242214
601251
987377
710318
478646
399412
608777
56463
324251
382556
8210
518999
625898
991771
159570
490196
701352
223199
783146
795343
569979
807013
163362
532024
87523
753403
100405
606100
727910
778817
152454
354902
466244
869349
213780
75886
466829
976481
952823
888690
715291
122774
267988
702211
840261
662780
77
690569
51003
20806
382759
894833
102540
768836
679790
44153
712080
712319
948844
680944
422650
120396
976466
738963
376535
722785
851948
627543
423981
979748
348977
386097
820447
339701
496526
108303
625142
780098
743994
641619
422228
312919
476996
275158
348880
580042
536215
210955
589563
398647
19756
845639
577332
956453
54989
66903
674635
832773
540329
359624
425975
489526
706082
499805
87194
595764
89136
211486
333691
504134
341801
22594
224192
113084
991520
854725
64488
165535
215139
343683
750703
707779
507101
326869
787634
28573
565331
149684
718038
916936
940507
490807
409871
961743
580759
775975
121567
560684
490136
512278
678956
662565
555165
857135
103573
625464
142221
716707
973303
917764
619781
690135
1394
551520
449503
166597
535723
547796
315658
958825
25713
670119
195784
469138
642645
272623
995475
582943
861751
69790
585780
986674
674500
259399
848908
394666
115945
639481
418958
397963
299589
944317
129044
303565
768258
597797
418310
964345
126669
994029
710034
550607
714260
805049
966424
791176
883994
414799
34648
968315
703907
718154
734642
625281
138352
271499
987584
416838
192033
667494
250742
943915
8029
397540
736461
909320
182927
651654
454856
880513
432232
154535
534530
467608
607060
510198
461869
907769
950598
696366
292492
279919
59563
591211
595958
454147
179690
39411
462265
17813
800428
854522
61116
344167
781703
818649
521388
316737
618349
605523
449332
118356
760365
158967
760163
235186
246408
603167
914884
884561
589562
831374
979368
68555
761565
219347
632553
680469
901301
666194
138877
164710
210398
544313
330177
54397
110280
482604
233769
75997
675350
335830
932885
531847
584455
178800
990662
775781
147174
479639
931106
65025
421711
33160
136418
533140
446477
75451
139270
435165
500572
225043
903088
908501
558998
493093
796623
897579
631316
904464
82474
718585
370246
941121
822435
937061
511278
550053
218679
6792
530207
315012
24365
759922
861955
92005
189634
951544
114104
888306
311399
154093
68482
580520
630859
33745
725699
520243
612578
631252
522627
602332
960524
765716
637514
964743
714413
448899
779237
577072
490995
134286
69631
504242
960434
130168
851833
756500
220000
184658
278922
899473
674154
244947
458898
706026
272124
22242
320254
823975
892863
925565
168843
841238
107109
688655
558823
261072
281325
865969
170291
431184
399907
534955
914734
10691
687764
436437
477380
923480
796401
290039
892704
392867
366325
688180
74127
331795
309275
867404
466688
853028
643692
334379
315320
755070
147852
979517
810218
912550
99879
504978
571721
777166
313171
495947
763342
97724
179595
210736
771636
711384
75041
734635
248229
702543
7913
105423
352586
474121
907211
927935
82184
222701
913927
780245
170651
922928
513424
534520
769610
362243
478004
173965
935886
77930
23896
249597
980392
408740
956686
330971
906662
698982
738936
697046
568084
496841
660272
343465
111483
675083
233682
937052
573417
784569
81031
727157
406282
432908
371760
521827
225519
374406
297281
67491
323988
766982
284496
204616
643595
189748
159985
81752
551994
837477
757199
855143
745463
38510
28055
944838
791858
171415
826617
783744
352800
228596
428351
817948
419649
589474
769724
92519
938029
721429
418731
272148
43578
666575
725285
418173
6030
134412
365447
326880
252495
61953
463384
565063
588333
276293
631925
107719
25367
22053
544520
786284
900198
734446
323244
845984
33119
119952
974870
333048
78694
176169
941830
942434
470010
672441
892428
942755
864774
783417
220943
801801
646594
543870
338267
732997
754823
349932
933148
62463
618746
993629
583318
23085
869346
450823
88308
557369
805824
868789
646173
840550
295381
567006
245129
211782
159228
464457
213195
294135
322657
804749
426043
358710
369356
852647
384382
398142
38646
350181
750927
872399
544859
535522
999220
984058
390765
813654
142445
159643
763233
920886
536944
862684
569444
533176
57196
839076
575798
441125
565067
867398
104719
633569
867687
206199
515535
691143
937229
692641
126007
678463
226857
859490
367137
125956
989402
705398
945525
643651
343927
728310
480144
955447
991490
660211
771580
394384
901004
126194
430180
304978
232832
41553
680656
355443
828251
758408
76613
475151
499971
861939
847221
655249
325660
24340
34477
176641
692632
468383
530749
378533
27124
869536
695406
374626
596882
636862
308440
329066
647778
374748
34705
762847
563920
546965
712003
985869
798710
658399
804760
489403
261588
647726
42446
890231
658290
173417
124617
221096
259834
843289
282807
663083
48531
893521
697984
366445
80553
226069
21078
505774
347456
383949
79802
519481
540861
882656
646077
652900
19398
858253
367379
690677
7517
345582
272186
932291
765717
477676
730571
804459
790568
545428
194730
262656
32004
407272
2001
670250
455259
588303
706509
138799
232802
456312
434632
497242
849604
699642
863497
951293
76462
597204
322000
758173
261114
528241
580540
925644
887403
590308
781667
201376
884622
326302
366934
91016
975645
679743
349770
113275
892960
757189
679034
366723
574873
149122
764090
603620
652502
10136
50897
78520
550807
701767
523528
146549
943283
126561
327189
409497
532221
562478
58633
210171
742902
691210
684210
208684
780193
461540
286984
386730
957699
78096
188536
78403
453116
324710
27105
144016
731278
630522
823676
329935
924905
512767
548231
482644
684456
117832
856927
264707
771353
490801
979175
725426
10716
27453
330864
774676
693820
287208
918946
662614
142547
820477
233139
943650
441999
332443
694330
249536
788059
198940
631801
140070
899627
946629
487082
644611
74344
928640
327857
621966
399025
634659
840563
609402
662064
284230
120057
651574
235453
955344
583097
262542
992256
572433
72004
483266
309130
391490
240165
67358
541628
561522
645743
774820
839005
739809
901983
37280
926648
155912
828823
540979
515391
346499
193434
978643
691231
870291
165551
390219
7199
638995
320116
564580
659297
97537
28816
828906
226106
825471
113966
809178
860562
551414
505912
738035
363582
7032
770556
235360
47430
703021
857410
566784
940552
749684
978632
532085
679756
390937
357772
805401
834440
207970
876721
188823
799852
240901
527441
351919
802091
154889
550442
983005
502537
652465
735624
555650
283615
164346
965642
69917
559766
877995
175728
128046
584131
15630
993423
191164
847399
350546
98218
121243
774651
220571
445217
538024
163334
534449
160155
371598
355258
993117
339552
85552
199883
758973
98886
716962
109420
887614
257085
89627
278796
663463
420280
165928
547311
829919
216536
586911
680457
643319
992588
901386
767272
417774
231893
980582
547515
808736
413183
628570
699680
682208
116347
834453
297688
582841
909678
948645
970855
887171
375540
669833
501328
168650
276839
651601
731594
917736
312318
617008
23683
322476
984825
617803
527159
901534
71805
47179
50570
418592
402015
378919
105432
267317
109232
201000
772291
382025
621823
325283
268589
935316
320312
853791
610042
906242
84061
697249
903182
518202
509208
82828
559455
722712
915779
33654
329258
807122
505974
265650
956905
977646
573339
765266
661168
792655
378253
565475
932858
805095
34465
79533
847781
320335
609051
602788
33186
329508
274615
939718
659702
855457
557768
665684
52187
835231
349154
691697
49996
282138
408199
205305
614697
400140
239629
259664
335548
869369
419374
787776
735223
654091
380428
80446
656383
484814
213855
329855
836299
967439
222036
613033
326089
677334
219172
500847
830192
339261
940877
998902
935211
669804
938549
318841
176506
469059
47626
557263
428972
605157
816467
443519
383661
521215
654085
937962
262287
444426
462614
589771
891447
659817
74062
334062
709259
225354
57546
643728
373393
389632
830942
488774
291941
559903
322171
484555
414579
510224
505247
617054
80953
885291
284960
125718
681285
643365
280854
386769
419319
389314
137026
171414
233318
448831
774959
646348
281700
479587
896348
439423
490824
955212
678394
651590
544441
137298
869258
59182
29136
701533
291304
653221
13019
800730
876665
298849
101420
773448
645193
376125
774670
313609
294048
759555
151618
320602
339914
710606
619455
8211
814459
344928
34985
312241
914273
238612
719162
856329
149623
24959
993907
852082
469952
852911
161016
814247
995121
520948
537613
677980
714109
759791
830270
195002
83418
797787
197114
992271
406289
103291
82558
408603
316134
453849
891369
537905
367302
16266
542414
745944
461262
648144
964543
759381
803061
850503
203522
432289
7299
482638
351781
787645
902599
586295
920190
432025
739185
168682
425410
801932
546644
289240
48799
586813
925676
604270
389646
29572
759334
559527
140997
270956
877320
420204
598
11890
485026
224484
836494
584245
231244
232146
211822
477044
794790
960386
786533
861921
771826
745717
347351
400039
608014
642558
704487
163214
973762
904204
498330
153878
409126
232927
588312
198786
492883
47127
243868
555428
127592
644594
34262
635383
360866
862852
665383
704830
794975
496557
444392
461992
480016
264560
554449
699726
528354
116038
251579
369085
116814
728367
711021
573271
577271
667940
30698
145702
450775
726468
792664
559913
841798
750196
386519
614172
631094
537892
711139
302805
434993
340977
786877
12499
832563
296079
834646
59295
636991
259953
945626
847109
335567
985460
434407
850697
368691
222695
945205
954432
633754
775182
611370
617306
459736
508857
406609
397569
157703
491750
121524
693598
863564
549918
741908
331229
953939
186393
747952
712578
685041
216937
91686
818144
926045
317781
212430
285361
624151
252221
78307
13549
471818
717735
93134
142106
477573
967632
783856
82720
234111
372248
742665
362240
454187
466154
199750
2219
425405
281531
862083
286135
482996
649073
931688
507074
955421
404398
351771
896531
1214
71042
365187
869190
426195
677893
41380
171450
228026
317005
344522
136105
312392
420221
804260
342470
765450
776533
513190
327989
551896
285770
544213
25612
515848
161417
901957
542337
655567
266861
460308
281269
573295
330604
64854
485732
813822
760221
901134
660810
377091
122702
984662
262954
737278
557986
552388
666286
338705
27624
737786
620217
443371
490937
594555
233370
204944
832287
878959
927448
762430
118626
718916
250536
329830
15964
720290
352771
917000
514839
625063
770465
12260
915698
246772
271887
219413
977837
210367
924384
970894
721989
620230
289694
738272
808309
480082
703293
499150
170840
662182
493928
772988
356816
815966
86288
899097
666166
723546
978189
847700
850598
830185
34817
399509
218847
22486
551622
152336
55061
671563
253839
665961
511078
762414
251157
389177
829520
785369
102739
384912
56935
178957
832449
38123
193440
162837
964507
405857
307270
484047
920792
263882
313952
602698
170472
463239
423942
280948
740569
643745
536784
870201
995775
826629
108740
496352
120245
956486
124741
322072
328454
933218
603413
621465
942810
831694
778558
530126
265255
314912
471822
247059
712623
470860
608634
249386
895616
193155
757512
506036
371356
546076
58333
788661
925832
93509
753696
536036
303320
317172
974721
304630
930645
484123
748679
486621
187943
826086
814876
369633
185247
694905
689357
85798
966562
333633
817799
965426
393690
427226
290164
287803
813610
522403
614576
681379
720983
397246
681287
849953
116284
195323
141596
738111
405262
165595
522400
917684
762120
909412
998499
621389
403640
475810
966713
212562
263222
156566
667288
575203
63782
881337
495658
592593
678798
361515
399981
805948
257830
650648
503374
188590
629427
359152
950964
237670
865497
996610
779467
678856
401886
900741
377398
38854
443544
821250
385437
822605
585414
626814
572400
648353
191155
626139
318911
193187
82378
720463
762532
146569
852984
770638
697726
217719
56499
931461
913960
229015
409383
170846
776272
414827
949576
158107
779892
207703
988217
58568
370617
510056
591817
715360
897330
964238
228100
75154
173632
39273
118894
406703
381224
849926
229327
114475
192982
4612
725079
434488
460126
576336
701133
41449
15837
510461
362281
849206
281183
896424
131637
741058
917921
49935
842656
484231
464018
539167
846527
320498
390002
593191
127225
629567
35423
717718
935004
967093
29373
506993
895919
151366
404697
354164
594023
769298
773093
941494
477961
240944
724319
258782
628913
336081
957223
760334
358291
425299
869608
78774
600743
895297
246508
314794
723935
755474
691062
907410
318769
456536
354772
6045
971708
748084
353664
829876
560718
176371
589248
661611
270119
70921
522595
695639
162926
14656
105550
239655
774871
791028
507906
152970
734395
205316
101590
683699
975439
93453
441411
788355
740003
988598
701174
314474
610608
971507
644168
90530
84577
453930
932368
913806
764561
596390
845039
10197
563107
336284
881524
248203
378820
895748
943635
882223
967599
354977
286450
348114
798694
504642
17275
886324
722954
315033
228514
574998
480240
948229
598807
534448
948984
215398
237012
426463
647751
776070
543744
892443
117215
188075
248831
34191
537619
557935
763826
655184
123817
112177
182194
636452
586626
236992
359362
446703
252775
651101
103169
144017
577712
972196
57305
426531
517311
653530
8871
881868
877771
499877
310408
154334
77790
995678
651269
51617
764757
400931
301036
419574
998654
118414
928167
477625
342291
284614
299923
112320
578703
914032
326065
483121
204320
262509
927482
70955
317441
98890
914074
890543
493838
616130
109891
677776
202255
707850
728872
566340
884998
737483
845223
668015
27982
563923
531843
258510
64662
666792
542661
400597
748362
152955
694586
250497
59798
996377
429253
306095
497997
440791
386484
942185
561277
224439
614537
17948
916471
760758
135755
710276
653254
333043
137823
794845
362867
221006
841830
717472
791673
526038
722074
293651
588143
291707
212856
194340
662353
278213
977639
646232
252393
390240
600139
378806
912210
734273
846620
896155
811579
229154
261592
597161
266130
404569
822618
958686
68510
709174
400999
371180
329040
457560
706772
703743
181631
396691
550072
507423
181145
109154
911265
336038
336356
293392
806715
476088
149744
742283
560933
411103
243217
974032
812923
465138
997835
596875
944042
859990
221517
199275
413869
396800
113132
969090
534843
839245
325457
960862
300995
307974
65699
51294
573166
717579
165509
271528
136014
850307
582236
668505
762714
588575
378167
725476
283928
470875
193588
599363
496327
264156
673893
303513
40017
611441
95752
659196
169886
534114
243870
172031
911153
477668
895706
875107
907400
353120
620902
297959
330739
111608
527204
645880
52138
782163
404925
592691
608768
876514
326081
209158
625286
570800
690271
589041
277470
318344
22048
184760
493521
350022
683081
437361
424032
823436
335941
673766
385090
646307
910420
921290
336837
760138
794866
847573
217996
509705
951716
465318
367275
126801
13001
505369
718354
775209
960261
866466
607966
442542
268827
854071
94707
113890
533255
764120
994404
917399
637687
867397
118338
854371
842525
935440
453556
545616
653248
560701
90345
867283
201546
448169
3767
737014
464920
103892
619244
305240
848916
343681
600256
506304
365602
577631
307285
60439
732364
913619
195371
203424
885483
370793
580331
308511
240154
648635
311320
336354
234994
36786
467004
812637
11119
170375
2142
597138
635738
375446
591443
235805
716926
300841
709732
373154
882151
233989
564609
977141
899881
184354
879222
906766
851008
616103
746048
998061
144884
766288
725695
762102
834916
406141
397428
409426
359255
925210
78586
662760
512238
31698
659906
277899
240211
865342
748419
536235
598190
752962
933255
290396
72391
11315
912923
720045
226562
207473
683852
135207
957944
812351
196284
138446
960683
910847
424249
558785
159623
399000
381768
756630
242257
395761
747492
376707
275446
833321
430756
42635
593581
624100
998252
193055
196932
725038
721824
302555
948458
542079
284457
716501
392548
677631
703866
679051
730546
691498
840640
643557
841012
370500
83017
395082
669349
166892
491822
111260
300760
268154
127232
573601
541007
935140
305642
358719
173293
799753
589511
621740
638661
430494
62521
452243
115776
78260
85336
169701
986713
934855
365257
176498
659919
308411
48263
453114
374048
101013
952647
691197
242796
818321
649578
44388
132375
219308
516451
609239
146480
143766
224341
9942
599068
917105
444617
328014
168655
53399
465322
791972
34922
534635
728329
277239
290128
955450
751264
328051
262784
907973
421504
611300
140683
108725
892418
540844
35661
46164
420235
323984
339915
497175
217907
456758
169045
68202
570215
370960
965947
700221
431063
847260
68596
923673
889249
797912
351843
596933
108996
149561
909166
306714
968382
965560
130792
52748
740
399999
438284
732341
999637
719475
298902
228996
779200
380001
164686
91255
87207
482876
583034
915716
401827
489417
282972
396333
395101
778649
759374
292327
933305
540192
587895
961060
988852
475513
392861
581347
292425
981481
934181
267407
145897
337374
268317
814321
774424
524065
307517
999288
782623
510793
939169
787608
469721
774006
855859
735705
726132
574931
889441
995213
633176
846063
665897
700111
685332
707463
415024
496560
400163
645995
310833
181314
362082
529497
62285
79055
171785
662352
996765
528335
474524
758387
344261
263902
192650
310106
388877
225298
778525
218122
326699
590939
791409
1903
253477
103168
677809
601204
193530
304331
74269
532269
428995
19754
143435
662802
966252
691640
638351
639662
198375
303757
726449
622589
272828
481009
755888
5468
400443
809225
153021
211375
819475
126058
297236
779327
417128
301862
587699
702862
493219
201646
685555
943133
776254
885345
572739
390933
146414
309078
674226
390128
249145
924397
790879
257936
78764
602967
940346
331696
848423
807340
96987
701419
324322
327681
599064
162436
452522
287256
739388
504334
350863
554946
932031
180822
332125
837505
924765
958154
899604
779903
302796
682146
206410
866169
297437
972365
661391
570218
98533
130865
734418
725274
983919
221040
668847
173166
540116
184207
982898
479741
23144
316936
163484
150831
457353
20399
168147
81234
506573
819089
680127
499778
996846
730982
18055
934666
724642
826012
151592
547958
456255
195681
958458
995911
243234
833134
285957
70910
201870
974073
633213
487303
506451
667371
295396
572261
880860
263737
993989
795792
648898
607606
643090
862799
979889
843425
102303
617522
85037
904891
224420
489292
517417
891227
659166
609366
742602
372697
170031
191778
363322
663506
484995
244465
131341
636867
751472
621539
857664
247034
288909
608041
526362
190149
657765
691434
224641
765324
149705
734898
913746
918250
976060
168935
599656
119260
685443
170254
639740
813596
478929
857548
972932
352084
219245
794161
539993
806778
261530
613978
844415
658986
876063
299690
9795
899735
422347
861754
150378
701601
318608
983576
146235
234857
693160
853717
281655
556423
100381
268254
973045
419803
14397
904453
797074
642494
664026
743034
250063
87951
893489
395151
624826
629725
417652
973815
53159
596743
734476
771859
17387
642456
959618
243735
681276
456831
138467
899467
828657
549252
259837
68357
156124
765783
575312
408906
184383
344859
987708
574313
681822
559574
571302
713580
206241
821537
859515
225749
634590
187510
191229
100079
328165
764416
565495
425295
953247
176646
525200
848880
738133
306469
191706
793399
89318
746352
508890
906261
279967
819923
166574
52087
443917
324741
890748
919715
130862
525027
473529
106494
754936
599886
197611
112923
882600
102976
832391
409903
546319
287516
947774
233539
629959
550027
227746
547347
106888
702603
429024
841537
940682
361432
336186
181371
22813
103432
987276
975887
665896
647718
565500
290209
18835
518921
20171
260835
188436
680843
966371
699803
397152
521891
888365
171984
76428
775973
132999
764282
263862
535206
10684
141555
757595
710884
454459
520627
499133
610686
736271
16293
419847
510081
251373
812863
416549
960534
54039
965316
165534
306622
312744
227453
874561
839172
978864
557671
439950
748437
974299
481547
247730
393353
604026
622750
623911
325215
827648
433295
381783
370519
208711
447700
187030
800617
482316
162511
958011
670655
826336
752992
940060
536245
76819
826687
568033
952742
865094
833600
704070
896029
192919
490428
441215
522234
520267
482843
690172
432185
162677
169093
382870
474951
823526
933649
132524
122533
104002
928866
414986
545766
492593
153043
5626
942042
257749
641997
324919
264995
289513
830315
108835
62088
439738
315712
66507
83282
102725
758814
487101
77969
948425
408559
5593
465484
934684
240911
311432
907226
152589
94853
422598
513739
399363
1016
720699
542263
997222
347296
532460
286200
486906
843188
252757
254363
145431
731237
230458
938642
770036
622741
961260
513812
797259
603708
51682
57158
652040
763231
376221
215025
494166
740077
312915
549784
707152
505645
611173
641724
372256
960304
610220
571850
338944
640202
216995
346030
669613
590660
237138
398423
429591
485338
307145
614679
233347
385375
347942
759671
623511
762326
98644
2314
111090
811107
643831
202432
638139
209856
213074
344993
415011
473740
971270
732652
35215
347055
419858
135586
838803
634538
747277
832840
33486
328266
138871
163848
94992
654047
471507
532162
345499
270085
236029
633563
563791
276261
802457
426940
920976
904368
365614
52107
748438
503011
676820
878483
489224
950894
723972
734162
781721
95968
462730
986212
831965
76311
853686
156685
417795
285434
599269
255793
222208
165308
771098
107588
214149
976512
506012
720340
720643
678497
620820
469222
217793
289280
523732
681616
699877
521842
368319
94416
669384
651561
921330
36500
758114
721077
789424
452893
815804
822879
474963
841576
215747
511504
188339
393965
468313
764241
711136
191824
708589
705985
295490
202368
83447
717013
126329
179194
343170
439796
342553
110058
228637
40710
63901
520249
277767
314775
418789
822978
543440
9937
890148
282134
16541
308962
103141
945917
523806
950616
810015
116955
993571
604348
103077
922530
615313
452546
220116
978736
272024
955707
989228
507867
710028
343951
839893
151255
370427
647533
207147
172999
766965
176315
888940
349560
568188
298424
691889
9295
179281
48038
823610
294250
412989
993847
560755
469048
596835
80421
220107
912057
208729
394537
911908
540522
809550
159700
337166
594186
737422
976359
4839
629852
157333
811234
169824
477247
90311
390441
682707
465300
340999
87112
566221
351279
272000
474151
804073
200826
60248
54674
588214
820223
120209
673899
495413
976821
589207
892315
782338
367358
650453
63190
583348
782324
224639
385981
445089
727427
484262
254781
655465
847235
330235
129671
981136
504336
997321
804916
68251
323086
585619
740610
558879
70253
134099
464140
455724
902050
994157
511727
23133
82848
176426
100361
477842
291947
818266
762930
69530
174636
267428
123851
895131
756299
143653
256846
112605
749623
27537
190429
705215
113660
18591
330428
247014
588028
278024
943403
45115
210887
574724
389925
478064
560464
153913
641474
641312
518847
744232
451815
118088
717938
342093
142472
907300
913595
67559
275441
874382
246374
605288
777941
235601
329117
492579
513074
821823
166030
402636
960000
391707
163278
607125
236588
236313
401084
578105
482080
720052
553730
855444
584349
196219
546747
262565
496842
633986
460488
156295
288367
87035
115019
485586
915782
517929
977134
642797
675826
523853
409046
698403
279293
568832
485887
743630
164262
98967
117921
532464
948619
308142
44983
734801
52945
487981
734863
369872
555133
14667
550313
957919
289752
151737
118750
179654
887424
799951
53737
723280
714798
359443
997626
964003
390163
359074
765399
787101
946843
927139
485951
605194
591818
295062
116
957321
15003
165309
487234
848713
829903
566754
248803
132189
425633
170626
955436
179337
164379
414107
781029
825979
849537
851015
352421
34769
598229
915726
255533
471284
397642
806856
798296
322303
398822
909971
118893
207452
717117
128970
78651
882424
31645
502564
888975
186272
987964
620998
849205
362662
297594
607488
589282
254917
702040
492725
137137
907171
597785
578320
407616
231212
750161
374584
296191
383390
979534
248459
46285
651940
538586
824170
915554
31423
605458
613225
299937
294374
843964
789736
241072
183616
867016
887460
476404
60795
927514
99711
425473
759173
721659
753359
646488
90833
294478
482558
347827
111626
413885
293783
531045
736874
570473
118041
275851
440989
600063
606300
671818
271713
722103
254796
509906
226500
772033
756325
63656
800632
718936
795669
623969
958137
871538
125055
108359
694276
627095
985954
12211
13557
245636
537144
451651
606520
980456
664150
650027
415070
309004
113270
875657
582417
161796
754564
709820
688453
628368
921677
81286
944457
866203
991203
977115
126325
451848
775603
242557
485143
318941
732202
149085
980706
95963
379155
24605
578198
446943
408287
226823
393812
377493
749292
908653
432868
694070
42239
150362
938760
574233
894977
279976
298141
302417
983344
52666
128674
165198
582501
551208
452676
