262264
309972
623271
36437
743201
691588
950826
970474
293966
886355
328687
199590
196384
951021
618418
203024
966768
160756
770208
560569
146362
256024
390164
118842
80226
168737
66405
516943
196796
160811
480277
283716
92675
254928
286220
442968
455390
897287
862374
246915
74808
642801
323927
419481
963740
305671
845142
312966
967019
816712
48488
883636
410475
767989
932049
763754
985568
313119
173180
245219
230006
594249
98830
638723
822925
459431
950238
219571
836556
655415
859112
706959
228455
715657
307599
838102
503778
521085
822605
836793
573542
917807
937014
537180
462686
359581
7545
399543
946029
642218
972223
593567
38274
519112
939192
408213
853130
774085
119978
718004
527122
982036
355622
263566
14179
242267
419896
993632
779084
741026
562082
932395
647912
298013
269488
398441
404107
663314
902709
997227
702840
387082
921189
711245
962617
596114
965547
536349
907088
252385
960211
941080
425974
974958
458432
433893
143744
427601
738597
467646
832470
803931
430777
595262
704346
886185
449837
780186
85732
305301
138196
158709
69871
674031
156817
427
924617
418082
258188
319510
341674
995495
969260
161393
520824
97129
29249
942238
726270
966556
961115
537079
602764
565222
952354
354149
251702
416188
943298
295869
349973
106962
139550
161348
909531
463999
904829
594633
155272
432844
667843
215333
63642
950082
749886
128994
73315
311997
638602
698898
166774
684172
476467
956859
751613
446103
755281
964340
13024
819945
673060
186335
198441
901341
988670
920559
373661
266647
339975
701950
897070
319835
13016
27829
970371
481197
980315
142095
176841
855827
156764
734520
192083
251959
531318
423074
665405
68541
664057
374563
131604
630623
774879
870692
62030
539278
652040
700666
465712
695073
918511
468289
611352
342749
850859
384501
372745
160138
932397
223765
203991
211079
414453
402223
239543
61113
394350
454553
646859
103937
980377
61459
41264
121629
610604
493882
228980
676843
860385
827179
778605
287504
222956
679590
105883
272140
60576
753435
771900
477949
291465
278674
799820
113358
767660
937408
494810
457196
579745
147103
204085
231386
395206
142314
352354
58555
42450
784005
390919
491179
162088
315667
329839
342653
428570
287418
824438
535266
396023
594811
452498
74232
207651
436839
486232
921734
502870
748050
427270
538072
845146
418612
734039
338569
634144
154963
233150
317828
312117
123642
868664
36575
75706
126082
563256
7700
894907
45683
978265
370274
761040
120094
495859
366947
735040
637237
16386
252132
420198
467053
276983
184862
435930
539250
45635
156833
416039
335337
436655
433543
788062
288439
106700
513810
587096
817282
44528
455283
450827
889593
535903
176929
219425
745367
416625
868823
719250
997978
133719
723360
927617
329204
785453
724126
462450
660395
484037
418495
629563
497712
48161
93018
9102
995139
191806
769211
962843
170204
21303
177447
269226
302434
802847
348897
923992
794248
436568
746283
531838
568642
951352
755441
301608
405939
110297
808839
289440
652632
759167
492832
343992
374824
603236
424159
77435
482504
867017
697749
272488
943947
289558
163204
959350
518541
930890
999572
236045
349783
439743
135015
166661
10613
386351
934598
803330
746508
97326
544212
690959
832026
226343
56471
365451
169191
873441
820018
653759
857256
189965
300701
311547
928379
113897
675118
856781
13345
366907
767191
870393
187692
359199
353254
489590
857874
728068
15444
641911
870968
363612
373403
39291
634980
697124
306865
423912
604235
103821
236936
164091
614724
547651
463319
140756
643538
239091
1311
400304
768761
276319
235943
48550
861256
151117
498997
580289
701385
286109
454331
336799
131097
405365
634700
754602
724389
147410
704330
647099
435261
356944
414464
355504
828483
517484
876322
980209
815397
923099
222331
400366
270981
624409
405264
582178
41316
769226
204649
323826
385473
826631
161580
239311
242886
580139
319100
727063
285412
343044
967877
888968
722230
21831
651358
53450
50071
195528
200341
817618
645173
233789
290927
778241
746129
321516
820550
840405
464133
509668
534107
205426
18231
956693
477367
780204
959720
714725
466420
666662
610503
92998
283796
579773
877961
156300
403574
375270
588594
975851
616818
16369
979941
458163
465544
839330
431352
9390
970507
867750
133688
153963
54590
879676
329225
918148
40375
228967
966828
247270
519127
599534
874888
508315
57238
426811
477762
235852
840845
583925
5860
509045
809102
886997
999438
634964
885802
992266
152855
162135
515134
498057
529116
113236
505364
751958
877319
231563
329435
29245
199151
753198
981630
409643
586473
658577
696476
785130
570289
115678
638452
122948
446699
118501
64926
152193
509789
471857
136665
65173
407047
897455
752933
149165
415900
881197
243718
718613
432217
189751
317128
288624
51096
664365
669694
526166
390637
360319
251308
397556
200262
344134
835066
754151
148373
997588
66874
63440
699257
3485
779751
458966
201179
33610
529134
1651
1348
575029
413821
505210
32291
223727
608563
141808
432229
383727
570080
540950
950849
428657
436352
96477
241107
132999
68672
682032
570096
214731
649825
711674
814533
960402
447174
979723
408177
377623
591440
817154
763931
406211
313322
13507
301740
647570
898419
718928
178364
840261
188078
62547
467940
637480
555505
90379
306740
256963
848775
344418
172525
487465
514215
713467
148165
208855
474039
40476
820787
831810
843768
786508
531047
138759
885572
97359
405623
99207
423421
541339
179463
142759
38914
830041
739454
270811
493286
656400
673761
806355
543528
255983
11728
18985
976212
104990
978519
405590
985039
887991
386260
538773
838059
359335
533309
537482
53004
685505
818207
254199
167222
883036
223547
909261
105960
604431
102650
193648
207989
851182
781215
236031
489986
617241
705925
747282
663940
292715
583918
106075
703014
421396
823830
103067
116470
967631
589991
822829
120168
568528
282630
255722
594403
362633
790138
917982
935016
888920
606388
924596
188429
131603
863619
344645
846376
735582
692526
839695
268643
170622
773561
696170
200350
954246
527120
268489
947037
723819
96521
444702
725799
146857
961969
2574
781048
490125
547666
638255
137643
514456
520149
772410
461717
62905
122203
728912
505679
981919
405256
702061
649140
165230
913816
383861
804396
829509
711475
168764
344922
917091
966920
892795
109542
372052
322442
512872
79500
11943
393942
616673
502344
684911
773560
514376
289601
146584
361610
353161
441192
119946
944504
841584
478707
798194
263848
405162
807205
675403
7363
984831
896293
346892
669537
894808
625246
291682
653201
758260
611415
392708
609958
543639
844636
987755
63917
945881
44449
717683
176523
59253
664774
356606
701629
79271
959209
54274
570503
768956
142839
969019
871430
60437
733733
503782
757157
559236
378336
755548
314354
361916
805756
894235
346698
420684
926193
79034
846430
44256
931571
415881
467592
83001
606144
756664
516785
925791
292584
5873
913251
652079
432481
598074
376384
833194
235013
172850
451846
586643
335511
14998
444170
3999
423003
344580
683722
123263
446499
396706
419069
720648
257432
983060
820420
74195
478673
396696
929001
289622
83415
117437
771229
414909
472026
685147
86985
276887
702820
760424
731512
434579
442937
189405
574280
545100
360655
481878
41231
68696
196383
122298
554875
115936
491282
10835
327355
443887
522236
643000
729104
379340
793606
652389
685936
523356
815796
769508
755588
815266
211788
243988
258598
847796
428046
291968
930984
19118
996998
193813
450566
835997
297253
325431
341706
719993
318286
169693
769049
546488
713840
216616
652015
752797
413284
385088
906075
437524
800854
253198
677983
386678
381188
599767
587665
789295
583941
9369
729542
424985
493282
687234
550488
701547
215802
876120
162707
832421
263277
979656
970396
289660
755587
139311
329308
879914
340655
460221
791580
465615
491362
217941
674716
103881
192682
68252
668551
73280
751003
158921
235297
54230
791701
255881
753525
985544
273331
516278
871127
154255
832179
813279
814555
103224
295664
542059
983976
476149
788687
347541
746880
953351
611128
906088
846449
552332
76016
328645
316599
876219
114902
758005
626076
328356
371744
146086
337589
726601
198279
384194
775572
192097
407846
763913
765851
403763
63172
756909
60277
453174
126451
441236
577019
364228
927625
106666
40229
597917
57933
669772
358388
880313
168996
528394
967976
90995
276555
771637
691836
324786
55578
859320
766946
371902
670060
590646
384120
811091
544190
583965
247855
66271
114956
741284
538495
485474
675913
340302
808706
805969
750738
621721
623300
418320
828188
229625
864674
891716
475863
775147
21122
756187
788636
602011
505855
361487
447147
133324
941784
9142
142639
714987
290803
812878
685544
498329
823505
769649
727257
891289
864539
656092
837702
87604
674973
562047
407429
381362
358768
312721
497720
13193
126292
725407
932614
576671
690951
223567
467217
535135
506367
895233
495271
304604
799298
49255
479672
566352
463055
925681
688973
881474
315446
371168
181772
179973
307201
845942
719788
223440
23429
20656
871679
526560
568102
847178
208905
520871
448643
685685
743540
714042
461052
744757
686611
363436
62507
851499
778865
412951
997343
148422
466161
939295
839432
521982
704840
596621
607268
994159
828655
698832
319707
717138
601380
725143
520052
241762
767472
118356
788416
875434
656223
66990
833205
313443
946549
778646
215132
325364
722505
986699
625824
121100
882280
799410
598333
909441
421445
825872
548969
242050
183697
309607
973561
581530
406071
443604
744239
600382
995658
356704
464159
219190
659112
400729
501733
375212
928505
466758
226567
810689
702229
913900
999642
51891
35321
205692
978054
159041
79362
216234
450262
67608
402590
239571
859957
503192
946199
155473
204587
700964
390489
40190
778187
285515
590054
275569
827300
152708
448934
179038
573455
907431
824700
119654
796083
599681
475656
135993
589498
35784
580044
177126
350549
180098
700397
570969
708613
382915
658490
263173
663612
531788
697428
795074
626929
44100
54367
46902
186920
889217
408785
900708
549183
323517
305779
325465
964859
292530
993178
501979
240676
472531
185953
24272
353595
57737
489193
896841
862970
211152
997274
431220
817260
877001
60046
137388
354880
609395
607717
38317
424436
265761
725814
742076
953403
483328
981562
365836
362977
647064
279529
518783
907810
203673
386467
966806
400060
326398
247544
107327
478072
962246
921630
171293
207417
991755
676591
317338
130094
139487
461231
156049
911572
225360
383117
713877
118885
568476
496973
30213
886321
106174
718025
877986
640724
707415
30576
718760
626068
697690
267111
66820
790195
446314
416842
607094
132113
446897
930075
972753
806713
963952
775065
182953
383547
374790
353969
397174
8513
72555
401606
385999
57298
820096
781592
11276
856435
712005
11695
217729
492947
175848
375028
150788
224746
195488
287844
952175
896246
680410
219573
424755
422149
457565
189526
985067
525289
525318
533170
696574
550981
172881
931742
877561
457602
385795
718011
652580
958535
512889
113083
99238
78583
446662
980510
910949
36684
252388
617086
567284
997163
745249
940339
51292
487116
121607
449672
199411
13177
169810
999061
815046
400788
402984
203142
956800
913378
900117
185918
963345
196628
846414
439574
770322
805634
275996
806770
924681
227056
612482
185148
285576
82905
366679
836133
501783
787273
559222
656274
745289
555709
211216
401613
109506
462390
734212
707600
334160
376629
577829
869735
611014
68896
984197
713987
101532
511968
886058
617401
267773
56726
790844
246593
724074
161101
327142
247477
582037
986930
836546
984302
343716
289206
935068
509564
272625
987149
656288
188828
254678
673557
109836
220745
327665
519224
986275
394273
829720
875062
458803
532003
726355
315753
725196
801027
47062
991657
646686
877795
793566
477879
94593
680378
315758
110275
242742
108842
879610
68168
776252
9275
14848
56480
87973
573111
87935
212023
432630
49626
550635
123045
855043
355060
335025
645556
732024
755390
734175
858290
409975
673165
278223
686865
991921
36621
988748
137520
539647
422348
451152
196677
987899
239370
458882
438480
739519
39336
120448
792756
724101
167781
560396
324460
738629
481525
41210
327413
730370
435230
248796
41713
780399
189368
612340
643980
388584
395707
706671
766176
445442
201914
672587
182163
546374
591491
295950
54400
785555
992233
678374
61009
781052
563665
950549
272674
698931
567163
696029
904853
802933
899569
809556
78834
151788
425452
925254
213028
802054
890380
908538
564260
291644
39765
713131
940531
976164
108278
925340
441825
906068
401586
431336
740620
41607
962291
956030
337139
145781
96624
735456
155955
12156
431172
61659
222355
976066
809388
424620
18908
841122
490121
593520
571864
953694
127300
87139
53129
247990
672410
890615
6975
906228
157457
157390
207215
907753
27561
574580
578309
915724
89067
839288
767176
706873
3963
991121
687434
511101
119956
770608
936759
298127
162779
410929
21261
220854
406399
624928
661937
592139
865046
727301
650389
131908
964994
113739
956922
130333
644161
864009
319629
140681
346209
342585
393057
182673
929285
919682
19085
522552
283458
558471
622765
905967
544789
229374
69001
86570
387730
57092
411763
502667
901154
656117
512664
417270
331181
802777
561018
223870
922250
116669
778804
317608
905881
621045
547932
847439
91663
24522
77678
212487
649262
182535
541547
667044
519471
453380
294751
638522
692445
57733
316620
181932
448740
433730
905711
145332
456752
298332
814361
567038
584171
717250
801129
554159
196923
804995
62159
764725
521357
113643
288540
275866
720979
869625
197492
256596
811334
90365
577287
664308
285345
483667
44502
525180
559659
540597
846736
776611
759691
746125
2513
807670
943995
234260
669061
147741
271033
482795
685200
704786
258430
923423
642062
138056
283341
381878
981571
757371
704049
113050
836630
274665
282919
374336
423492
535201
317526
833306
946367
255504
934594
914182
698275
823745
190587
280161
671835
270397
591711
223237
954064
637468
419758
220270
849740
998692
367182
20518
546315
29307
9913
52829
434331
870975
726912
638425
635984
740340
699710
639459
203487
110078
124101
144144
454711
87495
317600
63658
33720
851502
374070
241914
427478
317910
383851
100257
210382
342793
604367
648683
474127
76285
514956
679411
535588
596247
139738
173215
221432
469516
840202
634207
507927
389175
655148
584763
146558
204365
531462
248760
363466
709511
268573
745942
332128
761612
576500
722866
510
57081
471206
550134
956701
483731
627246
492672
138931
359947
337360
349672
408774
370930
627894
739159
601421
816508
726997
684529
853894
705679
88962
916912
718948
884251
392253
540429
66468
913313
967621
536308
260535
877892
747220
541283
37601
406649
967755
738429
639016
526529
281053
55393
990919
368208
654332
74602
923941
618133
654181
509814
642758
173954
635682
874431
950266
426835
153290
928982
69118
504256
337109
59294
137536
305655
108001
427192
755923
403305
521001
985488
303958
173717
70911
74279
780139
493584
138067
724701
501622
59067
990300
888159
659031
965760
525973
349759
412020
673719
353129
968282
222669
72821
61373
963766
62849
916304
345084
738880
947221
806725
322152
639177
564550
23556
824100
509155
228244
284460
444997
574388
551512
678857
941437
817650
444773
435872
654961
257656
71476
593238
180682
487866
394321
317215
785087
436176
369823
924425
618710
715878
37367
513576
969232
475130
363480
398474
481674
150177
169271
974644
102486
683391
232942
928060
941183
298015
598813
164027
347317
264626
154075
523204
198415
1287
694191
31605
768190
417451
823199
371835
157483
430431
79624
528360
137802
643466
243259
837782
107678
302083
375491
393195
715187
441938
356102
802025
441307
276448
663622
622694
330104
242102
312449
916702
807680
626160
566852
349780
825448
188516
297068
550678
365269
50363
756191
27732
701369
799209
201480
684151
134380
276113
799442
981592
957843
239562
463172
294143
615441
106610
785373
417611
514801
997400
651541
184617
22695
664918
422822
603908
379100
186802
399207
288048
970042
590005
688587
918261
122082
378555
218711
245328
699248
770385
911001
77626
375864
329696
154507
344153
292641
858444
916031
363265
438816
293754
644130
907405
742734
258167
782108
572022
462372
284574
939355
428704
919091
372779
414947
123225
94770
313212
246239
531066
239719
601667
454330
759795
592940
606172
90249
253103
954296
361363
365700
348769
628659
19557
147446
843354
109888
670640
884458
941472
553741
757010
677811
769058
551091
305903
207348
729897
70937
469140
334547
179582
951093
69933
327943
807302
535776
902052
199660
466949
101093
271440
666624
210130
136859
159070
743264
560751
985752
141312
29876
368342
789989
478685
793081
453824
872942
800445
713058
671546
656377
903341
728589
333235
548525
754797
544702
518613
722988
412024
509037
31767
801181
562064
727626
696552
527252
812797
316095
817187
529936
601687
537906
982352
66608
519795
981255
306885
706124
682182
563486
614603
568449
862037
426804
184037
806050
585411
216496
952766
34489
694473
478084
559558
316743
643919
34136
158652
593202
647503
220130
435789
218165
571522
126013
486280
711518
75124
183205
43803
369496
657271
762744
329305
471573
480894
617978
453365
64205
105848
7087
547090
917303
102045
784279
556090
922750
794635
481170
390580
913041
813207
540673
199941
827253
254197
714958
620446
560046
403496
143124
207128
106644
578590
65239
319258
494271
472257
906750
574136
104685
347043
969034
401463
316821
8683
6189
95590
625152
619881
758613
895968
208049
272539
718750
322245
471359
563470
524667
625386
710968
503909
590677
828550
787838
806670
878149
736883
557060
895188
926792
558779
408874
875159
595396
585293
235816
925591
866622
3402
590362
757245
566084
468087
891995
766940
950452
975696
698535
365242
665407
411810
710455
130727
354820
678333
557076
795125
385671
230099
712291
226162
873171
874370
292428
146304
2551
513864
358739
373010
597263
600829
471067
174592
489811
542670
954741
120739
768320
89171
631976
299855
825299
951965
560605
662493
846828
45331
473072
307553
502740
636372
295733
400762
17130
620533
733564
601235
509327
888955
540327
890493
63493
519716
555610
69427
411473
145203
160465
938950
205781
606648
471987
901979
459287
317091
577463
819287
187664
181164
613609
242363
907152
696244
714784
376720
456691
832201
777562
414733
348016
365174
909001
751447
240122
263893
850581
530435
787718
227636
96385
683452
99215
743462
819416
216555
296566
707016
365806
264389
458909
646132
95838
702902
433274
315178
828147
856026
328119
853308
317998
843138
619829
74504
991513
536505
411825
571212
328997
799673
331567
194744
257478
964714
934104
369251
477256
312466
180471
389726
265529
751355
916358
176753
133164
893513
972229
787461
154077
446743
268694
470768
895934
77185
883784
761722
455738
710542
881701
60136
290157
972932
35662
817782
66600
763302
350108
873675
171581
663131
861128
413983
335958
504973
847213
515324
24316
639329
60261
623143
765157
672920
494302
449434
247565
487837
776782
908213
197775
307674
614316
802739
144012
999969
442764
941998
334631
933265
429762
105171
603972
895818
575561
813659
344205
447610
387566
811202
13330
74110
433108
271525
793542
582974
606271
641863
889782
336823
233047
319986
47610
539674
59383
540472
429129
417674
559306
6674
872211
899790
714140
638236
173413
361970
468806
144706
342706
677762
383264
575247
269270
692833
712408
215350
800454
854824
955312
563941
473364
159962
801131
951910
264412
435490
906250
404385
826459
378547
787005
961283
54897
943306
800804
785767
147675
631564
152319
6537
483581
63969
876454
433484
87716
260434
3158
86986
771102
802803
398530
621101
287786
362064
501761
599600
895358
111856
410926
148445
372984
285426
578958
927826
6378
982534
308930
615255
725530
380976
587422
774239
610007
217096
244223
764966
406274
295022
463020
408162
648305
708373
262338
910869
773130
669250
985139
790899
398129
324498
294027
372218
956492
107019
84761
879053
658476
920359
743254
886394
716807
875990
398389
992261
287478
737272
117968
514763
852590
80113
424047
711106
582262
246346
667502
261861
338038
256819
179651
593765
318806
531737
916234
221700
161505
512403
222853
998857
579170
679108
553519
577606
595299
444933
102289
769648
372998
868649
502174
817763
605682
595216
580396
410849
149563
682585
571847
219612
236484
661689
925974
338083
927139
864900
851939
308112
144830
251207
5465
311437
12448
942715
617584
584575
659994
909240
642674
184374
962263
20797
613052
134639
753599
560990
778598
19815
831624
801031
674078
884750
611139
54893
578801
638497
91379
657632
245040
935927
906760
677028
90245
176533
106444
739222
950732
673853
813914
505991
552969
880679
182771
398815
136361
272634
704724
999586
782831
168612
707084
169998
195123
757020
194686
319772
71562
982303
595899
459433
940702
288707
73853
326112
272793
973297
64991
216165
159666
279126
396001
37116
723145
538795
35696
41720
433167
353894
530072
71707
717336
651901
488876
250297
307277
481473
53516
11248
646653
922272
939894
533781
989008
15247
264784
61531
52259
94676
879264
313651
864440
274597
621314
278172
482692
433012
285027
47972
76437
107067
839143
29444
519452
782914
779874
932080
935588
445194
244650
150602
368224
365339
131393
649007
142122
75559
522249
95753
363294
642205
17972
254603
250801
619114
333985
181282
321807
334617
870971
930655
148513
478911
491760
207446
848796
298912
993266
668189
72180
795897
937934
649374
84209
593543
989049
191487
973119
490010
312186
842194
974415
979848
993882
129711
161756
844965
208305
135095
650488
3550
837780
516305
779153
661943
113378
248765
195773
107315
833020
975021
72202
614584
903286
860636
494824
46160
327852
885190
659251
369463
630072
662700
263703
640289
315332
717098
761753
781760
89057
653852
988613
993470
3694
26370
262477
196282
387333
613158
895567
17975
303313
786410
515664
381009
304511
879997
145009
369863
822721
170421
497736
333821
394474
597197
453142
115918
61643
134651
508022
958394
990693
504460
359875
99574
477275
816843
298342
482231
555651
846223
432955
552478
177432
855590
876382
764291
761313
892748
523415
243235
420370
992359
547663
364161
95143
974873
356909
652943
673835
645506
909436
446062
866936
514748
289092
905504
310580
83096
837959
303738
962413
81119
355353
612694
809844
937362
945376
648027
479240
8675
763881
948209
375387
217834
989821
785726
322825
994577
763994
623966
919369
452712
216392
427209
799475
372556
577224
346575
835220
829252
477943
15540
1583
579465
176100
514655
43925
437811
879844
714366
647773
474249
461698
823391
878452
967160
356119
262771
123744
273350
982987
626932
842346
489164
278484
292148
118719
921576
844881
586985
47158
692127
134355
119390
944166
907481
92854
356557
587162
86648
805229
767627
127688
609717
424887
462517
940372
815086
345563
420192
798875
236043
745050
885452
531242
600678
165133
259819
906960
814787
629206
40698
555654
612882
540995
297403
408916
83820
322355
224389
277487
642094
292007
731859
783059
289258
664232
376322
647808
390795
626414
827333
348196
354073
226942
147542
894344
519143
248646
118121
650075
961116
362415
758298
876817
105186
144976
491426
264664
488196
498823
687269
754409
596519
235619
152707
252064
748572
248188
154537
680522
330107
845335
381144
634681
962874
461419
106786
927284
501962
684324
918161
511983
118859
231746
365778
672190
518639
775829
279046
254375
905860
581122
959411
235596
461859
853522
521552
178142
177128
862396
29535
538226
587625
815594
874700
919888
915863
688521
638952
788439
693753
936464
292709
861011
391113
655891
892569
861290
254506
441141
628809
353582
337508
689235
802115
789323
369907
321379
427073
529821
938732
440864
582659
865600
269750
781020
686209
46246
429192
989006
933107
319570
658368
584035
125017
246607
331500
910496
185978
500264
820912
19183
579359
994530
494555
106703
329068
484904
774189
877404
610587
503064
675333
60464
190575
670214
958509
735589
895684
915344
62781
425512
647380
614206
542571
420408
45633
158544
657357
411438
289026
875656
1763
412592
286477
569764
197873
7152
965854
248265
171823
619201
357153
95429
72760
355968
155369
635534
270435
64101
19271
437392
569121
988639
903919
632953
145244
538546
940931
836206
945087
916284
768536
541133
502800
204707
379223
162885
803915
345736
75715
427736
294670
97642
438975
965278
484448
884715
436907
597969
341072
70353
728699
305932
927110
290119
336598
334955
371942
421570
95433
132650
809566
277052
771606
831594
386931
871512
934679
895179
423434
448355
906622
37433
419975
101544
182516
658272
737567
879945
556772
857159
578517
433387
614135
284525
845739
554295
384303
58111
801343
820199
158357
155220
676160
987971
786407
219490
418168
349474
372787
478856
27720
356250
700381
739097
211022
86979
606025
953421
155548
171757
241185
541676
711394
920338
904185
336871
397273
183620
609975
177516
640059
450893
67985
167965
368128
705659
557651
587935
70786
998718
306825
101322
547170
151837
371279
707478
682031
780237
876825
60152
681782
852661
265225
101422
998176
363426
431430
261033
590117
738912
765730
376532
991930
99913
119859
161298
568659
165897
776546
52162
210194
379064
601142
91546
242094
807775
521021
819043
621927
383730
971278
431417
681210
971629
524731
643479
67414
894363
594849
575527
686834
125290
409363
384751
320427
797223
597501
954581
108600
781739
429758
778565
302929
552593
388614
100090
567670
320686
536153
259371
553710
307425
754393
173444
275877
106457
137441
101730
574218
866988
155270
921767
619
493909
924385
898000
690275
869970
512729
994884
923141
142734
897672
3264
803851
689632
939766
265205
741438
36028
131118
668026
478925
801947
805466
18539
992679
276957
246610
266423
284128
579013
621134
667619
414276
360752
712507
415914
547557
67588
810851
56293
952218
82657
981704
730907
438331
104150
764356
653194
517207
50782
587141
838922
920825
185566
814191
534001
449538
932451
389677
659554
199182
27272
465115
505557
761099
412185
322556
305965
288706
503056
471610
354738
744290
792738
113041
689556
488612
34694
394560
515308
13554
502047
695696
518788
176824
298426
76306
606583
783240
89681
603659
183984
615275
431300
646543
299904
341960
836921
97861
281717
831832
648855
21993
250750
143281
642086
980401
793623
615176
657998
667848
274326
396598
592473
208946
248649
367441
885860
318912
466852
54348
475608
28723
439641
272651
212100
253177
442502
934378
235144
104675
927689
114764
215564
782112
164855
989120
813902
886164
167603
223689
712622
138918
532705
152886
433440
370732
486868
733245
673010
566369
87858
550543
308362
445226
428333
43965
538383
40645
744279
816845
71295
698108
812069
574578
203697
161109
641397
85222
974482
814513
165933
862029
893713
328090
57893
65353
34520
439289
957131
695563
201218
107091
97151
868063
746335
165580
904580
399148
661231
481207
128691
114646
416504
834949
156498
604284
498579
664001
946087
592770
805250
129292
233101
883096
172694
225522
528383
54439
78982
505305
18124
822154
255515
97691
766482
341680
279550
294793
295886
420340
611582
212711
372963
768879
470624
874356
59653
565773
719101
68030
743496
970924
940708
283750
899541
965810
861381
33145
223395
373900
865701
510677
340529
5323
247630
236490
624139
216121
730687
90468
418968
145090
778058
163295
752194
811615
491080
555110
96087
517408
507432
717979
95495
331728
414818
857661
725121
57599
427594
132942
117622
802859
290550
662694
745487
867412
226001
157568
369520
640828
336036
586416
420501
975173
273334
64986
585103
613432
83877
342287
943762
424430
923721
131714
300104
332118
701688
958431
40300
677704
419350
689516
146063
839631
562046
671292
446060
419861
87733
305537
259235
61164
647883
852098
29617
294594
875336
22749
419370
820056
141559
497628
637112
289811
939626
923048
666749
894969
822435
314163
900811
962424
838130
163292
968503
913857
586628
737511
300853
672037
824045
73493
794802
299540
131688
319648
421414
952011
737600
774162
876103
959240
88187
981595
969644
852381
136391
584739
148553
538234
998091
897847
749202
688829
236270
495010
322433
871252
153773
569298
352444
547310
512865
919867
642278
257513
984367
557445
528609
931223
662533
235434
398469
83620
303310
29835
844284
283320
288958
158474
190621
554203
534551
420365
466545
719194
682714
474919
858627
193265
380263
319126
205131
32652
275444
904201
365378
341672
596194
419108
243789
804490
620851
639117
188306
868389
639688
734324
805416
931701
293459
608003
892612
23501
562734
157633
826283
608374
234726
695245
522566
883214
31760
342969
892458
205264
926710
315277
757450
562041
636705
670468
195841
186357
384005
278449
364154
879652
365780
768631
806441
916628
136762
392063
857167
347365
116216
921117
890066
851873
762138
699727
20630
156217
279380
735414
810898
956740
564470
836035
685255
348453
91146
411208
220952
632741
804448
774678
112269
734412
262992
226579
122192
639824
238870
449876
285538
137029
953001
238826
17305
271145
305459
746316
24565
590212
844949
989602
617097
590334
898747
564149
238263
765205
308083
622261
417443
64090
727562
578589
433666
462067
740535
743697
588782
306333
213359
166185
405562
81831
69279
601389
27939
593700
375383
570525
132487
374102
476695
994129
948231
520323
34828
106485
155756
554234
899306
361264
546441
644729
432270
291877
710884
181559
332300
87570
744597
315968
89968
711386
806062
237889
531424
409379
966836
201953
697803
600664
998082
282176
608715
679069
298227
177492
706950
314073
681386
980021
61059
598539
400352
811385
507492
205336
931390
951901
64853
740041
179052
265890
544721
599236
341450
511386
220268
57309
732160
327297
794715
190648
158796
723912
133654
650145
692205
608985
12689
542890
205305
850831
277714
114028
751274
475241
350676
336345
866389
597514
201632
199032
94978
242115
842497
353356
868580
446951
154222
70063
711697
705647
732011
85639
228515
680214
947388
320212
309827
514170
877250
180238
923668
137193
612552
843720
473111
823874
614507
892067
860
131269
493802
368784
11951
924200
634853
790949
380559
735661
607376
305929
178023
434583
70495
14517
842328
92262
775055
778782
444049
684605
684604
671497
658752
210252
647634
7886
705422
849031
467661
254244
604600
614285
971987
813430
903699
822535
7558
497326
305065
316660
681660
868385
923386
610348
556091
440643
968473
235629
419670
227924
117100
762004
289829
790476
732410
684803
525438
705649
837629
366860
346595
357062
482213
88244
368589
739659
275662
472102
72375
304509
345118
680167
327485
488879
688244
274853
213060
32406
396067
58647
984115
210345
393947
645498
9612
748266
366661
578708
384252
86297
210360
718993
509309
988915
479727
18010
953815
12500
283319
918591
336840
56867
239373
91702
79197
78804
638732
295424
553239
442610
726698
730863
765692
478413
639572
444196
963634
644751
459455
491024
239268
271502
348860
236964
312956
413828
146472
57917
876607
820318
188774
320513
785661
59748
514682
162783
573188
585253
169829
652083
303068
345018
115701
169797
887118
230061
881639
132361
427362
942140
398257
440917
656340
707650
838540
309216
550869
181667
204504
633882
278389
780076
162260
318330
187875
732500
468843
396912
854683
486809
648582
915826
997293
626045
995000
417855
878131
323010
222945
256932
142020
71174
339018
488653
830653
503662
304530
631461
750406
78574
133567
612187
416024
966508
867809
177229
81233
989094
917970
625357
277467
219158
303217
435542
454403
550305
226969
63453
822708
788008
892700
549469
179464
533786
389376
384664
548169
577503
69636
472622
73937
412316
386807
675736
475398
788713
899957
830082
602231
315113
920314
134493
579781
382046
185622
562155
675905
811769
102246
836775
671051
249743
115582
665151
308695
717211
918992
283288
631460
848835
851274
398339
42696
891954
848356
503838
964119
518067
269063
468949
130136
976142
89197
755006
642079
514847
282610
291255
235504
269119
457845
180641
662076
943585
612869
19402
43536
309283
340653
223465
954563
842987
159949
849730
895025
451430
171144
232165
316939
484039
287872
921560
380124
409477
837024
394837
89888
449946
168123
155041
818951
347397
950509
86317
683937
978985
321385
619720
13680
166621
742525
323467
993811
200178
35424
961870
547887
945408
128805
792802
566735
1633
294550
291163
485972
877780
183993
101921
112048
93966
466483
824638
609834
256021
525593
690331
535632
347088
635102
297667
226588
760572
518450
513210
904248
601960
804794
972661
709260
632815
180579
977124
155604
519683
191681
614849
6843
746037
153958
141498
339746
461244
156158
86469
496773
994633
723545
978678
474946
137561
882535
549934
680671
485979
807169
94230
488386
306466
125543
565830
613091
863528
453117
769352
420001
30108
363993
705044
32737
562424
244669
760115
252512
763680
863605
220853
911048
309670
80329
218477
105650
844687
372499
461572
538771
432997
242482
383979
814478
915708
823535
236135
233065
497956
860340
955580
235050
828201
701881
606948
130761
18494
969785
217657
310302
312404
798521
799964
170811
372387
205111
76686
634480
160493
12987
472815
307197
628779
585702
312240
650112
666707
68513
937744
741406
984956
984376
282686
876593
261747
496726
722544
244166
963603
49914
333968
5628
415883
798317
778292
494303
476239
453870
754392
823009
970959
720868
458506
535152
759852
126770
765792
155595
739689
378578
207513
676609
450904
89047
53684
10765
48382
366266
242261
619558
120138
838453
788919
377551
845533
707076
