205396
84842
313988
225263
189094
211823
745728
895315
333186
199933
117395
199337
88762
972979
586630
961701
442822
107118
559408
338479
690803
901696
409506
223467
658123
922284
725081
642628
678530
957348
58016
781873
758070
591582
853128
469706
35506
362467
846802
757840
347920
681602
988374
248689
211350
536049
795968
513733
224206
24394
72102
507468
962216
945643
805656
927659
591224
116955
425711
195571
992687
355632
246075
726344
460058
768895
659578
11060
369738
830910
823265
814913
191273
238901
626696
380425
578539
187431
28398
241403
829997
613333
828643
506043
893622
513925
200096
112926
556995
673253
158033
62305
769249
971674
644339
189831
934624
593838
142893
356991
264968
32635
75358
829584
971816
809920
676485
335050
147709
413600
774642
47582
467862
744288
421465
329505
820251
289243
767031
566888
508409
72936
306536
525035
406378
57332
407207
491468
194532
193034
180693
203186
586941
986761
665004
611554
161232
423652
249046
31671
849432
964804
826734
332779
78824
308966
914461
753821
945625
925294
394307
116013
472838
74233
580427
226590
160535
661203
538876
35015
107418
587420
682024
828955
525702
899424
110749
860350
69753
862553
390318
797053
484987
448159
453932
997592
393934
673502
339840
930334
106096
841990
634764
730480
169556
850658
995690
576948
654214
454933
22254
649765
981754
496192
157701
691411
436137
633861
117798
577123
502329
665662
96420
89078
697737
918793
516175
746832
944800
201144
648990
79109
430277
422665
563799
659306
639359
659311
572263
124239
424298
624189
431230
577313
973864
180941
856042
527674
474028
660590
962159
765329
117608
166001
76858
398759
740504
18570
42727
586885
186290
934177
681068
398187
855471
168163
62539
696110
77375
291084
8851
900452
772652
782855
913862
53205
617607
326438
830818
400414
57383
620153
234507
473559
38597
608957
727148
832631
777907
743260
266775
935442
477438
207200
264550
847947
34450
991091
860514
232726
418687
311763
908589
986043
821621
726527
652756
429804
350777
273743
536389
41778
735594
813897
186462
626131
3282
148634
366633
134879
768932
973132
960020
996625
7326
592674
176572
433452
921639
407357
469921
899817
587718
509869
532747
397767
179642
338634
326958
348854
986523
812651
116729
135410
975858
300708
999543
218925
127076
364348
562751
376263
513918
853402
597551
772341
802420
969000
302421
921584
848509
94807
434097
764800
678246
229511
899472
17080
339676
656318
791234
976611
454955
642925
949213
370991
52893
572678
202579
472867
778835
152696
433449
512292
735169
771300
552444
655473
414173
984468
752948
831396
995350
128114
809181
523217
295402
469359
294755
18001
842851
989662
430391
671860
781449
334924
653008
654681
520621
693240
115545
807590
768354
931577
72731
600574
6368
542472
870452
597490
796442
237884
638701
31461
586978
776160
806670
758295
852168
90180
370910
437857
243561
118517
141035
730438
844591
420099
468246
332455
670932
773219
84276
840902
52616
290329
552528
590998
220164
276573
744514
271742
679908
278082
814292
311256
479433
193362
237854
30372
373388
944010
729380
520298
292923
919143
524208
861918
976115
201424
104739
63810
903627
437733
316463
89473
22675
225050
280234
288763
632745
974159
802600
91545
673141
137521
493603
713315
232388
172512
614881
821585
630493
444238
766627
774445
444290
535702
689648
767228
335035
243850
365556
877789
568490
108865
305488
484039
611031
122525
343029
280722
565122
759992
159240
186919
330575
61750
351596
549624
500359
975933
178088
41054
488421
340126
707257
842976
846044
465848
899550
112364
643275
963702
182035
402663
681584
915219
414756
249069
145828
843460
164458
588246
763569
496544
261615
444523
299523
368490
424611
159297
328764
196098
556775
868058
235002
629750
183331
552572
708599
883735
80968
749668
911348
477986
121843
235724
641336
303922
887315
435419
212097
826971
56485
376281
278023
57315
53568
362730
310915
504455
304654
55377
690246
437311
592837
623076
845866
529090
635519
356255
977175
69036
383507
897197
916188
328052
237929
932059
462854
65690
970336
254520
964720
945233
679957
810624
322174
95861
156324
742481
589806
866144
957088
740714
847093
769220
859095
258725
729374
473614
516365
841385
623835
689416
450415
26448
199197
338584
323899
236063
151997
926549
337051
145774
149959
920033
942623
933547
287300
389133
916365
862308
201101
324399
991326
214923
612679
927224
89022
386060
681223
729954
549779
768713
580376
543797
858244
730879
774303
671180
853679
599775
191446
179204
422904
868203
354361
763871
894295
87651
360103
454866
535954
223664
660728
533778
768095
342866
203874
278426
157271
172763
817528
787765
320292
414073
466916
33385
215885
593354
727712
365323
432706
486813
978396
775790
671847
597424
771572
945289
240912
116027
104069
594585
714527
569330
240967
173008
646225
896858
5364
301972
964163
434899
956919
987558
514373
863574
837825
904781
346409
987535
449122
69912
545183
764323
8059
224327
907864
944721
70375
471873
659759
643475
274469
258491
757707
299001
188028
368327
23160
326137
938459
726163
549834
989522
937812
730387
172215
7641
129016
786616
682143
403787
134043
327728
426958
216783
270168
197888
869744
529279
501494
103586
825475
832995
23565
483056
859037
139564
704745
983734
940032
195444
685770
887547
882626
713731
331518
236450
856349
79686
335921
534776
484150
519556
790945
291314
974068
316512
798925
656597
139413
24127
467525
473254
284696
451500
366323
785412
636557
549888
265504
597104
332715
277691
78440
396754
380455
438923
515561
662194
587883
820060
227983
643347
808813
529442
452810
995986
649935
100697
349683
170621
713720
462892
828764
652497
241387
350710
578862
177123
439268
578921
722204
908236
208710
566619
633950
181978
183073
703449
934894
48776
154550
764202
399241
635979
606731
416678
780909
877101
946692
513755
84509
886872
149508
272151
551084
105580
865883
144157
968986
126735
560181
997924
993337
852349
753512
329985
913825
625993
800050
277516
881513
372755
528570
21088
575512
893258
239799
766270
137098
686849
2082
287761
831477
62336
992771
975234
785650
850579
978854
102797
941660
137322
695310
6407
957517
880288
623453
72133
588046
610856
475034
36433
298356
172896
448119
523553
915110
320553
885698
39872
224276
875536
785532
791696
975842
764625
894855
566206
734705
25374
732674
265515
136847
875557
887743
737216
974095
381062
27413
69491
323201
575495
744780
382982
648595
345180
496760
175144
944502
365886
188240
110695
316493
174089
856500
503361
821674
53820
649306
374628
536130
862759
734296
757614
853990
296789
12959
839700
599282
941168
920947
390662
172131
828867
141745
667647
575944
878173
992044
124883
847017
403609
626049
39410
506116
542719
854657
202669
674597
980898
895143
877015
297423
227374
946589
836773
59715
358492
761998
571635
189072
314388
586972
783552
775500
863537
271575
857038
40619
368464
750274
477287
255240
755759
74247
242956
47304
28465
620449
777973
637748
860160
701638
400828
676171
904321
736309
482364
948041
169186
18507
557490
472034
391457
229131
86272
168617
993532
787605
381578
312607
263949
903092
422039
819568
381633
922690
410793
188164
630839
651225
622830
498033
869507
688724
976893
783256
744796
348167
428516
397471
53716
246061
395700
910635
965783
646117
607139
211879
506152
739819
501992
844771
624715
242808
15786
481448
760923
891206
416677
342043
286097
501106
443564
671158
140565
10804
973796
991312
704502
265467
732077
26175
328763
653361
861451
97484
124322
738809
614343
23075
902668
567174
209238
535097
598818
136184
532138
66268
101600
92255
717845
494838
226287
152677
896592
676870
284313
74948
266462
697710
631910
552717
66734
873891
501915
299707
13058
423365
443514
58611
926384
540896
568271
841013
190393
511125
666231
597542
909414
956679
396706
447827
318192
186648
401803
470944
462195
381119
771192
20754
482651
789274
402905
7550
191780
275967
142576
870559
881552
909679
413272
123246
530928
489909
46825
182376
854619
867877
168109
969306
52821
475549
284892
232645
144716
395481
971481
584706
143316
63528
487225
995219
185218
794112
659203
919491
78016
889113
400524
235983
754219
466153
87708
629642
186633
608388
601212
31634
158824
661901
538926
744499
45456
185910
564035
180869
225852
301802
918797
15020
457885
359867
864760
388656
923255
162615
685511
156783
820725
114770
330292
984286
764827
88832
201163
776789
558519
929161
449355
51692
946572
412598
483242
688260
682944
783085
780494
798469
610105
262759
566525
961230
964637
692964
915350
709238
609648
784346
302142
955925
124275
806392
4148
660567
688545
507704
173846
49343
976583
56273
781535
280801
710230
678534
53552
830926
415522
376214
945393
631130
913516
535648
295729
841870
210236
437694
433775
395627
885041
512088
347692
505549
760585
376256
306683
501642
482517
730764
868553
301632
831024
612302
549479
702798
746435
160567
956055
59173
67714
621818
330637
999028
465393
891577
465963
911908
164585
656661
106901
67591
216294
438107
766613
415981
842958
908044
567748
96275
405604
511717
542807
481108
512581
336952
891909
66919
402337
381631
507744
107993
96959
853252
1493
368856
537898
494796
755104
971065
256270
87572
625139
455539
901915
497884
147066
164774
147750
802530
302840
107243
753182
705417
985492
273382
623394
607168
534147
761743
594891
410975
179964
349554
539254
462700
657474
849731
71279
692419
933997
729294
782772
701707
606293
976870
129413
72888
527204
516389
309575
332109
45686
240167
628375
246303
180007
708759
774232
671294
726685
787995
360568
399811
912386
143224
672725
274699
431213
452200
518647
828466
378304
185083
515168
554423
681297
662610
413127
752849
389108
633489
373389
967567
182278
968329
773954
877131
610630
351960
478565
717739
703777
952474
423315
508109
1977
85617
227096
165265
546299
707777
322412
778089
98511
60281
756362
339011
474992
260712
327191
251081
817109
571534
157153
722298
581136
59930
306795
639241
399551
856028
600006
501938
560572
160188
524895
651395
298028
733587
168975
211857
827758
586698
117802
669951
136539
462515
543455
657898
979953
114381
844531
43670
597510
776568
20028
245469
508951
951200
155244
215933
906853
769139
593598
576315
529340
638372
627651
727556
736287
561496
793559
532368
139604
715745
421418
725076
25701
314402
444554
216026
733011
381190
361883
650266
464858
55160
991372
887880
641863
6201
704551
780719
497446
745349
824123
207228
152637
403717
349090
979587
556657
240346
816902
350719
526714
398336
535912
583771
929187
674607
707808
967570
599851
786005
776836
147480
116965
382511
901601
880543
608776
679964
401743
651243
414246
42485
608472
162440
114247
160815
38030
745455
234861
468808
704567
349151
212388
931711
234310
932854
63716
820970
765401
245649
533414
578020
252698
996694
54244
412299
961227
91530
628331
149210
836669
930670
459341
882570
193277
941596
167516
224423
707222
267487
352115
968890
528033
598955
215639
52784
682425
349257
383420
844974
724919
967638
580980
98708
497456
240100
337474
927181
138069
513068
577126
572433
914625
368700
40126
427792
631870
447610
492611
735183
713446
374324
300676
897184
737127
143686
838786
662308
709077
896289
755627
14772
870215
670454
340104
473017
885711
460655
450152
508724
526465
223872
627719
636382
417270
631266
100238
170148
165037
505380
272832
944330
136004
97529
883539
491262
559136
17156
351922
143720
796138
771760
522950
255123
91552
732955
282940
952862
980602
69259
493339
406133
508518
289689
629790
549291
505925
852386
67281
432749
391409
688607
891701
162862
494186
924721
189213
684288
31019
338978
721077
633280
857872
82621
171346
321903
720276
309791
314278
545751
122217
574214
231160
578715
115600
196292
429229
420523
33389
795702
896446
750513
225829
888476
814334
272009
15340
566111
162129
178098
269045
21690
473461
543647
875520
274173
215734
796783
398082
325877
840508
938079
158828
389873
174215
81178
118264
277787
553062
979532
328990
489592
679160
632973
654739
857363
714951
150358
525623
448501
909171
689957
791283
311562
980499
595323
827593
236366
608740
319236
988884
725186
962581
603908
944833
724296
628423
754634
561963
146507
66546
881806
232698
448964
81409
372945
717919
952651
673212
23328
767851
842310
215010
430974
456446
986262
192881
518772
893630
216665
514109
208786
135702
820497
727133
566110
37909
258421
968115
346344
189627
374636
101494
514554
384414
881701
220975
222259
39932
651961
987732
185521
271632
383705
669719
407897
946496
917805
915944
699107
932525
454245
281411
953349
822166
811697
195988
720873
691826
26595
630241
300467
987107
707562
881177
850442
270429
944424
817274
978848
152343
463780
870537
569373
928776
412259
552989
4284
788612
474977
636303
727144
903335
478190
614375
361514
164135
414343
297995
265490
421787
652821
658601
960468
630890
920726
273876
975582
448131
442592
823641
349843
529243
895882
923190
755562
804482
797702
68249
341364
618881
792386
54499
461798
917512
527677
47270
802626
698778
390029
475919
343087
100012
216611
210550
433960
856429
384788
25762
791214
276782
161552
83904
604820
103901
54486
295574
736560
366598
3144
924921
855995
642109
560583
855679
912902
884888
270044
798974
843213
912446
127034
152137
385052
208724
56608
905216
945710
572446
690261
6480
571357
97994
703553
766064
225340
650938
547328
669427
269841
198916
611807
531722
618180
174416
334702
403236
833052
96584
194139
176330
118559
386665
951344
327690
521034
697276
585313
636497
932799
943831
324064
1675
102915
966217
393771
480148
138053
86725
118663
741146
612713
396037
106351
673844
616257
231871
253230
29234
66537
87769
7364
448632
11352
726379
436294
449162
323639
289140
324319
678047
739970
701694
532849
700263
284026
355111
400746
420231
715906
352481
794744
857455
277728
610342
982476
683438
299364
296245
848891
409380
278207
263565
425890
666696
512977
633799
43019
371067
802603
433991
156995
720073
21686
509990
62612
379978
181051
431378
253442
762011
421775
673477
186870
28085
833013
546718
376228
614393
656223
602440
677859
906440
940764
723429
669297
131995
810881
554028
66157
56140
893731
977597
617068
393658
727785
127229
801746
276576
706901
377046
111384
316752
679496
206128
407629
737173
50726
424232
885551
603491
810497
863337
489488
962927
801044
712211
54639
295325
615156
225462
311884
727584
692826
689067
504020
101119
147959
151589
462691
164844
921457
42919
662897
149762
143156
487241
88857
140001
205447
158646
593985
278014
819636
957785
805132
129820
465261
488884
152671
491131
655828
841313
991109
412226
254600
863066
529681
13421
790302
724121
507022
183111
464829
929668
749250
15043
93954
754380
948285
901615
719351
882085
904659
731709
36176
418943
297353
227
800290
592961
712479
66044
462309
427938
725891
527721
697662
518194
377614
753350
754793
511727
376589
180510
501541
771449
729337
189677
936938
116028
246568
180203
324384
704283
821425
855035
340284
635917
533558
196200
868754
730346
376196
430683
845490
853633
523785
50655
84998
820869
384054
18490
27496
864424
582022
754161
686435
810058
928961
250733
532308
36027
302321
803388
270137
373083
287945
600999
314236
435212
613844
205280
631293
84934
442286
979344
943699
925995
503917
464295
469261
617529
831748
106631
454637
1509
332338
572781
580583
81563
841662
77801
8409
743598
604946
727807
459735
364765
35826
305264
342095
303207
46280
232854
896104
523512
887541
530214
445839
451886
14212
513695
378793
223334
48733
297459
53713
868526
849630
174548
442233
829185
826332
488391
296288
807942
237178
68863
199586
230472
160618
258475
999064
144852
248356
972570
515700
570275
796861
755932
81269
948727
793837
753802
978817
100733
583534
188046
125871
598765
24089
689385
171155
312173
283471
228372
214718
107546
51733
567711
126137
883563
492922
263531
593893
559888
796647
495459
194710
43696
473241
680081
761239
846701
537686
947000
495055
927865
138936
10623
380675
57096
575931
358598
410766
840121
674135
290625
527005
803632
763962
927165
401109
407598
55881
895479
980480
146186
335334
808106
663443
298996
588662
620222
577316
62250
260659
986707
192662
102321
727081
309085
967809
589101
623230
955896
177260
428569
480826
886772
282475
232185
109164
357709
961725
33823
171147
107644
875035
935784
929340
596065
695072
787711
19524
132531
232218
47446
786445
565396
564369
924444
802513
683344
873687
517038
908624
601287
654800
415355
861081
340783
640960
786284
494475
577599
62127
52801
605263
655383
143009
269368
70507
473023
803168
469463
636353
129641
122876
872456
15938
435955
729160
971526
424806
916748
584108
745017
291091
391248
230607
252695
276093
860259
559823
357339
779518
903392
888219
19597
653591
310370
513505
803855
756914
367011
146639
370382
185186
676841
429067
307507
796159
419748
330135
454127
558509
971324
118282
432041
873372
753756
57227
56095
154220
981389
348892
921496
387378
8435
992781
306367
349093
875600
509107
645957
450395
476503
110350
850733
980839
334748
873860
944897
720192
917862
146031
173917
129144
25638
507118
856493
434162
766178
799541
129654
530880
355214
234204
131961
448057
391522
415112
859856
95523
874068
231354
824406
132651
16710
363857
297262
789935
584042
251309
83553
570697
587622
189434
355156
545304
184447
724951
109893
338301
631321
672206
286846
738451
120402
175629
427819
787326
83764
813674
488807
707106
415327
140999
810592
534181
365674
82689
333956
968149
957449
409036
907042
149370
241114
227364
586275
552732
101700
636312
955550
330279
534420
471083
386189
620356
360087
790764
464439
804459
763072
755655
322227
110499
656322
563978
930081
127992
130882
912073
836438
368568
646681
561650
538647
983592
389822
884537
524802
38177
469388
466341
562749
175429
970604
277631
635899
