530563
288555
448823
879720
697643
175204
956685
932448
323156
926452
763568
574718
921840
541450
332078
68845
547412
181701
659069
809982
9203
764140
353573
652581
212631
143982
627526
759363
188657
424829
914330
695094
698003
904251
467230
151297
444292
380697
160785
193242
42869
721711
27689
416025
925278
407945
666891
507574
127193
882624
958573
279179
723387
227048
822090
478153
551659
603042
680217
858069
834510
118835
696925
924158
51368
279674
487912
369160
614557
801540
704529
504232
976811
30895
820608
63196
438784
79414
502231
323360
818377
793468
197204
378445
854268
415864
238531
641395
267296
518565
18522
700800
517634
896197
538538
437936
326159
606797
964164
209941
567528
852779
606426
732442
683874
634508
118720
354825
115792
93564
606532
261834
39872
275172
915070
805548
362045
604420
150501
895613
372508
975050
174628
281643
639979
160986
276799
759747
957788
448136
490854
872197
538709
468319
523014
239577
889129
989813
101020
780925
267446
836599
938957
739427
735939
997250
454974
919322
711004
71374
62183
81079
863225
43401
210410
779755
136793
522964
468383
744359
106639
101860
883503
184605
672621
923892
10469
652531
416383
161634
801768
125606
159069
839285
882609
880157
170318
119594
728347
164260
127459
492837
409345
697169
653582
177306
851660
347742
919646
21108
706198
264916
240467
144950
58602
80987
332913
703021
60235
149303
879782
440034
218688
713146
679652
815219
972089
564618
24375
724470
754778
682799
877334
241060
289750
235100
280731
962177
269174
276361
951032
766960
57291
730957
328195
750903
706547
230208
240801
797491
520201
657557
74253
921810
902326
702279
822860
896807
60020
140247
618003
380043
681529
256785
862837
399701
685898
126304
113178
144040
105961
534219
991704
995789
733111
674280
277408
676771
923773
954292
605223
608218
761549
597820
682782
627946
605482
552367
538689
170480
643905
99953
354041
893478
485570
492137
24358
836102
829802
54178
336769
524666
672403
961072
19325
13593
669916
973447
367510
779276
539973
567794
657364
854339
619268
635467
335022
982331
45982
311634
638864
3529
708635
17474
175456
778519
250745
211694
359457
861082
616523
768431
541038
749750
363605
96603
755985
598742
605310
787273
112884
879732
737439
734333
479507
779754
798473
738453
53596
24551
440009
62209
906309
922517
256824
797572
539924
313971
900845
888984
739772
323270
39720
362769
886889
704748
416504
889090
737930
975729
38859
61037
361057
401874
775776
287757
394482
176994
69139
994753
192078
717866
210315
600593
83954
800321
280402
590325
452418
26104
959140
581658
570707
711368
679201
737988
810831
853183
319225
300412
651274
633359
345705
787166
641099
451728
674729
343716
458305
544399
313219
440217
407143
951404
704406
890428
687371
769963
538991
726875
48767
616958
222940
751147
963438
330503
784527
83455
861063
454157
865284
293432
71593
875567
612548
73933
142437
916901
28485
31747
741120
706777
285539
267255
678279
612207
567625
593660
444870
509720
749827
854943
828335
716408
822807
282927
612731
555040
981088
269018
130272
783391
978764
296954
380723
181641
281564
721926
368398
823002
122648
105714
985348
566523
413212
636073
86949
290872
666027
932401
560386
954279
691928
288764
201307
900139
634777
226798
662047
124797
12346
93674
372730
466507
39745
684446
821862
843738
184523
4619
109574
225409
559776
232827
341341
685702
67485
919559
423136
209387
690135
397008
477013
960333
581849
798282
959349
826988
587984
91707
115717
953502
418451
464430
994722
211072
779583
866670
713605
490177
373015
848345
605606
874575
140806
31282
787263
261432
800197
679901
537132
123884
624053
173677
362219
651932
451635
890635
333331
182945
319952
161005
714067
817330
409269
413586
220282
396542
230058
585130
796408
380571
680401
18949
426515
155267
458385
964684
954271
988015
725989
921866
606121
502983
267192
942917
844832
182612
134772
622948
439194
863216
200987
61117
223690
297854
142340
973053
212231
390175
831619
248786
33517
372671
422792
43875
286093
46004
54099
357310
995501
353728
973724
937302
266001
397457
255365
948774
79828
33535
521902
279748
490862
526518
904462
165841
948057
241977
683237
237386
180668
344893
984102
585316
762526
551369
299911
352984
867367
142543
217528
413592
393413
921174
973833
403622
934604
356720
183528
969436
70668
304959
697875
178957
599378
309596
172397
965370
311897
342978
469472
360934
555051
254080
852565
473495
315518
51166
629785
456763
678135
927010
930883
964155
151388
359944
96052
401764
43830
580534
430633
938131
287051
634721
793032
294383
242293
157599
446198
361193
96370
460256
380512
681873
676577
880702
24775
959045
286895
581717
339014
106638
344742
469605
773973
199715
612596
118925
948938
288126
620484
599017
881818
497001
961594
325092
186917
770358
745274
46600
944685
625986
673541
799904
578546
444906
139026
772107
760984
543511
255069
854960
758417
664914
13718
213796
674106
359311
573787
211456
873448
367482
621633
275197
39113
233022
464615
582341
359811
412828
837796
998434
41478
230144
213582
602945
594225
467135
898798
149868
963846
150854
663621
750641
578715
284919
730703
153470
93832
580461
591809
428772
213844
849494
840340
846273
361945
667206
596091
418453
979039
278616
609730
349388
331228
439054
140293
9793
454591
772718
633354
88570
904236
123943
952659
102871
868270
170109
514954
891709
45291
666817
82511
826680
810863
76484
158624
687188
757682
785375
751067
914030
715085
310607
481382
546060
289891
141879
694723
900782
561848
83096
168982
486559
263676
163321
390167
927352
628367
176035
893406
216152
357945
984067
519171
264602
116436
16320
253086
676509
830511
147233
533512
788047
138337
813634
256360
371812
899757
99411
277800
91804
225400
139171
290464
433606
801320
334139
161704
781124
262540
821194
145361
593265
539861
781334
435477
827690
821892
383566
892379
899175
744080
666613
940449
637507
84816
919888
798536
47395
410856
291813
746289
608824
656115
823040
448171
941391
71177
562668
88322
820171
587325
1374
836652
470703
962343
270694
467704
635568
130819
240626
498432
675092
956770
155442
533241
212660
787705
785363
299508
151731
678206
862866
827446
9649
256196
289691
411785
254454
201976
199769
901446
742125
576120
707822
527154
919878
66187
135901
935291
794149
793151
362332
309307
633432
352519
581759
194692
363970
177476
715875
45024
331499
760708
488214
138814
539099
245347
209716
695282
280386
757125
694470
605260
267652
685113
288348
126397
46026
47892
390594
490349
181462
993387
491344
45455
875711
267982
714517
700499
600338
291131
443732
527828
677788
621468
523199
643986
765797
362207
672029
546253
746050
100641
730030
672913
676654
718101
282401
909368
87203
877219
258087
873985
813546
793440
129247
422554
652355
219494
786467
947858
184133
843122
837520
482656
535690
633716
917589
782378
779100
751561
927956
395317
145080
328376
782606
565866
857126
784982
22749
36353
974571
107438
460908
566626
963835
609958
435305
567058
500440
264045
981783
627493
934148
763710
955282
57125
739418
331402
231240
267107
314115
57817
304677
159107
517655
639294
465514
67271
95689
958164
930745
686063
573130
238394
716860
565790
201998
897275
965174
730134
906984
794036
511613
696005
222528
135837
316337
42269
824076
724837
888431
260416
952137
427795
143273
151563
40751
941156
440775
330787
360339
73964
847205
223398
291856
179456
41869
850155
231735
518443
52123
185257
499663
425366
323568
302060
322425
27703
404442
28646
682227
75276
566865
196558
729990
52741
373375
76611
519546
34305
948629
390128
749763
702402
411196
384686
676455
520601
20150
656417
278169
612011
169796
497945
449792
487868
399895
120048
232638
151189
153344
667805
480622
638357
133277
879807
941665
995071
148465
554035
835470
977126
540832
332167
979953
138141
320764
112416
792532
70920
50901
506182
654619
810964
82398
491634
42608
172656
903424
754263
367855
767046
642393
961339
586232
56015
723813
938209
52426
573887
472798
350886
436320
27926
430567
145773
629646
400635
949533
11669
817788
514523
906551
652848
205627
172379
815573
312451
210094
367435
490441
205125
552924
790774
163618
224487
757806
156750
845920
84994
438512
231203
614982
637380
730768
500952
173478
813714
809781
713735
176564
432750
873921
325539
328087
631953
926212
812707
512121
673493
682117
377829
377194
225318
875695
972309
824907
581329
643763
166398
568745
619697
612087
973924
245128
453299
400660
984477
343415
832371
676797
502093
214449
523139
322791
270285
888348
227245
150256
850151
952859
254308
128032
792640
354330
499483
163581
160437
833177
49958
815932
127657
144056
667462
425513
789504
511211
492585
619842
249874
18546
939525
145626
979392
444967
228234
690469
413826
600497
529553
12595
763954
907798
201758
206599
482562
100947
292771
590850
92010
10698
592021
463879
5314
414226
799187
660762
303511
659604
938651
135562
985384
835690
128181
721483
608986
999822
560513
20968
115217
190980
158441
595847
621744
221394
510307
8909
628795
777542
262225
201121
97843
19306
839120
342864
650400
65925
271741
882951
698780
646691
618286
187607
30334
574139
782023
505395
169457
898535
162739
306822
471060
844330
314330
31234
571257
609279
842833
461873
430460
638411
537298
271846
265040
448954
72856
630706
854535
641630
297382
636740
894760
644852
35415
773095
787690
484049
977852
687259
449969
324047
902298
390285
787883
446172
703016
529458
887911
913160
991697
330484
653213
986434
103406
824495
46363
784292
246752
602469
703866
806962
758601
596695
987088
622821
672094
166210
14065
132344
846337
744661
713122
441691
886544
316934
195559
244096
939697
768933
987827
193727
798462
680723
160656
553313
193286
490363
326194
619395
394168
454103
382358
202396
565037
395482
176978
622323
137543
330253
371386
877529
577354
754673
872862
827747
788446
411479
300247
518867
354572
136926
413982
753113
190231
52798
187934
666318
154114
973437
820862
700634
623830
289379
675346
201055
457622
461969
608264
698060
937573
453797
955345
67761
237992
510251
461180
131278
838886
512591
716177
149310
452011
745685
153931
256662
145420
242149
438814
558860
518750
151662
262823
577089
853981
615837
771820
391113
699628
620866
254511
645978
87710
944311
236360
123781
272206
852914
795813
328553
246569
762748
79083
665040
9164
350185
513641
811674
91852
473924
110673
937777
615346
690217
46785
829550
881977
75326
4277
612850
319239
954399
416996
223519
168035
184787
711510
315751
655284
247895
205628
804225
208707
973174
599550
741706
366526
814897
580158
818689
380681
568130
588773
353021
349631
543062
588355
49649
164319
16843
310847
113619
626447
912366
510129
845460
270222
549627
730048
907375
935635
834126
996876
963222
634929
810364
444246
502538
410049
919309
110789
44107
506412
389973
979839
449740
67218
863248
677115
15604
899213
372584
904094
504712
259580
109425
513831
437416
220588
422226
434691
74396
703672
65563
459641
509970
694245
505323
675710
318800
220037
57448
167586
296082
985239
619341
484099
948767
537550
924717
495204
982227
188841
234288
708291
882264
386260
529804
620095
672830
416864
742884
309869
872422
241343
309019
465
652401
141452
698326
377342
219433
189626
789196
484524
558491
610906
207240
191879
307314
886530
523510
79254
107725
156296
265039
862413
195033
972932
696870
207264
646117
429890
784419
473830
750717
51322
938979
773865
337984
989305
577807
74756
32032
818940
623253
456905
980608
187743
261176
951560
862387
48407
148
165770
598804
534491
8912
971069
468938
404056
68450
57774
243143
839730
293367
481705
220676
247928
688690
497135
783853
336931
933213
98793
49691
465606
792089
608497
20407
882494
354163
257525
220188
771967
14550
218408
495049
562083
860452
855310
674049
996391
349927
53001
949169
373180
299489
552047
293289
148293
740917
27706
839033
95562
335345
352106
720945
458656
596271
899286
240898
333380
472130
670185
839731
424769
48481
12658
542819
393505
825
227217
324341
330956
702678
558036
482918
681434
734778
582110
628805
291178
244789
13892
379642
940669
755282
851997
898486
487044
697836
658756
727481
423866
356069
309930
326259
61924
512048
92905
456419
90616
807487
936572
163364
312060
416043
771507
378888
682101
205563
454635
701169
797443
616808
881656
59803
797254
576772
814
727446
986062
313079
407123
179590
953217
598871
226869
941449
30837
153882
307589
180401
665507
796105
405221
779165
554606
357870
146524
259776
299880
836509
260098
265169
547251
669548
268502
651763
384917
486862
627336
464970
581125
960081
780548
945350
10041
300737
683933
590184
807715
666599
738868
229622
814562
214105
773284
161052
68096
27777
345695
844083
420651
143964
213822
923470
935827
352631
746161
267651
491687
753082
356621
430804
888239
899014
402510
621460
155356
599133
129494
95747
427590
261027
474853
376288
158334
482909
136690
409118
121702
588300
946137
691132
353044
674407
824929
459052
691815
251528
900091
898311
614071
773052
781928
622575
19998
973463
199678
892376
925329
495575
565998
264370
570736
951651
108426
747283
46192
797966
212708
259174
613268
875456
67406
592859
999022
967455
155687
136721
864332
289694
567769
397262
114647
921270
635701
760851
84629
344980
1437
360188
454017
421526
267287
613498
951558
325002
319684
696016
968037
940861
12000
338046
317988
995551
60554
367886
72407
827343
330443
209136
809857
234651
870666
470406
514230
445772
81892
35869
93273
327086
111498
50065
902653
75505
94270
894494
798339
766770
33980
502101
42098
561812
18277
282318
29508
585222
728428
425286
743163
312719
188560
106249
428709
574194
735879
151281
38440
748722
312460
68152
341219
688813
762304
430260
611386
511463
93376
475267
896735
49487
773202
267263
392556
767674
935
327557
958554
605328
532067
622245
21431
449342
3247
972779
753723
265721
183559
923564
867588
473350
214631
233989
188755
530256
364997
989835
368032
340814
391910
847537
94841
85021
980093
47341
751600
12903
924302
811503
878751
395102
998230
375997
208249
744441
477816
660633
844481
470393
642196
989830
115662
446788
716970
909467
492715
443648
321948
122998
581438
693458
120841
646787
422754
248062
332139
959196
603807
318375
823274
66204
338414
189853
392709
891216
882637
373358
143504
290632
736168
641019
108200
817140
168756
584358
521696
805416
426588
317277
872520
424496
452978
204593
160869
720649
238851
868354
218648
222239
846478
33331
530291
10303
594490
997054
851166
921175
826980
245578
810669
84081
452426
603466
277753
565510
867011
26103
284580
635948
646868
702075
821327
839665
251264
798206
155882
626688
674578
173614
448281
782344
139801
574949
875971
101034
507951
295331
531419
695267
904144
406906
82150
533799
8967
484877
482484
389816
419954
878365
443063
677361
270944
380347
571498
768774
128460
68769
760181
968860
192
766191
941170
843717
121756
990596
145581
682974
990007
717776
174408
962451
863729
261721
567116
151506
144220
769788
414174
275989
834349
566898
352680
569793
741779
902460
158045
827786
652603
182272
437956
471269
822181
329527
732138
615468
156977
603648
192950
492967
111361
225829
981641
678957
228459
324170
279834
764637
460986
545277
74900
207891
435491
67343
137630
268809
794210
488990
874664
485873
882301
537623
939373
440174
726273
234191
283503
359714
752552
450447
976473
330804
844045
731276
141305
235674
143525
472234
357716
590186
527349
965134
736640
374027
45118
488380
279799
462888
171746
234219
828525
154832
389474
782199
836341
342855
134008
72985
91521
300218
925053
341623
895367
840247
234410
344112
467345
731732
656583
27893
265449
727496
613467
685873
900661
457453
754734
915255
622088
33916
638091
826696
688390
317609
523112
307550
619522
413401
259412
697471
680446
314757
708808
766962
749887
85177
903745
136244
210056
308474
503316
211627
479293
70682
223483
48653
424018
833453
182579
117877
697867
983447
424655
244635
679359
699225
942733
717938
867446
321508
82863
686697
484943
539067
541049
635611
847435
935791
421080
536370
541962
194266
22245
169953
346910
709461
51617
990902
89819
466495
518681
112769
502766
188070
224315
777779
1503
945016
768238
781735
950273
450465
583225
569010
35363
120424
549839
838065
427793
245200
791007
784453
254714
183978
409805
471527
642791
434787
77381
977261
246649
657318
456097
843606
966932
661708
32947
234335
950793
203810
924571
621137
301644
22992
323208
137695
587643
938180
576970
383670
481676
341132
642288
529349
787582
655464
990099
62989
724582
850891
807659
930679
87570
232244
334696
769945
885447
190089
379846
982720
153487
830613
613606
762298
375370
331503
333780
874993
874674
65453
694667
959464
625191
917114
983120
212765
129162
59970
387186
582336
551586
519269
625699
512183
714949
599068
278456
596943
316579
554041
4840
313164
109271
269935
993760
264376
178682
779398
636843
768446
9651
462975
20556
394563
544929
521765
364310
628718
313702
116027
548482
300445
557128
890222
140050
595642
1902
74075
757352
387876
699579
199736
100653
63377
175792
780477
727738
888513
263990
506719
708569
974863
241046
315841
318100
205570
638478
412788
678698
759020
828494
830687
396307
7902
949707
161014
182025
108312
169930
954173
107558
49963
844038
241597
835185
764212
518102
327424
499460
577121
848411
453439
809529
624670
813593
997435
704576
300569
371940
712081
985096
327308
34145
308535
501552
547379
983488
894764
550108
40590
440605
976649
145185
965793
66793
152856
440164
183362
708590
936327
825211
548893
965767
797640
620746
708898
574435
541
336683
91050
761424
418170
837663
65415
560092
204052
325939
995464
361138
209431
344918
331376
206668
183660
852841
871908
226073
508164
161405
447243
63708
693045
856032
810804
667766
165453
317726
3188
788744
427186
998070
241315
145718
702530
640043
454921
483341
944962
14545
893846
530035
828023
100012
875634
218551
518228
956798
568826
187598
331168
225437
218655
738980
467649
35174
841001
382487
412511
919428
805886
67807
925749
881136
634430
676574
138539
816227
551836
958268
658820
229734
597292
512341
351942
36751
592758
439121
892224
929483
10804
599298
966239
603548
703190
421672
329513
389891
329845
377532
791863
585559
759325
801162
393786
392490
717621
531852
385031
681861
563687
609348
571612
957330
558298
831326
973525
732718
850877
410265
700938
294464
10708
710362
368162
807137
857100
220530
987033
764137
427326
333349
781543
687581
587175
111345
781704
11444
964304
417603
191957
633454
730705
933340
71983
60433
777818
360554
725138
742811
87927
414380
207806
525792
926246
425773
194501
607130
467422
586420
982069
257100
316607
160170
615451
559437
689731
322035
116926
209715
407288
166040
567445
944807
200892
620539
180996
503211
436651
477599
344467
631967
410116
915824
798624
549832
751269
596195
337600
587559
497760
682544
242103
271858
697837
505125
512078
791598
318759
746265
785391
144699
193172
481415
245683
7724
669524
129789
228222
922751
160297
110693
215410
470845
114134
747115
711571
285433
708460
635782
198343
168698
842933
694756
931504
160295
621387
421752
480123
960721
888911
622995
347283
841695
909298
507861
428462
600862
451026
865532
868506
17604
841681
201729
556317
547744
292654
962483
32018
176098
648942
708726
28434
751489
277160
146196
292764
663569
336740
83148
155080
117295
197546
298127
967895
895997
950907
19185
780757
862193
955949
364137
262272
251054
324464
412265
908408
440911
257996
942688
362257
180077
384442
396185
206087
19930
557073
998383
539914
558950
83221
660757
100312
358317
383163
618381
825935
643936
226430
800949
652301
425197
87083
418053
971989
540692
434336
987084
217289
868238
167490
861518
727253
448031
521375
109365
591450
517375
794329
493265
501342
86875
212265
476171
146399
41088
911299
768174
596265
798775
872242
225591
448619
161566
502598
136989
843492
297444
735690
153301
14969
506926
689852
776973
821132
504791
76339
532562
871520
600336
899394
314813
82580
395250
723110
115887
178896
281360
905139
891088
635784
625836
811379
311793
688189
324057
153160
209217
60094
628243
493804
50962
434465
141955
273726
614375
793973
699661
492512
932657
407395
598530
972
782281
483899
305723
717368
4115
55929
432103
149598
366457
464380
588124
550025
24528
596159
830070
848747
73144
876901
442715
753513
416709
394650
469875
807701
26924
682829
718962
287099
124405
299089
536753
974649
320966
275728
63257
989287
821850
10422
592295
225091
899407
445858
183854
433627
70719
29406
645423
281782
975677
70791
965324
448646
500772
408319
932084
369783
7336
459039
914353
719748
552922
318983
618265
279300
17905
404106
433225
689647
481715
419031
321336
783816
896625
634034
742350
655490
357352
306412
889720
726968
246274
557200
29599
879403
871983
311436
215700
30529
109752
219048
940560
714555
123501
393048
286448
107972
108478
745633
843342
431795
860572
986546
621096
804884
974382
644653
213253
426534
357308
751821
807828
141511
329552
352037
497376
17920
241927
350719
248890
281347
884852
557842
501637
658184
889115
174666
624729
185796
601319
367212
109199
346893
138487
551182
658915
997945
126779
776783
725551
364470
251538
552451
208982
918791
226972
413094
786677
488705
836947
89797
135373
819565
6792
917437
516271
100754
303415
679386
821083
377751
609017
521258
976383
748893
888879
939555
893626
967893
483861
610379
405108
122840
730725
114811
106319
40531
754786
326779
421300
381737
12427
313450
136196
619868
719303
259451
994020
980701
449067
860207
437982
841355
799194
28495
98739
120054
808924
968702
992816
793168
854157
714458
910443
606300
247344
879259
528782
423359
327471
14579
639554
686882
733224
885300
32942
420515
134833
995660
951584
97467
273837
250729
69841
25387
582897
167480
233375
852600
962217
651059
675644
870716
28906
546646
458267
368863
848733
624941
708620
532217
82639
57175
656015
479805
539171
341121
937491
336655
887178
841449
529062
219175
648825
664379
198497
956805
395119
527387
443548
276043
462330
244645
61897
769485
944371
380520
200485
409168
911023
824774
310282
504186
600407
34631
361418
671754
837279
386975
171429
845381
622251
957170
834057
774428
177991
17662
936964
310743
986501
241923
663041
752468
521192
576816
783102
629455
685103
912580
1568
805994
387119
999076
314069
37794
723553
242964
532589
327736
681567
251888
158256
297285
340281
158939
346571
857870
140673
538957
249116
256582
980663
34523
251742
404306
597665
890830
172694
734383
50626
688809
581230
360914
464906
915005
637252
955076
800508
259128
235806
569945
328812
679368
220351
820304
634382
56148
123323
377485
626784
947282
614510
458470
592267
51647
62884
801000
852354
443050
722689
379677
108397
372144
13982
80818
889843
257876
512777
555299
123280
531894
349030
262327
679876
575638
191908
819905
778772
923125
254554
414714
282823
129918
523840
330187
910580
514863
786387
431662
493550
683086
721256
578911
815663
484764
937419
191342
622090
221550
453476
69617
293303
384984
811258
319562
776747
879362
768678
13905
758182
841591
854451
720886
448730
712743
790616
331904
705472
395663
846767
589981
773376
27005
601953
987433
761917
850475
824581
267369
772007
286490
870394
595785
747091
755620
824130
479009
346024
666707
771600
326729
871689
998496
756131
598550
873058
303574
642666
843903
851297
725229
407095
68255
52220
457018
449218
676856
475033
739499
791498
970371
49391
647623
399910
997850
290870
552801
426926
125244
474142
857924
239522
945046
444602
93490
724797
95382
393676
40
947151
555463
292862
611351
809032
597492
606695
564457
554394
119329
42102
935549
550202
249360
25754
658794
713433
388385
733150
992560
356287
51412
760871
681984
520394
941445
359068
901076
708672
681277
529547
811824
834431
729562
887030
885263
782967
571010
75616
310379
561363
624123
12056
383941
142780
439354
664714
756995
255009
368076
928593
958516
585922
852995
901813
61045
195518
285150
938451
504520
161042
27502
284317
978920
574599
763131
677991
482040
210360
532599
561497
99162
337598
60386
593685
594115
643600
627944
556378
438727
551527
9324
900068
482227
564786
732454
373800
904453
7785
9643
139452
229645
666784
80590
805464
702621
51071
570511
870545
725463
935998
768033
765867
943968
53127
541634
175197
845141
426993
141951
32799
348183
55473
189433
64971
827277
922048
529872
628389
570475
200016
40863
451149
915492
403491
18856
700400
978937
287746
196102
846572
61673
652477
485934
543751
521810
105189
955019
641609
928512
172192
241667
945466
888450
493384
903328
747355
446478
185342
134414
350620
998352
828802
72295
104955
882733
932689
513567
793068
876115
54741
562711
753899
247323
96975
46737
322082
48023
580680
729913
899276
319809
836722
343178
347090
5870
173110
148674
823509
836202
873938
262441
323837
428123
682110
202670
77814
263121
598785
52054
314923
251040
733817
598155
363981
617585
523045
846805
389689
663967
972474
629695
393498
387358
650221
235288
793028
657381
849186
311671
872294
719227
714584
561373
435624
487494
623293
395960
8681
251647
241099
428661
851504
759235
41212
90647
468037
214771
991603
767125
621914
386187
174505
957676
2044
823260
497254
781460
987235
115463
912195
179226
12715
960818
273615
63828
542315
510269
826144
133873
438112
156569
668433
871492
502166
241070
450610
245460
620849
879174
439739
86840
253984
996330
575624
516347
961431
361384
564201
378497
474595
133654
133184
526727
607144
114645
581334
701743
34721
277765
353248
914339
558326
609878
835862
906694
983711
585229
863469
392268
44619
690624
698551
976046
154376
295284
891000
371824
335894
263006
108598
811046
631329
911330
896544
342658
204026
348404
418605
115166
839916
896378
913704
911910
560017
947740
195335
555588
178307
689859
571609
5921
580360
611033
122725
87022
116462
835775
532788
592857
950165
172370
200065
87715
384844
704570
442055
175493
676769
797559
538639
412979
593688
529055
921905
964742
699125
507572
501756
929633
466481
590076
629846
910761
114170
294668
974712
372358
24418
176756
613566
246996
528653
25193
104149
702499
456377
795390
485236
697590
80623
508024
7617
845332
975593
951238
146611
275571
635509
171638
512814
38323
872084
482013
98834
434637
641454
442703
34763
90413
83501
569013
488201
311003
976213
821361
269296
61966
480444
57643
262475
744067
939426
844214
497305
145167
646772
398470
161258
368706
853766
828010
951503
110648
121114
147743
22137
240268
427226
449416
164625
102671
687819
524104
597055
651984
694928
133452
444384
928026
675579
491945
452565
275659
590154
56776
164035
470636
273417
193859
299774
740311
106960
224482
99417
64342
749914
920669
335419
784085
323528
623189
308139
187005
535719
564346
955898
584801
573412
124642
623429
898013
335014
619455
123624
880403
774057
831140
628493
307724
322983
397878
346612
655933
446193
248887
679388
21956
129373
423291
962534
964092
914016
704330
980253
275097
774889
471652
862637
716359
780145
30240
693475
677507
224704
265600
305042
938281
81297
454197
110424
372047
686755
185890
997168
81756
230108
1289
501819
205930
384398
783560
246341
537370
812598
172422
260851
515989
210973
423045
700765
431818
144503
371278
963565
206458
848764
824866
629486
327747
16766
877992
637639
229977
271775
174528
804202
408568
689967
201644
665671
804623
650086
237994
755158
24515
454716
111719
225326
88130
540738
179775
783047
580501
515530
605294
66505
985620
790063
772572
663792
191240
391234
213706
820043
972692
194654
121222
127156
33288
553670
150896
634022
930610
690098
313070
962281
486353
504256
441512
309904
123071
515534
51505
149137
117308
533542
687744
996674
184939
457150
546280
930247
9226
26604
845370
890104
712527
545395
16623
360873
60884
869238
484078
926400
683118
959065
548989
577911
509026
74170
661480
622419
125659
138152
938024
904006
218172
981636
23746
142951
292011
765681
113578
134558
489363
806341
826314
815603
907321
146294
321700
188946
854026
980094
109896
651239
882097
160193
363214
532169
506753
427320
378219
561106
175012
986114
432387
965119
969972
97721
301372
810438
740032
108454
131397
609900
583496
981921
879718
157587
374255
571155
701635
629636
229856
16643
92739
752888
324806
530438
204652
757831
771348
580063
867874
971155
201954
325828
130197
189279
76242
480284
565957
421543
31606
479488
237914
930412
855775
345532
294220
753491
553479
381588
583665
303589
49732
238241
8330
213971
961476
914031
159944
672786
537018
70349
252077
89153
662477
331315
625273
203603
278442
505336
670341
